[0.014s] Invoking command in '/home/zhangchenxu/Documents/00_Project/ClimblingRobot_v2.0/CarTerminal/build/carterminal': CMAKE_PREFIX_PATH=${CMAKE_PREFIX_PATH}:/home/zhangchenxu/MOVEIT/moveit2_ws/install/moveit_configs_utils:/home/zhangchenxu/MOVEIT/moveit2_ws/install/launch_param_builder:/opt/ros/humble /usr/bin/cmake --build /home/zhangchenxu/Documents/00_Project/ClimblingRobot_v2.0/CarTerminal/build/carterminal -- -j12 -l12
[0.082s] [35m[1mConsolidate compiler generated dependencies of target data_collect_node[0m
[0.098s] [ 66%] Built target camera_talker_node
[0.098s] [ 66%] Built target wheel_talker_node
[0.103s] [ 83%] [32mBuilding CXX object CMakeFiles/data_collect_node.dir/src/data_collect_node.cpp.o[0m
[1.644s] [01m[K/home/zhangchenxu/Documents/00_Project/ClimblingRobot_v2.0/CarTerminal/src/carterminal/src/data_collect_node.cpp:[m[K In member function ‘[01m[Kvoid Data_Collect::data_collect_callback()[m[K’:
[1.644s] [01m[K/home/zhangchenxu/Documents/00_Project/ClimblingRobot_v2.0/CarTerminal/src/carterminal/src/data_collect_node.cpp:66:26:[m[K [01;31m[Kerror: [m[Kredeclaration of ‘[01m[Kuint32_t data4[m[K’
[1.644s]    66 |                 uint32_t [01;31m[Kdata4[m[K = ((uint32_t)Validdata[12] ) |
[1.644s]       |                          [01;31m[K^~~~~[m[K
[1.644s] [01m[K/home/zhangchenxu/Documents/00_Project/ClimblingRobot_v2.0/CarTerminal/src/carterminal/src/data_collect_node.cpp:64:26:[m[K [01;36m[Knote: [m[K‘[01m[Kuint32_t data4[m[K’ previously declared here
[1.644s]    64 |                 uint32_t [01;36m[Kdata4[m[K = ((uint32_t)Validdata[10])|
[1.644s]       |                          [01;36m[K^~~~~[m[K
[1.648s] [01m[K/home/zhangchenxu/Documents/00_Project/ClimblingRobot_v2.0/CarTerminal/src/carterminal/src/data_collect_node.cpp:73:43:[m[K [01;31m[Kerror: [m[K‘[01m[Kdata5[m[K’ was not declared in this scope; did you mean ‘[01m[Kdata4[m[K’?
[1.648s]    73 |                 std::cout << "data5: " << [01;31m[Kdata5[m[K << std::endl;
[1.648s]       |                                           [01;31m[K^~~~~[m[K
[1.648s]       |                                           [32m[Kdata4[m[K
[1.962s] gmake[2]: *** [CMakeFiles/data_collect_node.dir/build.make:76：CMakeFiles/data_collect_node.dir/src/data_collect_node.cpp.o] 错误 1
[1.962s] gmake[1]: *** [CMakeFiles/Makefile2:193：CMakeFiles/data_collect_node.dir/all] 错误 2
[1.963s] gmake: *** [Makefile:146：all] 错误 2
[1.965s] Invoked command in '/home/zhangchenxu/Documents/00_Project/ClimblingRobot_v2.0/CarTerminal/build/carterminal' returned '2': CMAKE_PREFIX_PATH=${CMAKE_PREFIX_PATH}:/home/zhangchenxu/MOVEIT/moveit2_ws/install/moveit_configs_utils:/home/zhangchenxu/MOVEIT/moveit2_ws/install/launch_param_builder:/opt/ros/humble /usr/bin/cmake --build /home/zhangchenxu/Documents/00_Project/ClimblingRobot_v2.0/CarTerminal/build/carterminal -- -j12 -l12
