[0.090s] DEBUG:colcon:Command line arguments: ['/usr/bin/colcon', 'build']
[0.090s] DEBUG:colcon:Parsed command line arguments: Namespace(log_base=None, log_level=None, verb_name='build', build_base='build', install_base='install', merge_install=False, symlink_install=False, test_result_base=None, continue_on_error=False, executor='parallel', parallel_workers=16, event_handlers=None, ignore_user_meta=False, metas=['./colcon.meta'], base_paths=['.'], packages_ignore=None, packages_ignore_regex=None, paths=None, packages_up_to=None, packages_up_to_regex=None, packages_above=None, packages_above_and_dependencies=None, packages_above_depth=None, packages_select_by_dep=None, packages_skip_by_dep=None, packages_skip_up_to=None, packages_select_build_failed=False, packages_skip_build_finished=False, packages_select_test_failures=False, packages_skip_test_passed=False, packages_select=None, packages_skip=None, packages_select_regex=None, packages_skip_regex=None, packages_start=None, packages_end=None, allow_overriding=[], cmake_args=None, cmake_target=None, cmake_target_skip_unavailable=False, cmake_clean_cache=False, cmake_clean_first=False, cmake_force_configure=False, ament_cmake_args=None, catkin_cmake_args=None, catkin_skip_building_tests=False, verb_parser=<colcon_defaults.argument_parser.defaults.DefaultArgumentsDecorator object at 0x76a48c0a0490>, verb_extension=<colcon_core.verb.build.BuildVerb object at 0x76a48c1a5f30>, main=<bound method BuildVerb.main of <colcon_core.verb.build.BuildVerb object at 0x76a48c1a5f30>>)
[0.267s] Level 1:colcon.colcon_core.package_discovery:discover_packages(colcon_meta) check parameters
[0.268s] Level 1:colcon.colcon_core.package_discovery:discover_packages(recursive) check parameters
[0.268s] Level 1:colcon.colcon_core.package_discovery:discover_packages(ignore) check parameters
[0.268s] Level 1:colcon.colcon_core.package_discovery:discover_packages(path) check parameters
[0.268s] Level 1:colcon.colcon_core.package_discovery:discover_packages(colcon_meta) discover
[0.268s] Level 1:colcon.colcon_core.package_discovery:discover_packages(recursive) discover
[0.268s] INFO:colcon.colcon_core.package_discovery:Crawling recursively for packages in '/home/zhangchenxu/Documents/00_Project/ClimblingRobot_v2.0/GroundTerminal'
[0.268s] Level 1:colcon.colcon_core.package_identification:_identify(.) by extensions ['ignore', 'ignore_ament_install']
[0.268s] Level 1:colcon.colcon_core.package_identification:_identify(.) by extension 'ignore'
[0.268s] Level 1:colcon.colcon_core.package_identification:_identify(.) by extension 'ignore_ament_install'
[0.268s] Level 1:colcon.colcon_core.package_identification:_identify(.) by extensions ['colcon_pkg']
[0.268s] Level 1:colcon.colcon_core.package_identification:_identify(.) by extension 'colcon_pkg'
[0.268s] Level 1:colcon.colcon_core.package_identification:_identify(.) by extensions ['colcon_meta']
[0.268s] Level 1:colcon.colcon_core.package_identification:_identify(.) by extension 'colcon_meta'
[0.268s] Level 1:colcon.colcon_core.package_identification:_identify(.) by extensions ['ros']
[0.268s] Level 1:colcon.colcon_core.package_identification:_identify(.) by extension 'ros'
[0.288s] Level 1:colcon.colcon_core.package_identification:_identify(.) by extensions ['cmake', 'python']
[0.288s] Level 1:colcon.colcon_core.package_identification:_identify(.) by extension 'cmake'
[0.289s] Level 1:colcon.colcon_core.package_identification:_identify(.) by extension 'python'
[0.289s] Level 1:colcon.colcon_core.package_identification:_identify(.) by extensions ['python_setup_py']
[0.289s] Level 1:colcon.colcon_core.package_identification:_identify(.) by extension 'python_setup_py'
[0.289s] Level 1:colcon.colcon_core.package_identification:_identify(build) by extensions ['ignore', 'ignore_ament_install']
[0.289s] Level 1:colcon.colcon_core.package_identification:_identify(build) by extension 'ignore'
[0.289s] Level 1:colcon.colcon_core.package_identification:_identify(build) ignored
[0.289s] Level 1:colcon.colcon_core.package_identification:_identify(doc) by extensions ['ignore', 'ignore_ament_install']
[0.289s] Level 1:colcon.colcon_core.package_identification:_identify(doc) by extension 'ignore'
[0.289s] Level 1:colcon.colcon_core.package_identification:_identify(doc) by extension 'ignore_ament_install'
[0.289s] Level 1:colcon.colcon_core.package_identification:_identify(doc) by extensions ['colcon_pkg']
[0.289s] Level 1:colcon.colcon_core.package_identification:_identify(doc) by extension 'colcon_pkg'
[0.289s] Level 1:colcon.colcon_core.package_identification:_identify(doc) by extensions ['colcon_meta']
[0.289s] Level 1:colcon.colcon_core.package_identification:_identify(doc) by extension 'colcon_meta'
[0.289s] Level 1:colcon.colcon_core.package_identification:_identify(doc) by extensions ['ros']
[0.289s] Level 1:colcon.colcon_core.package_identification:_identify(doc) by extension 'ros'
[0.289s] Level 1:colcon.colcon_core.package_identification:_identify(doc) by extensions ['cmake', 'python']
[0.289s] Level 1:colcon.colcon_core.package_identification:_identify(doc) by extension 'cmake'
[0.289s] Level 1:colcon.colcon_core.package_identification:_identify(doc) by extension 'python'
[0.289s] Level 1:colcon.colcon_core.package_identification:_identify(doc) by extensions ['python_setup_py']
[0.289s] Level 1:colcon.colcon_core.package_identification:_identify(doc) by extension 'python_setup_py'
[0.289s] Level 1:colcon.colcon_core.package_identification:_identify(install) by extensions ['ignore', 'ignore_ament_install']
[0.289s] Level 1:colcon.colcon_core.package_identification:_identify(install) by extension 'ignore'
[0.289s] Level 1:colcon.colcon_core.package_identification:_identify(install) ignored
[0.290s] Level 1:colcon.colcon_core.package_identification:_identify(log) by extensions ['ignore', 'ignore_ament_install']
[0.290s] Level 1:colcon.colcon_core.package_identification:_identify(log) by extension 'ignore'
[0.290s] Level 1:colcon.colcon_core.package_identification:_identify(log) ignored
[0.290s] Level 1:colcon.colcon_core.package_identification:_identify(src) by extensions ['ignore', 'ignore_ament_install']
[0.290s] Level 1:colcon.colcon_core.package_identification:_identify(src) by extension 'ignore'
[0.290s] Level 1:colcon.colcon_core.package_identification:_identify(src) by extension 'ignore_ament_install'
[0.290s] Level 1:colcon.colcon_core.package_identification:_identify(src) by extensions ['colcon_pkg']
[0.290s] Level 1:colcon.colcon_core.package_identification:_identify(src) by extension 'colcon_pkg'
[0.290s] Level 1:colcon.colcon_core.package_identification:_identify(src) by extensions ['colcon_meta']
[0.290s] Level 1:colcon.colcon_core.package_identification:_identify(src) by extension 'colcon_meta'
[0.290s] Level 1:colcon.colcon_core.package_identification:_identify(src) by extensions ['ros']
[0.290s] Level 1:colcon.colcon_core.package_identification:_identify(src) by extension 'ros'
[0.290s] Level 1:colcon.colcon_core.package_identification:_identify(src) by extensions ['cmake', 'python']
[0.290s] Level 1:colcon.colcon_core.package_identification:_identify(src) by extension 'cmake'
[0.290s] Level 1:colcon.colcon_core.package_identification:_identify(src) by extension 'python'
[0.290s] Level 1:colcon.colcon_core.package_identification:_identify(src) by extensions ['python_setup_py']
[0.290s] Level 1:colcon.colcon_core.package_identification:_identify(src) by extension 'python_setup_py'
[0.290s] Level 1:colcon.colcon_core.package_identification:_identify(src/groundterminal) by extensions ['ignore', 'ignore_ament_install']
[0.290s] Level 1:colcon.colcon_core.package_identification:_identify(src/groundterminal) by extension 'ignore'
[0.290s] Level 1:colcon.colcon_core.package_identification:_identify(src/groundterminal) by extension 'ignore_ament_install'
[0.290s] Level 1:colcon.colcon_core.package_identification:_identify(src/groundterminal) by extensions ['colcon_pkg']
[0.290s] Level 1:colcon.colcon_core.package_identification:_identify(src/groundterminal) by extension 'colcon_pkg'
[0.290s] Level 1:colcon.colcon_core.package_identification:_identify(src/groundterminal) by extensions ['colcon_meta']
[0.290s] Level 1:colcon.colcon_core.package_identification:_identify(src/groundterminal) by extension 'colcon_meta'
[0.290s] Level 1:colcon.colcon_core.package_identification:_identify(src/groundterminal) by extensions ['ros']
[0.290s] Level 1:colcon.colcon_core.package_identification:_identify(src/groundterminal) by extension 'ros'
[0.293s] DEBUG:colcon.colcon_core.package_identification:Package 'src/groundterminal' with type 'ros.ament_cmake' and name 'groundterminal'
[0.293s] Level 1:colcon.colcon_core.package_discovery:discover_packages(recursive) using defaults
[0.293s] Level 1:colcon.colcon_core.package_discovery:discover_packages(ignore) discover
[0.293s] Level 1:colcon.colcon_core.package_discovery:discover_packages(ignore) using defaults
[0.293s] Level 1:colcon.colcon_core.package_discovery:discover_packages(path) discover
[0.293s] Level 1:colcon.colcon_core.package_discovery:discover_packages(path) using defaults
[0.309s] Level 1:colcon.colcon_core.package_discovery:discover_packages(prefix_path) check parameters
[0.309s] Level 1:colcon.colcon_core.package_discovery:discover_packages(prefix_path) discover
[0.314s] DEBUG:colcon.colcon_installed_package_information.package_discovery:Found 55 installed packages in /home/zhangchenxu/MOVEIT/moveit2_ws/install
[0.316s] DEBUG:colcon.colcon_installed_package_information.package_discovery:Found 429 installed packages in /opt/ros/humble
[0.318s] Level 1:colcon.colcon_core.package_discovery:discover_packages(prefix_path) using defaults
[0.362s] Level 5:colcon.colcon_core.verb:set package 'groundterminal' build argument 'cmake_args' from command line to 'None'
[0.362s] Level 5:colcon.colcon_core.verb:set package 'groundterminal' build argument 'cmake_target' from command line to 'None'
[0.362s] Level 5:colcon.colcon_core.verb:set package 'groundterminal' build argument 'cmake_target_skip_unavailable' from command line to 'False'
[0.362s] Level 5:colcon.colcon_core.verb:set package 'groundterminal' build argument 'cmake_clean_cache' from command line to 'False'
[0.362s] Level 5:colcon.colcon_core.verb:set package 'groundterminal' build argument 'cmake_clean_first' from command line to 'False'
[0.362s] Level 5:colcon.colcon_core.verb:set package 'groundterminal' build argument 'cmake_force_configure' from command line to 'False'
[0.362s] Level 5:colcon.colcon_core.verb:set package 'groundterminal' build argument 'ament_cmake_args' from command line to 'None'
[0.362s] Level 5:colcon.colcon_core.verb:set package 'groundterminal' build argument 'catkin_cmake_args' from command line to 'None'
[0.362s] Level 5:colcon.colcon_core.verb:set package 'groundterminal' build argument 'catkin_skip_building_tests' from command line to 'False'
[0.362s] DEBUG:colcon.colcon_core.verb:Building package 'groundterminal' with the following arguments: {'ament_cmake_args': None, 'build_base': '/home/zhangchenxu/Documents/00_Project/ClimblingRobot_v2.0/GroundTerminal/build/groundterminal', 'catkin_cmake_args': None, 'catkin_skip_building_tests': False, 'cmake_args': None, 'cmake_clean_cache': False, 'cmake_clean_first': False, 'cmake_force_configure': False, 'cmake_target': None, 'cmake_target_skip_unavailable': False, 'install_base': '/home/zhangchenxu/Documents/00_Project/ClimblingRobot_v2.0/GroundTerminal/install/groundterminal', 'merge_install': False, 'path': '/home/zhangchenxu/Documents/00_Project/ClimblingRobot_v2.0/GroundTerminal/src/groundterminal', 'symlink_install': False, 'test_result_base': None}
[0.363s] INFO:colcon.colcon_core.executor:Executing jobs using 'parallel' executor
[0.363s] DEBUG:colcon.colcon_parallel_executor.executor.parallel:run_until_complete
[0.364s] INFO:colcon.colcon_ros.task.ament_cmake.build:Building ROS package in '/home/zhangchenxu/Documents/00_Project/ClimblingRobot_v2.0/GroundTerminal/src/groundterminal' with build type 'ament_cmake'
[0.364s] INFO:colcon.colcon_cmake.task.cmake.build:Building CMake package in '/home/zhangchenxu/Documents/00_Project/ClimblingRobot_v2.0/GroundTerminal/src/groundterminal'
[0.365s] INFO:colcon.colcon_core.plugin_system:Skipping extension 'colcon_core.shell.bat': Not used on non-Windows systems
[0.366s] INFO:colcon.colcon_core.shell:Skip shell extension 'powershell' for command environment: Not usable outside of PowerShell
[0.366s] DEBUG:colcon.colcon_core.shell:Skip shell extension 'dsv' for command environment
[0.386s] DEBUG:colcon.colcon_core.event_handler.log_command:Invoking command in '/home/zhangchenxu/Documents/00_Project/ClimblingRobot_v2.0/GroundTerminal/build/groundterminal': CMAKE_PREFIX_PATH=${CMAKE_PREFIX_PATH}:/home/zhangchenxu/MOVEIT/moveit2_ws/install/moveit_configs_utils:/home/zhangchenxu/MOVEIT/moveit2_ws/install/launch_param_builder:/opt/ros/humble /usr/bin/cmake --build /home/zhangchenxu/Documents/00_Project/ClimblingRobot_v2.0/GroundTerminal/build/groundterminal -- -j16 -l16
[8.630s] DEBUG:colcon.colcon_core.event_handler.log_command:Invoked command in '/home/zhangchenxu/Documents/00_Project/ClimblingRobot_v2.0/GroundTerminal/build/groundterminal' returned '0': CMAKE_PREFIX_PATH=${CMAKE_PREFIX_PATH}:/home/zhangchenxu/MOVEIT/moveit2_ws/install/moveit_configs_utils:/home/zhangchenxu/MOVEIT/moveit2_ws/install/launch_param_builder:/opt/ros/humble /usr/bin/cmake --build /home/zhangchenxu/Documents/00_Project/ClimblingRobot_v2.0/GroundTerminal/build/groundterminal -- -j16 -l16
[8.648s] DEBUG:colcon.colcon_core.event_handler.log_command:Invoking command in '/home/zhangchenxu/Documents/00_Project/ClimblingRobot_v2.0/GroundTerminal/build/groundterminal': CMAKE_PREFIX_PATH=${CMAKE_PREFIX_PATH}:/home/zhangchenxu/MOVEIT/moveit2_ws/install/moveit_configs_utils:/home/zhangchenxu/MOVEIT/moveit2_ws/install/launch_param_builder:/opt/ros/humble /usr/bin/cmake --install /home/zhangchenxu/Documents/00_Project/ClimblingRobot_v2.0/GroundTerminal/build/groundterminal
[8.668s] Level 1:colcon.colcon_core.environment:create_environment_scripts_only(groundterminal)
[8.669s] DEBUG:colcon.colcon_core.event_handler.log_command:Invoked command in '/home/zhangchenxu/Documents/00_Project/ClimblingRobot_v2.0/GroundTerminal/build/groundterminal' returned '0': CMAKE_PREFIX_PATH=${CMAKE_PREFIX_PATH}:/home/zhangchenxu/MOVEIT/moveit2_ws/install/moveit_configs_utils:/home/zhangchenxu/MOVEIT/moveit2_ws/install/launch_param_builder:/opt/ros/humble /usr/bin/cmake --install /home/zhangchenxu/Documents/00_Project/ClimblingRobot_v2.0/GroundTerminal/build/groundterminal
[8.673s] Level 1:colcon.colcon_core.environment:checking '/home/zhangchenxu/Documents/00_Project/ClimblingRobot_v2.0/GroundTerminal/install/groundterminal' for CMake module files
[8.673s] Level 1:colcon.colcon_core.environment:checking '/home/zhangchenxu/Documents/00_Project/ClimblingRobot_v2.0/GroundTerminal/install/groundterminal' for CMake config files
[8.674s] Level 1:colcon.colcon_core.shell:create_environment_hook('groundterminal', 'cmake_prefix_path')
[8.674s] INFO:colcon.colcon_core.shell:Creating environment hook '/home/zhangchenxu/Documents/00_Project/ClimblingRobot_v2.0/GroundTerminal/install/groundterminal/share/groundterminal/hook/cmake_prefix_path.ps1'
[8.675s] INFO:colcon.colcon_core.shell:Creating environment descriptor '/home/zhangchenxu/Documents/00_Project/ClimblingRobot_v2.0/GroundTerminal/install/groundterminal/share/groundterminal/hook/cmake_prefix_path.dsv'
[8.676s] INFO:colcon.colcon_core.shell:Creating environment hook '/home/zhangchenxu/Documents/00_Project/ClimblingRobot_v2.0/GroundTerminal/install/groundterminal/share/groundterminal/hook/cmake_prefix_path.sh'
[8.678s] Level 1:colcon.colcon_core.environment:checking '/home/zhangchenxu/Documents/00_Project/ClimblingRobot_v2.0/GroundTerminal/install/groundterminal/lib'
[8.678s] Level 1:colcon.colcon_core.environment:checking '/home/zhangchenxu/Documents/00_Project/ClimblingRobot_v2.0/GroundTerminal/install/groundterminal/bin'
[8.678s] Level 1:colcon.colcon_core.environment:checking '/home/zhangchenxu/Documents/00_Project/ClimblingRobot_v2.0/GroundTerminal/install/groundterminal/lib/pkgconfig/groundterminal.pc'
[8.678s] Level 1:colcon.colcon_core.environment:checking '/home/zhangchenxu/Documents/00_Project/ClimblingRobot_v2.0/GroundTerminal/install/groundterminal/lib/python3.10/site-packages'
[8.679s] Level 1:colcon.colcon_core.environment:checking '/home/zhangchenxu/Documents/00_Project/ClimblingRobot_v2.0/GroundTerminal/install/groundterminal/bin'
[8.679s] INFO:colcon.colcon_core.shell:Creating package script '/home/zhangchenxu/Documents/00_Project/ClimblingRobot_v2.0/GroundTerminal/install/groundterminal/share/groundterminal/package.ps1'
[8.681s] INFO:colcon.colcon_core.shell:Creating package descriptor '/home/zhangchenxu/Documents/00_Project/ClimblingRobot_v2.0/GroundTerminal/install/groundterminal/share/groundterminal/package.dsv'
[8.682s] INFO:colcon.colcon_core.shell:Creating package script '/home/zhangchenxu/Documents/00_Project/ClimblingRobot_v2.0/GroundTerminal/install/groundterminal/share/groundterminal/package.sh'
[8.683s] INFO:colcon.colcon_core.shell:Creating package script '/home/zhangchenxu/Documents/00_Project/ClimblingRobot_v2.0/GroundTerminal/install/groundterminal/share/groundterminal/package.bash'
[8.684s] INFO:colcon.colcon_core.shell:Creating package script '/home/zhangchenxu/Documents/00_Project/ClimblingRobot_v2.0/GroundTerminal/install/groundterminal/share/groundterminal/package.zsh'
[8.685s] Level 1:colcon.colcon_core.environment:create_file_with_runtime_dependencies(/home/zhangchenxu/Documents/00_Project/ClimblingRobot_v2.0/GroundTerminal/install/groundterminal/share/colcon-core/packages/groundterminal)
[8.686s] Level 1:colcon.colcon_core.environment:create_environment_scripts_only(groundterminal)
[8.687s] Level 1:colcon.colcon_core.environment:checking '/home/zhangchenxu/Documents/00_Project/ClimblingRobot_v2.0/GroundTerminal/install/groundterminal' for CMake module files
[8.687s] Level 1:colcon.colcon_core.environment:checking '/home/zhangchenxu/Documents/00_Project/ClimblingRobot_v2.0/GroundTerminal/install/groundterminal' for CMake config files
[8.688s] Level 1:colcon.colcon_core.shell:create_environment_hook('groundterminal', 'cmake_prefix_path')
[8.688s] INFO:colcon.colcon_core.shell:Creating environment hook '/home/zhangchenxu/Documents/00_Project/ClimblingRobot_v2.0/GroundTerminal/install/groundterminal/share/groundterminal/hook/cmake_prefix_path.ps1'
[8.689s] INFO:colcon.colcon_core.shell:Creating environment descriptor '/home/zhangchenxu/Documents/00_Project/ClimblingRobot_v2.0/GroundTerminal/install/groundterminal/share/groundterminal/hook/cmake_prefix_path.dsv'
[8.689s] INFO:colcon.colcon_core.shell:Creating environment hook '/home/zhangchenxu/Documents/00_Project/ClimblingRobot_v2.0/GroundTerminal/install/groundterminal/share/groundterminal/hook/cmake_prefix_path.sh'
[8.690s] Level 1:colcon.colcon_core.environment:checking '/home/zhangchenxu/Documents/00_Project/ClimblingRobot_v2.0/GroundTerminal/install/groundterminal/lib'
[8.690s] Level 1:colcon.colcon_core.environment:checking '/home/zhangchenxu/Documents/00_Project/ClimblingRobot_v2.0/GroundTerminal/install/groundterminal/bin'
[8.690s] Level 1:colcon.colcon_core.environment:checking '/home/zhangchenxu/Documents/00_Project/ClimblingRobot_v2.0/GroundTerminal/install/groundterminal/lib/pkgconfig/groundterminal.pc'
[8.691s] Level 1:colcon.colcon_core.environment:checking '/home/zhangchenxu/Documents/00_Project/ClimblingRobot_v2.0/GroundTerminal/install/groundterminal/lib/python3.10/site-packages'
[8.691s] Level 1:colcon.colcon_core.environment:checking '/home/zhangchenxu/Documents/00_Project/ClimblingRobot_v2.0/GroundTerminal/install/groundterminal/bin'
[8.692s] INFO:colcon.colcon_core.shell:Creating package script '/home/zhangchenxu/Documents/00_Project/ClimblingRobot_v2.0/GroundTerminal/install/groundterminal/share/groundterminal/package.ps1'
[8.692s] INFO:colcon.colcon_core.shell:Creating package descriptor '/home/zhangchenxu/Documents/00_Project/ClimblingRobot_v2.0/GroundTerminal/install/groundterminal/share/groundterminal/package.dsv'
[8.693s] INFO:colcon.colcon_core.shell:Creating package script '/home/zhangchenxu/Documents/00_Project/ClimblingRobot_v2.0/GroundTerminal/install/groundterminal/share/groundterminal/package.sh'
[8.694s] INFO:colcon.colcon_core.shell:Creating package script '/home/zhangchenxu/Documents/00_Project/ClimblingRobot_v2.0/GroundTerminal/install/groundterminal/share/groundterminal/package.bash'
[8.695s] INFO:colcon.colcon_core.shell:Creating package script '/home/zhangchenxu/Documents/00_Project/ClimblingRobot_v2.0/GroundTerminal/install/groundterminal/share/groundterminal/package.zsh'
[8.695s] Level 1:colcon.colcon_core.environment:create_file_with_runtime_dependencies(/home/zhangchenxu/Documents/00_Project/ClimblingRobot_v2.0/GroundTerminal/install/groundterminal/share/colcon-core/packages/groundterminal)
[8.696s] DEBUG:colcon.colcon_parallel_executor.executor.parallel:closing loop
[8.696s] DEBUG:colcon.colcon_parallel_executor.executor.parallel:loop closed
[8.696s] DEBUG:colcon.colcon_parallel_executor.executor.parallel:run_until_complete finished with '0'
[8.696s] DEBUG:colcon.colcon_core.event_reactor:joining thread
[8.701s] INFO:colcon.colcon_core.plugin_system:Skipping extension 'colcon_notification.desktop_notification.terminal_notifier': Not used on non-Darwin systems
[8.701s] INFO:colcon.colcon_core.plugin_system:Skipping extension 'colcon_notification.desktop_notification.win32': Not used on non-Windows systems
[8.701s] INFO:colcon.colcon_notification.desktop_notification:Sending desktop notification using 'notify2'
[8.721s] DEBUG:colcon.colcon_core.event_reactor:joined thread
[8.722s] INFO:colcon.colcon_core.shell:Creating prefix script '/home/zhangchenxu/Documents/00_Project/ClimblingRobot_v2.0/GroundTerminal/install/local_setup.ps1'
[8.723s] INFO:colcon.colcon_core.shell:Creating prefix util module '/home/zhangchenxu/Documents/00_Project/ClimblingRobot_v2.0/GroundTerminal/install/_local_setup_util_ps1.py'
[8.726s] INFO:colcon.colcon_core.shell:Creating prefix chain script '/home/zhangchenxu/Documents/00_Project/ClimblingRobot_v2.0/GroundTerminal/install/setup.ps1'
[8.732s] INFO:colcon.colcon_core.shell:Creating prefix script '/home/zhangchenxu/Documents/00_Project/ClimblingRobot_v2.0/GroundTerminal/install/local_setup.sh'
[8.733s] INFO:colcon.colcon_core.shell:Creating prefix util module '/home/zhangchenxu/Documents/00_Project/ClimblingRobot_v2.0/GroundTerminal/install/_local_setup_util_sh.py'
[8.734s] INFO:colcon.colcon_core.shell:Creating prefix chain script '/home/zhangchenxu/Documents/00_Project/ClimblingRobot_v2.0/GroundTerminal/install/setup.sh'
[8.740s] INFO:colcon.colcon_core.shell:Creating prefix script '/home/zhangchenxu/Documents/00_Project/ClimblingRobot_v2.0/GroundTerminal/install/local_setup.bash'
[8.741s] INFO:colcon.colcon_core.shell:Creating prefix chain script '/home/zhangchenxu/Documents/00_Project/ClimblingRobot_v2.0/GroundTerminal/install/setup.bash'
[8.748s] INFO:colcon.colcon_core.shell:Creating prefix script '/home/zhangchenxu/Documents/00_Project/ClimblingRobot_v2.0/GroundTerminal/install/local_setup.zsh'
[8.748s] INFO:colcon.colcon_core.shell:Creating prefix chain script '/home/zhangchenxu/Documents/00_Project/ClimblingRobot_v2.0/GroundTerminal/install/setup.zsh'
