[0.023s] Invoking command in '/home/zhangchenxu/Documents/00_Project/ClimblingRobot_v2.0/CarTerminal/build/carterminal': CMAKE_PREFIX_PATH=${CMAKE_PREFIX_PATH}:/home/zhangchenxu/MOVEIT/moveit2_ws/install/moveit_configs_utils:/home/zhangchenxu/MOVEIT/moveit2_ws/install/launch_param_builder:/opt/ros/humble /usr/bin/cmake --build /home/zhangchenxu/Documents/00_Project/ClimblingRobot_v2.0/CarTerminal/build/carterminal -- -j12 -l12
[0.132s] [ 25%] Built target wheel_talker_node
[0.132s] [ 37%] [32mBuilding CXX object CMakeFiles/sensor_collect_node.dir/src/sensor_collect_node.cpp.o[0m
[0.133s] [ 62%] Built target data_collect_node
[0.135s] [ 87%] Built target camera_talker_node
[7.806s] [100%] [32m[1mLinking CXX executable sensor_collect_node[0m
[8.226s] [100%] Built target sensor_collect_node
[8.239s] Invoked command in '/home/zhangchenxu/Documents/00_Project/ClimblingRobot_v2.0/CarTerminal/build/carterminal' returned '0': CMAKE_PREFIX_PATH=${CMAKE_PREFIX_PATH}:/home/zhangchenxu/MOVEIT/moveit2_ws/install/moveit_configs_utils:/home/zhangchenxu/MOVEIT/moveit2_ws/install/launch_param_builder:/opt/ros/humble /usr/bin/cmake --build /home/zhangchenxu/Documents/00_Project/ClimblingRobot_v2.0/CarTerminal/build/carterminal -- -j12 -l12
[8.241s] Invoking command in '/home/zhangchenxu/Documents/00_Project/ClimblingRobot_v2.0/CarTerminal/build/carterminal': CMAKE_PREFIX_PATH=${CMAKE_PREFIX_PATH}:/home/zhangchenxu/MOVEIT/moveit2_ws/install/moveit_configs_utils:/home/zhangchenxu/MOVEIT/moveit2_ws/install/launch_param_builder:/opt/ros/humble /usr/bin/cmake --install /home/zhangchenxu/Documents/00_Project/ClimblingRobot_v2.0/CarTerminal/build/carterminal
[8.251s] -- Install configuration: ""
[8.252s] -- Up-to-date: /home/zhangchenxu/Documents/00_Project/ClimblingRobot_v2.0/CarTerminal/install/carterminal/lib/carterminal/camera_talker_node
[8.254s] -- Up-to-date: /home/zhangchenxu/Documents/00_Project/ClimblingRobot_v2.0/CarTerminal/install/carterminal/lib/carterminal/wheel_talker_node
[8.256s] -- Up-to-date: /home/zhangchenxu/Documents/00_Project/ClimblingRobot_v2.0/CarTerminal/install/carterminal/lib/carterminal/data_collect_node
[8.257s] -- Installing: /home/zhangchenxu/Documents/00_Project/ClimblingRobot_v2.0/CarTerminal/install/carterminal/lib/carterminal/sensor_collect_node
[8.262s] -- Set runtime path of "/home/zhangchenxu/Documents/00_Project/ClimblingRobot_v2.0/CarTerminal/install/carterminal/lib/carterminal/sensor_collect_node" to ""
[8.263s] -- Up-to-date: /home/zhangchenxu/Documents/00_Project/ClimblingRobot_v2.0/CarTerminal/install/carterminal/share/carterminal/launch
[8.263s] -- Up-to-date: /home/zhangchenxu/Documents/00_Project/ClimblingRobot_v2.0/CarTerminal/install/carterminal/share/carterminal/launch/start_robot_launch.py
[8.263s] -- Up-to-date: /home/zhangchenxu/Documents/00_Project/ClimblingRobot_v2.0/CarTerminal/install/carterminal/share/ament_index/resource_index/package_run_dependencies/carterminal
[8.263s] -- Up-to-date: /home/zhangchenxu/Documents/00_Project/ClimblingRobot_v2.0/CarTerminal/install/carterminal/share/ament_index/resource_index/parent_prefix_path/carterminal
[8.263s] -- Up-to-date: /home/zhangchenxu/Documents/00_Project/ClimblingRobot_v2.0/CarTerminal/install/carterminal/share/carterminal/environment/ament_prefix_path.sh
[8.263s] -- Up-to-date: /home/zhangchenxu/Documents/00_Project/ClimblingRobot_v2.0/CarTerminal/install/carterminal/share/carterminal/environment/ament_prefix_path.dsv
[8.263s] -- Up-to-date: /home/zhangchenxu/Documents/00_Project/ClimblingRobot_v2.0/CarTerminal/install/carterminal/share/carterminal/environment/path.sh
[8.263s] -- Up-to-date: /home/zhangchenxu/Documents/00_Project/ClimblingRobot_v2.0/CarTerminal/install/carterminal/share/carterminal/environment/path.dsv
[8.263s] -- Up-to-date: /home/zhangchenxu/Documents/00_Project/ClimblingRobot_v2.0/CarTerminal/install/carterminal/share/carterminal/local_setup.bash
[8.263s] -- Up-to-date: /home/zhangchenxu/Documents/00_Project/ClimblingRobot_v2.0/CarTerminal/install/carterminal/share/carterminal/local_setup.sh
[8.263s] -- Up-to-date: /home/zhangchenxu/Documents/00_Project/ClimblingRobot_v2.0/CarTerminal/install/carterminal/share/carterminal/local_setup.zsh
[8.263s] -- Up-to-date: /home/zhangchenxu/Documents/00_Project/ClimblingRobot_v2.0/CarTerminal/install/carterminal/share/carterminal/local_setup.dsv
[8.263s] -- Installing: /home/zhangchenxu/Documents/00_Project/ClimblingRobot_v2.0/CarTerminal/install/carterminal/share/carterminal/package.dsv
[8.263s] -- Up-to-date: /home/zhangchenxu/Documents/00_Project/ClimblingRobot_v2.0/CarTerminal/install/carterminal/share/ament_index/resource_index/packages/carterminal
[8.263s] -- Up-to-date: /home/zhangchenxu/Documents/00_Project/ClimblingRobot_v2.0/CarTerminal/install/carterminal/share/carterminal/cmake/carterminalConfig.cmake
[8.263s] -- Up-to-date: /home/zhangchenxu/Documents/00_Project/ClimblingRobot_v2.0/CarTerminal/install/carterminal/share/carterminal/cmake/carterminalConfig-version.cmake
[8.263s] -- Up-to-date: /home/zhangchenxu/Documents/00_Project/ClimblingRobot_v2.0/CarTerminal/install/carterminal/share/carterminal/package.xml
[8.265s] Invoked command in '/home/zhangchenxu/Documents/00_Project/ClimblingRobot_v2.0/CarTerminal/build/carterminal' returned '0': CMAKE_PREFIX_PATH=${CMAKE_PREFIX_PATH}:/home/zhangchenxu/MOVEIT/moveit2_ws/install/moveit_configs_utils:/home/zhangchenxu/MOVEIT/moveit2_ws/install/launch_param_builder:/opt/ros/humble /usr/bin/cmake --install /home/zhangchenxu/Documents/00_Project/ClimblingRobot_v2.0/CarTerminal/build/carterminal
