[  0%] Built target yesense_interface__cpp
[ 12%] Built target yesense_interface__rosidl_generator_c
[ 12%] Built target ament_cmake_python_copy_yesense_interface
[ 24%] Built target yesense_interface__rosidl_typesupport_c
[ 36%] Built target yesense_interface__rosidl_typesupport_cpp
[ 63%] Built target yesense_interface__rosidl_typesupport_introspection_cpp
[ 63%] Built target yesense_interface__rosidl_typesupport_introspection_c
[ 73%] Built target yesense_interface__rosidl_typesupport_fastrtps_c
[ 85%] Built target yesense_interface__rosidl_typesupport_fastrtps_cpp
[ 85%] Built target yesense_interface
[ 86%] Built target yesense_interface__py
[ 97%] Built target yesense_interface__rosidl_generator_py
[ 99%] Built target yesense_interface__rosidl_typesupport_fastrtps_c__pyext
[ 99%] Built target yesense_interface__rosidl_typesupport_c__pyext
[100%] Built target yesense_interface__rosidl_typesupport_introspection_c__pyext
running egg_info
writing yesense_interface.egg-info/PKG-INFO
writing dependency_links to yesense_interface.egg-info/dependency_links.txt
writing top-level names to yesense_interface.egg-info/top_level.txt
reading manifest file 'yesense_interface.egg-info/SOURCES.txt'
writing manifest file 'yesense_interface.egg-info/SOURCES.txt'
[100%] Built target ament_cmake_python_build_yesense_interface_egg
