[0.016s] Invoking command in '/home/zhangchenxu/Documents/00_Project/ClimblingRobot_v2.0/USE_DOUBLE_IMU/build/yesense_interface': CMAKE_PREFIX_PATH=${CMAKE_PREFIX_PATH}:/home/zhangchenxu/MOVEIT/moveit2_ws/install/moveit_configs_utils:/home/zhangchenxu/MOVEIT/moveit2_ws/install/launch_param_builder:/opt/ros/humble /usr/bin/cmake --build /home/zhangchenxu/Documents/00_Project/ClimblingRobot_v2.0/USE_DOUBLE_IMU/build/yesense_interface -- -j12 -l12
[0.087s] [  0%] Built target yesense_interface__cpp
[0.092s] [ 12%] Built target yesense_interface__rosidl_generator_c
[0.105s] [ 12%] Built target ament_cmake_python_copy_yesense_interface
[0.126s] [ 24%] Built target yesense_interface__rosidl_typesupport_c
[0.130s] [ 36%] Built target yesense_interface__rosidl_typesupport_cpp
[0.133s] [ 63%] Built target yesense_interface__rosidl_typesupport_introspection_cpp
[0.133s] [ 63%] Built target yesense_interface__rosidl_typesupport_introspection_c
[0.133s] [ 73%] Built target yesense_interface__rosidl_typesupport_fastrtps_c
[0.134s] [ 85%] Built target yesense_interface__rosidl_typesupport_fastrtps_cpp
[0.160s] [ 85%] Built target yesense_interface
[0.188s] [ 86%] Built target yesense_interface__py
[0.223s] [ 97%] Built target yesense_interface__rosidl_generator_py
[0.251s] [ 99%] Built target yesense_interface__rosidl_typesupport_fastrtps_c__pyext
[0.252s] [ 99%] Built target yesense_interface__rosidl_typesupport_c__pyext
[0.252s] [100%] Built target yesense_interface__rosidl_typesupport_introspection_c__pyext
[0.316s] running egg_info
[0.317s] writing yesense_interface.egg-info/PKG-INFO
[0.317s] writing dependency_links to yesense_interface.egg-info/dependency_links.txt
[0.317s] writing top-level names to yesense_interface.egg-info/top_level.txt
[0.319s] reading manifest file 'yesense_interface.egg-info/SOURCES.txt'
[0.319s] writing manifest file 'yesense_interface.egg-info/SOURCES.txt'
[0.342s] [100%] Built target ament_cmake_python_build_yesense_interface_egg
