[ 25%] Built target sensor_collect_node
[ 50%] Built target wheel_talker_node
[ 75%] Built target data_collect_node
[100%] Built target camera_talker_node
-- Install configuration: ""
-- Up-to-date: /home/zhangchenxu/Documents/00_Project/ClimblingRobot_v2.0/CarTerminal/install/carterminal/lib/carterminal/camera_talker_node
-- Up-to-date: /home/zhangchenxu/Documents/00_Project/ClimblingRobot_v2.0/CarTerminal/install/carterminal/lib/carterminal/wheel_talker_node
-- Up-to-date: /home/zhangchenxu/Documents/00_Project/ClimblingRobot_v2.0/CarTerminal/install/carterminal/lib/carterminal/data_collect_node
-- Up-to-date: /home/zhangchenxu/Documents/00_Project/ClimblingRobot_v2.0/CarTerminal/install/carterminal/lib/carterminal/sensor_collect_node
-- Up-to-date: /home/zhangchenxu/Documents/00_Project/ClimblingRobot_v2.0/CarTerminal/install/carterminal/share/carterminal/launch
-- Installing: /home/zhangchenxu/Documents/00_Project/ClimblingRobot_v2.0/CarTerminal/install/carterminal/share/carterminal/launch/start_robot_launch.py
-- Up-to-date: /home/zhangchenxu/Documents/00_Project/ClimblingRobot_v2.0/CarTerminal/install/carterminal/share/ament_index/resource_index/package_run_dependencies/carterminal
-- Up-to-date: /home/zhangchenxu/Documents/00_Project/ClimblingRobot_v2.0/CarTerminal/install/carterminal/share/ament_index/resource_index/parent_prefix_path/carterminal
-- Up-to-date: /home/zhangchenxu/Documents/00_Project/ClimblingRobot_v2.0/CarTerminal/install/carterminal/share/carterminal/environment/ament_prefix_path.sh
-- Up-to-date: /home/zhangchenxu/Documents/00_Project/ClimblingRobot_v2.0/CarTerminal/install/carterminal/share/carterminal/environment/ament_prefix_path.dsv
-- Up-to-date: /home/zhangchenxu/Documents/00_Project/ClimblingRobot_v2.0/CarTerminal/install/carterminal/share/carterminal/environment/path.sh
-- Up-to-date: /home/zhangchenxu/Documents/00_Project/ClimblingRobot_v2.0/CarTerminal/install/carterminal/share/carterminal/environment/path.dsv
-- Up-to-date: /home/zhangchenxu/Documents/00_Project/ClimblingRobot_v2.0/CarTerminal/install/carterminal/share/carterminal/local_setup.bash
-- Up-to-date: /home/zhangchenxu/Documents/00_Project/ClimblingRobot_v2.0/CarTerminal/install/carterminal/share/carterminal/local_setup.sh
-- Up-to-date: /home/zhangchenxu/Documents/00_Project/ClimblingRobot_v2.0/CarTerminal/install/carterminal/share/carterminal/local_setup.zsh
-- Up-to-date: /home/zhangchenxu/Documents/00_Project/ClimblingRobot_v2.0/CarTerminal/install/carterminal/share/carterminal/local_setup.dsv
-- Installing: /home/zhangchenxu/Documents/00_Project/ClimblingRobot_v2.0/CarTerminal/install/carterminal/share/carterminal/package.dsv
-- Up-to-date: /home/zhangchenxu/Documents/00_Project/ClimblingRobot_v2.0/CarTerminal/install/carterminal/share/ament_index/resource_index/packages/carterminal
-- Up-to-date: /home/zhangchenxu/Documents/00_Project/ClimblingRobot_v2.0/CarTerminal/install/carterminal/share/carterminal/cmake/carterminalConfig.cmake
-- Up-to-date: /home/zhangchenxu/Documents/00_Project/ClimblingRobot_v2.0/CarTerminal/install/carterminal/share/carterminal/cmake/carterminalConfig-version.cmake
-- Up-to-date: /home/zhangchenxu/Documents/00_Project/ClimblingRobot_v2.0/CarTerminal/install/carterminal/share/carterminal/package.xml
