[ 12%] [32mBuilding CXX object CMakeFiles/shared_state.dir/src/shared_state.cpp.o[0m
[ 37%] Built target car_candriver
[ 50%] [32m[1mLinking CXX static library libshared_state.a[0m
[ 50%] Built target shared_state
[ 75%] [32mBuilding CXX object CMakeFiles/remote_control.dir/src/remote_control.cpp.o[0m
[ 75%] [32mBuilding CXX object CMakeFiles/mode_switching.dir/src/mode_switching.cpp.o[0m
[ 87%] [32m[1mLinking CXX executable remote_control[0m
[ 87%] Built target remote_control
[100%] [32m[1mLinking CXX executable mode_switching[0m
[100%] Built target mode_switching
-- Install configuration: ""
-- Installing: /home/zhangchenxu/Documents/00_Project/ClimblingRobot_v2.0/GroundTerminal/install/groundterminal/lib/groundterminal/car_candriver
-- Set runtime path of "/home/zhangchenxu/Documents/00_Project/ClimblingRobot_v2.0/GroundTerminal/install/groundterminal/lib/groundterminal/car_candriver" to ""
-- Installing: /home/zhangchenxu/Documents/00_Project/ClimblingRobot_v2.0/GroundTerminal/install/groundterminal/lib/groundterminal/remote_control
-- Set runtime path of "/home/zhangchenxu/Documents/00_Project/ClimblingRobot_v2.0/GroundTerminal/install/groundterminal/lib/groundterminal/remote_control" to ""
-- Installing: /home/zhangchenxu/Documents/00_Project/ClimblingRobot_v2.0/GroundTerminal/install/groundterminal/lib/groundterminal/mode_switching
-- Set runtime path of "/home/zhangchenxu/Documents/00_Project/ClimblingRobot_v2.0/GroundTerminal/install/groundterminal/lib/groundterminal/mode_switching" to ""
-- Installing: /home/zhangchenxu/Documents/00_Project/ClimblingRobot_v2.0/GroundTerminal/install/groundterminal/share/groundterminal/launch
-- Installing: /home/zhangchenxu/Documents/00_Project/ClimblingRobot_v2.0/GroundTerminal/install/groundterminal/share/groundterminal/launch/start_launch.py
-- Installing: /home/zhangchenxu/Documents/00_Project/ClimblingRobot_v2.0/GroundTerminal/install/groundterminal/share/ament_index/resource_index/package_run_dependencies/groundterminal
-- Installing: /home/zhangchenxu/Documents/00_Project/ClimblingRobot_v2.0/GroundTerminal/install/groundterminal/share/ament_index/resource_index/parent_prefix_path/groundterminal
-- Installing: /home/zhangchenxu/Documents/00_Project/ClimblingRobot_v2.0/GroundTerminal/install/groundterminal/share/groundterminal/environment/ament_prefix_path.sh
-- Installing: /home/zhangchenxu/Documents/00_Project/ClimblingRobot_v2.0/GroundTerminal/install/groundterminal/share/groundterminal/environment/ament_prefix_path.dsv
-- Installing: /home/zhangchenxu/Documents/00_Project/ClimblingRobot_v2.0/GroundTerminal/install/groundterminal/share/groundterminal/environment/path.sh
-- Installing: /home/zhangchenxu/Documents/00_Project/ClimblingRobot_v2.0/GroundTerminal/install/groundterminal/share/groundterminal/environment/path.dsv
-- Installing: /home/zhangchenxu/Documents/00_Project/ClimblingRobot_v2.0/GroundTerminal/install/groundterminal/share/groundterminal/local_setup.bash
-- Installing: /home/zhangchenxu/Documents/00_Project/ClimblingRobot_v2.0/GroundTerminal/install/groundterminal/share/groundterminal/local_setup.sh
-- Installing: /home/zhangchenxu/Documents/00_Project/ClimblingRobot_v2.0/GroundTerminal/install/groundterminal/share/groundterminal/local_setup.zsh
-- Installing: /home/zhangchenxu/Documents/00_Project/ClimblingRobot_v2.0/GroundTerminal/install/groundterminal/share/groundterminal/local_setup.dsv
-- Installing: /home/zhangchenxu/Documents/00_Project/ClimblingRobot_v2.0/GroundTerminal/install/groundterminal/share/groundterminal/package.dsv
-- Installing: /home/zhangchenxu/Documents/00_Project/ClimblingRobot_v2.0/GroundTerminal/install/groundterminal/share/ament_index/resource_index/packages/groundterminal
-- Installing: /home/zhangchenxu/Documents/00_Project/ClimblingRobot_v2.0/GroundTerminal/install/groundterminal/share/groundterminal/cmake/groundterminalConfig.cmake
-- Installing: /home/zhangchenxu/Documents/00_Project/ClimblingRobot_v2.0/GroundTerminal/install/groundterminal/share/groundterminal/cmake/groundterminalConfig-version.cmake
-- Installing: /home/zhangchenxu/Documents/00_Project/ClimblingRobot_v2.0/GroundTerminal/install/groundterminal/share/groundterminal/package.xml
