[35m[1mConsolidate compiler generated dependencies of target car_candriver[0m
[35m[1mConsolidate compiler generated dependencies of target remote_control[0m
[ 25%] [32mBuilding CXX object CMakeFiles/remote_control.dir/src/remote_control.cpp.o[0m
[ 75%] Built target car_candriver
[100%] [32m[1mLinking CXX executable remote_control[0m
/usr/bin/ld: CMakeFiles/remote_control.dir/src/remote_control.cpp.o: in function `main':
remote_control.cpp:(.text+0xcb): undefined reference to `serial::Serial::setPort(std::__cxx11::basic_string<char, std::char_traits<char>, std::allocator<char> > const&)'
/usr/bin/ld: remote_control.cpp:(.text+0xfa): undefined reference to `serial::Serial::setBaudrate(unsigned int)'
/usr/bin/ld: remote_control.cpp:(.text+0x127): undefined reference to `serial::Serial::setTimeout(serial::Timeout&)'
/usr/bin/ld: remote_control.cpp:(.text+0x136): undefined reference to `serial::Serial::open()'
/usr/bin/ld: remote_control.cpp:(.text+0x145): undefined reference to `serial::Serial::isOpen() const'
/usr/bin/ld: CMakeFiles/remote_control.dir/src/remote_control.cpp.o: in function `__static_initialization_and_destruction_0(int, int)':
remote_control.cpp:(.text+0x4b9): undefined reference to `serial::Serial::Serial(std::__cxx11::basic_string<char, std::char_traits<char>, std::allocator<char> > const&, unsigned int, serial::Timeout, serial::bytesize_t, serial::parity_t, serial::stopbits_t, serial::flowcontrol_t)'
/usr/bin/ld: remote_control.cpp:(.text+0x4f0): undefined reference to `serial::Serial::~Serial()'
/usr/bin/ld: CMakeFiles/remote_control.dir/src/remote_control.cpp.o: in function `Remote_Control::read_data()':
remote_control.cpp:(.text._ZN14Remote_Control9read_dataEv[_ZN14Remote_Control9read_dataEv]+0x2a): undefined reference to `serial::Serial::write(unsigned char const*, unsigned long)'
collect2: error: ld returned 1 exit status
gmake[2]: *** [CMakeFiles/remote_control.dir/build.make:175：remote_control] 错误 1
gmake[1]: *** [CMakeFiles/Makefile2:165：CMakeFiles/remote_control.dir/all] 错误 2
gmake: *** [Makefile:146：all] 错误 2
