[0.022s] Invoking command in '/home/zhangchenxu/Documents/00_Project/ClimblingRobot_v2.0/CarTerminal/build/carterminal': CMAKE_PREFIX_PATH=${CMAKE_PREFIX_PATH}:/home/zhangchenxu/MOVEIT/moveit2_ws/install/moveit_configs_utils:/home/zhangchenxu/MOVEIT/moveit2_ws/install/launch_param_builder:/opt/ros/humble /usr/bin/cmake --build /home/zhangchenxu/Documents/00_Project/ClimblingRobot_v2.0/CarTerminal/build/carterminal -- -j12 -l12
[0.095s] [ 20%] Built target wheel_talker_node
[0.095s] [ 40%] Built target camera_talker_node
[0.096s] [ 60%] Built target sensor_data
[0.112s] [35m[1mConsolidate compiler generated dependencies of target data_collect_node[0m
[0.130s] [ 80%] Built target sensor_collect_node
[0.137s] [ 90%] [32mBuilding CXX object CMakeFiles/data_collect_node.dir/src/data_collect_node.cpp.o[0m
[2.994s] [100%] [32m[1mLinking CXX executable data_collect_node[0m
[3.132s] [100%] Built target data_collect_node
[3.145s] Invoked command in '/home/zhangchenxu/Documents/00_Project/ClimblingRobot_v2.0/CarTerminal/build/carterminal' returned '0': CMAKE_PREFIX_PATH=${CMAKE_PREFIX_PATH}:/home/zhangchenxu/MOVEIT/moveit2_ws/install/moveit_configs_utils:/home/zhangchenxu/MOVEIT/moveit2_ws/install/launch_param_builder:/opt/ros/humble /usr/bin/cmake --build /home/zhangchenxu/Documents/00_Project/ClimblingRobot_v2.0/CarTerminal/build/carterminal -- -j12 -l12
[3.147s] Invoking command in '/home/zhangchenxu/Documents/00_Project/ClimblingRobot_v2.0/CarTerminal/build/carterminal': CMAKE_PREFIX_PATH=${CMAKE_PREFIX_PATH}:/home/zhangchenxu/MOVEIT/moveit2_ws/install/moveit_configs_utils:/home/zhangchenxu/MOVEIT/moveit2_ws/install/launch_param_builder:/opt/ros/humble /usr/bin/cmake --install /home/zhangchenxu/Documents/00_Project/ClimblingRobot_v2.0/CarTerminal/build/carterminal
[3.156s] -- Install configuration: ""
[3.156s] -- Up-to-date: /home/zhangchenxu/Documents/00_Project/ClimblingRobot_v2.0/CarTerminal/install/carterminal/lib/carterminal/camera_talker_node
[3.157s] -- Up-to-date: /home/zhangchenxu/Documents/00_Project/ClimblingRobot_v2.0/CarTerminal/install/carterminal/lib/carterminal/wheel_talker_node
[3.157s] -- Installing: /home/zhangchenxu/Documents/00_Project/ClimblingRobot_v2.0/CarTerminal/install/carterminal/lib/carterminal/data_collect_node
[3.158s] -- Set runtime path of "/home/zhangchenxu/Documents/00_Project/ClimblingRobot_v2.0/CarTerminal/install/carterminal/lib/carterminal/data_collect_node" to ""
[3.158s] -- Up-to-date: /home/zhangchenxu/Documents/00_Project/ClimblingRobot_v2.0/CarTerminal/install/carterminal/lib/carterminal/sensor_collect_node
[3.158s] -- Up-to-date: /home/zhangchenxu/Documents/00_Project/ClimblingRobot_v2.0/CarTerminal/install/carterminal/share/carterminal/launch
[3.159s] -- Up-to-date: /home/zhangchenxu/Documents/00_Project/ClimblingRobot_v2.0/CarTerminal/install/carterminal/share/carterminal/launch/start_robot_launch.py
[3.159s] -- Up-to-date: /home/zhangchenxu/Documents/00_Project/ClimblingRobot_v2.0/CarTerminal/install/carterminal/share/ament_index/resource_index/package_run_dependencies/carterminal
[3.159s] -- Up-to-date: /home/zhangchenxu/Documents/00_Project/ClimblingRobot_v2.0/CarTerminal/install/carterminal/share/ament_index/resource_index/parent_prefix_path/carterminal
[3.159s] -- Up-to-date: /home/zhangchenxu/Documents/00_Project/ClimblingRobot_v2.0/CarTerminal/install/carterminal/share/carterminal/environment/ament_prefix_path.sh
[3.159s] -- Up-to-date: /home/zhangchenxu/Documents/00_Project/ClimblingRobot_v2.0/CarTerminal/install/carterminal/share/carterminal/environment/ament_prefix_path.dsv
[3.159s] -- Up-to-date: /home/zhangchenxu/Documents/00_Project/ClimblingRobot_v2.0/CarTerminal/install/carterminal/share/carterminal/environment/path.sh
[3.159s] -- Up-to-date: /home/zhangchenxu/Documents/00_Project/ClimblingRobot_v2.0/CarTerminal/install/carterminal/share/carterminal/environment/path.dsv
[3.159s] -- Up-to-date: /home/zhangchenxu/Documents/00_Project/ClimblingRobot_v2.0/CarTerminal/install/carterminal/share/carterminal/local_setup.bash
[3.159s] -- Up-to-date: /home/zhangchenxu/Documents/00_Project/ClimblingRobot_v2.0/CarTerminal/install/carterminal/share/carterminal/local_setup.sh
[3.159s] -- Up-to-date: /home/zhangchenxu/Documents/00_Project/ClimblingRobot_v2.0/CarTerminal/install/carterminal/share/carterminal/local_setup.zsh
[3.159s] -- Up-to-date: /home/zhangchenxu/Documents/00_Project/ClimblingRobot_v2.0/CarTerminal/install/carterminal/share/carterminal/local_setup.dsv
[3.159s] -- Installing: /home/zhangchenxu/Documents/00_Project/ClimblingRobot_v2.0/CarTerminal/install/carterminal/share/carterminal/package.dsv
[3.159s] -- Up-to-date: /home/zhangchenxu/Documents/00_Project/ClimblingRobot_v2.0/CarTerminal/install/carterminal/share/ament_index/resource_index/packages/carterminal
[3.159s] -- Up-to-date: /home/zhangchenxu/Documents/00_Project/ClimblingRobot_v2.0/CarTerminal/install/carterminal/share/carterminal/cmake/carterminalConfig.cmake
[3.159s] -- Up-to-date: /home/zhangchenxu/Documents/00_Project/ClimblingRobot_v2.0/CarTerminal/install/carterminal/share/carterminal/cmake/carterminalConfig-version.cmake
[3.159s] -- Up-to-date: /home/zhangchenxu/Documents/00_Project/ClimblingRobot_v2.0/CarTerminal/install/carterminal/share/carterminal/package.xml
[3.161s] Invoked command in '/home/zhangchenxu/Documents/00_Project/ClimblingRobot_v2.0/CarTerminal/build/carterminal' returned '0': CMAKE_PREFIX_PATH=${CMAKE_PREFIX_PATH}:/home/zhangchenxu/MOVEIT/moveit2_ws/install/moveit_configs_utils:/home/zhangchenxu/MOVEIT/moveit2_ws/install/launch_param_builder:/opt/ros/humble /usr/bin/cmake --install /home/zhangchenxu/Documents/00_Project/ClimblingRobot_v2.0/CarTerminal/build/carterminal
