-- The C compiler identification is GNU 11.4.0
-- The CXX compiler identification is GNU 11.4.0
-- Detecting C compiler ABI info
-- Detecting C compiler ABI info - done
-- Check for working C compiler: /usr/bin/cc - skipped
-- Detecting C compile features
-- Detecting C compile features - done
-- Detecting CXX compiler ABI info
-- Detecting CXX compiler ABI info - done
-- Check for working CXX compiler: /usr/bin/c++ - skipped
-- Detecting CXX compile features
-- Detecting CXX compile features - done
-- Found ament_cmake: 1.3.12 (/opt/ros/humble/share/ament_cmake/cmake)
-- Found Python3: /usr/bin/python3 (found version "3.10.12") found components: Interpreter 
-- Found rclcpp: 16.0.15 (/opt/ros/humble/share/rclcpp/cmake)
-- Found rosidl_generator_c: 3.1.7 (/opt/ros/humble/share/rosidl_generator_c/cmake)
-- Found rosidl_adapter: 3.1.7 (/opt/ros/humble/share/rosidl_adapter/cmake)
-- Found rosidl_generator_cpp: 3.1.7 (/opt/ros/humble/share/rosidl_generator_cpp/cmake)
-- Using all available rosidl_typesupport_c: rosidl_typesupport_fastrtps_c;rosidl_typesupport_introspection_c
-- Using all available rosidl_typesupport_cpp: rosidl_typesupport_fastrtps_cpp;rosidl_typesupport_introspection_cpp
-- Found rmw_implementation_cmake: 6.1.2 (/opt/ros/humble/share/rmw_implementation_cmake/cmake)
-- Found rmw_fastrtps_cpp: 6.2.8 (/opt/ros/humble/share/rmw_fastrtps_cpp/cmake)
-- Found OpenSSL: /usr/lib/x86_64-linux-gnu/libcrypto.so (found version "3.0.2")  
-- Found FastRTPS: /opt/ros/humble/include  
-- Using RMW implementation 'rmw_fastrtps_cpp' as default
-- Looking for pthread.h
-- Looking for pthread.h - found
-- Performing Test CMAKE_HAVE_LIBC_PTHREAD
-- Performing Test CMAKE_HAVE_LIBC_PTHREAD - Success
-- Found Threads: TRUE  
-- Found sensor_msgs: 4.9.0 (/opt/ros/humble/share/sensor_msgs/cmake)
-- Found serial: 1.2.1 (/usr/local/share/serial/cmake)
-- Found ament_lint_auto: 0.12.14 (/opt/ros/humble/share/ament_lint_auto/cmake)
-- Added test 'cppcheck' to perform static code analysis on C / C++ code
-- Configured cppcheck include dirs: $<BUILD_INTERFACE:/home/zhangchenxu/Documents/00_Project/ClimblingRobot_v2.0/GroundTerminal/src/groundterminal/include>
-- Configured cppcheck exclude dirs and/or files: 
-- Added test 'flake8' to check Python code syntax and style conventions
-- Added test 'lint_cmake' to check CMake code style
-- Added test 'pep257' to check Python code against some of the docstring style conventions in PEP 257
-- Added test 'uncrustify' to check C / C++ code style
-- Configured uncrustify additional arguments: 
-- Added test 'xmllint' to check XML markup files
-- Configuring done
-- Generating done
-- Build files have been written to: /home/zhangchenxu/Documents/00_Project/ClimblingRobot_v2.0/GroundTerminal/build/groundterminal
[ 33%] [32mBuilding CXX object CMakeFiles/remote_control.dir/src/remote_control.cpp.o[0m
[ 33%] [32mBuilding CXX object CMakeFiles/mode_switching.dir/src/mode_switching.cpp.o[0m
[ 50%] [32mBuilding CXX object CMakeFiles/car_candriver.dir/src/car_candriver.cpp.o[0m
[ 66%] [32m[1mLinking CXX executable remote_control[0m
[ 66%] Built target remote_control
[ 83%] [32m[1mLinking CXX executable mode_switching[0m
[ 83%] Built target mode_switching
[100%] [32m[1mLinking CXX executable car_candriver[0m
[100%] Built target car_candriver
-- Install configuration: ""
-- Installing: /home/zhangchenxu/Documents/00_Project/ClimblingRobot_v2.0/GroundTerminal/install/groundterminal/lib/groundterminal/car_candriver
-- Set runtime path of "/home/zhangchenxu/Documents/00_Project/ClimblingRobot_v2.0/GroundTerminal/install/groundterminal/lib/groundterminal/car_candriver" to ""
-- Installing: /home/zhangchenxu/Documents/00_Project/ClimblingRobot_v2.0/GroundTerminal/install/groundterminal/lib/groundterminal/remote_control
-- Set runtime path of "/home/zhangchenxu/Documents/00_Project/ClimblingRobot_v2.0/GroundTerminal/install/groundterminal/lib/groundterminal/remote_control" to ""
-- Installing: /home/zhangchenxu/Documents/00_Project/ClimblingRobot_v2.0/GroundTerminal/install/groundterminal/lib/groundterminal/mode_switching
-- Set runtime path of "/home/zhangchenxu/Documents/00_Project/ClimblingRobot_v2.0/GroundTerminal/install/groundterminal/lib/groundterminal/mode_switching" to ""
-- Installing: /home/zhangchenxu/Documents/00_Project/ClimblingRobot_v2.0/GroundTerminal/install/groundterminal/share/groundterminal/launch
-- Installing: /home/zhangchenxu/Documents/00_Project/ClimblingRobot_v2.0/GroundTerminal/install/groundterminal/share/groundterminal/launch/start_launch.py
-- Installing: /home/zhangchenxu/Documents/00_Project/ClimblingRobot_v2.0/GroundTerminal/install/groundterminal/share/ament_index/resource_index/package_run_dependencies/groundterminal
-- Installing: /home/zhangchenxu/Documents/00_Project/ClimblingRobot_v2.0/GroundTerminal/install/groundterminal/share/ament_index/resource_index/parent_prefix_path/groundterminal
-- Installing: /home/zhangchenxu/Documents/00_Project/ClimblingRobot_v2.0/GroundTerminal/install/groundterminal/share/groundterminal/environment/ament_prefix_path.sh
-- Installing: /home/zhangchenxu/Documents/00_Project/ClimblingRobot_v2.0/GroundTerminal/install/groundterminal/share/groundterminal/environment/ament_prefix_path.dsv
-- Installing: /home/zhangchenxu/Documents/00_Project/ClimblingRobot_v2.0/GroundTerminal/install/groundterminal/share/groundterminal/environment/path.sh
-- Installing: /home/zhangchenxu/Documents/00_Project/ClimblingRobot_v2.0/GroundTerminal/install/groundterminal/share/groundterminal/environment/path.dsv
-- Installing: /home/zhangchenxu/Documents/00_Project/ClimblingRobot_v2.0/GroundTerminal/install/groundterminal/share/groundterminal/local_setup.bash
-- Installing: /home/zhangchenxu/Documents/00_Project/ClimblingRobot_v2.0/GroundTerminal/install/groundterminal/share/groundterminal/local_setup.sh
-- Installing: /home/zhangchenxu/Documents/00_Project/ClimblingRobot_v2.0/GroundTerminal/install/groundterminal/share/groundterminal/local_setup.zsh
-- Installing: /home/zhangchenxu/Documents/00_Project/ClimblingRobot_v2.0/GroundTerminal/install/groundterminal/share/groundterminal/local_setup.dsv
-- Installing: /home/zhangchenxu/Documents/00_Project/ClimblingRobot_v2.0/GroundTerminal/install/groundterminal/share/groundterminal/package.dsv
-- Installing: /home/zhangchenxu/Documents/00_Project/ClimblingRobot_v2.0/GroundTerminal/install/groundterminal/share/ament_index/resource_index/packages/groundterminal
-- Installing: /home/zhangchenxu/Documents/00_Project/ClimblingRobot_v2.0/GroundTerminal/install/groundterminal/share/groundterminal/cmake/groundterminalConfig.cmake
-- Installing: /home/zhangchenxu/Documents/00_Project/ClimblingRobot_v2.0/GroundTerminal/install/groundterminal/share/groundterminal/cmake/groundterminalConfig-version.cmake
-- Installing: /home/zhangchenxu/Documents/00_Project/ClimblingRobot_v2.0/GroundTerminal/install/groundterminal/share/groundterminal/package.xml
