[0.013s] Invoking command in '/home/zhangchenxu/Documents/00_Project/ClimblingRobot_v2.0/GroundTerminal/build/groundterminal': CMAKE_PREFIX_PATH=${CMAKE_PREFIX_PATH}:/home/zhangchenxu/MOVEIT/moveit2_ws/install/moveit_configs_utils:/home/zhangchenxu/MOVEIT/moveit2_ws/install/launch_param_builder:/opt/ros/humble /usr/bin/cmake --build /home/zhangchenxu/Documents/00_Project/ClimblingRobot_v2.0/GroundTerminal/build/groundterminal -- -j12 -l12
[0.064s] [35m[1mConsolidate compiler generated dependencies of target remote_control[0m
[0.082s] [ 50%] Built target car_candriver
[0.087s] [ 75%] [32mBuilding CXX object CMakeFiles/remote_control.dir/src/remote_control.cpp.o[0m
[1.615s] [01m[K/home/zhangchenxu/Documents/00_Project/ClimblingRobot_v2.0/GroundTerminal/src/groundterminal/src/remote_control.cpp:[m[K In member function ‘[01m[Kvoid Remote_Control::read_data()[m[K’:
[1.615s] [01m[K/home/zhangchenxu/Documents/00_Project/ClimblingRobot_v2.0/GroundTerminal/src/groundterminal/src/remote_control.cpp:228:13:[m[K [01;31m[Kerror: [m[K‘[01m[Kauxiliary_rod[m[K’ was not declared in this scope
[1.615s]   228 |             [01;31m[Kauxiliary_rod[m[K.data = dec_voltage_0 * 10.0;
[1.615s]       |             [01;31m[K^~~~~~~~~~~~~[m[K
[1.620s] [01m[K/home/zhangchenxu/Documents/00_Project/ClimblingRobot_v2.0/GroundTerminal/src/groundterminal/src/remote_control.cpp:234:13:[m[K [01;31m[Kerror: [m[K‘[01m[Kauxiliary_rod[m[K’ was not declared in this scope
[1.620s]   234 |             [01;31m[Kauxiliary_rod[m[K.data = dec_voltage_0 * 10.0 + 240.0;
[1.620s]       |             [01;31m[K^~~~~~~~~~~~~[m[K
[1.623s] [01m[K/home/zhangchenxu/Documents/00_Project/ClimblingRobot_v2.0/GroundTerminal/src/groundterminal/src/remote_control.cpp:246:13:[m[K [01;31m[Kerror: [m[K‘[01m[Kfront_rod[m[K’ was not declared in this scope
[1.623s]   246 |             [01;31m[Kfront_rod[m[K.data = dec_voltage_1 * 10.0;
[1.623s]       |             [01;31m[K^~~~~~~~~[m[K
[1.627s] [01m[K/home/zhangchenxu/Documents/00_Project/ClimblingRobot_v2.0/GroundTerminal/src/groundterminal/src/remote_control.cpp:252:13:[m[K [01;31m[Kerror: [m[K‘[01m[Kfront_rod[m[K’ was not declared in this scope
[1.627s]   252 |             [01;31m[Kfront_rod[m[K.data = dec_voltage_1 * 10.0 + 240.0; // 假设摆臂下降时电压为240V
[1.627s]       |             [01;31m[K^~~~~~~~~[m[K
[2.213s] gmake[2]: *** [CMakeFiles/remote_control.dir/build.make:76：CMakeFiles/remote_control.dir/src/remote_control.cpp.o] 错误 1
[2.213s] gmake[1]: *** [CMakeFiles/Makefile2:165：CMakeFiles/remote_control.dir/all] 错误 2
[2.213s] gmake: *** [Makefile:146：all] 错误 2
[2.215s] Invoked command in '/home/zhangchenxu/Documents/00_Project/ClimblingRobot_v2.0/GroundTerminal/build/groundterminal' returned '2': CMAKE_PREFIX_PATH=${CMAKE_PREFIX_PATH}:/home/zhangchenxu/MOVEIT/moveit2_ws/install/moveit_configs_utils:/home/zhangchenxu/MOVEIT/moveit2_ws/install/launch_param_builder:/opt/ros/humble /usr/bin/cmake --build /home/zhangchenxu/Documents/00_Project/ClimblingRobot_v2.0/GroundTerminal/build/groundterminal -- -j12 -l12
