[0.075s] DEBUG:colcon:Command line arguments: ['/usr/bin/colcon', 'build']
[0.075s] DEBUG:colcon:Parsed command line arguments: Namespace(log_base=None, log_level=None, verb_name='build', build_base='build', install_base='install', merge_install=False, symlink_install=False, test_result_base=None, continue_on_error=False, executor='parallel', parallel_workers=12, event_handlers=None, ignore_user_meta=False, metas=['./colcon.meta'], base_paths=['.'], packages_ignore=None, packages_ignore_regex=None, paths=None, packages_up_to=None, packages_up_to_regex=None, packages_above=None, packages_above_and_dependencies=None, packages_above_depth=None, packages_select_by_dep=None, packages_skip_by_dep=None, packages_skip_up_to=None, packages_select_build_failed=False, packages_skip_build_finished=False, packages_select_test_failures=False, packages_skip_test_passed=False, packages_select=None, packages_skip=None, packages_select_regex=None, packages_skip_regex=None, packages_start=None, packages_end=None, allow_overriding=[], cmake_args=None, cmake_target=None, cmake_target_skip_unavailable=False, cmake_clean_cache=False, cmake_clean_first=False, cmake_force_configure=False, ament_cmake_args=None, catkin_cmake_args=None, catkin_skip_building_tests=False, verb_parser=<colcon_defaults.argument_parser.defaults.DefaultArgumentsDecorator object at 0x712552aa8220>, verb_extension=<colcon_core.verb.build.BuildVerb object at 0x712552badcc0>, main=<bound method BuildVerb.main of <colcon_core.verb.build.BuildVerb object at 0x712552badcc0>>)
[0.214s] Level 1:colcon.colcon_core.package_discovery:discover_packages(colcon_meta) check parameters
[0.214s] Level 1:colcon.colcon_core.package_discovery:discover_packages(recursive) check parameters
[0.214s] Level 1:colcon.colcon_core.package_discovery:discover_packages(ignore) check parameters
[0.214s] Level 1:colcon.colcon_core.package_discovery:discover_packages(path) check parameters
[0.214s] Level 1:colcon.colcon_core.package_discovery:discover_packages(colcon_meta) discover
[0.214s] Level 1:colcon.colcon_core.package_discovery:discover_packages(recursive) discover
[0.214s] INFO:colcon.colcon_core.package_discovery:Crawling recursively for packages in '/home/zhangchenxu/Documents/00_Project/ClimblingRobot_v2.0/USE_DOUBLE_IMU/src/yesense_ros2_imu'
[0.214s] Level 1:colcon.colcon_core.package_identification:_identify(.) by extensions ['ignore', 'ignore_ament_install']
[0.214s] Level 1:colcon.colcon_core.package_identification:_identify(.) by extension 'ignore'
[0.214s] Level 1:colcon.colcon_core.package_identification:_identify(.) by extension 'ignore_ament_install'
[0.214s] Level 1:colcon.colcon_core.package_identification:_identify(.) by extensions ['colcon_pkg']
[0.214s] Level 1:colcon.colcon_core.package_identification:_identify(.) by extension 'colcon_pkg'
[0.214s] Level 1:colcon.colcon_core.package_identification:_identify(.) by extensions ['colcon_meta']
[0.214s] Level 1:colcon.colcon_core.package_identification:_identify(.) by extension 'colcon_meta'
[0.214s] Level 1:colcon.colcon_core.package_identification:_identify(.) by extensions ['ros']
[0.214s] Level 1:colcon.colcon_core.package_identification:_identify(.) by extension 'ros'
[0.226s] Level 1:colcon.colcon_core.package_identification:_identify(.) by extensions ['cmake', 'python']
[0.226s] Level 1:colcon.colcon_core.package_identification:_identify(.) by extension 'cmake'
[0.226s] Level 1:colcon.colcon_core.package_identification:_identify(.) by extension 'python'
[0.226s] Level 1:colcon.colcon_core.package_identification:_identify(.) by extensions ['python_setup_py']
[0.226s] Level 1:colcon.colcon_core.package_identification:_identify(.) by extension 'python_setup_py'
[0.226s] Level 1:colcon.colcon_core.package_identification:_identify(build) by extensions ['ignore', 'ignore_ament_install']
[0.226s] Level 1:colcon.colcon_core.package_identification:_identify(build) by extension 'ignore'
[0.226s] Level 1:colcon.colcon_core.package_identification:_identify(build) ignored
[0.226s] Level 1:colcon.colcon_core.package_identification:_identify(install) by extensions ['ignore', 'ignore_ament_install']
[0.226s] Level 1:colcon.colcon_core.package_identification:_identify(install) by extension 'ignore'
[0.226s] Level 1:colcon.colcon_core.package_identification:_identify(install) ignored
[0.227s] Level 1:colcon.colcon_core.package_identification:_identify(log) by extensions ['ignore', 'ignore_ament_install']
[0.227s] Level 1:colcon.colcon_core.package_identification:_identify(log) by extension 'ignore'
[0.227s] Level 1:colcon.colcon_core.package_identification:_identify(log) ignored
[0.227s] Level 1:colcon.colcon_core.package_identification:_identify(to_euler_point) by extensions ['ignore', 'ignore_ament_install']
[0.227s] Level 1:colcon.colcon_core.package_identification:_identify(to_euler_point) by extension 'ignore'
[0.227s] Level 1:colcon.colcon_core.package_identification:_identify(to_euler_point) by extension 'ignore_ament_install'
[0.227s] Level 1:colcon.colcon_core.package_identification:_identify(to_euler_point) by extensions ['colcon_pkg']
[0.227s] Level 1:colcon.colcon_core.package_identification:_identify(to_euler_point) by extension 'colcon_pkg'
[0.227s] Level 1:colcon.colcon_core.package_identification:_identify(to_euler_point) by extensions ['colcon_meta']
[0.227s] Level 1:colcon.colcon_core.package_identification:_identify(to_euler_point) by extension 'colcon_meta'
[0.227s] Level 1:colcon.colcon_core.package_identification:_identify(to_euler_point) by extensions ['ros']
[0.227s] Level 1:colcon.colcon_core.package_identification:_identify(to_euler_point) by extension 'ros'
[0.227s] Level 1:colcon.colcon_core.package_identification:_identify(to_euler_point) by extensions ['cmake', 'python']
[0.227s] Level 1:colcon.colcon_core.package_identification:_identify(to_euler_point) by extension 'cmake'
[0.227s] Level 1:colcon.colcon_core.package_identification:_identify(to_euler_point) by extension 'python'
[0.227s] Level 1:colcon.colcon_core.package_identification:_identify(to_euler_point) by extensions ['python_setup_py']
[0.227s] Level 1:colcon.colcon_core.package_identification:_identify(to_euler_point) by extension 'python_setup_py'
[0.227s] Level 1:colcon.colcon_core.package_identification:_identify(to_euler_point/to_euler) by extensions ['ignore', 'ignore_ament_install']
[0.227s] Level 1:colcon.colcon_core.package_identification:_identify(to_euler_point/to_euler) by extension 'ignore'
[0.227s] Level 1:colcon.colcon_core.package_identification:_identify(to_euler_point/to_euler) by extension 'ignore_ament_install'
[0.227s] Level 1:colcon.colcon_core.package_identification:_identify(to_euler_point/to_euler) by extensions ['colcon_pkg']
[0.227s] Level 1:colcon.colcon_core.package_identification:_identify(to_euler_point/to_euler) by extension 'colcon_pkg'
[0.227s] Level 1:colcon.colcon_core.package_identification:_identify(to_euler_point/to_euler) by extensions ['colcon_meta']
[0.227s] Level 1:colcon.colcon_core.package_identification:_identify(to_euler_point/to_euler) by extension 'colcon_meta'
[0.227s] Level 1:colcon.colcon_core.package_identification:_identify(to_euler_point/to_euler) by extensions ['ros']
[0.227s] Level 1:colcon.colcon_core.package_identification:_identify(to_euler_point/to_euler) by extension 'ros'
[0.229s] DEBUG:colcon.colcon_core.package_identification:Package 'to_euler_point/to_euler' with type 'ros.ament_cmake' and name 'to_euler'
[0.229s] Level 1:colcon.colcon_core.package_identification:_identify(yesense_interface) by extensions ['ignore', 'ignore_ament_install']
[0.229s] Level 1:colcon.colcon_core.package_identification:_identify(yesense_interface) by extension 'ignore'
[0.229s] Level 1:colcon.colcon_core.package_identification:_identify(yesense_interface) by extension 'ignore_ament_install'
[0.229s] Level 1:colcon.colcon_core.package_identification:_identify(yesense_interface) by extensions ['colcon_pkg']
[0.229s] Level 1:colcon.colcon_core.package_identification:_identify(yesense_interface) by extension 'colcon_pkg'
[0.229s] Level 1:colcon.colcon_core.package_identification:_identify(yesense_interface) by extensions ['colcon_meta']
[0.229s] Level 1:colcon.colcon_core.package_identification:_identify(yesense_interface) by extension 'colcon_meta'
[0.229s] Level 1:colcon.colcon_core.package_identification:_identify(yesense_interface) by extensions ['ros']
[0.229s] Level 1:colcon.colcon_core.package_identification:_identify(yesense_interface) by extension 'ros'
[0.230s] DEBUG:colcon.colcon_core.package_identification:Package 'yesense_interface' with type 'ros.ament_cmake' and name 'yesense_interface'
[0.230s] Level 1:colcon.colcon_core.package_identification:_identify(yesense_std_ros2) by extensions ['ignore', 'ignore_ament_install']
[0.230s] Level 1:colcon.colcon_core.package_identification:_identify(yesense_std_ros2) by extension 'ignore'
[0.230s] Level 1:colcon.colcon_core.package_identification:_identify(yesense_std_ros2) by extension 'ignore_ament_install'
[0.230s] Level 1:colcon.colcon_core.package_identification:_identify(yesense_std_ros2) by extensions ['colcon_pkg']
[0.230s] Level 1:colcon.colcon_core.package_identification:_identify(yesense_std_ros2) by extension 'colcon_pkg'
[0.230s] Level 1:colcon.colcon_core.package_identification:_identify(yesense_std_ros2) by extensions ['colcon_meta']
[0.230s] Level 1:colcon.colcon_core.package_identification:_identify(yesense_std_ros2) by extension 'colcon_meta'
[0.230s] Level 1:colcon.colcon_core.package_identification:_identify(yesense_std_ros2) by extensions ['ros']
[0.230s] Level 1:colcon.colcon_core.package_identification:_identify(yesense_std_ros2) by extension 'ros'
[0.231s] DEBUG:colcon.colcon_core.package_identification:Package 'yesense_std_ros2' with type 'ros.ament_cmake' and name 'double_imu'
[0.231s] Level 1:colcon.colcon_core.package_discovery:discover_packages(recursive) using defaults
[0.231s] Level 1:colcon.colcon_core.package_discovery:discover_packages(ignore) discover
[0.231s] Level 1:colcon.colcon_core.package_discovery:discover_packages(ignore) using defaults
[0.231s] Level 1:colcon.colcon_core.package_discovery:discover_packages(path) discover
[0.231s] Level 1:colcon.colcon_core.package_discovery:discover_packages(path) using defaults
[0.244s] Level 1:colcon.colcon_core.package_discovery:discover_packages(prefix_path) check parameters
[0.244s] Level 1:colcon.colcon_core.package_discovery:discover_packages(prefix_path) discover
[0.247s] DEBUG:colcon.colcon_installed_package_information.package_discovery:Found 55 installed packages in /home/zhangchenxu/MOVEIT/moveit2_ws/install
[0.249s] DEBUG:colcon.colcon_installed_package_information.package_discovery:Found 429 installed packages in /opt/ros/humble
[0.250s] Level 1:colcon.colcon_core.package_discovery:discover_packages(prefix_path) using defaults
[0.288s] Level 5:colcon.colcon_core.verb:set package 'to_euler' build argument 'cmake_args' from command line to 'None'
[0.288s] Level 5:colcon.colcon_core.verb:set package 'to_euler' build argument 'cmake_target' from command line to 'None'
[0.288s] Level 5:colcon.colcon_core.verb:set package 'to_euler' build argument 'cmake_target_skip_unavailable' from command line to 'False'
[0.288s] Level 5:colcon.colcon_core.verb:set package 'to_euler' build argument 'cmake_clean_cache' from command line to 'False'
[0.288s] Level 5:colcon.colcon_core.verb:set package 'to_euler' build argument 'cmake_clean_first' from command line to 'False'
[0.288s] Level 5:colcon.colcon_core.verb:set package 'to_euler' build argument 'cmake_force_configure' from command line to 'False'
[0.288s] Level 5:colcon.colcon_core.verb:set package 'to_euler' build argument 'ament_cmake_args' from command line to 'None'
[0.288s] Level 5:colcon.colcon_core.verb:set package 'to_euler' build argument 'catkin_cmake_args' from command line to 'None'
[0.288s] Level 5:colcon.colcon_core.verb:set package 'to_euler' build argument 'catkin_skip_building_tests' from command line to 'False'
[0.288s] DEBUG:colcon.colcon_core.verb:Building package 'to_euler' with the following arguments: {'ament_cmake_args': None, 'build_base': '/home/zhangchenxu/Documents/00_Project/ClimblingRobot_v2.0/USE_DOUBLE_IMU/src/yesense_ros2_imu/build/to_euler', 'catkin_cmake_args': None, 'catkin_skip_building_tests': False, 'cmake_args': None, 'cmake_clean_cache': False, 'cmake_clean_first': False, 'cmake_force_configure': False, 'cmake_target': None, 'cmake_target_skip_unavailable': False, 'install_base': '/home/zhangchenxu/Documents/00_Project/ClimblingRobot_v2.0/USE_DOUBLE_IMU/src/yesense_ros2_imu/install/to_euler', 'merge_install': False, 'path': '/home/zhangchenxu/Documents/00_Project/ClimblingRobot_v2.0/USE_DOUBLE_IMU/src/yesense_ros2_imu/to_euler_point/to_euler', 'symlink_install': False, 'test_result_base': None}
[0.288s] Level 5:colcon.colcon_core.verb:set package 'yesense_interface' build argument 'cmake_args' from command line to 'None'
[0.289s] Level 5:colcon.colcon_core.verb:set package 'yesense_interface' build argument 'cmake_target' from command line to 'None'
[0.289s] Level 5:colcon.colcon_core.verb:set package 'yesense_interface' build argument 'cmake_target_skip_unavailable' from command line to 'False'
[0.289s] Level 5:colcon.colcon_core.verb:set package 'yesense_interface' build argument 'cmake_clean_cache' from command line to 'False'
[0.289s] Level 5:colcon.colcon_core.verb:set package 'yesense_interface' build argument 'cmake_clean_first' from command line to 'False'
[0.289s] Level 5:colcon.colcon_core.verb:set package 'yesense_interface' build argument 'cmake_force_configure' from command line to 'False'
[0.289s] Level 5:colcon.colcon_core.verb:set package 'yesense_interface' build argument 'ament_cmake_args' from command line to 'None'
[0.289s] Level 5:colcon.colcon_core.verb:set package 'yesense_interface' build argument 'catkin_cmake_args' from command line to 'None'
[0.289s] Level 5:colcon.colcon_core.verb:set package 'yesense_interface' build argument 'catkin_skip_building_tests' from command line to 'False'
[0.289s] DEBUG:colcon.colcon_core.verb:Building package 'yesense_interface' with the following arguments: {'ament_cmake_args': None, 'build_base': '/home/zhangchenxu/Documents/00_Project/ClimblingRobot_v2.0/USE_DOUBLE_IMU/src/yesense_ros2_imu/build/yesense_interface', 'catkin_cmake_args': None, 'catkin_skip_building_tests': False, 'cmake_args': None, 'cmake_clean_cache': False, 'cmake_clean_first': False, 'cmake_force_configure': False, 'cmake_target': None, 'cmake_target_skip_unavailable': False, 'install_base': '/home/zhangchenxu/Documents/00_Project/ClimblingRobot_v2.0/USE_DOUBLE_IMU/src/yesense_ros2_imu/install/yesense_interface', 'merge_install': False, 'path': '/home/zhangchenxu/Documents/00_Project/ClimblingRobot_v2.0/USE_DOUBLE_IMU/src/yesense_ros2_imu/yesense_interface', 'symlink_install': False, 'test_result_base': None}
[0.289s] Level 5:colcon.colcon_core.verb:set package 'double_imu' build argument 'cmake_args' from command line to 'None'
[0.289s] Level 5:colcon.colcon_core.verb:set package 'double_imu' build argument 'cmake_target' from command line to 'None'
[0.289s] Level 5:colcon.colcon_core.verb:set package 'double_imu' build argument 'cmake_target_skip_unavailable' from command line to 'False'
[0.289s] Level 5:colcon.colcon_core.verb:set package 'double_imu' build argument 'cmake_clean_cache' from command line to 'False'
[0.289s] Level 5:colcon.colcon_core.verb:set package 'double_imu' build argument 'cmake_clean_first' from command line to 'False'
[0.289s] Level 5:colcon.colcon_core.verb:set package 'double_imu' build argument 'cmake_force_configure' from command line to 'False'
[0.289s] Level 5:colcon.colcon_core.verb:set package 'double_imu' build argument 'ament_cmake_args' from command line to 'None'
[0.289s] Level 5:colcon.colcon_core.verb:set package 'double_imu' build argument 'catkin_cmake_args' from command line to 'None'
[0.289s] Level 5:colcon.colcon_core.verb:set package 'double_imu' build argument 'catkin_skip_building_tests' from command line to 'False'
[0.289s] DEBUG:colcon.colcon_core.verb:Building package 'double_imu' with the following arguments: {'ament_cmake_args': None, 'build_base': '/home/zhangchenxu/Documents/00_Project/ClimblingRobot_v2.0/USE_DOUBLE_IMU/src/yesense_ros2_imu/build/double_imu', 'catkin_cmake_args': None, 'catkin_skip_building_tests': False, 'cmake_args': None, 'cmake_clean_cache': False, 'cmake_clean_first': False, 'cmake_force_configure': False, 'cmake_target': None, 'cmake_target_skip_unavailable': False, 'install_base': '/home/zhangchenxu/Documents/00_Project/ClimblingRobot_v2.0/USE_DOUBLE_IMU/src/yesense_ros2_imu/install/double_imu', 'merge_install': False, 'path': '/home/zhangchenxu/Documents/00_Project/ClimblingRobot_v2.0/USE_DOUBLE_IMU/src/yesense_ros2_imu/yesense_std_ros2', 'symlink_install': False, 'test_result_base': None}
[0.289s] INFO:colcon.colcon_core.executor:Executing jobs using 'parallel' executor
[0.290s] DEBUG:colcon.colcon_parallel_executor.executor.parallel:run_until_complete
[0.290s] INFO:colcon.colcon_ros.task.ament_cmake.build:Building ROS package in '/home/zhangchenxu/Documents/00_Project/ClimblingRobot_v2.0/USE_DOUBLE_IMU/src/yesense_ros2_imu/yesense_interface' with build type 'ament_cmake'
[0.290s] INFO:colcon.colcon_cmake.task.cmake.build:Building CMake package in '/home/zhangchenxu/Documents/00_Project/ClimblingRobot_v2.0/USE_DOUBLE_IMU/src/yesense_ros2_imu/yesense_interface'
[0.291s] INFO:colcon.colcon_core.plugin_system:Skipping extension 'colcon_core.shell.bat': Not used on non-Windows systems
[0.291s] INFO:colcon.colcon_core.shell:Skip shell extension 'powershell' for command environment: Not usable outside of PowerShell
[0.291s] DEBUG:colcon.colcon_core.shell:Skip shell extension 'dsv' for command environment
[0.296s] INFO:colcon.colcon_ros.task.ament_cmake.build:Building ROS package in '/home/zhangchenxu/Documents/00_Project/ClimblingRobot_v2.0/USE_DOUBLE_IMU/src/yesense_ros2_imu/to_euler_point/to_euler' with build type 'ament_cmake'
[0.296s] INFO:colcon.colcon_cmake.task.cmake.build:Building CMake package in '/home/zhangchenxu/Documents/00_Project/ClimblingRobot_v2.0/USE_DOUBLE_IMU/src/yesense_ros2_imu/to_euler_point/to_euler'
[0.297s] INFO:colcon.colcon_core.shell:Skip shell extension 'powershell' for command environment: Not usable outside of PowerShell
[0.297s] DEBUG:colcon.colcon_core.shell:Skip shell extension 'dsv' for command environment
[0.305s] DEBUG:colcon.colcon_core.event_handler.log_command:Invoking command in '/home/zhangchenxu/Documents/00_Project/ClimblingRobot_v2.0/USE_DOUBLE_IMU/src/yesense_ros2_imu/build/yesense_interface': CMAKE_PREFIX_PATH=${CMAKE_PREFIX_PATH}:/home/zhangchenxu/MOVEIT/moveit2_ws/install/moveit_configs_utils:/home/zhangchenxu/MOVEIT/moveit2_ws/install/launch_param_builder:/opt/ros/humble /usr/bin/cmake --build /home/zhangchenxu/Documents/00_Project/ClimblingRobot_v2.0/USE_DOUBLE_IMU/src/yesense_ros2_imu/build/yesense_interface -- -j12 -l12
[0.307s] DEBUG:colcon.colcon_core.event_handler.log_command:Invoking command in '/home/zhangchenxu/Documents/00_Project/ClimblingRobot_v2.0/USE_DOUBLE_IMU/src/yesense_ros2_imu/build/to_euler': CMAKE_PREFIX_PATH=${CMAKE_PREFIX_PATH}:/home/zhangchenxu/MOVEIT/moveit2_ws/install/moveit_configs_utils:/home/zhangchenxu/MOVEIT/moveit2_ws/install/launch_param_builder:/opt/ros/humble /usr/bin/cmake /home/zhangchenxu/Documents/00_Project/ClimblingRobot_v2.0/USE_DOUBLE_IMU/src/yesense_ros2_imu/to_euler_point/to_euler -DCMAKE_INSTALL_PREFIX=/home/zhangchenxu/Documents/00_Project/ClimblingRobot_v2.0/USE_DOUBLE_IMU/src/yesense_ros2_imu/install/to_euler
[0.657s] DEBUG:colcon.colcon_core.event_handler.log_command:Invoked command in '/home/zhangchenxu/Documents/00_Project/ClimblingRobot_v2.0/USE_DOUBLE_IMU/src/yesense_ros2_imu/build/yesense_interface' returned '0': CMAKE_PREFIX_PATH=${CMAKE_PREFIX_PATH}:/home/zhangchenxu/MOVEIT/moveit2_ws/install/moveit_configs_utils:/home/zhangchenxu/MOVEIT/moveit2_ws/install/launch_param_builder:/opt/ros/humble /usr/bin/cmake --build /home/zhangchenxu/Documents/00_Project/ClimblingRobot_v2.0/USE_DOUBLE_IMU/src/yesense_ros2_imu/build/yesense_interface -- -j12 -l12
[0.670s] DEBUG:colcon.colcon_core.event_handler.log_command:Invoking command in '/home/zhangchenxu/Documents/00_Project/ClimblingRobot_v2.0/USE_DOUBLE_IMU/src/yesense_ros2_imu/build/yesense_interface': CMAKE_PREFIX_PATH=${CMAKE_PREFIX_PATH}:/home/zhangchenxu/MOVEIT/moveit2_ws/install/moveit_configs_utils:/home/zhangchenxu/MOVEIT/moveit2_ws/install/launch_param_builder:/opt/ros/humble /usr/bin/cmake --install /home/zhangchenxu/Documents/00_Project/ClimblingRobot_v2.0/USE_DOUBLE_IMU/src/yesense_ros2_imu/build/yesense_interface
[0.801s] Level 1:colcon.colcon_core.environment:create_environment_scripts_only(yesense_interface)
[0.802s] DEBUG:colcon.colcon_core.event_handler.log_command:Invoked command in '/home/zhangchenxu/Documents/00_Project/ClimblingRobot_v2.0/USE_DOUBLE_IMU/src/yesense_ros2_imu/build/yesense_interface' returned '0': CMAKE_PREFIX_PATH=${CMAKE_PREFIX_PATH}:/home/zhangchenxu/MOVEIT/moveit2_ws/install/moveit_configs_utils:/home/zhangchenxu/MOVEIT/moveit2_ws/install/launch_param_builder:/opt/ros/humble /usr/bin/cmake --install /home/zhangchenxu/Documents/00_Project/ClimblingRobot_v2.0/USE_DOUBLE_IMU/src/yesense_ros2_imu/build/yesense_interface
[0.803s] Level 1:colcon.colcon_core.environment:checking '/home/zhangchenxu/Documents/00_Project/ClimblingRobot_v2.0/USE_DOUBLE_IMU/src/yesense_ros2_imu/install/yesense_interface' for CMake module files
[0.804s] Level 1:colcon.colcon_core.environment:checking '/home/zhangchenxu/Documents/00_Project/ClimblingRobot_v2.0/USE_DOUBLE_IMU/src/yesense_ros2_imu/install/yesense_interface' for CMake config files
[0.804s] Level 1:colcon.colcon_core.shell:create_environment_hook('yesense_interface', 'cmake_prefix_path')
[0.804s] INFO:colcon.colcon_core.shell:Creating environment hook '/home/zhangchenxu/Documents/00_Project/ClimblingRobot_v2.0/USE_DOUBLE_IMU/src/yesense_ros2_imu/install/yesense_interface/share/yesense_interface/hook/cmake_prefix_path.ps1'
[0.805s] INFO:colcon.colcon_core.shell:Creating environment descriptor '/home/zhangchenxu/Documents/00_Project/ClimblingRobot_v2.0/USE_DOUBLE_IMU/src/yesense_ros2_imu/install/yesense_interface/share/yesense_interface/hook/cmake_prefix_path.dsv'
[0.805s] INFO:colcon.colcon_core.shell:Creating environment hook '/home/zhangchenxu/Documents/00_Project/ClimblingRobot_v2.0/USE_DOUBLE_IMU/src/yesense_ros2_imu/install/yesense_interface/share/yesense_interface/hook/cmake_prefix_path.sh'
[0.806s] Level 1:colcon.colcon_core.environment:checking '/home/zhangchenxu/Documents/00_Project/ClimblingRobot_v2.0/USE_DOUBLE_IMU/src/yesense_ros2_imu/install/yesense_interface/lib'
[0.806s] Level 1:colcon.colcon_core.shell:create_environment_hook('yesense_interface', 'ld_library_path_lib')
[0.806s] INFO:colcon.colcon_core.shell:Creating environment hook '/home/zhangchenxu/Documents/00_Project/ClimblingRobot_v2.0/USE_DOUBLE_IMU/src/yesense_ros2_imu/install/yesense_interface/share/yesense_interface/hook/ld_library_path_lib.ps1'
[0.806s] INFO:colcon.colcon_core.shell:Creating environment descriptor '/home/zhangchenxu/Documents/00_Project/ClimblingRobot_v2.0/USE_DOUBLE_IMU/src/yesense_ros2_imu/install/yesense_interface/share/yesense_interface/hook/ld_library_path_lib.dsv'
[0.806s] INFO:colcon.colcon_core.shell:Creating environment hook '/home/zhangchenxu/Documents/00_Project/ClimblingRobot_v2.0/USE_DOUBLE_IMU/src/yesense_ros2_imu/install/yesense_interface/share/yesense_interface/hook/ld_library_path_lib.sh'
[0.806s] Level 1:colcon.colcon_core.environment:checking '/home/zhangchenxu/Documents/00_Project/ClimblingRobot_v2.0/USE_DOUBLE_IMU/src/yesense_ros2_imu/install/yesense_interface/bin'
[0.806s] Level 1:colcon.colcon_core.environment:checking '/home/zhangchenxu/Documents/00_Project/ClimblingRobot_v2.0/USE_DOUBLE_IMU/src/yesense_ros2_imu/install/yesense_interface/lib/pkgconfig/yesense_interface.pc'
[0.807s] Level 1:colcon.colcon_core.environment:checking '/home/zhangchenxu/Documents/00_Project/ClimblingRobot_v2.0/USE_DOUBLE_IMU/src/yesense_ros2_imu/install/yesense_interface/lib/python3.10/site-packages'
[0.807s] Level 1:colcon.colcon_core.environment:checking '/home/zhangchenxu/Documents/00_Project/ClimblingRobot_v2.0/USE_DOUBLE_IMU/src/yesense_ros2_imu/install/yesense_interface/bin'
[0.807s] INFO:colcon.colcon_core.shell:Creating package script '/home/zhangchenxu/Documents/00_Project/ClimblingRobot_v2.0/USE_DOUBLE_IMU/src/yesense_ros2_imu/install/yesense_interface/share/yesense_interface/package.ps1'
[0.808s] INFO:colcon.colcon_core.shell:Creating package descriptor '/home/zhangchenxu/Documents/00_Project/ClimblingRobot_v2.0/USE_DOUBLE_IMU/src/yesense_ros2_imu/install/yesense_interface/share/yesense_interface/package.dsv'
[0.808s] INFO:colcon.colcon_core.shell:Creating package script '/home/zhangchenxu/Documents/00_Project/ClimblingRobot_v2.0/USE_DOUBLE_IMU/src/yesense_ros2_imu/install/yesense_interface/share/yesense_interface/package.sh'
[0.808s] INFO:colcon.colcon_core.shell:Creating package script '/home/zhangchenxu/Documents/00_Project/ClimblingRobot_v2.0/USE_DOUBLE_IMU/src/yesense_ros2_imu/install/yesense_interface/share/yesense_interface/package.bash'
[0.809s] INFO:colcon.colcon_core.shell:Creating package script '/home/zhangchenxu/Documents/00_Project/ClimblingRobot_v2.0/USE_DOUBLE_IMU/src/yesense_ros2_imu/install/yesense_interface/share/yesense_interface/package.zsh'
[0.809s] Level 1:colcon.colcon_core.environment:create_file_with_runtime_dependencies(/home/zhangchenxu/Documents/00_Project/ClimblingRobot_v2.0/USE_DOUBLE_IMU/src/yesense_ros2_imu/install/yesense_interface/share/colcon-core/packages/yesense_interface)
[0.810s] Level 1:colcon.colcon_core.environment:create_environment_scripts_only(yesense_interface)
[0.810s] Level 1:colcon.colcon_core.environment:checking '/home/zhangchenxu/Documents/00_Project/ClimblingRobot_v2.0/USE_DOUBLE_IMU/src/yesense_ros2_imu/install/yesense_interface' for CMake module files
[0.810s] Level 1:colcon.colcon_core.environment:checking '/home/zhangchenxu/Documents/00_Project/ClimblingRobot_v2.0/USE_DOUBLE_IMU/src/yesense_ros2_imu/install/yesense_interface' for CMake config files
[0.811s] Level 1:colcon.colcon_core.shell:create_environment_hook('yesense_interface', 'cmake_prefix_path')
[0.811s] INFO:colcon.colcon_core.shell:Creating environment hook '/home/zhangchenxu/Documents/00_Project/ClimblingRobot_v2.0/USE_DOUBLE_IMU/src/yesense_ros2_imu/install/yesense_interface/share/yesense_interface/hook/cmake_prefix_path.ps1'
[0.811s] INFO:colcon.colcon_core.shell:Creating environment descriptor '/home/zhangchenxu/Documents/00_Project/ClimblingRobot_v2.0/USE_DOUBLE_IMU/src/yesense_ros2_imu/install/yesense_interface/share/yesense_interface/hook/cmake_prefix_path.dsv'
[0.811s] INFO:colcon.colcon_core.shell:Creating environment hook '/home/zhangchenxu/Documents/00_Project/ClimblingRobot_v2.0/USE_DOUBLE_IMU/src/yesense_ros2_imu/install/yesense_interface/share/yesense_interface/hook/cmake_prefix_path.sh'
[0.812s] Level 1:colcon.colcon_core.environment:checking '/home/zhangchenxu/Documents/00_Project/ClimblingRobot_v2.0/USE_DOUBLE_IMU/src/yesense_ros2_imu/install/yesense_interface/lib'
[0.812s] Level 1:colcon.colcon_core.shell:create_environment_hook('yesense_interface', 'ld_library_path_lib')
[0.812s] INFO:colcon.colcon_core.shell:Creating environment hook '/home/zhangchenxu/Documents/00_Project/ClimblingRobot_v2.0/USE_DOUBLE_IMU/src/yesense_ros2_imu/install/yesense_interface/share/yesense_interface/hook/ld_library_path_lib.ps1'
[0.812s] INFO:colcon.colcon_core.shell:Creating environment descriptor '/home/zhangchenxu/Documents/00_Project/ClimblingRobot_v2.0/USE_DOUBLE_IMU/src/yesense_ros2_imu/install/yesense_interface/share/yesense_interface/hook/ld_library_path_lib.dsv'
[0.812s] INFO:colcon.colcon_core.shell:Creating environment hook '/home/zhangchenxu/Documents/00_Project/ClimblingRobot_v2.0/USE_DOUBLE_IMU/src/yesense_ros2_imu/install/yesense_interface/share/yesense_interface/hook/ld_library_path_lib.sh'
[0.813s] Level 1:colcon.colcon_core.environment:checking '/home/zhangchenxu/Documents/00_Project/ClimblingRobot_v2.0/USE_DOUBLE_IMU/src/yesense_ros2_imu/install/yesense_interface/bin'
[0.813s] Level 1:colcon.colcon_core.environment:checking '/home/zhangchenxu/Documents/00_Project/ClimblingRobot_v2.0/USE_DOUBLE_IMU/src/yesense_ros2_imu/install/yesense_interface/lib/pkgconfig/yesense_interface.pc'
[0.813s] Level 1:colcon.colcon_core.environment:checking '/home/zhangchenxu/Documents/00_Project/ClimblingRobot_v2.0/USE_DOUBLE_IMU/src/yesense_ros2_imu/install/yesense_interface/lib/python3.10/site-packages'
[0.813s] Level 1:colcon.colcon_core.environment:checking '/home/zhangchenxu/Documents/00_Project/ClimblingRobot_v2.0/USE_DOUBLE_IMU/src/yesense_ros2_imu/install/yesense_interface/bin'
[0.813s] INFO:colcon.colcon_core.shell:Creating package script '/home/zhangchenxu/Documents/00_Project/ClimblingRobot_v2.0/USE_DOUBLE_IMU/src/yesense_ros2_imu/install/yesense_interface/share/yesense_interface/package.ps1'
[0.813s] INFO:colcon.colcon_core.shell:Creating package descriptor '/home/zhangchenxu/Documents/00_Project/ClimblingRobot_v2.0/USE_DOUBLE_IMU/src/yesense_ros2_imu/install/yesense_interface/share/yesense_interface/package.dsv'
[0.814s] INFO:colcon.colcon_core.shell:Creating package script '/home/zhangchenxu/Documents/00_Project/ClimblingRobot_v2.0/USE_DOUBLE_IMU/src/yesense_ros2_imu/install/yesense_interface/share/yesense_interface/package.sh'
[0.814s] INFO:colcon.colcon_core.shell:Creating package script '/home/zhangchenxu/Documents/00_Project/ClimblingRobot_v2.0/USE_DOUBLE_IMU/src/yesense_ros2_imu/install/yesense_interface/share/yesense_interface/package.bash'
[0.814s] INFO:colcon.colcon_core.shell:Creating package script '/home/zhangchenxu/Documents/00_Project/ClimblingRobot_v2.0/USE_DOUBLE_IMU/src/yesense_ros2_imu/install/yesense_interface/share/yesense_interface/package.zsh'
[0.814s] Level 1:colcon.colcon_core.environment:create_file_with_runtime_dependencies(/home/zhangchenxu/Documents/00_Project/ClimblingRobot_v2.0/USE_DOUBLE_IMU/src/yesense_ros2_imu/install/yesense_interface/share/colcon-core/packages/yesense_interface)
[0.815s] INFO:colcon.colcon_ros.task.ament_cmake.build:Building ROS package in '/home/zhangchenxu/Documents/00_Project/ClimblingRobot_v2.0/USE_DOUBLE_IMU/src/yesense_ros2_imu/yesense_std_ros2' with build type 'ament_cmake'
[0.815s] INFO:colcon.colcon_cmake.task.cmake.build:Building CMake package in '/home/zhangchenxu/Documents/00_Project/ClimblingRobot_v2.0/USE_DOUBLE_IMU/src/yesense_ros2_imu/yesense_std_ros2'
[0.815s] INFO:colcon.colcon_core.shell:Skip shell extension 'powershell' for command environment: Not usable outside of PowerShell
[0.815s] DEBUG:colcon.colcon_core.shell:Skip shell extension 'dsv' for command environment
[0.830s] DEBUG:colcon.colcon_core.event_handler.log_command:Invoking command in '/home/zhangchenxu/Documents/00_Project/ClimblingRobot_v2.0/USE_DOUBLE_IMU/src/yesense_ros2_imu/build/double_imu': AMENT_PREFIX_PATH=/home/zhangchenxu/Documents/00_Project/ClimblingRobot_v2.0/USE_DOUBLE_IMU/src/yesense_ros2_imu/install/yesense_interface:${AMENT_PREFIX_PATH} CMAKE_PREFIX_PATH=/home/zhangchenxu/Documents/00_Project/ClimblingRobot_v2.0/USE_DOUBLE_IMU/src/yesense_ros2_imu/install/yesense_interface:/home/zhangchenxu/MOVEIT/moveit2_ws/install/pilz_industrial_motion_planner_testutils:/home/zhangchenxu/MOVEIT/moveit2_ws/install/moveit_runtime:/home/zhangchenxu/MOVEIT/moveit2_ws/install/moveit2_tutorials:/home/zhangchenxu/MOVEIT/moveit2_ws/install/moveit:/home/zhangchenxu/MOVEIT/moveit2_ws/install/moveit_planners:/home/zhangchenxu/MOVEIT/moveit2_ws/install/pilz_industrial_motion_planner:/home/zhangchenxu/MOVEIT/moveit2_ws/install/moveit_visual_tools:/home/zhangchenxu/MOVEIT/moveit2_ws/install/moveit_task_constructor_visualization:/home/zhangchenxu/MOVEIT/moveit2_ws/install/moveit_task_constructor_demo:/home/zhangchenxu/MOVEIT/moveit2_ws/install/moveit_task_constructor_capabilities:/home/zhangchenxu/MOVEIT/moveit2_ws/install/moveit_task_constructor_core:/home/zhangchenxu/MOVEIT/moveit2_ws/install/moveit_ros_control_interface:/home/zhangchenxu/MOVEIT/moveit2_ws/install/moveit_plugins:/home/zhangchenxu/MOVEIT/moveit2_ws/install/moveit_simple_controller_manager:/home/zhangchenxu/MOVEIT/moveit2_ws/install/moveit_setup_assistant:/home/zhangchenxu/MOVEIT/moveit2_ws/install/moveit_setup_srdf_plugins:/home/zhangchenxu/MOVEIT/moveit2_ws/install/moveit_setup_core_plugins:/home/zhangchenxu/MOVEIT/moveit2_ws/install/moveit_setup_controllers:/home/zhangchenxu/MOVEIT/moveit2_ws/install/moveit_setup_app_plugins:/home/zhangchenxu/MOVEIT/moveit2_ws/install/moveit_setup_framework:/home/zhangchenxu/MOVEIT/moveit2_ws/install/moveit_servo:/home/zhangchenxu/MOVEIT/moveit2_ws/install/moveit_ros:/home/zhangchenxu/MOVEIT/moveit2_ws/install/moveit_ros_visualization:/home/zhangchenxu/MOVEIT/moveit2_ws/install/moveit_hybrid_planning:/home/zhangchenxu/MOVEIT/moveit2_ws/install/moveit_ros_planning_interface:/home/zhangchenxu/MOVEIT/moveit2_ws/install/moveit_ros_benchmarks:/home/zhangchenxu/MOVEIT/moveit2_ws/install/moveit_ros_warehouse:/home/zhangchenxu/MOVEIT/moveit2_ws/install/moveit_ros_robot_interaction:/home/zhangchenxu/MOVEIT/moveit2_ws/install/moveit_ros_perception:/home/zhangchenxu/MOVEIT/moveit2_ws/install/moveit_resources_prbt_pg70_support:/home/zhangchenxu/MOVEIT/moveit2_ws/install/moveit_resources_prbt_moveit_config:/home/zhangchenxu/MOVEIT/moveit2_ws/install/moveit_ros_move_group:/home/zhangchenxu/MOVEIT/moveit2_ws/install/moveit_planners_ompl:/home/zhangchenxu/MOVEIT/moveit2_ws/install/moveit_ros_planning:/home/zhangchenxu/MOVEIT/moveit2_ws/install/moveit_ros_occupancy_map_monitor:/home/zhangchenxu/MOVEIT/moveit2_ws/install/moveit_resources_prbt_ikfast_manipulator_plugin:/home/zhangchenxu/MOVEIT/moveit2_ws/install/moveit_planners_chomp:/home/zhangchenxu/MOVEIT/moveit2_ws/install/moveit_kinematics:/home/zhangchenxu/MOVEIT/moveit2_ws/install/moveit_chomp_optimizer_adapter:/home/zhangchenxu/MOVEIT/moveit2_ws/install/chomp_motion_planner:/home/zhangchenxu/MOVEIT/moveit2_ws/install/moveit_core:/home/zhangchenxu/MOVEIT/moveit2_ws/install/srdfdom:/home/zhangchenxu/MOVEIT/moveit2_ws/install/rviz_marker_tools:/home/zhangchenxu/MOVEIT/moveit2_ws/install/rosparam_shortcuts:/home/zhangchenxu/MOVEIT/moveit2_ws/install/moveit_task_constructor_msgs:/home/zhangchenxu/MOVEIT/moveit2_ws/install/moveit_resources_prbt_support:/home/zhangchenxu/MOVEIT/moveit2_ws/install/moveit_resources:/home/zhangchenxu/MOVEIT/moveit2_ws/install/moveit_resources_pr2_description:/home/zhangchenxu/MOVEIT/moveit2_ws/install/moveit_resources_panda_moveit_config:/home/zhangchenxu/MOVEIT/moveit2_ws/install/moveit_resources_panda_description:/home/zhangchenxu/MOVEIT/moveit2_ws/install/moveit_resources_fanuc_moveit_config:/home/zhangchenxu/MOVEIT/moveit2_ws/install/moveit_resources_fanuc_description:/home/zhangchenxu/MOVEIT/moveit2_ws/install/moveit_common:/home/zhangchenxu/MOVEIT/moveit2_ws/install/moveit_configs_utils:/home/zhangchenxu/MOVEIT/moveit2_ws/install/launch_param_builder:/opt/ros/humble LD_LIBRARY_PATH=/home/zhangchenxu/Documents/00_Project/ClimblingRobot_v2.0/USE_DOUBLE_IMU/src/yesense_ros2_imu/install/yesense_interface/lib:/usr/local/cuda-12.6/lib64:/home/zhangchenxu/MOVEIT/moveit2_ws/install/pilz_industrial_motion_planner_testutils/lib:/home/zhangchenxu/MOVEIT/moveit2_ws/install/pilz_industrial_motion_planner/lib:/home/zhangchenxu/MOVEIT/moveit2_ws/install/moveit_visual_tools/lib:/home/zhangchenxu/MOVEIT/moveit2_ws/install/moveit_task_constructor_visualization/lib:/home/zhangchenxu/MOVEIT/moveit2_ws/install/moveit_task_constructor_demo/lib:/home/zhangchenxu/MOVEIT/moveit2_ws/install/moveit_task_constructor_capabilities/lib:/home/zhangchenxu/MOVEIT/moveit2_ws/install/moveit_task_constructor_core/lib:/home/zhangchenxu/MOVEIT/moveit2_ws/install/moveit_ros_control_interface/lib:/home/zhangchenxu/MOVEIT/moveit2_ws/install/moveit_simple_controller_manager/lib:/home/zhangchenxu/MOVEIT/moveit2_ws/install/moveit_setup_assistant/lib:/home/zhangchenxu/MOVEIT/moveit2_ws/install/moveit_setup_srdf_plugins/lib:/home/zhangchenxu/MOVEIT/moveit2_ws/install/moveit_setup_core_plugins/lib:/home/zhangchenxu/MOVEIT/moveit2_ws/install/moveit_setup_controllers/lib:/home/zhangchenxu/MOVEIT/moveit2_ws/install/moveit_setup_app_plugins/lib:/home/zhangchenxu/MOVEIT/moveit2_ws/install/moveit_setup_framework/lib:/home/zhangchenxu/MOVEIT/moveit2_ws/install/moveit_servo/lib:/home/zhangchenxu/MOVEIT/moveit2_ws/install/moveit_ros_visualization/lib:/home/zhangchenxu/MOVEIT/moveit2_ws/install/moveit_hybrid_planning/lib:/home/zhangchenxu/MOVEIT/moveit2_ws/install/moveit_ros_planning_interface/lib:/home/zhangchenxu/MOVEIT/moveit2_ws/install/moveit_ros_benchmarks/lib:/home/zhangchenxu/MOVEIT/moveit2_ws/install/moveit_ros_warehouse/lib:/home/zhangchenxu/MOVEIT/moveit2_ws/install/moveit_ros_robot_interaction/lib:/home/zhangchenxu/MOVEIT/moveit2_ws/install/moveit_ros_perception/lib:/home/zhangchenxu/MOVEIT/moveit2_ws/install/moveit_ros_move_group/lib:/home/zhangchenxu/MOVEIT/moveit2_ws/install/moveit_planners_ompl/lib:/home/zhangchenxu/MOVEIT/moveit2_ws/install/moveit_ros_planning/lib:/home/zhangchenxu/MOVEIT/moveit2_ws/install/moveit_ros_occupancy_map_monitor/lib:/home/zhangchenxu/MOVEIT/moveit2_ws/install/moveit_resources_prbt_ikfast_manipulator_plugin/lib:/home/zhangchenxu/MOVEIT/moveit2_ws/install/moveit_planners_chomp/lib:/home/zhangchenxu/MOVEIT/moveit2_ws/install/moveit_kinematics/lib:/home/zhangchenxu/MOVEIT/moveit2_ws/install/moveit_chomp_optimizer_adapter/lib:/home/zhangchenxu/MOVEIT/moveit2_ws/install/chomp_motion_planner/lib:/home/zhangchenxu/MOVEIT/moveit2_ws/install/moveit_core/lib:/home/zhangchenxu/MOVEIT/moveit2_ws/install/srdfdom/lib:/home/zhangchenxu/MOVEIT/moveit2_ws/install/rviz_marker_tools/lib:/home/zhangchenxu/MOVEIT/moveit2_ws/install/rosparam_shortcuts/lib:/home/zhangchenxu/MOVEIT/moveit2_ws/install/moveit_task_constructor_msgs/lib:/usr/lib/x86_64-linux-gnu/gazebo-11/plugins:/opt/ros/humble/opt/rviz_ogre_vendor/lib:/opt/ros/humble/lib/x86_64-linux-gnu:/opt/ros/humble/lib:/usr/share/gazebo/../../lib/x86_64-linux-gnu/gazebo-11/plugins PYTHONPATH=/home/zhangchenxu/Documents/00_Project/ClimblingRobot_v2.0/USE_DOUBLE_IMU/src/yesense_ros2_imu/install/yesense_interface/local/lib/python3.10/dist-packages:${PYTHONPATH} /usr/bin/cmake /home/zhangchenxu/Documents/00_Project/ClimblingRobot_v2.0/USE_DOUBLE_IMU/src/yesense_ros2_imu/yesense_std_ros2 -DCMAKE_INSTALL_PREFIX=/home/zhangchenxu/Documents/00_Project/ClimblingRobot_v2.0/USE_DOUBLE_IMU/src/yesense_ros2_imu/install/double_imu
[0.893s] DEBUG:colcon.colcon_core.event_handler.log_command:Invoked command in '/home/zhangchenxu/Documents/00_Project/ClimblingRobot_v2.0/USE_DOUBLE_IMU/src/yesense_ros2_imu/build/to_euler' returned '0': CMAKE_PREFIX_PATH=${CMAKE_PREFIX_PATH}:/home/zhangchenxu/MOVEIT/moveit2_ws/install/moveit_configs_utils:/home/zhangchenxu/MOVEIT/moveit2_ws/install/launch_param_builder:/opt/ros/humble /usr/bin/cmake /home/zhangchenxu/Documents/00_Project/ClimblingRobot_v2.0/USE_DOUBLE_IMU/src/yesense_ros2_imu/to_euler_point/to_euler -DCMAKE_INSTALL_PREFIX=/home/zhangchenxu/Documents/00_Project/ClimblingRobot_v2.0/USE_DOUBLE_IMU/src/yesense_ros2_imu/install/to_euler
[0.894s] DEBUG:colcon.colcon_core.event_handler.log_command:Invoking command in '/home/zhangchenxu/Documents/00_Project/ClimblingRobot_v2.0/USE_DOUBLE_IMU/src/yesense_ros2_imu/build/to_euler': CMAKE_PREFIX_PATH=${CMAKE_PREFIX_PATH}:/home/zhangchenxu/MOVEIT/moveit2_ws/install/moveit_configs_utils:/home/zhangchenxu/MOVEIT/moveit2_ws/install/launch_param_builder:/opt/ros/humble /usr/bin/cmake --build /home/zhangchenxu/Documents/00_Project/ClimblingRobot_v2.0/USE_DOUBLE_IMU/src/yesense_ros2_imu/build/to_euler -- -j12 -l12
[1.160s] DEBUG:colcon.colcon_core.event_handler.log_command:Invoked command in '/home/zhangchenxu/Documents/00_Project/ClimblingRobot_v2.0/USE_DOUBLE_IMU/src/yesense_ros2_imu/build/to_euler' returned '0': CMAKE_PREFIX_PATH=${CMAKE_PREFIX_PATH}:/home/zhangchenxu/MOVEIT/moveit2_ws/install/moveit_configs_utils:/home/zhangchenxu/MOVEIT/moveit2_ws/install/launch_param_builder:/opt/ros/humble /usr/bin/cmake --build /home/zhangchenxu/Documents/00_Project/ClimblingRobot_v2.0/USE_DOUBLE_IMU/src/yesense_ros2_imu/build/to_euler -- -j12 -l12
[1.161s] DEBUG:colcon.colcon_core.event_handler.log_command:Invoking command in '/home/zhangchenxu/Documents/00_Project/ClimblingRobot_v2.0/USE_DOUBLE_IMU/src/yesense_ros2_imu/build/to_euler': CMAKE_PREFIX_PATH=${CMAKE_PREFIX_PATH}:/home/zhangchenxu/MOVEIT/moveit2_ws/install/moveit_configs_utils:/home/zhangchenxu/MOVEIT/moveit2_ws/install/launch_param_builder:/opt/ros/humble /usr/bin/cmake --install /home/zhangchenxu/Documents/00_Project/ClimblingRobot_v2.0/USE_DOUBLE_IMU/src/yesense_ros2_imu/build/to_euler
[1.173s] Level 1:colcon.colcon_core.environment:create_environment_scripts_only(to_euler)
[1.174s] Level 1:colcon.colcon_core.environment:checking '/home/zhangchenxu/Documents/00_Project/ClimblingRobot_v2.0/USE_DOUBLE_IMU/src/yesense_ros2_imu/install/to_euler' for CMake module files
[1.174s] DEBUG:colcon.colcon_core.event_handler.log_command:Invoked command in '/home/zhangchenxu/Documents/00_Project/ClimblingRobot_v2.0/USE_DOUBLE_IMU/src/yesense_ros2_imu/build/to_euler' returned '0': CMAKE_PREFIX_PATH=${CMAKE_PREFIX_PATH}:/home/zhangchenxu/MOVEIT/moveit2_ws/install/moveit_configs_utils:/home/zhangchenxu/MOVEIT/moveit2_ws/install/launch_param_builder:/opt/ros/humble /usr/bin/cmake --install /home/zhangchenxu/Documents/00_Project/ClimblingRobot_v2.0/USE_DOUBLE_IMU/src/yesense_ros2_imu/build/to_euler
[1.174s] Level 1:colcon.colcon_core.environment:checking '/home/zhangchenxu/Documents/00_Project/ClimblingRobot_v2.0/USE_DOUBLE_IMU/src/yesense_ros2_imu/install/to_euler' for CMake config files
[1.174s] Level 1:colcon.colcon_core.shell:create_environment_hook('to_euler', 'cmake_prefix_path')
[1.175s] INFO:colcon.colcon_core.shell:Creating environment hook '/home/zhangchenxu/Documents/00_Project/ClimblingRobot_v2.0/USE_DOUBLE_IMU/src/yesense_ros2_imu/install/to_euler/share/to_euler/hook/cmake_prefix_path.ps1'
[1.175s] INFO:colcon.colcon_core.shell:Creating environment descriptor '/home/zhangchenxu/Documents/00_Project/ClimblingRobot_v2.0/USE_DOUBLE_IMU/src/yesense_ros2_imu/install/to_euler/share/to_euler/hook/cmake_prefix_path.dsv'
[1.175s] INFO:colcon.colcon_core.shell:Creating environment hook '/home/zhangchenxu/Documents/00_Project/ClimblingRobot_v2.0/USE_DOUBLE_IMU/src/yesense_ros2_imu/install/to_euler/share/to_euler/hook/cmake_prefix_path.sh'
[1.175s] Level 1:colcon.colcon_core.environment:checking '/home/zhangchenxu/Documents/00_Project/ClimblingRobot_v2.0/USE_DOUBLE_IMU/src/yesense_ros2_imu/install/to_euler/lib'
[1.176s] Level 1:colcon.colcon_core.environment:checking '/home/zhangchenxu/Documents/00_Project/ClimblingRobot_v2.0/USE_DOUBLE_IMU/src/yesense_ros2_imu/install/to_euler/bin'
[1.176s] Level 1:colcon.colcon_core.environment:checking '/home/zhangchenxu/Documents/00_Project/ClimblingRobot_v2.0/USE_DOUBLE_IMU/src/yesense_ros2_imu/install/to_euler/lib/pkgconfig/to_euler.pc'
[1.176s] Level 1:colcon.colcon_core.environment:checking '/home/zhangchenxu/Documents/00_Project/ClimblingRobot_v2.0/USE_DOUBLE_IMU/src/yesense_ros2_imu/install/to_euler/lib/python3.10/site-packages'
[1.176s] Level 1:colcon.colcon_core.environment:checking '/home/zhangchenxu/Documents/00_Project/ClimblingRobot_v2.0/USE_DOUBLE_IMU/src/yesense_ros2_imu/install/to_euler/bin'
[1.176s] INFO:colcon.colcon_core.shell:Creating package script '/home/zhangchenxu/Documents/00_Project/ClimblingRobot_v2.0/USE_DOUBLE_IMU/src/yesense_ros2_imu/install/to_euler/share/to_euler/package.ps1'
[1.176s] INFO:colcon.colcon_core.shell:Creating package descriptor '/home/zhangchenxu/Documents/00_Project/ClimblingRobot_v2.0/USE_DOUBLE_IMU/src/yesense_ros2_imu/install/to_euler/share/to_euler/package.dsv'
[1.177s] INFO:colcon.colcon_core.shell:Creating package script '/home/zhangchenxu/Documents/00_Project/ClimblingRobot_v2.0/USE_DOUBLE_IMU/src/yesense_ros2_imu/install/to_euler/share/to_euler/package.sh'
[1.177s] INFO:colcon.colcon_core.shell:Creating package script '/home/zhangchenxu/Documents/00_Project/ClimblingRobot_v2.0/USE_DOUBLE_IMU/src/yesense_ros2_imu/install/to_euler/share/to_euler/package.bash'
[1.177s] INFO:colcon.colcon_core.shell:Creating package script '/home/zhangchenxu/Documents/00_Project/ClimblingRobot_v2.0/USE_DOUBLE_IMU/src/yesense_ros2_imu/install/to_euler/share/to_euler/package.zsh'
[1.177s] Level 1:colcon.colcon_core.environment:create_file_with_runtime_dependencies(/home/zhangchenxu/Documents/00_Project/ClimblingRobot_v2.0/USE_DOUBLE_IMU/src/yesense_ros2_imu/install/to_euler/share/colcon-core/packages/to_euler)
[1.178s] Level 1:colcon.colcon_core.environment:create_environment_scripts_only(to_euler)
[1.178s] Level 1:colcon.colcon_core.environment:checking '/home/zhangchenxu/Documents/00_Project/ClimblingRobot_v2.0/USE_DOUBLE_IMU/src/yesense_ros2_imu/install/to_euler' for CMake module files
[1.178s] Level 1:colcon.colcon_core.environment:checking '/home/zhangchenxu/Documents/00_Project/ClimblingRobot_v2.0/USE_DOUBLE_IMU/src/yesense_ros2_imu/install/to_euler' for CMake config files
[1.178s] Level 1:colcon.colcon_core.shell:create_environment_hook('to_euler', 'cmake_prefix_path')
[1.178s] INFO:colcon.colcon_core.shell:Creating environment hook '/home/zhangchenxu/Documents/00_Project/ClimblingRobot_v2.0/USE_DOUBLE_IMU/src/yesense_ros2_imu/install/to_euler/share/to_euler/hook/cmake_prefix_path.ps1'
[1.179s] INFO:colcon.colcon_core.shell:Creating environment descriptor '/home/zhangchenxu/Documents/00_Project/ClimblingRobot_v2.0/USE_DOUBLE_IMU/src/yesense_ros2_imu/install/to_euler/share/to_euler/hook/cmake_prefix_path.dsv'
[1.179s] INFO:colcon.colcon_core.shell:Creating environment hook '/home/zhangchenxu/Documents/00_Project/ClimblingRobot_v2.0/USE_DOUBLE_IMU/src/yesense_ros2_imu/install/to_euler/share/to_euler/hook/cmake_prefix_path.sh'
[1.179s] Level 1:colcon.colcon_core.environment:checking '/home/zhangchenxu/Documents/00_Project/ClimblingRobot_v2.0/USE_DOUBLE_IMU/src/yesense_ros2_imu/install/to_euler/lib'
[1.179s] Level 1:colcon.colcon_core.environment:checking '/home/zhangchenxu/Documents/00_Project/ClimblingRobot_v2.0/USE_DOUBLE_IMU/src/yesense_ros2_imu/install/to_euler/bin'
[1.179s] Level 1:colcon.colcon_core.environment:checking '/home/zhangchenxu/Documents/00_Project/ClimblingRobot_v2.0/USE_DOUBLE_IMU/src/yesense_ros2_imu/install/to_euler/lib/pkgconfig/to_euler.pc'
[1.179s] Level 1:colcon.colcon_core.environment:checking '/home/zhangchenxu/Documents/00_Project/ClimblingRobot_v2.0/USE_DOUBLE_IMU/src/yesense_ros2_imu/install/to_euler/lib/python3.10/site-packages'
[1.179s] Level 1:colcon.colcon_core.environment:checking '/home/zhangchenxu/Documents/00_Project/ClimblingRobot_v2.0/USE_DOUBLE_IMU/src/yesense_ros2_imu/install/to_euler/bin'
[1.180s] INFO:colcon.colcon_core.shell:Creating package script '/home/zhangchenxu/Documents/00_Project/ClimblingRobot_v2.0/USE_DOUBLE_IMU/src/yesense_ros2_imu/install/to_euler/share/to_euler/package.ps1'
[1.180s] INFO:colcon.colcon_core.shell:Creating package descriptor '/home/zhangchenxu/Documents/00_Project/ClimblingRobot_v2.0/USE_DOUBLE_IMU/src/yesense_ros2_imu/install/to_euler/share/to_euler/package.dsv'
[1.180s] INFO:colcon.colcon_core.shell:Creating package script '/home/zhangchenxu/Documents/00_Project/ClimblingRobot_v2.0/USE_DOUBLE_IMU/src/yesense_ros2_imu/install/to_euler/share/to_euler/package.sh'
[1.180s] INFO:colcon.colcon_core.shell:Creating package script '/home/zhangchenxu/Documents/00_Project/ClimblingRobot_v2.0/USE_DOUBLE_IMU/src/yesense_ros2_imu/install/to_euler/share/to_euler/package.bash'
[1.181s] INFO:colcon.colcon_core.shell:Creating package script '/home/zhangchenxu/Documents/00_Project/ClimblingRobot_v2.0/USE_DOUBLE_IMU/src/yesense_ros2_imu/install/to_euler/share/to_euler/package.zsh'
[1.181s] Level 1:colcon.colcon_core.environment:create_file_with_runtime_dependencies(/home/zhangchenxu/Documents/00_Project/ClimblingRobot_v2.0/USE_DOUBLE_IMU/src/yesense_ros2_imu/install/to_euler/share/colcon-core/packages/to_euler)
[2.386s] DEBUG:colcon.colcon_core.event_handler.log_command:Invoked command in '/home/zhangchenxu/Documents/00_Project/ClimblingRobot_v2.0/USE_DOUBLE_IMU/src/yesense_ros2_imu/build/double_imu' returned '0': AMENT_PREFIX_PATH=/home/zhangchenxu/Documents/00_Project/ClimblingRobot_v2.0/USE_DOUBLE_IMU/src/yesense_ros2_imu/install/yesense_interface:${AMENT_PREFIX_PATH} CMAKE_PREFIX_PATH=/home/zhangchenxu/Documents/00_Project/ClimblingRobot_v2.0/USE_DOUBLE_IMU/src/yesense_ros2_imu/install/yesense_interface:/home/zhangchenxu/MOVEIT/moveit2_ws/install/pilz_industrial_motion_planner_testutils:/home/zhangchenxu/MOVEIT/moveit2_ws/install/moveit_runtime:/home/zhangchenxu/MOVEIT/moveit2_ws/install/moveit2_tutorials:/home/zhangchenxu/MOVEIT/moveit2_ws/install/moveit:/home/zhangchenxu/MOVEIT/moveit2_ws/install/moveit_planners:/home/zhangchenxu/MOVEIT/moveit2_ws/install/pilz_industrial_motion_planner:/home/zhangchenxu/MOVEIT/moveit2_ws/install/moveit_visual_tools:/home/zhangchenxu/MOVEIT/moveit2_ws/install/moveit_task_constructor_visualization:/home/zhangchenxu/MOVEIT/moveit2_ws/install/moveit_task_constructor_demo:/home/zhangchenxu/MOVEIT/moveit2_ws/install/moveit_task_constructor_capabilities:/home/zhangchenxu/MOVEIT/moveit2_ws/install/moveit_task_constructor_core:/home/zhangchenxu/MOVEIT/moveit2_ws/install/moveit_ros_control_interface:/home/zhangchenxu/MOVEIT/moveit2_ws/install/moveit_plugins:/home/zhangchenxu/MOVEIT/moveit2_ws/install/moveit_simple_controller_manager:/home/zhangchenxu/MOVEIT/moveit2_ws/install/moveit_setup_assistant:/home/zhangchenxu/MOVEIT/moveit2_ws/install/moveit_setup_srdf_plugins:/home/zhangchenxu/MOVEIT/moveit2_ws/install/moveit_setup_core_plugins:/home/zhangchenxu/MOVEIT/moveit2_ws/install/moveit_setup_controllers:/home/zhangchenxu/MOVEIT/moveit2_ws/install/moveit_setup_app_plugins:/home/zhangchenxu/MOVEIT/moveit2_ws/install/moveit_setup_framework:/home/zhangchenxu/MOVEIT/moveit2_ws/install/moveit_servo:/home/zhangchenxu/MOVEIT/moveit2_ws/install/moveit_ros:/home/zhangchenxu/MOVEIT/moveit2_ws/install/moveit_ros_visualization:/home/zhangchenxu/MOVEIT/moveit2_ws/install/moveit_hybrid_planning:/home/zhangchenxu/MOVEIT/moveit2_ws/install/moveit_ros_planning_interface:/home/zhangchenxu/MOVEIT/moveit2_ws/install/moveit_ros_benchmarks:/home/zhangchenxu/MOVEIT/moveit2_ws/install/moveit_ros_warehouse:/home/zhangchenxu/MOVEIT/moveit2_ws/install/moveit_ros_robot_interaction:/home/zhangchenxu/MOVEIT/moveit2_ws/install/moveit_ros_perception:/home/zhangchenxu/MOVEIT/moveit2_ws/install/moveit_resources_prbt_pg70_support:/home/zhangchenxu/MOVEIT/moveit2_ws/install/moveit_resources_prbt_moveit_config:/home/zhangchenxu/MOVEIT/moveit2_ws/install/moveit_ros_move_group:/home/zhangchenxu/MOVEIT/moveit2_ws/install/moveit_planners_ompl:/home/zhangchenxu/MOVEIT/moveit2_ws/install/moveit_ros_planning:/home/zhangchenxu/MOVEIT/moveit2_ws/install/moveit_ros_occupancy_map_monitor:/home/zhangchenxu/MOVEIT/moveit2_ws/install/moveit_resources_prbt_ikfast_manipulator_plugin:/home/zhangchenxu/MOVEIT/moveit2_ws/install/moveit_planners_chomp:/home/zhangchenxu/MOVEIT/moveit2_ws/install/moveit_kinematics:/home/zhangchenxu/MOVEIT/moveit2_ws/install/moveit_chomp_optimizer_adapter:/home/zhangchenxu/MOVEIT/moveit2_ws/install/chomp_motion_planner:/home/zhangchenxu/MOVEIT/moveit2_ws/install/moveit_core:/home/zhangchenxu/MOVEIT/moveit2_ws/install/srdfdom:/home/zhangchenxu/MOVEIT/moveit2_ws/install/rviz_marker_tools:/home/zhangchenxu/MOVEIT/moveit2_ws/install/rosparam_shortcuts:/home/zhangchenxu/MOVEIT/moveit2_ws/install/moveit_task_constructor_msgs:/home/zhangchenxu/MOVEIT/moveit2_ws/install/moveit_resources_prbt_support:/home/zhangchenxu/MOVEIT/moveit2_ws/install/moveit_resources:/home/zhangchenxu/MOVEIT/moveit2_ws/install/moveit_resources_pr2_description:/home/zhangchenxu/MOVEIT/moveit2_ws/install/moveit_resources_panda_moveit_config:/home/zhangchenxu/MOVEIT/moveit2_ws/install/moveit_resources_panda_description:/home/zhangchenxu/MOVEIT/moveit2_ws/install/moveit_resources_fanuc_moveit_config:/home/zhangchenxu/MOVEIT/moveit2_ws/install/moveit_resources_fanuc_description:/home/zhangchenxu/MOVEIT/moveit2_ws/install/moveit_common:/home/zhangchenxu/MOVEIT/moveit2_ws/install/moveit_configs_utils:/home/zhangchenxu/MOVEIT/moveit2_ws/install/launch_param_builder:/opt/ros/humble LD_LIBRARY_PATH=/home/zhangchenxu/Documents/00_Project/ClimblingRobot_v2.0/USE_DOUBLE_IMU/src/yesense_ros2_imu/install/yesense_interface/lib:/usr/local/cuda-12.6/lib64:/home/zhangchenxu/MOVEIT/moveit2_ws/install/pilz_industrial_motion_planner_testutils/lib:/home/zhangchenxu/MOVEIT/moveit2_ws/install/pilz_industrial_motion_planner/lib:/home/zhangchenxu/MOVEIT/moveit2_ws/install/moveit_visual_tools/lib:/home/zhangchenxu/MOVEIT/moveit2_ws/install/moveit_task_constructor_visualization/lib:/home/zhangchenxu/MOVEIT/moveit2_ws/install/moveit_task_constructor_demo/lib:/home/zhangchenxu/MOVEIT/moveit2_ws/install/moveit_task_constructor_capabilities/lib:/home/zhangchenxu/MOVEIT/moveit2_ws/install/moveit_task_constructor_core/lib:/home/zhangchenxu/MOVEIT/moveit2_ws/install/moveit_ros_control_interface/lib:/home/zhangchenxu/MOVEIT/moveit2_ws/install/moveit_simple_controller_manager/lib:/home/zhangchenxu/MOVEIT/moveit2_ws/install/moveit_setup_assistant/lib:/home/zhangchenxu/MOVEIT/moveit2_ws/install/moveit_setup_srdf_plugins/lib:/home/zhangchenxu/MOVEIT/moveit2_ws/install/moveit_setup_core_plugins/lib:/home/zhangchenxu/MOVEIT/moveit2_ws/install/moveit_setup_controllers/lib:/home/zhangchenxu/MOVEIT/moveit2_ws/install/moveit_setup_app_plugins/lib:/home/zhangchenxu/MOVEIT/moveit2_ws/install/moveit_setup_framework/lib:/home/zhangchenxu/MOVEIT/moveit2_ws/install/moveit_servo/lib:/home/zhangchenxu/MOVEIT/moveit2_ws/install/moveit_ros_visualization/lib:/home/zhangchenxu/MOVEIT/moveit2_ws/install/moveit_hybrid_planning/lib:/home/zhangchenxu/MOVEIT/moveit2_ws/install/moveit_ros_planning_interface/lib:/home/zhangchenxu/MOVEIT/moveit2_ws/install/moveit_ros_benchmarks/lib:/home/zhangchenxu/MOVEIT/moveit2_ws/install/moveit_ros_warehouse/lib:/home/zhangchenxu/MOVEIT/moveit2_ws/install/moveit_ros_robot_interaction/lib:/home/zhangchenxu/MOVEIT/moveit2_ws/install/moveit_ros_perception/lib:/home/zhangchenxu/MOVEIT/moveit2_ws/install/moveit_ros_move_group/lib:/home/zhangchenxu/MOVEIT/moveit2_ws/install/moveit_planners_ompl/lib:/home/zhangchenxu/MOVEIT/moveit2_ws/install/moveit_ros_planning/lib:/home/zhangchenxu/MOVEIT/moveit2_ws/install/moveit_ros_occupancy_map_monitor/lib:/home/zhangchenxu/MOVEIT/moveit2_ws/install/moveit_resources_prbt_ikfast_manipulator_plugin/lib:/home/zhangchenxu/MOVEIT/moveit2_ws/install/moveit_planners_chomp/lib:/home/zhangchenxu/MOVEIT/moveit2_ws/install/moveit_kinematics/lib:/home/zhangchenxu/MOVEIT/moveit2_ws/install/moveit_chomp_optimizer_adapter/lib:/home/zhangchenxu/MOVEIT/moveit2_ws/install/chomp_motion_planner/lib:/home/zhangchenxu/MOVEIT/moveit2_ws/install/moveit_core/lib:/home/zhangchenxu/MOVEIT/moveit2_ws/install/srdfdom/lib:/home/zhangchenxu/MOVEIT/moveit2_ws/install/rviz_marker_tools/lib:/home/zhangchenxu/MOVEIT/moveit2_ws/install/rosparam_shortcuts/lib:/home/zhangchenxu/MOVEIT/moveit2_ws/install/moveit_task_constructor_msgs/lib:/usr/lib/x86_64-linux-gnu/gazebo-11/plugins:/opt/ros/humble/opt/rviz_ogre_vendor/lib:/opt/ros/humble/lib/x86_64-linux-gnu:/opt/ros/humble/lib:/usr/share/gazebo/../../lib/x86_64-linux-gnu/gazebo-11/plugins PYTHONPATH=/home/zhangchenxu/Documents/00_Project/ClimblingRobot_v2.0/USE_DOUBLE_IMU/src/yesense_ros2_imu/install/yesense_interface/local/lib/python3.10/dist-packages:${PYTHONPATH} /usr/bin/cmake /home/zhangchenxu/Documents/00_Project/ClimblingRobot_v2.0/USE_DOUBLE_IMU/src/yesense_ros2_imu/yesense_std_ros2 -DCMAKE_INSTALL_PREFIX=/home/zhangchenxu/Documents/00_Project/ClimblingRobot_v2.0/USE_DOUBLE_IMU/src/yesense_ros2_imu/install/double_imu
[2.387s] DEBUG:colcon.colcon_core.event_handler.log_command:Invoking command in '/home/zhangchenxu/Documents/00_Project/ClimblingRobot_v2.0/USE_DOUBLE_IMU/src/yesense_ros2_imu/build/double_imu': AMENT_PREFIX_PATH=/home/zhangchenxu/Documents/00_Project/ClimblingRobot_v2.0/USE_DOUBLE_IMU/src/yesense_ros2_imu/install/yesense_interface:${AMENT_PREFIX_PATH} CMAKE_PREFIX_PATH=/home/zhangchenxu/Documents/00_Project/ClimblingRobot_v2.0/USE_DOUBLE_IMU/src/yesense_ros2_imu/install/yesense_interface:/home/zhangchenxu/MOVEIT/moveit2_ws/install/pilz_industrial_motion_planner_testutils:/home/zhangchenxu/MOVEIT/moveit2_ws/install/moveit_runtime:/home/zhangchenxu/MOVEIT/moveit2_ws/install/moveit2_tutorials:/home/zhangchenxu/MOVEIT/moveit2_ws/install/moveit:/home/zhangchenxu/MOVEIT/moveit2_ws/install/moveit_planners:/home/zhangchenxu/MOVEIT/moveit2_ws/install/pilz_industrial_motion_planner:/home/zhangchenxu/MOVEIT/moveit2_ws/install/moveit_visual_tools:/home/zhangchenxu/MOVEIT/moveit2_ws/install/moveit_task_constructor_visualization:/home/zhangchenxu/MOVEIT/moveit2_ws/install/moveit_task_constructor_demo:/home/zhangchenxu/MOVEIT/moveit2_ws/install/moveit_task_constructor_capabilities:/home/zhangchenxu/MOVEIT/moveit2_ws/install/moveit_task_constructor_core:/home/zhangchenxu/MOVEIT/moveit2_ws/install/moveit_ros_control_interface:/home/zhangchenxu/MOVEIT/moveit2_ws/install/moveit_plugins:/home/zhangchenxu/MOVEIT/moveit2_ws/install/moveit_simple_controller_manager:/home/zhangchenxu/MOVEIT/moveit2_ws/install/moveit_setup_assistant:/home/zhangchenxu/MOVEIT/moveit2_ws/install/moveit_setup_srdf_plugins:/home/zhangchenxu/MOVEIT/moveit2_ws/install/moveit_setup_core_plugins:/home/zhangchenxu/MOVEIT/moveit2_ws/install/moveit_setup_controllers:/home/zhangchenxu/MOVEIT/moveit2_ws/install/moveit_setup_app_plugins:/home/zhangchenxu/MOVEIT/moveit2_ws/install/moveit_setup_framework:/home/zhangchenxu/MOVEIT/moveit2_ws/install/moveit_servo:/home/zhangchenxu/MOVEIT/moveit2_ws/install/moveit_ros:/home/zhangchenxu/MOVEIT/moveit2_ws/install/moveit_ros_visualization:/home/zhangchenxu/MOVEIT/moveit2_ws/install/moveit_hybrid_planning:/home/zhangchenxu/MOVEIT/moveit2_ws/install/moveit_ros_planning_interface:/home/zhangchenxu/MOVEIT/moveit2_ws/install/moveit_ros_benchmarks:/home/zhangchenxu/MOVEIT/moveit2_ws/install/moveit_ros_warehouse:/home/zhangchenxu/MOVEIT/moveit2_ws/install/moveit_ros_robot_interaction:/home/zhangchenxu/MOVEIT/moveit2_ws/install/moveit_ros_perception:/home/zhangchenxu/MOVEIT/moveit2_ws/install/moveit_resources_prbt_pg70_support:/home/zhangchenxu/MOVEIT/moveit2_ws/install/moveit_resources_prbt_moveit_config:/home/zhangchenxu/MOVEIT/moveit2_ws/install/moveit_ros_move_group:/home/zhangchenxu/MOVEIT/moveit2_ws/install/moveit_planners_ompl:/home/zhangchenxu/MOVEIT/moveit2_ws/install/moveit_ros_planning:/home/zhangchenxu/MOVEIT/moveit2_ws/install/moveit_ros_occupancy_map_monitor:/home/zhangchenxu/MOVEIT/moveit2_ws/install/moveit_resources_prbt_ikfast_manipulator_plugin:/home/zhangchenxu/MOVEIT/moveit2_ws/install/moveit_planners_chomp:/home/zhangchenxu/MOVEIT/moveit2_ws/install/moveit_kinematics:/home/zhangchenxu/MOVEIT/moveit2_ws/install/moveit_chomp_optimizer_adapter:/home/zhangchenxu/MOVEIT/moveit2_ws/install/chomp_motion_planner:/home/zhangchenxu/MOVEIT/moveit2_ws/install/moveit_core:/home/zhangchenxu/MOVEIT/moveit2_ws/install/srdfdom:/home/zhangchenxu/MOVEIT/moveit2_ws/install/rviz_marker_tools:/home/zhangchenxu/MOVEIT/moveit2_ws/install/rosparam_shortcuts:/home/zhangchenxu/MOVEIT/moveit2_ws/install/moveit_task_constructor_msgs:/home/zhangchenxu/MOVEIT/moveit2_ws/install/moveit_resources_prbt_support:/home/zhangchenxu/MOVEIT/moveit2_ws/install/moveit_resources:/home/zhangchenxu/MOVEIT/moveit2_ws/install/moveit_resources_pr2_description:/home/zhangchenxu/MOVEIT/moveit2_ws/install/moveit_resources_panda_moveit_config:/home/zhangchenxu/MOVEIT/moveit2_ws/install/moveit_resources_panda_description:/home/zhangchenxu/MOVEIT/moveit2_ws/install/moveit_resources_fanuc_moveit_config:/home/zhangchenxu/MOVEIT/moveit2_ws/install/moveit_resources_fanuc_description:/home/zhangchenxu/MOVEIT/moveit2_ws/install/moveit_common:/home/zhangchenxu/MOVEIT/moveit2_ws/install/moveit_configs_utils:/home/zhangchenxu/MOVEIT/moveit2_ws/install/launch_param_builder:/opt/ros/humble LD_LIBRARY_PATH=/home/zhangchenxu/Documents/00_Project/ClimblingRobot_v2.0/USE_DOUBLE_IMU/src/yesense_ros2_imu/install/yesense_interface/lib:/usr/local/cuda-12.6/lib64:/home/zhangchenxu/MOVEIT/moveit2_ws/install/pilz_industrial_motion_planner_testutils/lib:/home/zhangchenxu/MOVEIT/moveit2_ws/install/pilz_industrial_motion_planner/lib:/home/zhangchenxu/MOVEIT/moveit2_ws/install/moveit_visual_tools/lib:/home/zhangchenxu/MOVEIT/moveit2_ws/install/moveit_task_constructor_visualization/lib:/home/zhangchenxu/MOVEIT/moveit2_ws/install/moveit_task_constructor_demo/lib:/home/zhangchenxu/MOVEIT/moveit2_ws/install/moveit_task_constructor_capabilities/lib:/home/zhangchenxu/MOVEIT/moveit2_ws/install/moveit_task_constructor_core/lib:/home/zhangchenxu/MOVEIT/moveit2_ws/install/moveit_ros_control_interface/lib:/home/zhangchenxu/MOVEIT/moveit2_ws/install/moveit_simple_controller_manager/lib:/home/zhangchenxu/MOVEIT/moveit2_ws/install/moveit_setup_assistant/lib:/home/zhangchenxu/MOVEIT/moveit2_ws/install/moveit_setup_srdf_plugins/lib:/home/zhangchenxu/MOVEIT/moveit2_ws/install/moveit_setup_core_plugins/lib:/home/zhangchenxu/MOVEIT/moveit2_ws/install/moveit_setup_controllers/lib:/home/zhangchenxu/MOVEIT/moveit2_ws/install/moveit_setup_app_plugins/lib:/home/zhangchenxu/MOVEIT/moveit2_ws/install/moveit_setup_framework/lib:/home/zhangchenxu/MOVEIT/moveit2_ws/install/moveit_servo/lib:/home/zhangchenxu/MOVEIT/moveit2_ws/install/moveit_ros_visualization/lib:/home/zhangchenxu/MOVEIT/moveit2_ws/install/moveit_hybrid_planning/lib:/home/zhangchenxu/MOVEIT/moveit2_ws/install/moveit_ros_planning_interface/lib:/home/zhangchenxu/MOVEIT/moveit2_ws/install/moveit_ros_benchmarks/lib:/home/zhangchenxu/MOVEIT/moveit2_ws/install/moveit_ros_warehouse/lib:/home/zhangchenxu/MOVEIT/moveit2_ws/install/moveit_ros_robot_interaction/lib:/home/zhangchenxu/MOVEIT/moveit2_ws/install/moveit_ros_perception/lib:/home/zhangchenxu/MOVEIT/moveit2_ws/install/moveit_ros_move_group/lib:/home/zhangchenxu/MOVEIT/moveit2_ws/install/moveit_planners_ompl/lib:/home/zhangchenxu/MOVEIT/moveit2_ws/install/moveit_ros_planning/lib:/home/zhangchenxu/MOVEIT/moveit2_ws/install/moveit_ros_occupancy_map_monitor/lib:/home/zhangchenxu/MOVEIT/moveit2_ws/install/moveit_resources_prbt_ikfast_manipulator_plugin/lib:/home/zhangchenxu/MOVEIT/moveit2_ws/install/moveit_planners_chomp/lib:/home/zhangchenxu/MOVEIT/moveit2_ws/install/moveit_kinematics/lib:/home/zhangchenxu/MOVEIT/moveit2_ws/install/moveit_chomp_optimizer_adapter/lib:/home/zhangchenxu/MOVEIT/moveit2_ws/install/chomp_motion_planner/lib:/home/zhangchenxu/MOVEIT/moveit2_ws/install/moveit_core/lib:/home/zhangchenxu/MOVEIT/moveit2_ws/install/srdfdom/lib:/home/zhangchenxu/MOVEIT/moveit2_ws/install/rviz_marker_tools/lib:/home/zhangchenxu/MOVEIT/moveit2_ws/install/rosparam_shortcuts/lib:/home/zhangchenxu/MOVEIT/moveit2_ws/install/moveit_task_constructor_msgs/lib:/usr/lib/x86_64-linux-gnu/gazebo-11/plugins:/opt/ros/humble/opt/rviz_ogre_vendor/lib:/opt/ros/humble/lib/x86_64-linux-gnu:/opt/ros/humble/lib:/usr/share/gazebo/../../lib/x86_64-linux-gnu/gazebo-11/plugins PYTHONPATH=/home/zhangchenxu/Documents/00_Project/ClimblingRobot_v2.0/USE_DOUBLE_IMU/src/yesense_ros2_imu/install/yesense_interface/local/lib/python3.10/dist-packages:${PYTHONPATH} /usr/bin/cmake --build /home/zhangchenxu/Documents/00_Project/ClimblingRobot_v2.0/USE_DOUBLE_IMU/src/yesense_ros2_imu/build/double_imu -- -j12 -l12
[14.204s] DEBUG:colcon.colcon_core.event_handler.log_command:Invoked command in '/home/zhangchenxu/Documents/00_Project/ClimblingRobot_v2.0/USE_DOUBLE_IMU/src/yesense_ros2_imu/build/double_imu' returned '0': AMENT_PREFIX_PATH=/home/zhangchenxu/Documents/00_Project/ClimblingRobot_v2.0/USE_DOUBLE_IMU/src/yesense_ros2_imu/install/yesense_interface:${AMENT_PREFIX_PATH} CMAKE_PREFIX_PATH=/home/zhangchenxu/Documents/00_Project/ClimblingRobot_v2.0/USE_DOUBLE_IMU/src/yesense_ros2_imu/install/yesense_interface:/home/zhangchenxu/MOVEIT/moveit2_ws/install/pilz_industrial_motion_planner_testutils:/home/zhangchenxu/MOVEIT/moveit2_ws/install/moveit_runtime:/home/zhangchenxu/MOVEIT/moveit2_ws/install/moveit2_tutorials:/home/zhangchenxu/MOVEIT/moveit2_ws/install/moveit:/home/zhangchenxu/MOVEIT/moveit2_ws/install/moveit_planners:/home/zhangchenxu/MOVEIT/moveit2_ws/install/pilz_industrial_motion_planner:/home/zhangchenxu/MOVEIT/moveit2_ws/install/moveit_visual_tools:/home/zhangchenxu/MOVEIT/moveit2_ws/install/moveit_task_constructor_visualization:/home/zhangchenxu/MOVEIT/moveit2_ws/install/moveit_task_constructor_demo:/home/zhangchenxu/MOVEIT/moveit2_ws/install/moveit_task_constructor_capabilities:/home/zhangchenxu/MOVEIT/moveit2_ws/install/moveit_task_constructor_core:/home/zhangchenxu/MOVEIT/moveit2_ws/install/moveit_ros_control_interface:/home/zhangchenxu/MOVEIT/moveit2_ws/install/moveit_plugins:/home/zhangchenxu/MOVEIT/moveit2_ws/install/moveit_simple_controller_manager:/home/zhangchenxu/MOVEIT/moveit2_ws/install/moveit_setup_assistant:/home/zhangchenxu/MOVEIT/moveit2_ws/install/moveit_setup_srdf_plugins:/home/zhangchenxu/MOVEIT/moveit2_ws/install/moveit_setup_core_plugins:/home/zhangchenxu/MOVEIT/moveit2_ws/install/moveit_setup_controllers:/home/zhangchenxu/MOVEIT/moveit2_ws/install/moveit_setup_app_plugins:/home/zhangchenxu/MOVEIT/moveit2_ws/install/moveit_setup_framework:/home/zhangchenxu/MOVEIT/moveit2_ws/install/moveit_servo:/home/zhangchenxu/MOVEIT/moveit2_ws/install/moveit_ros:/home/zhangchenxu/MOVEIT/moveit2_ws/install/moveit_ros_visualization:/home/zhangchenxu/MOVEIT/moveit2_ws/install/moveit_hybrid_planning:/home/zhangchenxu/MOVEIT/moveit2_ws/install/moveit_ros_planning_interface:/home/zhangchenxu/MOVEIT/moveit2_ws/install/moveit_ros_benchmarks:/home/zhangchenxu/MOVEIT/moveit2_ws/install/moveit_ros_warehouse:/home/zhangchenxu/MOVEIT/moveit2_ws/install/moveit_ros_robot_interaction:/home/zhangchenxu/MOVEIT/moveit2_ws/install/moveit_ros_perception:/home/zhangchenxu/MOVEIT/moveit2_ws/install/moveit_resources_prbt_pg70_support:/home/zhangchenxu/MOVEIT/moveit2_ws/install/moveit_resources_prbt_moveit_config:/home/zhangchenxu/MOVEIT/moveit2_ws/install/moveit_ros_move_group:/home/zhangchenxu/MOVEIT/moveit2_ws/install/moveit_planners_ompl:/home/zhangchenxu/MOVEIT/moveit2_ws/install/moveit_ros_planning:/home/zhangchenxu/MOVEIT/moveit2_ws/install/moveit_ros_occupancy_map_monitor:/home/zhangchenxu/MOVEIT/moveit2_ws/install/moveit_resources_prbt_ikfast_manipulator_plugin:/home/zhangchenxu/MOVEIT/moveit2_ws/install/moveit_planners_chomp:/home/zhangchenxu/MOVEIT/moveit2_ws/install/moveit_kinematics:/home/zhangchenxu/MOVEIT/moveit2_ws/install/moveit_chomp_optimizer_adapter:/home/zhangchenxu/MOVEIT/moveit2_ws/install/chomp_motion_planner:/home/zhangchenxu/MOVEIT/moveit2_ws/install/moveit_core:/home/zhangchenxu/MOVEIT/moveit2_ws/install/srdfdom:/home/zhangchenxu/MOVEIT/moveit2_ws/install/rviz_marker_tools:/home/zhangchenxu/MOVEIT/moveit2_ws/install/rosparam_shortcuts:/home/zhangchenxu/MOVEIT/moveit2_ws/install/moveit_task_constructor_msgs:/home/zhangchenxu/MOVEIT/moveit2_ws/install/moveit_resources_prbt_support:/home/zhangchenxu/MOVEIT/moveit2_ws/install/moveit_resources:/home/zhangchenxu/MOVEIT/moveit2_ws/install/moveit_resources_pr2_description:/home/zhangchenxu/MOVEIT/moveit2_ws/install/moveit_resources_panda_moveit_config:/home/zhangchenxu/MOVEIT/moveit2_ws/install/moveit_resources_panda_description:/home/zhangchenxu/MOVEIT/moveit2_ws/install/moveit_resources_fanuc_moveit_config:/home/zhangchenxu/MOVEIT/moveit2_ws/install/moveit_resources_fanuc_description:/home/zhangchenxu/MOVEIT/moveit2_ws/install/moveit_common:/home/zhangchenxu/MOVEIT/moveit2_ws/install/moveit_configs_utils:/home/zhangchenxu/MOVEIT/moveit2_ws/install/launch_param_builder:/opt/ros/humble LD_LIBRARY_PATH=/home/zhangchenxu/Documents/00_Project/ClimblingRobot_v2.0/USE_DOUBLE_IMU/src/yesense_ros2_imu/install/yesense_interface/lib:/usr/local/cuda-12.6/lib64:/home/zhangchenxu/MOVEIT/moveit2_ws/install/pilz_industrial_motion_planner_testutils/lib:/home/zhangchenxu/MOVEIT/moveit2_ws/install/pilz_industrial_motion_planner/lib:/home/zhangchenxu/MOVEIT/moveit2_ws/install/moveit_visual_tools/lib:/home/zhangchenxu/MOVEIT/moveit2_ws/install/moveit_task_constructor_visualization/lib:/home/zhangchenxu/MOVEIT/moveit2_ws/install/moveit_task_constructor_demo/lib:/home/zhangchenxu/MOVEIT/moveit2_ws/install/moveit_task_constructor_capabilities/lib:/home/zhangchenxu/MOVEIT/moveit2_ws/install/moveit_task_constructor_core/lib:/home/zhangchenxu/MOVEIT/moveit2_ws/install/moveit_ros_control_interface/lib:/home/zhangchenxu/MOVEIT/moveit2_ws/install/moveit_simple_controller_manager/lib:/home/zhangchenxu/MOVEIT/moveit2_ws/install/moveit_setup_assistant/lib:/home/zhangchenxu/MOVEIT/moveit2_ws/install/moveit_setup_srdf_plugins/lib:/home/zhangchenxu/MOVEIT/moveit2_ws/install/moveit_setup_core_plugins/lib:/home/zhangchenxu/MOVEIT/moveit2_ws/install/moveit_setup_controllers/lib:/home/zhangchenxu/MOVEIT/moveit2_ws/install/moveit_setup_app_plugins/lib:/home/zhangchenxu/MOVEIT/moveit2_ws/install/moveit_setup_framework/lib:/home/zhangchenxu/MOVEIT/moveit2_ws/install/moveit_servo/lib:/home/zhangchenxu/MOVEIT/moveit2_ws/install/moveit_ros_visualization/lib:/home/zhangchenxu/MOVEIT/moveit2_ws/install/moveit_hybrid_planning/lib:/home/zhangchenxu/MOVEIT/moveit2_ws/install/moveit_ros_planning_interface/lib:/home/zhangchenxu/MOVEIT/moveit2_ws/install/moveit_ros_benchmarks/lib:/home/zhangchenxu/MOVEIT/moveit2_ws/install/moveit_ros_warehouse/lib:/home/zhangchenxu/MOVEIT/moveit2_ws/install/moveit_ros_robot_interaction/lib:/home/zhangchenxu/MOVEIT/moveit2_ws/install/moveit_ros_perception/lib:/home/zhangchenxu/MOVEIT/moveit2_ws/install/moveit_ros_move_group/lib:/home/zhangchenxu/MOVEIT/moveit2_ws/install/moveit_planners_ompl/lib:/home/zhangchenxu/MOVEIT/moveit2_ws/install/moveit_ros_planning/lib:/home/zhangchenxu/MOVEIT/moveit2_ws/install/moveit_ros_occupancy_map_monitor/lib:/home/zhangchenxu/MOVEIT/moveit2_ws/install/moveit_resources_prbt_ikfast_manipulator_plugin/lib:/home/zhangchenxu/MOVEIT/moveit2_ws/install/moveit_planners_chomp/lib:/home/zhangchenxu/MOVEIT/moveit2_ws/install/moveit_kinematics/lib:/home/zhangchenxu/MOVEIT/moveit2_ws/install/moveit_chomp_optimizer_adapter/lib:/home/zhangchenxu/MOVEIT/moveit2_ws/install/chomp_motion_planner/lib:/home/zhangchenxu/MOVEIT/moveit2_ws/install/moveit_core/lib:/home/zhangchenxu/MOVEIT/moveit2_ws/install/srdfdom/lib:/home/zhangchenxu/MOVEIT/moveit2_ws/install/rviz_marker_tools/lib:/home/zhangchenxu/MOVEIT/moveit2_ws/install/rosparam_shortcuts/lib:/home/zhangchenxu/MOVEIT/moveit2_ws/install/moveit_task_constructor_msgs/lib:/usr/lib/x86_64-linux-gnu/gazebo-11/plugins:/opt/ros/humble/opt/rviz_ogre_vendor/lib:/opt/ros/humble/lib/x86_64-linux-gnu:/opt/ros/humble/lib:/usr/share/gazebo/../../lib/x86_64-linux-gnu/gazebo-11/plugins PYTHONPATH=/home/zhangchenxu/Documents/00_Project/ClimblingRobot_v2.0/USE_DOUBLE_IMU/src/yesense_ros2_imu/install/yesense_interface/local/lib/python3.10/dist-packages:${PYTHONPATH} /usr/bin/cmake --build /home/zhangchenxu/Documents/00_Project/ClimblingRobot_v2.0/USE_DOUBLE_IMU/src/yesense_ros2_imu/build/double_imu -- -j12 -l12
[14.205s] DEBUG:colcon.colcon_core.event_handler.log_command:Invoking command in '/home/zhangchenxu/Documents/00_Project/ClimblingRobot_v2.0/USE_DOUBLE_IMU/src/yesense_ros2_imu/build/double_imu': AMENT_PREFIX_PATH=/home/zhangchenxu/Documents/00_Project/ClimblingRobot_v2.0/USE_DOUBLE_IMU/src/yesense_ros2_imu/install/yesense_interface:${AMENT_PREFIX_PATH} CMAKE_PREFIX_PATH=/home/zhangchenxu/Documents/00_Project/ClimblingRobot_v2.0/USE_DOUBLE_IMU/src/yesense_ros2_imu/install/yesense_interface:/home/zhangchenxu/MOVEIT/moveit2_ws/install/pilz_industrial_motion_planner_testutils:/home/zhangchenxu/MOVEIT/moveit2_ws/install/moveit_runtime:/home/zhangchenxu/MOVEIT/moveit2_ws/install/moveit2_tutorials:/home/zhangchenxu/MOVEIT/moveit2_ws/install/moveit:/home/zhangchenxu/MOVEIT/moveit2_ws/install/moveit_planners:/home/zhangchenxu/MOVEIT/moveit2_ws/install/pilz_industrial_motion_planner:/home/zhangchenxu/MOVEIT/moveit2_ws/install/moveit_visual_tools:/home/zhangchenxu/MOVEIT/moveit2_ws/install/moveit_task_constructor_visualization:/home/zhangchenxu/MOVEIT/moveit2_ws/install/moveit_task_constructor_demo:/home/zhangchenxu/MOVEIT/moveit2_ws/install/moveit_task_constructor_capabilities:/home/zhangchenxu/MOVEIT/moveit2_ws/install/moveit_task_constructor_core:/home/zhangchenxu/MOVEIT/moveit2_ws/install/moveit_ros_control_interface:/home/zhangchenxu/MOVEIT/moveit2_ws/install/moveit_plugins:/home/zhangchenxu/MOVEIT/moveit2_ws/install/moveit_simple_controller_manager:/home/zhangchenxu/MOVEIT/moveit2_ws/install/moveit_setup_assistant:/home/zhangchenxu/MOVEIT/moveit2_ws/install/moveit_setup_srdf_plugins:/home/zhangchenxu/MOVEIT/moveit2_ws/install/moveit_setup_core_plugins:/home/zhangchenxu/MOVEIT/moveit2_ws/install/moveit_setup_controllers:/home/zhangchenxu/MOVEIT/moveit2_ws/install/moveit_setup_app_plugins:/home/zhangchenxu/MOVEIT/moveit2_ws/install/moveit_setup_framework:/home/zhangchenxu/MOVEIT/moveit2_ws/install/moveit_servo:/home/zhangchenxu/MOVEIT/moveit2_ws/install/moveit_ros:/home/zhangchenxu/MOVEIT/moveit2_ws/install/moveit_ros_visualization:/home/zhangchenxu/MOVEIT/moveit2_ws/install/moveit_hybrid_planning:/home/zhangchenxu/MOVEIT/moveit2_ws/install/moveit_ros_planning_interface:/home/zhangchenxu/MOVEIT/moveit2_ws/install/moveit_ros_benchmarks:/home/zhangchenxu/MOVEIT/moveit2_ws/install/moveit_ros_warehouse:/home/zhangchenxu/MOVEIT/moveit2_ws/install/moveit_ros_robot_interaction:/home/zhangchenxu/MOVEIT/moveit2_ws/install/moveit_ros_perception:/home/zhangchenxu/MOVEIT/moveit2_ws/install/moveit_resources_prbt_pg70_support:/home/zhangchenxu/MOVEIT/moveit2_ws/install/moveit_resources_prbt_moveit_config:/home/zhangchenxu/MOVEIT/moveit2_ws/install/moveit_ros_move_group:/home/zhangchenxu/MOVEIT/moveit2_ws/install/moveit_planners_ompl:/home/zhangchenxu/MOVEIT/moveit2_ws/install/moveit_ros_planning:/home/zhangchenxu/MOVEIT/moveit2_ws/install/moveit_ros_occupancy_map_monitor:/home/zhangchenxu/MOVEIT/moveit2_ws/install/moveit_resources_prbt_ikfast_manipulator_plugin:/home/zhangchenxu/MOVEIT/moveit2_ws/install/moveit_planners_chomp:/home/zhangchenxu/MOVEIT/moveit2_ws/install/moveit_kinematics:/home/zhangchenxu/MOVEIT/moveit2_ws/install/moveit_chomp_optimizer_adapter:/home/zhangchenxu/MOVEIT/moveit2_ws/install/chomp_motion_planner:/home/zhangchenxu/MOVEIT/moveit2_ws/install/moveit_core:/home/zhangchenxu/MOVEIT/moveit2_ws/install/srdfdom:/home/zhangchenxu/MOVEIT/moveit2_ws/install/rviz_marker_tools:/home/zhangchenxu/MOVEIT/moveit2_ws/install/rosparam_shortcuts:/home/zhangchenxu/MOVEIT/moveit2_ws/install/moveit_task_constructor_msgs:/home/zhangchenxu/MOVEIT/moveit2_ws/install/moveit_resources_prbt_support:/home/zhangchenxu/MOVEIT/moveit2_ws/install/moveit_resources:/home/zhangchenxu/MOVEIT/moveit2_ws/install/moveit_resources_pr2_description:/home/zhangchenxu/MOVEIT/moveit2_ws/install/moveit_resources_panda_moveit_config:/home/zhangchenxu/MOVEIT/moveit2_ws/install/moveit_resources_panda_description:/home/zhangchenxu/MOVEIT/moveit2_ws/install/moveit_resources_fanuc_moveit_config:/home/zhangchenxu/MOVEIT/moveit2_ws/install/moveit_resources_fanuc_description:/home/zhangchenxu/MOVEIT/moveit2_ws/install/moveit_common:/home/zhangchenxu/MOVEIT/moveit2_ws/install/moveit_configs_utils:/home/zhangchenxu/MOVEIT/moveit2_ws/install/launch_param_builder:/opt/ros/humble LD_LIBRARY_PATH=/home/zhangchenxu/Documents/00_Project/ClimblingRobot_v2.0/USE_DOUBLE_IMU/src/yesense_ros2_imu/install/yesense_interface/lib:/usr/local/cuda-12.6/lib64:/home/zhangchenxu/MOVEIT/moveit2_ws/install/pilz_industrial_motion_planner_testutils/lib:/home/zhangchenxu/MOVEIT/moveit2_ws/install/pilz_industrial_motion_planner/lib:/home/zhangchenxu/MOVEIT/moveit2_ws/install/moveit_visual_tools/lib:/home/zhangchenxu/MOVEIT/moveit2_ws/install/moveit_task_constructor_visualization/lib:/home/zhangchenxu/MOVEIT/moveit2_ws/install/moveit_task_constructor_demo/lib:/home/zhangchenxu/MOVEIT/moveit2_ws/install/moveit_task_constructor_capabilities/lib:/home/zhangchenxu/MOVEIT/moveit2_ws/install/moveit_task_constructor_core/lib:/home/zhangchenxu/MOVEIT/moveit2_ws/install/moveit_ros_control_interface/lib:/home/zhangchenxu/MOVEIT/moveit2_ws/install/moveit_simple_controller_manager/lib:/home/zhangchenxu/MOVEIT/moveit2_ws/install/moveit_setup_assistant/lib:/home/zhangchenxu/MOVEIT/moveit2_ws/install/moveit_setup_srdf_plugins/lib:/home/zhangchenxu/MOVEIT/moveit2_ws/install/moveit_setup_core_plugins/lib:/home/zhangchenxu/MOVEIT/moveit2_ws/install/moveit_setup_controllers/lib:/home/zhangchenxu/MOVEIT/moveit2_ws/install/moveit_setup_app_plugins/lib:/home/zhangchenxu/MOVEIT/moveit2_ws/install/moveit_setup_framework/lib:/home/zhangchenxu/MOVEIT/moveit2_ws/install/moveit_servo/lib:/home/zhangchenxu/MOVEIT/moveit2_ws/install/moveit_ros_visualization/lib:/home/zhangchenxu/MOVEIT/moveit2_ws/install/moveit_hybrid_planning/lib:/home/zhangchenxu/MOVEIT/moveit2_ws/install/moveit_ros_planning_interface/lib:/home/zhangchenxu/MOVEIT/moveit2_ws/install/moveit_ros_benchmarks/lib:/home/zhangchenxu/MOVEIT/moveit2_ws/install/moveit_ros_warehouse/lib:/home/zhangchenxu/MOVEIT/moveit2_ws/install/moveit_ros_robot_interaction/lib:/home/zhangchenxu/MOVEIT/moveit2_ws/install/moveit_ros_perception/lib:/home/zhangchenxu/MOVEIT/moveit2_ws/install/moveit_ros_move_group/lib:/home/zhangchenxu/MOVEIT/moveit2_ws/install/moveit_planners_ompl/lib:/home/zhangchenxu/MOVEIT/moveit2_ws/install/moveit_ros_planning/lib:/home/zhangchenxu/MOVEIT/moveit2_ws/install/moveit_ros_occupancy_map_monitor/lib:/home/zhangchenxu/MOVEIT/moveit2_ws/install/moveit_resources_prbt_ikfast_manipulator_plugin/lib:/home/zhangchenxu/MOVEIT/moveit2_ws/install/moveit_planners_chomp/lib:/home/zhangchenxu/MOVEIT/moveit2_ws/install/moveit_kinematics/lib:/home/zhangchenxu/MOVEIT/moveit2_ws/install/moveit_chomp_optimizer_adapter/lib:/home/zhangchenxu/MOVEIT/moveit2_ws/install/chomp_motion_planner/lib:/home/zhangchenxu/MOVEIT/moveit2_ws/install/moveit_core/lib:/home/zhangchenxu/MOVEIT/moveit2_ws/install/srdfdom/lib:/home/zhangchenxu/MOVEIT/moveit2_ws/install/rviz_marker_tools/lib:/home/zhangchenxu/MOVEIT/moveit2_ws/install/rosparam_shortcuts/lib:/home/zhangchenxu/MOVEIT/moveit2_ws/install/moveit_task_constructor_msgs/lib:/usr/lib/x86_64-linux-gnu/gazebo-11/plugins:/opt/ros/humble/opt/rviz_ogre_vendor/lib:/opt/ros/humble/lib/x86_64-linux-gnu:/opt/ros/humble/lib:/usr/share/gazebo/../../lib/x86_64-linux-gnu/gazebo-11/plugins PYTHONPATH=/home/zhangchenxu/Documents/00_Project/ClimblingRobot_v2.0/USE_DOUBLE_IMU/src/yesense_ros2_imu/install/yesense_interface/local/lib/python3.10/dist-packages:${PYTHONPATH} /usr/bin/cmake --install /home/zhangchenxu/Documents/00_Project/ClimblingRobot_v2.0/USE_DOUBLE_IMU/src/yesense_ros2_imu/build/double_imu
[14.228s] Level 1:colcon.colcon_core.environment:create_environment_scripts_only(double_imu)
[14.229s] Level 1:colcon.colcon_core.environment:checking '/home/zhangchenxu/Documents/00_Project/ClimblingRobot_v2.0/USE_DOUBLE_IMU/src/yesense_ros2_imu/install/double_imu' for CMake module files
[14.229s] DEBUG:colcon.colcon_core.event_handler.log_command:Invoked command in '/home/zhangchenxu/Documents/00_Project/ClimblingRobot_v2.0/USE_DOUBLE_IMU/src/yesense_ros2_imu/build/double_imu' returned '0': AMENT_PREFIX_PATH=/home/zhangchenxu/Documents/00_Project/ClimblingRobot_v2.0/USE_DOUBLE_IMU/src/yesense_ros2_imu/install/yesense_interface:${AMENT_PREFIX_PATH} CMAKE_PREFIX_PATH=/home/zhangchenxu/Documents/00_Project/ClimblingRobot_v2.0/USE_DOUBLE_IMU/src/yesense_ros2_imu/install/yesense_interface:/home/zhangchenxu/MOVEIT/moveit2_ws/install/pilz_industrial_motion_planner_testutils:/home/zhangchenxu/MOVEIT/moveit2_ws/install/moveit_runtime:/home/zhangchenxu/MOVEIT/moveit2_ws/install/moveit2_tutorials:/home/zhangchenxu/MOVEIT/moveit2_ws/install/moveit:/home/zhangchenxu/MOVEIT/moveit2_ws/install/moveit_planners:/home/zhangchenxu/MOVEIT/moveit2_ws/install/pilz_industrial_motion_planner:/home/zhangchenxu/MOVEIT/moveit2_ws/install/moveit_visual_tools:/home/zhangchenxu/MOVEIT/moveit2_ws/install/moveit_task_constructor_visualization:/home/zhangchenxu/MOVEIT/moveit2_ws/install/moveit_task_constructor_demo:/home/zhangchenxu/MOVEIT/moveit2_ws/install/moveit_task_constructor_capabilities:/home/zhangchenxu/MOVEIT/moveit2_ws/install/moveit_task_constructor_core:/home/zhangchenxu/MOVEIT/moveit2_ws/install/moveit_ros_control_interface:/home/zhangchenxu/MOVEIT/moveit2_ws/install/moveit_plugins:/home/zhangchenxu/MOVEIT/moveit2_ws/install/moveit_simple_controller_manager:/home/zhangchenxu/MOVEIT/moveit2_ws/install/moveit_setup_assistant:/home/zhangchenxu/MOVEIT/moveit2_ws/install/moveit_setup_srdf_plugins:/home/zhangchenxu/MOVEIT/moveit2_ws/install/moveit_setup_core_plugins:/home/zhangchenxu/MOVEIT/moveit2_ws/install/moveit_setup_controllers:/home/zhangchenxu/MOVEIT/moveit2_ws/install/moveit_setup_app_plugins:/home/zhangchenxu/MOVEIT/moveit2_ws/install/moveit_setup_framework:/home/zhangchenxu/MOVEIT/moveit2_ws/install/moveit_servo:/home/zhangchenxu/MOVEIT/moveit2_ws/install/moveit_ros:/home/zhangchenxu/MOVEIT/moveit2_ws/install/moveit_ros_visualization:/home/zhangchenxu/MOVEIT/moveit2_ws/install/moveit_hybrid_planning:/home/zhangchenxu/MOVEIT/moveit2_ws/install/moveit_ros_planning_interface:/home/zhangchenxu/MOVEIT/moveit2_ws/install/moveit_ros_benchmarks:/home/zhangchenxu/MOVEIT/moveit2_ws/install/moveit_ros_warehouse:/home/zhangchenxu/MOVEIT/moveit2_ws/install/moveit_ros_robot_interaction:/home/zhangchenxu/MOVEIT/moveit2_ws/install/moveit_ros_perception:/home/zhangchenxu/MOVEIT/moveit2_ws/install/moveit_resources_prbt_pg70_support:/home/zhangchenxu/MOVEIT/moveit2_ws/install/moveit_resources_prbt_moveit_config:/home/zhangchenxu/MOVEIT/moveit2_ws/install/moveit_ros_move_group:/home/zhangchenxu/MOVEIT/moveit2_ws/install/moveit_planners_ompl:/home/zhangchenxu/MOVEIT/moveit2_ws/install/moveit_ros_planning:/home/zhangchenxu/MOVEIT/moveit2_ws/install/moveit_ros_occupancy_map_monitor:/home/zhangchenxu/MOVEIT/moveit2_ws/install/moveit_resources_prbt_ikfast_manipulator_plugin:/home/zhangchenxu/MOVEIT/moveit2_ws/install/moveit_planners_chomp:/home/zhangchenxu/MOVEIT/moveit2_ws/install/moveit_kinematics:/home/zhangchenxu/MOVEIT/moveit2_ws/install/moveit_chomp_optimizer_adapter:/home/zhangchenxu/MOVEIT/moveit2_ws/install/chomp_motion_planner:/home/zhangchenxu/MOVEIT/moveit2_ws/install/moveit_core:/home/zhangchenxu/MOVEIT/moveit2_ws/install/srdfdom:/home/zhangchenxu/MOVEIT/moveit2_ws/install/rviz_marker_tools:/home/zhangchenxu/MOVEIT/moveit2_ws/install/rosparam_shortcuts:/home/zhangchenxu/MOVEIT/moveit2_ws/install/moveit_task_constructor_msgs:/home/zhangchenxu/MOVEIT/moveit2_ws/install/moveit_resources_prbt_support:/home/zhangchenxu/MOVEIT/moveit2_ws/install/moveit_resources:/home/zhangchenxu/MOVEIT/moveit2_ws/install/moveit_resources_pr2_description:/home/zhangchenxu/MOVEIT/moveit2_ws/install/moveit_resources_panda_moveit_config:/home/zhangchenxu/MOVEIT/moveit2_ws/install/moveit_resources_panda_description:/home/zhangchenxu/MOVEIT/moveit2_ws/install/moveit_resources_fanuc_moveit_config:/home/zhangchenxu/MOVEIT/moveit2_ws/install/moveit_resources_fanuc_description:/home/zhangchenxu/MOVEIT/moveit2_ws/install/moveit_common:/home/zhangchenxu/MOVEIT/moveit2_ws/install/moveit_configs_utils:/home/zhangchenxu/MOVEIT/moveit2_ws/install/launch_param_builder:/opt/ros/humble LD_LIBRARY_PATH=/home/zhangchenxu/Documents/00_Project/ClimblingRobot_v2.0/USE_DOUBLE_IMU/src/yesense_ros2_imu/install/yesense_interface/lib:/usr/local/cuda-12.6/lib64:/home/zhangchenxu/MOVEIT/moveit2_ws/install/pilz_industrial_motion_planner_testutils/lib:/home/zhangchenxu/MOVEIT/moveit2_ws/install/pilz_industrial_motion_planner/lib:/home/zhangchenxu/MOVEIT/moveit2_ws/install/moveit_visual_tools/lib:/home/zhangchenxu/MOVEIT/moveit2_ws/install/moveit_task_constructor_visualization/lib:/home/zhangchenxu/MOVEIT/moveit2_ws/install/moveit_task_constructor_demo/lib:/home/zhangchenxu/MOVEIT/moveit2_ws/install/moveit_task_constructor_capabilities/lib:/home/zhangchenxu/MOVEIT/moveit2_ws/install/moveit_task_constructor_core/lib:/home/zhangchenxu/MOVEIT/moveit2_ws/install/moveit_ros_control_interface/lib:/home/zhangchenxu/MOVEIT/moveit2_ws/install/moveit_simple_controller_manager/lib:/home/zhangchenxu/MOVEIT/moveit2_ws/install/moveit_setup_assistant/lib:/home/zhangchenxu/MOVEIT/moveit2_ws/install/moveit_setup_srdf_plugins/lib:/home/zhangchenxu/MOVEIT/moveit2_ws/install/moveit_setup_core_plugins/lib:/home/zhangchenxu/MOVEIT/moveit2_ws/install/moveit_setup_controllers/lib:/home/zhangchenxu/MOVEIT/moveit2_ws/install/moveit_setup_app_plugins/lib:/home/zhangchenxu/MOVEIT/moveit2_ws/install/moveit_setup_framework/lib:/home/zhangchenxu/MOVEIT/moveit2_ws/install/moveit_servo/lib:/home/zhangchenxu/MOVEIT/moveit2_ws/install/moveit_ros_visualization/lib:/home/zhangchenxu/MOVEIT/moveit2_ws/install/moveit_hybrid_planning/lib:/home/zhangchenxu/MOVEIT/moveit2_ws/install/moveit_ros_planning_interface/lib:/home/zhangchenxu/MOVEIT/moveit2_ws/install/moveit_ros_benchmarks/lib:/home/zhangchenxu/MOVEIT/moveit2_ws/install/moveit_ros_warehouse/lib:/home/zhangchenxu/MOVEIT/moveit2_ws/install/moveit_ros_robot_interaction/lib:/home/zhangchenxu/MOVEIT/moveit2_ws/install/moveit_ros_perception/lib:/home/zhangchenxu/MOVEIT/moveit2_ws/install/moveit_ros_move_group/lib:/home/zhangchenxu/MOVEIT/moveit2_ws/install/moveit_planners_ompl/lib:/home/zhangchenxu/MOVEIT/moveit2_ws/install/moveit_ros_planning/lib:/home/zhangchenxu/MOVEIT/moveit2_ws/install/moveit_ros_occupancy_map_monitor/lib:/home/zhangchenxu/MOVEIT/moveit2_ws/install/moveit_resources_prbt_ikfast_manipulator_plugin/lib:/home/zhangchenxu/MOVEIT/moveit2_ws/install/moveit_planners_chomp/lib:/home/zhangchenxu/MOVEIT/moveit2_ws/install/moveit_kinematics/lib:/home/zhangchenxu/MOVEIT/moveit2_ws/install/moveit_chomp_optimizer_adapter/lib:/home/zhangchenxu/MOVEIT/moveit2_ws/install/chomp_motion_planner/lib:/home/zhangchenxu/MOVEIT/moveit2_ws/install/moveit_core/lib:/home/zhangchenxu/MOVEIT/moveit2_ws/install/srdfdom/lib:/home/zhangchenxu/MOVEIT/moveit2_ws/install/rviz_marker_tools/lib:/home/zhangchenxu/MOVEIT/moveit2_ws/install/rosparam_shortcuts/lib:/home/zhangchenxu/MOVEIT/moveit2_ws/install/moveit_task_constructor_msgs/lib:/usr/lib/x86_64-linux-gnu/gazebo-11/plugins:/opt/ros/humble/opt/rviz_ogre_vendor/lib:/opt/ros/humble/lib/x86_64-linux-gnu:/opt/ros/humble/lib:/usr/share/gazebo/../../lib/x86_64-linux-gnu/gazebo-11/plugins PYTHONPATH=/home/zhangchenxu/Documents/00_Project/ClimblingRobot_v2.0/USE_DOUBLE_IMU/src/yesense_ros2_imu/install/yesense_interface/local/lib/python3.10/dist-packages:${PYTHONPATH} /usr/bin/cmake --install /home/zhangchenxu/Documents/00_Project/ClimblingRobot_v2.0/USE_DOUBLE_IMU/src/yesense_ros2_imu/build/double_imu
[14.229s] Level 1:colcon.colcon_core.environment:checking '/home/zhangchenxu/Documents/00_Project/ClimblingRobot_v2.0/USE_DOUBLE_IMU/src/yesense_ros2_imu/install/double_imu' for CMake config files
[14.229s] Level 1:colcon.colcon_core.shell:create_environment_hook('double_imu', 'cmake_prefix_path')
[14.229s] INFO:colcon.colcon_core.shell:Creating environment hook '/home/zhangchenxu/Documents/00_Project/ClimblingRobot_v2.0/USE_DOUBLE_IMU/src/yesense_ros2_imu/install/double_imu/share/double_imu/hook/cmake_prefix_path.ps1'
[14.230s] INFO:colcon.colcon_core.shell:Creating environment descriptor '/home/zhangchenxu/Documents/00_Project/ClimblingRobot_v2.0/USE_DOUBLE_IMU/src/yesense_ros2_imu/install/double_imu/share/double_imu/hook/cmake_prefix_path.dsv'
[14.230s] INFO:colcon.colcon_core.shell:Creating environment hook '/home/zhangchenxu/Documents/00_Project/ClimblingRobot_v2.0/USE_DOUBLE_IMU/src/yesense_ros2_imu/install/double_imu/share/double_imu/hook/cmake_prefix_path.sh'
[14.230s] Level 1:colcon.colcon_core.environment:checking '/home/zhangchenxu/Documents/00_Project/ClimblingRobot_v2.0/USE_DOUBLE_IMU/src/yesense_ros2_imu/install/double_imu/lib'
[14.230s] Level 1:colcon.colcon_core.environment:checking '/home/zhangchenxu/Documents/00_Project/ClimblingRobot_v2.0/USE_DOUBLE_IMU/src/yesense_ros2_imu/install/double_imu/bin'
[14.230s] Level 1:colcon.colcon_core.environment:checking '/home/zhangchenxu/Documents/00_Project/ClimblingRobot_v2.0/USE_DOUBLE_IMU/src/yesense_ros2_imu/install/double_imu/lib/pkgconfig/double_imu.pc'
[14.230s] Level 1:colcon.colcon_core.environment:checking '/home/zhangchenxu/Documents/00_Project/ClimblingRobot_v2.0/USE_DOUBLE_IMU/src/yesense_ros2_imu/install/double_imu/lib/python3.10/site-packages'
[14.231s] Level 1:colcon.colcon_core.environment:checking '/home/zhangchenxu/Documents/00_Project/ClimblingRobot_v2.0/USE_DOUBLE_IMU/src/yesense_ros2_imu/install/double_imu/bin'
[14.231s] INFO:colcon.colcon_core.shell:Creating package script '/home/zhangchenxu/Documents/00_Project/ClimblingRobot_v2.0/USE_DOUBLE_IMU/src/yesense_ros2_imu/install/double_imu/share/double_imu/package.ps1'
[14.231s] INFO:colcon.colcon_core.shell:Creating package descriptor '/home/zhangchenxu/Documents/00_Project/ClimblingRobot_v2.0/USE_DOUBLE_IMU/src/yesense_ros2_imu/install/double_imu/share/double_imu/package.dsv'
[14.231s] INFO:colcon.colcon_core.shell:Creating package script '/home/zhangchenxu/Documents/00_Project/ClimblingRobot_v2.0/USE_DOUBLE_IMU/src/yesense_ros2_imu/install/double_imu/share/double_imu/package.sh'
[14.232s] INFO:colcon.colcon_core.shell:Creating package script '/home/zhangchenxu/Documents/00_Project/ClimblingRobot_v2.0/USE_DOUBLE_IMU/src/yesense_ros2_imu/install/double_imu/share/double_imu/package.bash'
[14.232s] INFO:colcon.colcon_core.shell:Creating package script '/home/zhangchenxu/Documents/00_Project/ClimblingRobot_v2.0/USE_DOUBLE_IMU/src/yesense_ros2_imu/install/double_imu/share/double_imu/package.zsh'
[14.232s] Level 1:colcon.colcon_core.environment:create_file_with_runtime_dependencies(/home/zhangchenxu/Documents/00_Project/ClimblingRobot_v2.0/USE_DOUBLE_IMU/src/yesense_ros2_imu/install/double_imu/share/colcon-core/packages/double_imu)
[14.232s] Level 1:colcon.colcon_core.environment:create_environment_scripts_only(double_imu)
[14.232s] Level 1:colcon.colcon_core.environment:checking '/home/zhangchenxu/Documents/00_Project/ClimblingRobot_v2.0/USE_DOUBLE_IMU/src/yesense_ros2_imu/install/double_imu' for CMake module files
[14.233s] Level 1:colcon.colcon_core.environment:checking '/home/zhangchenxu/Documents/00_Project/ClimblingRobot_v2.0/USE_DOUBLE_IMU/src/yesense_ros2_imu/install/double_imu' for CMake config files
[14.233s] Level 1:colcon.colcon_core.shell:create_environment_hook('double_imu', 'cmake_prefix_path')
[14.233s] INFO:colcon.colcon_core.shell:Creating environment hook '/home/zhangchenxu/Documents/00_Project/ClimblingRobot_v2.0/USE_DOUBLE_IMU/src/yesense_ros2_imu/install/double_imu/share/double_imu/hook/cmake_prefix_path.ps1'
[14.233s] INFO:colcon.colcon_core.shell:Creating environment descriptor '/home/zhangchenxu/Documents/00_Project/ClimblingRobot_v2.0/USE_DOUBLE_IMU/src/yesense_ros2_imu/install/double_imu/share/double_imu/hook/cmake_prefix_path.dsv'
[14.234s] INFO:colcon.colcon_core.shell:Creating environment hook '/home/zhangchenxu/Documents/00_Project/ClimblingRobot_v2.0/USE_DOUBLE_IMU/src/yesense_ros2_imu/install/double_imu/share/double_imu/hook/cmake_prefix_path.sh'
[14.234s] Level 1:colcon.colcon_core.environment:checking '/home/zhangchenxu/Documents/00_Project/ClimblingRobot_v2.0/USE_DOUBLE_IMU/src/yesense_ros2_imu/install/double_imu/lib'
[14.234s] Level 1:colcon.colcon_core.environment:checking '/home/zhangchenxu/Documents/00_Project/ClimblingRobot_v2.0/USE_DOUBLE_IMU/src/yesense_ros2_imu/install/double_imu/bin'
[14.234s] Level 1:colcon.colcon_core.environment:checking '/home/zhangchenxu/Documents/00_Project/ClimblingRobot_v2.0/USE_DOUBLE_IMU/src/yesense_ros2_imu/install/double_imu/lib/pkgconfig/double_imu.pc'
[14.234s] Level 1:colcon.colcon_core.environment:checking '/home/zhangchenxu/Documents/00_Project/ClimblingRobot_v2.0/USE_DOUBLE_IMU/src/yesense_ros2_imu/install/double_imu/lib/python3.10/site-packages'
[14.234s] Level 1:colcon.colcon_core.environment:checking '/home/zhangchenxu/Documents/00_Project/ClimblingRobot_v2.0/USE_DOUBLE_IMU/src/yesense_ros2_imu/install/double_imu/bin'
[14.234s] INFO:colcon.colcon_core.shell:Creating package script '/home/zhangchenxu/Documents/00_Project/ClimblingRobot_v2.0/USE_DOUBLE_IMU/src/yesense_ros2_imu/install/double_imu/share/double_imu/package.ps1'
[14.235s] INFO:colcon.colcon_core.shell:Creating package descriptor '/home/zhangchenxu/Documents/00_Project/ClimblingRobot_v2.0/USE_DOUBLE_IMU/src/yesense_ros2_imu/install/double_imu/share/double_imu/package.dsv'
[14.235s] INFO:colcon.colcon_core.shell:Creating package script '/home/zhangchenxu/Documents/00_Project/ClimblingRobot_v2.0/USE_DOUBLE_IMU/src/yesense_ros2_imu/install/double_imu/share/double_imu/package.sh'
[14.235s] INFO:colcon.colcon_core.shell:Creating package script '/home/zhangchenxu/Documents/00_Project/ClimblingRobot_v2.0/USE_DOUBLE_IMU/src/yesense_ros2_imu/install/double_imu/share/double_imu/package.bash'
[14.236s] INFO:colcon.colcon_core.shell:Creating package script '/home/zhangchenxu/Documents/00_Project/ClimblingRobot_v2.0/USE_DOUBLE_IMU/src/yesense_ros2_imu/install/double_imu/share/double_imu/package.zsh'
[14.236s] Level 1:colcon.colcon_core.environment:create_file_with_runtime_dependencies(/home/zhangchenxu/Documents/00_Project/ClimblingRobot_v2.0/USE_DOUBLE_IMU/src/yesense_ros2_imu/install/double_imu/share/colcon-core/packages/double_imu)
[14.236s] DEBUG:colcon.colcon_parallel_executor.executor.parallel:closing loop
[14.236s] DEBUG:colcon.colcon_parallel_executor.executor.parallel:loop closed
[14.236s] DEBUG:colcon.colcon_parallel_executor.executor.parallel:run_until_complete finished with '0'
[14.236s] DEBUG:colcon.colcon_core.event_reactor:joining thread
[14.240s] INFO:colcon.colcon_core.plugin_system:Skipping extension 'colcon_notification.desktop_notification.terminal_notifier': Not used on non-Darwin systems
[14.240s] INFO:colcon.colcon_core.plugin_system:Skipping extension 'colcon_notification.desktop_notification.win32': Not used on non-Windows systems
[14.240s] INFO:colcon.colcon_notification.desktop_notification:Sending desktop notification using 'notify2'
[14.252s] DEBUG:colcon.colcon_core.event_reactor:joined thread
[14.252s] INFO:colcon.colcon_core.shell:Creating prefix script '/home/zhangchenxu/Documents/00_Project/ClimblingRobot_v2.0/USE_DOUBLE_IMU/src/yesense_ros2_imu/install/local_setup.ps1'
[14.252s] INFO:colcon.colcon_core.shell:Creating prefix util module '/home/zhangchenxu/Documents/00_Project/ClimblingRobot_v2.0/USE_DOUBLE_IMU/src/yesense_ros2_imu/install/_local_setup_util_ps1.py'
[14.253s] INFO:colcon.colcon_core.shell:Creating prefix chain script '/home/zhangchenxu/Documents/00_Project/ClimblingRobot_v2.0/USE_DOUBLE_IMU/src/yesense_ros2_imu/install/setup.ps1'
[14.256s] INFO:colcon.colcon_core.shell:Creating prefix script '/home/zhangchenxu/Documents/00_Project/ClimblingRobot_v2.0/USE_DOUBLE_IMU/src/yesense_ros2_imu/install/local_setup.sh'
[14.256s] INFO:colcon.colcon_core.shell:Creating prefix util module '/home/zhangchenxu/Documents/00_Project/ClimblingRobot_v2.0/USE_DOUBLE_IMU/src/yesense_ros2_imu/install/_local_setup_util_sh.py'
[14.256s] INFO:colcon.colcon_core.shell:Creating prefix chain script '/home/zhangchenxu/Documents/00_Project/ClimblingRobot_v2.0/USE_DOUBLE_IMU/src/yesense_ros2_imu/install/setup.sh'
[14.258s] INFO:colcon.colcon_core.shell:Creating prefix script '/home/zhangchenxu/Documents/00_Project/ClimblingRobot_v2.0/USE_DOUBLE_IMU/src/yesense_ros2_imu/install/local_setup.bash'
[14.259s] INFO:colcon.colcon_core.shell:Creating prefix chain script '/home/zhangchenxu/Documents/00_Project/ClimblingRobot_v2.0/USE_DOUBLE_IMU/src/yesense_ros2_imu/install/setup.bash'
[14.261s] INFO:colcon.colcon_core.shell:Creating prefix script '/home/zhangchenxu/Documents/00_Project/ClimblingRobot_v2.0/USE_DOUBLE_IMU/src/yesense_ros2_imu/install/local_setup.zsh'
[14.261s] INFO:colcon.colcon_core.shell:Creating prefix chain script '/home/zhangchenxu/Documents/00_Project/ClimblingRobot_v2.0/USE_DOUBLE_IMU/src/yesense_ros2_imu/install/setup.zsh'
