[35m[1mConsolidate compiler generated dependencies of target data_collect_node[0m
[ 66%] Built target wheel_talker_node
[ 66%] Built target camera_talker_node
[ 83%] [32mBuilding CXX object CMakeFiles/data_collect_node.dir/src/data_collect_node.cpp.o[0m
[01m[K/home/zhangchenxu/Documents/00_Project/ClimblingRobot_v2.0/CarTerminal/src/carterminal/src/data_collect_node.cpp:[m[K In member function ‘[01m[Kvoid Data_Collect::data_collect_callback()[m[K’:
[01m[K/home/zhangchenxu/Documents/00_Project/ClimblingRobot_v2.0/CarTerminal/src/carterminal/src/data_collect_node.cpp:29:17:[m[K [01;31m[Kerror: [m[Kno matching function for call to ‘[01m[Kserial::Serial::read(uint32_t [15], int)[m[K’
   29 |         [01;31m[Kser.read(Readdate, 15)[m[K;
      |         [01;31m[K~~~~~~~~^~~~~~~~~~~~~~[m[K
In file included from [01m[K/home/zhangchenxu/Documents/00_Project/ClimblingRobot_v2.0/CarTerminal/src/carterminal/src/data_collect_node.cpp:2[m[K:
[01m[K/usr/local/include/serial/serial.h:265:3:[m[K [01;36m[Knote: [m[Kcandidate: ‘[01m[Ksize_t serial::Serial::read(uint8_t*, size_t)[m[K’
  265 |   [01;36m[Kread[m[K (uint8_t *buffer, size_t size);
      |   [01;36m[K^~~~[m[K
[01m[K/usr/local/include/serial/serial.h:265:18:[m[K [01;36m[Knote: [m[K  no known conversion for argument 1 from ‘[01m[Kuint32_t [15][m[K’ {aka ‘[01m[Kunsigned int [15][m[K’} to ‘[01m[Kuint8_t*[m[K’ {aka ‘[01m[Kunsigned char*[m[K’}
  265 |   read ([01;36m[Kuint8_t *buffer[m[K, size_t size);
      |         [01;36m[K~~~~~~~~~^~~~~~[m[K
[01m[K/usr/local/include/serial/serial.h:279:3:[m[K [01;36m[Knote: [m[Kcandidate: ‘[01m[Ksize_t serial::Serial::read(std::vector<unsigned char, std::allocator<unsigned char> >&, size_t)[m[K’
  279 |   [01;36m[Kread[m[K (std::vector<uint8_t> &buffer, size_t size = 1);
      |   [01;36m[K^~~~[m[K
[01m[K/usr/local/include/serial/serial.h:279:31:[m[K [01;36m[Knote: [m[K  no known conversion for argument 1 from ‘[01m[Kuint32_t [15][m[K’ {aka ‘[01m[Kunsigned int [15][m[K’} to ‘[01m[Kstd::vector<unsigned char, std::allocator<unsigned char> >&[m[K’
  279 |   read ([01;36m[Kstd::vector<uint8_t> &buffer[m[K, size_t size = 1);
      |         [01;36m[K~~~~~~~~~~~~~~~~~~~~~~^~~~~~[m[K
[01m[K/usr/local/include/serial/serial.h:293:3:[m[K [01;36m[Knote: [m[Kcandidate: ‘[01m[Ksize_t serial::Serial::read(std::string&, size_t)[m[K’
  293 |   [01;36m[Kread[m[K (std::string &buffer, size_t size = 1);
      |   [01;36m[K^~~~[m[K
[01m[K/usr/local/include/serial/serial.h:293:22:[m[K [01;36m[Knote: [m[K  no known conversion for argument 1 from ‘[01m[Kuint32_t [15][m[K’ {aka ‘[01m[Kunsigned int [15][m[K’} to ‘[01m[Kstd::string&[m[K’ {aka ‘[01m[Kstd::__cxx11::basic_string<char>&[m[K’}
  293 |   read ([01;36m[Kstd::string &buffer[m[K, size_t size = 1);
      |         [01;36m[K~~~~~~~~~~~~~^~~~~~[m[K
[01m[K/usr/local/include/serial/serial.h:306:3:[m[K [01;36m[Knote: [m[Kcandidate: ‘[01m[Kstd::string serial::Serial::read(size_t)[m[K’
  306 |   [01;36m[Kread[m[K (size_t size = 1);
      |   [01;36m[K^~~~[m[K
[01m[K/usr/local/include/serial/serial.h:306:3:[m[K [01;36m[Knote: [m[K  candidate expects 1 argument, 2 provided
gmake[2]: *** [CMakeFiles/data_collect_node.dir/build.make:76：CMakeFiles/data_collect_node.dir/src/data_collect_node.cpp.o] 错误 1
gmake[1]: *** [CMakeFiles/Makefile2:193：CMakeFiles/data_collect_node.dir/all] 错误 2
gmake: *** [Makefile:146：all] 错误 2
