[0.021s] Invoking command in '/home/zhangchenxu/Documents/00_Project/ClimblingRobot_v2.0/CarTerminal/build/carterminal': CMAKE_PREFIX_PATH=${CMAKE_PREFIX_PATH}:/home/zhangchenxu/MOVEIT/moveit2_ws/install/moveit_configs_utils:/home/zhangchenxu/MOVEIT/moveit2_ws/install/launch_param_builder:/opt/ros/humble /usr/bin/cmake --build /home/zhangchenxu/Documents/00_Project/ClimblingRobot_v2.0/CarTerminal/build/carterminal -- -j12 -l12
[0.094s] [ 25%] Built target camera_talker_node
[0.096s] [ 50%] Built target wheel_talker_node
[0.098s] [ 62%] [32mBuilding CXX object CMakeFiles/data_collect_node.dir/src/data_collect_node.cpp.o[0m
[0.098s] [ 75%] [32mBuilding CXX object CMakeFiles/sensor_collect_node.dir/src/sensor_collect_node.cpp.o[0m
[1.750s] [01m[K/home/zhangchenxu/Documents/00_Project/ClimblingRobot_v2.0/CarTerminal/src/carterminal/src/sensor_collect_node.cpp:[m[K In member function ‘[01m[Kvoid Sensor_Collect_Node::senddata_cb()[m[K’:
[1.750s] [01m[K/home/zhangchenxu/Documents/00_Project/ClimblingRobot_v2.0/CarTerminal/src/carterminal/src/sensor_collect_node.cpp:69:44:[m[K [01;31m[Kerror: [m[K‘[01m[Kg_state_mtx[m[K’ was not declared in this scope; did you mean ‘[01m[Kmbstate_t[m[K’?
[1.750s]    69 |             std::lock_guard<std::mutex> lk([01;31m[Kg_state_mtx[m[K);
[1.750s]       |                                            [01;31m[K^~~~~~~~~~~[m[K
[1.750s]       |                                            [32m[Kmbstate_t[m[K
[1.753s] [01m[K/home/zhangchenxu/Documents/00_Project/ClimblingRobot_v2.0/CarTerminal/src/carterminal/src/sensor_collect_node.cpp:70:33:[m[K [01;31m[Kerror: [m[K‘[01m[Kg_state[m[K’ was not declared in this scope; did you mean ‘[01m[K_xstate[m[K’?
[1.753s]    70 |             float weight_left = [01;31m[Kg_state[m[K.weight_left;
[1.753s]       |                                 [01;31m[K^~~~~~~[m[K
[1.753s]       |                                 [32m[K_xstate[m[K
[2.972s] [ 87%] [32m[1mLinking CXX executable data_collect_node[0m
[3.118s] [ 87%] Built target data_collect_node
[3.967s] gmake[2]: *** [CMakeFiles/sensor_collect_node.dir/build.make:76：CMakeFiles/sensor_collect_node.dir/src/sensor_collect_node.cpp.o] 错误 1
[3.968s] gmake[1]: *** [CMakeFiles/Makefile2:221：CMakeFiles/sensor_collect_node.dir/all] 错误 2
[3.968s] gmake: *** [Makefile:146：all] 错误 2
[3.970s] Invoked command in '/home/zhangchenxu/Documents/00_Project/ClimblingRobot_v2.0/CarTerminal/build/carterminal' returned '2': CMAKE_PREFIX_PATH=${CMAKE_PREFIX_PATH}:/home/zhangchenxu/MOVEIT/moveit2_ws/install/moveit_configs_utils:/home/zhangchenxu/MOVEIT/moveit2_ws/install/launch_param_builder:/opt/ros/humble /usr/bin/cmake --build /home/zhangchenxu/Documents/00_Project/ClimblingRobot_v2.0/CarTerminal/build/carterminal -- -j12 -l12
