[0.013s] Invoking command in '/home/zhangchenxu/Documents/00_Project/ClimblingRobot_v2.0/GroundTerminal/build/groundterminal': CMAKE_PREFIX_PATH=${CMAKE_PREFIX_PATH}:/home/zhangchenxu/MOVEIT/moveit2_ws/install/moveit_configs_utils:/home/zhangchenxu/MOVEIT/moveit2_ws/install/launch_param_builder:/opt/ros/humble /usr/bin/cmake --build /home/zhangchenxu/Documents/00_Project/ClimblingRobot_v2.0/GroundTerminal/build/groundterminal -- -j12 -l12
[0.080s] [ 25%] Built target shared_state
[0.084s] [ 50%] Built target car_candriver
[0.095s] [35m[1mConsolidate compiler generated dependencies of target remote_control[0m
[0.112s] [ 75%] Built target mode_switching
[0.117s] [ 87%] [32mBuilding CXX object CMakeFiles/remote_control.dir/src/remote_control.cpp.o[0m
[3.148s] [100%] [32m[1mLinking CXX executable remote_control[0m
[3.299s] [100%] Built target remote_control
[3.311s] Invoked command in '/home/zhangchenxu/Documents/00_Project/ClimblingRobot_v2.0/GroundTerminal/build/groundterminal' returned '0': CMAKE_PREFIX_PATH=${CMAKE_PREFIX_PATH}:/home/zhangchenxu/MOVEIT/moveit2_ws/install/moveit_configs_utils:/home/zhangchenxu/MOVEIT/moveit2_ws/install/launch_param_builder:/opt/ros/humble /usr/bin/cmake --build /home/zhangchenxu/Documents/00_Project/ClimblingRobot_v2.0/GroundTerminal/build/groundterminal -- -j12 -l12
[3.324s] Invoking command in '/home/zhangchenxu/Documents/00_Project/ClimblingRobot_v2.0/GroundTerminal/build/groundterminal': CMAKE_PREFIX_PATH=${CMAKE_PREFIX_PATH}:/home/zhangchenxu/MOVEIT/moveit2_ws/install/moveit_configs_utils:/home/zhangchenxu/MOVEIT/moveit2_ws/install/launch_param_builder:/opt/ros/humble /usr/bin/cmake --install /home/zhangchenxu/Documents/00_Project/ClimblingRobot_v2.0/GroundTerminal/build/groundterminal
[3.333s] -- Install configuration: ""
[3.333s] -- Up-to-date: /home/zhangchenxu/Documents/00_Project/ClimblingRobot_v2.0/GroundTerminal/install/groundterminal/lib/groundterminal/car_candriver
[3.333s] -- Installing: /home/zhangchenxu/Documents/00_Project/ClimblingRobot_v2.0/GroundTerminal/install/groundterminal/lib/groundterminal/remote_control
[3.335s] -- Set runtime path of "/home/zhangchenxu/Documents/00_Project/ClimblingRobot_v2.0/GroundTerminal/install/groundterminal/lib/groundterminal/remote_control" to ""
[3.335s] -- Up-to-date: /home/zhangchenxu/Documents/00_Project/ClimblingRobot_v2.0/GroundTerminal/install/groundterminal/lib/groundterminal/mode_switching
[3.335s] -- Up-to-date: /home/zhangchenxu/Documents/00_Project/ClimblingRobot_v2.0/GroundTerminal/install/groundterminal/share/groundterminal/launch
[3.335s] -- Up-to-date: /home/zhangchenxu/Documents/00_Project/ClimblingRobot_v2.0/GroundTerminal/install/groundterminal/share/groundterminal/launch/start_launch.py
[3.335s] -- Up-to-date: /home/zhangchenxu/Documents/00_Project/ClimblingRobot_v2.0/GroundTerminal/install/groundterminal/share/ament_index/resource_index/package_run_dependencies/groundterminal
[3.335s] -- Up-to-date: /home/zhangchenxu/Documents/00_Project/ClimblingRobot_v2.0/GroundTerminal/install/groundterminal/share/ament_index/resource_index/parent_prefix_path/groundterminal
[3.335s] -- Up-to-date: /home/zhangchenxu/Documents/00_Project/ClimblingRobot_v2.0/GroundTerminal/install/groundterminal/share/groundterminal/environment/ament_prefix_path.sh
[3.335s] -- Up-to-date: /home/zhangchenxu/Documents/00_Project/ClimblingRobot_v2.0/GroundTerminal/install/groundterminal/share/groundterminal/environment/ament_prefix_path.dsv
[3.335s] -- Up-to-date: /home/zhangchenxu/Documents/00_Project/ClimblingRobot_v2.0/GroundTerminal/install/groundterminal/share/groundterminal/environment/path.sh
[3.336s] -- Up-to-date: /home/zhangchenxu/Documents/00_Project/ClimblingRobot_v2.0/GroundTerminal/install/groundterminal/share/groundterminal/environment/path.dsv
[3.336s] -- Up-to-date: /home/zhangchenxu/Documents/00_Project/ClimblingRobot_v2.0/GroundTerminal/install/groundterminal/share/groundterminal/local_setup.bash
[3.336s] -- Up-to-date: /home/zhangchenxu/Documents/00_Project/ClimblingRobot_v2.0/GroundTerminal/install/groundterminal/share/groundterminal/local_setup.sh
[3.336s] -- Up-to-date: /home/zhangchenxu/Documents/00_Project/ClimblingRobot_v2.0/GroundTerminal/install/groundterminal/share/groundterminal/local_setup.zsh
[3.336s] -- Up-to-date: /home/zhangchenxu/Documents/00_Project/ClimblingRobot_v2.0/GroundTerminal/install/groundterminal/share/groundterminal/local_setup.dsv
[3.336s] -- Installing: /home/zhangchenxu/Documents/00_Project/ClimblingRobot_v2.0/GroundTerminal/install/groundterminal/share/groundterminal/package.dsv
[3.336s] -- Up-to-date: /home/zhangchenxu/Documents/00_Project/ClimblingRobot_v2.0/GroundTerminal/install/groundterminal/share/ament_index/resource_index/packages/groundterminal
[3.336s] -- Up-to-date: /home/zhangchenxu/Documents/00_Project/ClimblingRobot_v2.0/GroundTerminal/install/groundterminal/share/groundterminal/cmake/groundterminalConfig.cmake
[3.336s] -- Up-to-date: /home/zhangchenxu/Documents/00_Project/ClimblingRobot_v2.0/GroundTerminal/install/groundterminal/share/groundterminal/cmake/groundterminalConfig-version.cmake
[3.336s] -- Up-to-date: /home/zhangchenxu/Documents/00_Project/ClimblingRobot_v2.0/GroundTerminal/install/groundterminal/share/groundterminal/package.xml
[3.337s] Invoked command in '/home/zhangchenxu/Documents/00_Project/ClimblingRobot_v2.0/GroundTerminal/build/groundterminal' returned '0': CMAKE_PREFIX_PATH=${CMAKE_PREFIX_PATH}:/home/zhangchenxu/MOVEIT/moveit2_ws/install/moveit_configs_utils:/home/zhangchenxu/MOVEIT/moveit2_ws/install/launch_param_builder:/opt/ros/humble /usr/bin/cmake --install /home/zhangchenxu/Documents/00_Project/ClimblingRobot_v2.0/GroundTerminal/build/groundterminal
