[0.014s] Invoking command in '/home/zhangchenxu/Documents/00_Project/ClimblingRobot_v2.0/GroundTerminal/build/groundterminal': CMAKE_PREFIX_PATH=${CMAKE_PREFIX_PATH}:/home/zhangchenxu/MOVEIT/moveit2_ws/install/moveit_configs_utils:/home/zhangchenxu/MOVEIT/moveit2_ws/install/launch_param_builder:/opt/ros/humble /usr/bin/cmake --build /home/zhangchenxu/Documents/00_Project/ClimblingRobot_v2.0/GroundTerminal/build/groundterminal -- -j12 -l12
[0.067s] [35m[1mConsolidate compiler generated dependencies of target remote_control[0m
[0.084s] [ 25%] [32mBuilding CXX object CMakeFiles/car_candriver.dir/src/car_candriver.cpp.o[0m
[0.089s] [ 75%] Built target remote_control
[7.349s] [100%] [32m[1mLinking CXX executable car_candriver[0m
[7.704s] [100%] Built target car_candriver
[7.719s] Invoked command in '/home/zhangchenxu/Documents/00_Project/ClimblingRobot_v2.0/GroundTerminal/build/groundterminal' returned '0': CMAKE_PREFIX_PATH=${CMAKE_PREFIX_PATH}:/home/zhangchenxu/MOVEIT/moveit2_ws/install/moveit_configs_utils:/home/zhangchenxu/MOVEIT/moveit2_ws/install/launch_param_builder:/opt/ros/humble /usr/bin/cmake --build /home/zhangchenxu/Documents/00_Project/ClimblingRobot_v2.0/GroundTerminal/build/groundterminal -- -j12 -l12
[7.732s] Invoking command in '/home/zhangchenxu/Documents/00_Project/ClimblingRobot_v2.0/GroundTerminal/build/groundterminal': CMAKE_PREFIX_PATH=${CMAKE_PREFIX_PATH}:/home/zhangchenxu/MOVEIT/moveit2_ws/install/moveit_configs_utils:/home/zhangchenxu/MOVEIT/moveit2_ws/install/launch_param_builder:/opt/ros/humble /usr/bin/cmake --install /home/zhangchenxu/Documents/00_Project/ClimblingRobot_v2.0/GroundTerminal/build/groundterminal
[7.742s] -- Install configuration: ""
[7.742s] -- Installing: /home/zhangchenxu/Documents/00_Project/ClimblingRobot_v2.0/GroundTerminal/install/groundterminal/lib/groundterminal/car_candriver
[7.749s] -- Set runtime path of "/home/zhangchenxu/Documents/00_Project/ClimblingRobot_v2.0/GroundTerminal/install/groundterminal/lib/groundterminal/car_candriver" to ""
[7.749s] -- Up-to-date: /home/zhangchenxu/Documents/00_Project/ClimblingRobot_v2.0/GroundTerminal/install/groundterminal/lib/groundterminal/remote_control
[7.749s] -- Up-to-date: /home/zhangchenxu/Documents/00_Project/ClimblingRobot_v2.0/GroundTerminal/install/groundterminal/share/ament_index/resource_index/package_run_dependencies/groundterminal
[7.749s] -- Up-to-date: /home/zhangchenxu/Documents/00_Project/ClimblingRobot_v2.0/GroundTerminal/install/groundterminal/share/ament_index/resource_index/parent_prefix_path/groundterminal
[7.749s] -- Up-to-date: /home/zhangchenxu/Documents/00_Project/ClimblingRobot_v2.0/GroundTerminal/install/groundterminal/share/groundterminal/environment/ament_prefix_path.sh
[7.749s] -- Up-to-date: /home/zhangchenxu/Documents/00_Project/ClimblingRobot_v2.0/GroundTerminal/install/groundterminal/share/groundterminal/environment/ament_prefix_path.dsv
[7.749s] -- Up-to-date: /home/zhangchenxu/Documents/00_Project/ClimblingRobot_v2.0/GroundTerminal/install/groundterminal/share/groundterminal/environment/path.sh
[7.749s] -- Up-to-date: /home/zhangchenxu/Documents/00_Project/ClimblingRobot_v2.0/GroundTerminal/install/groundterminal/share/groundterminal/environment/path.dsv
[7.750s] -- Up-to-date: /home/zhangchenxu/Documents/00_Project/ClimblingRobot_v2.0/GroundTerminal/install/groundterminal/share/groundterminal/local_setup.bash
[7.750s] -- Up-to-date: /home/zhangchenxu/Documents/00_Project/ClimblingRobot_v2.0/GroundTerminal/install/groundterminal/share/groundterminal/local_setup.sh
[7.750s] -- Up-to-date: /home/zhangchenxu/Documents/00_Project/ClimblingRobot_v2.0/GroundTerminal/install/groundterminal/share/groundterminal/local_setup.zsh
[7.750s] -- Up-to-date: /home/zhangchenxu/Documents/00_Project/ClimblingRobot_v2.0/GroundTerminal/install/groundterminal/share/groundterminal/local_setup.dsv
[7.750s] -- Installing: /home/zhangchenxu/Documents/00_Project/ClimblingRobot_v2.0/GroundTerminal/install/groundterminal/share/groundterminal/package.dsv
[7.750s] -- Up-to-date: /home/zhangchenxu/Documents/00_Project/ClimblingRobot_v2.0/GroundTerminal/install/groundterminal/share/ament_index/resource_index/packages/groundterminal
[7.750s] -- Up-to-date: /home/zhangchenxu/Documents/00_Project/ClimblingRobot_v2.0/GroundTerminal/install/groundterminal/share/groundterminal/cmake/groundterminalConfig.cmake
[7.750s] -- Up-to-date: /home/zhangchenxu/Documents/00_Project/ClimblingRobot_v2.0/GroundTerminal/install/groundterminal/share/groundterminal/cmake/groundterminalConfig-version.cmake
[7.750s] -- Up-to-date: /home/zhangchenxu/Documents/00_Project/ClimblingRobot_v2.0/GroundTerminal/install/groundterminal/share/groundterminal/package.xml
[7.751s] Invoked command in '/home/zhangchenxu/Documents/00_Project/ClimblingRobot_v2.0/GroundTerminal/build/groundterminal' returned '0': CMAKE_PREFIX_PATH=${CMAKE_PREFIX_PATH}:/home/zhangchenxu/MOVEIT/moveit2_ws/install/moveit_configs_utils:/home/zhangchenxu/MOVEIT/moveit2_ws/install/launch_param_builder:/opt/ros/humble /usr/bin/cmake --install /home/zhangchenxu/Documents/00_Project/ClimblingRobot_v2.0/GroundTerminal/build/groundterminal
