[0.078s] DEBUG:colcon:Command line arguments: ['/usr/bin/colcon', 'build']
[0.078s] DEBUG:colcon:Parsed command line arguments: Namespace(log_base=None, log_level=None, verb_name='build', build_base='build', install_base='install', merge_install=False, symlink_install=False, test_result_base=None, continue_on_error=False, executor='parallel', parallel_workers=12, event_handlers=None, ignore_user_meta=False, metas=['./colcon.meta'], base_paths=['.'], packages_ignore=None, packages_ignore_regex=None, paths=None, packages_up_to=None, packages_up_to_regex=None, packages_above=None, packages_above_and_dependencies=None, packages_above_depth=None, packages_select_by_dep=None, packages_skip_by_dep=None, packages_skip_up_to=None, packages_select_build_failed=False, packages_skip_build_finished=False, packages_select_test_failures=False, packages_skip_test_passed=False, packages_select=None, packages_skip=None, packages_select_regex=None, packages_skip_regex=None, packages_start=None, packages_end=None, allow_overriding=[], cmake_args=None, cmake_target=None, cmake_target_skip_unavailable=False, cmake_clean_cache=False, cmake_clean_first=False, cmake_force_configure=False, ament_cmake_args=None, catkin_cmake_args=None, catkin_skip_building_tests=False, verb_parser=<colcon_defaults.argument_parser.defaults.DefaultArgumentsDecorator object at 0x7b5f1fe986d0>, verb_extension=<colcon_core.verb.build.BuildVerb object at 0x7b5f1ff96170>, main=<bound method BuildVerb.main of <colcon_core.verb.build.BuildVerb object at 0x7b5f1ff96170>>)
[0.222s] Level 1:colcon.colcon_core.package_discovery:discover_packages(colcon_meta) check parameters
[0.222s] Level 1:colcon.colcon_core.package_discovery:discover_packages(recursive) check parameters
[0.222s] Level 1:colcon.colcon_core.package_discovery:discover_packages(ignore) check parameters
[0.222s] Level 1:colcon.colcon_core.package_discovery:discover_packages(path) check parameters
[0.222s] Level 1:colcon.colcon_core.package_discovery:discover_packages(colcon_meta) discover
[0.222s] Level 1:colcon.colcon_core.package_discovery:discover_packages(recursive) discover
[0.222s] INFO:colcon.colcon_core.package_discovery:Crawling recursively for packages in '/home/zhangchenxu/Documents/00_Project/ClimblingRobot_v2.0/USE_DOUBLE_IMU'
[0.225s] Level 1:colcon.colcon_core.package_identification:_identify(.) by extensions ['ignore', 'ignore_ament_install']
[0.225s] Level 1:colcon.colcon_core.package_identification:_identify(.) by extension 'ignore'
[0.225s] Level 1:colcon.colcon_core.package_identification:_identify(.) by extension 'ignore_ament_install'
[0.225s] Level 1:colcon.colcon_core.package_identification:_identify(.) by extensions ['colcon_pkg']
[0.225s] Level 1:colcon.colcon_core.package_identification:_identify(.) by extension 'colcon_pkg'
[0.226s] Level 1:colcon.colcon_core.package_identification:_identify(.) by extensions ['colcon_meta']
[0.226s] Level 1:colcon.colcon_core.package_identification:_identify(.) by extension 'colcon_meta'
[0.226s] Level 1:colcon.colcon_core.package_identification:_identify(.) by extensions ['ros']
[0.226s] Level 1:colcon.colcon_core.package_identification:_identify(.) by extension 'ros'
[0.240s] Level 1:colcon.colcon_core.package_identification:_identify(.) by extensions ['cmake', 'python']
[0.240s] Level 1:colcon.colcon_core.package_identification:_identify(.) by extension 'cmake'
[0.240s] Level 1:colcon.colcon_core.package_identification:_identify(.) by extension 'python'
[0.240s] Level 1:colcon.colcon_core.package_identification:_identify(.) by extensions ['python_setup_py']
[0.240s] Level 1:colcon.colcon_core.package_identification:_identify(.) by extension 'python_setup_py'
[0.240s] Level 1:colcon.colcon_core.package_identification:_identify(build) by extensions ['ignore', 'ignore_ament_install']
[0.240s] Level 1:colcon.colcon_core.package_identification:_identify(build) by extension 'ignore'
[0.240s] Level 1:colcon.colcon_core.package_identification:_identify(build) ignored
[0.240s] Level 1:colcon.colcon_core.package_identification:_identify(install) by extensions ['ignore', 'ignore_ament_install']
[0.240s] Level 1:colcon.colcon_core.package_identification:_identify(install) by extension 'ignore'
[0.241s] Level 1:colcon.colcon_core.package_identification:_identify(install) ignored
[0.241s] Level 1:colcon.colcon_core.package_identification:_identify(log) by extensions ['ignore', 'ignore_ament_install']
[0.241s] Level 1:colcon.colcon_core.package_identification:_identify(log) by extension 'ignore'
[0.241s] Level 1:colcon.colcon_core.package_identification:_identify(log) ignored
[0.241s] Level 1:colcon.colcon_core.package_identification:_identify(src) by extensions ['ignore', 'ignore_ament_install']
[0.241s] Level 1:colcon.colcon_core.package_identification:_identify(src) by extension 'ignore'
[0.241s] Level 1:colcon.colcon_core.package_identification:_identify(src) by extension 'ignore_ament_install'
[0.241s] Level 1:colcon.colcon_core.package_identification:_identify(src) by extensions ['colcon_pkg']
[0.241s] Level 1:colcon.colcon_core.package_identification:_identify(src) by extension 'colcon_pkg'
[0.241s] Level 1:colcon.colcon_core.package_identification:_identify(src) by extensions ['colcon_meta']
[0.241s] Level 1:colcon.colcon_core.package_identification:_identify(src) by extension 'colcon_meta'
[0.241s] Level 1:colcon.colcon_core.package_identification:_identify(src) by extensions ['ros']
[0.241s] Level 1:colcon.colcon_core.package_identification:_identify(src) by extension 'ros'
[0.241s] Level 1:colcon.colcon_core.package_identification:_identify(src) by extensions ['cmake', 'python']
[0.241s] Level 1:colcon.colcon_core.package_identification:_identify(src) by extension 'cmake'
[0.241s] Level 1:colcon.colcon_core.package_identification:_identify(src) by extension 'python'
[0.241s] Level 1:colcon.colcon_core.package_identification:_identify(src) by extensions ['python_setup_py']
[0.241s] Level 1:colcon.colcon_core.package_identification:_identify(src) by extension 'python_setup_py'
[0.242s] Level 1:colcon.colcon_core.package_identification:_identify(src/yesense_ros2_imu) by extensions ['ignore', 'ignore_ament_install']
[0.242s] Level 1:colcon.colcon_core.package_identification:_identify(src/yesense_ros2_imu) by extension 'ignore'
[0.242s] Level 1:colcon.colcon_core.package_identification:_identify(src/yesense_ros2_imu) by extension 'ignore_ament_install'
[0.242s] Level 1:colcon.colcon_core.package_identification:_identify(src/yesense_ros2_imu) by extensions ['colcon_pkg']
[0.242s] Level 1:colcon.colcon_core.package_identification:_identify(src/yesense_ros2_imu) by extension 'colcon_pkg'
[0.242s] Level 1:colcon.colcon_core.package_identification:_identify(src/yesense_ros2_imu) by extensions ['colcon_meta']
[0.242s] Level 1:colcon.colcon_core.package_identification:_identify(src/yesense_ros2_imu) by extension 'colcon_meta'
[0.242s] Level 1:colcon.colcon_core.package_identification:_identify(src/yesense_ros2_imu) by extensions ['ros']
[0.242s] Level 1:colcon.colcon_core.package_identification:_identify(src/yesense_ros2_imu) by extension 'ros'
[0.242s] Level 1:colcon.colcon_core.package_identification:_identify(src/yesense_ros2_imu) by extensions ['cmake', 'python']
[0.242s] Level 1:colcon.colcon_core.package_identification:_identify(src/yesense_ros2_imu) by extension 'cmake'
[0.242s] Level 1:colcon.colcon_core.package_identification:_identify(src/yesense_ros2_imu) by extension 'python'
[0.242s] Level 1:colcon.colcon_core.package_identification:_identify(src/yesense_ros2_imu) by extensions ['python_setup_py']
[0.242s] Level 1:colcon.colcon_core.package_identification:_identify(src/yesense_ros2_imu) by extension 'python_setup_py'
[0.242s] Level 1:colcon.colcon_core.package_identification:_identify(src/yesense_ros2_imu/build) by extensions ['ignore', 'ignore_ament_install']
[0.242s] Level 1:colcon.colcon_core.package_identification:_identify(src/yesense_ros2_imu/build) by extension 'ignore'
[0.242s] Level 1:colcon.colcon_core.package_identification:_identify(src/yesense_ros2_imu/build) ignored
[0.242s] Level 1:colcon.colcon_core.package_identification:_identify(src/yesense_ros2_imu/install) by extensions ['ignore', 'ignore_ament_install']
[0.243s] Level 1:colcon.colcon_core.package_identification:_identify(src/yesense_ros2_imu/install) by extension 'ignore'
[0.243s] Level 1:colcon.colcon_core.package_identification:_identify(src/yesense_ros2_imu/install) ignored
[0.243s] Level 1:colcon.colcon_core.package_identification:_identify(src/yesense_ros2_imu/log) by extensions ['ignore', 'ignore_ament_install']
[0.243s] Level 1:colcon.colcon_core.package_identification:_identify(src/yesense_ros2_imu/log) by extension 'ignore'
[0.243s] Level 1:colcon.colcon_core.package_identification:_identify(src/yesense_ros2_imu/log) ignored
[0.243s] Level 1:colcon.colcon_core.package_identification:_identify(src/yesense_ros2_imu/to_euler_point) by extensions ['ignore', 'ignore_ament_install']
[0.243s] Level 1:colcon.colcon_core.package_identification:_identify(src/yesense_ros2_imu/to_euler_point) by extension 'ignore'
[0.243s] Level 1:colcon.colcon_core.package_identification:_identify(src/yesense_ros2_imu/to_euler_point) by extension 'ignore_ament_install'
[0.243s] Level 1:colcon.colcon_core.package_identification:_identify(src/yesense_ros2_imu/to_euler_point) by extensions ['colcon_pkg']
[0.243s] Level 1:colcon.colcon_core.package_identification:_identify(src/yesense_ros2_imu/to_euler_point) by extension 'colcon_pkg'
[0.243s] Level 1:colcon.colcon_core.package_identification:_identify(src/yesense_ros2_imu/to_euler_point) by extensions ['colcon_meta']
[0.243s] Level 1:colcon.colcon_core.package_identification:_identify(src/yesense_ros2_imu/to_euler_point) by extension 'colcon_meta'
[0.243s] Level 1:colcon.colcon_core.package_identification:_identify(src/yesense_ros2_imu/to_euler_point) by extensions ['ros']
[0.243s] Level 1:colcon.colcon_core.package_identification:_identify(src/yesense_ros2_imu/to_euler_point) by extension 'ros'
[0.243s] Level 1:colcon.colcon_core.package_identification:_identify(src/yesense_ros2_imu/to_euler_point) by extensions ['cmake', 'python']
[0.243s] Level 1:colcon.colcon_core.package_identification:_identify(src/yesense_ros2_imu/to_euler_point) by extension 'cmake'
[0.243s] Level 1:colcon.colcon_core.package_identification:_identify(src/yesense_ros2_imu/to_euler_point) by extension 'python'
[0.243s] Level 1:colcon.colcon_core.package_identification:_identify(src/yesense_ros2_imu/to_euler_point) by extensions ['python_setup_py']
[0.243s] Level 1:colcon.colcon_core.package_identification:_identify(src/yesense_ros2_imu/to_euler_point) by extension 'python_setup_py'
[0.243s] Level 1:colcon.colcon_core.package_identification:_identify(src/yesense_ros2_imu/to_euler_point/to_euler) by extensions ['ignore', 'ignore_ament_install']
[0.243s] Level 1:colcon.colcon_core.package_identification:_identify(src/yesense_ros2_imu/to_euler_point/to_euler) by extension 'ignore'
[0.243s] Level 1:colcon.colcon_core.package_identification:_identify(src/yesense_ros2_imu/to_euler_point/to_euler) by extension 'ignore_ament_install'
[0.243s] Level 1:colcon.colcon_core.package_identification:_identify(src/yesense_ros2_imu/to_euler_point/to_euler) by extensions ['colcon_pkg']
[0.243s] Level 1:colcon.colcon_core.package_identification:_identify(src/yesense_ros2_imu/to_euler_point/to_euler) by extension 'colcon_pkg'
[0.244s] Level 1:colcon.colcon_core.package_identification:_identify(src/yesense_ros2_imu/to_euler_point/to_euler) by extensions ['colcon_meta']
[0.244s] Level 1:colcon.colcon_core.package_identification:_identify(src/yesense_ros2_imu/to_euler_point/to_euler) by extension 'colcon_meta'
[0.244s] Level 1:colcon.colcon_core.package_identification:_identify(src/yesense_ros2_imu/to_euler_point/to_euler) by extensions ['ros']
[0.244s] Level 1:colcon.colcon_core.package_identification:_identify(src/yesense_ros2_imu/to_euler_point/to_euler) by extension 'ros'
[0.245s] DEBUG:colcon.colcon_core.package_identification:Package 'src/yesense_ros2_imu/to_euler_point/to_euler' with type 'ros.ament_cmake' and name 'to_euler'
[0.246s] Level 1:colcon.colcon_core.package_identification:_identify(src/yesense_ros2_imu/yesense_interface) by extensions ['ignore', 'ignore_ament_install']
[0.246s] Level 1:colcon.colcon_core.package_identification:_identify(src/yesense_ros2_imu/yesense_interface) by extension 'ignore'
[0.246s] Level 1:colcon.colcon_core.package_identification:_identify(src/yesense_ros2_imu/yesense_interface) by extension 'ignore_ament_install'
[0.246s] Level 1:colcon.colcon_core.package_identification:_identify(src/yesense_ros2_imu/yesense_interface) by extensions ['colcon_pkg']
[0.246s] Level 1:colcon.colcon_core.package_identification:_identify(src/yesense_ros2_imu/yesense_interface) by extension 'colcon_pkg'
[0.246s] Level 1:colcon.colcon_core.package_identification:_identify(src/yesense_ros2_imu/yesense_interface) by extensions ['colcon_meta']
[0.246s] Level 1:colcon.colcon_core.package_identification:_identify(src/yesense_ros2_imu/yesense_interface) by extension 'colcon_meta'
[0.246s] Level 1:colcon.colcon_core.package_identification:_identify(src/yesense_ros2_imu/yesense_interface) by extensions ['ros']
[0.246s] Level 1:colcon.colcon_core.package_identification:_identify(src/yesense_ros2_imu/yesense_interface) by extension 'ros'
[0.247s] DEBUG:colcon.colcon_core.package_identification:Package 'src/yesense_ros2_imu/yesense_interface' with type 'ros.ament_cmake' and name 'yesense_interface'
[0.247s] Level 1:colcon.colcon_core.package_identification:_identify(src/yesense_ros2_imu/yesense_std_ros2) by extensions ['ignore', 'ignore_ament_install']
[0.247s] Level 1:colcon.colcon_core.package_identification:_identify(src/yesense_ros2_imu/yesense_std_ros2) by extension 'ignore'
[0.247s] Level 1:colcon.colcon_core.package_identification:_identify(src/yesense_ros2_imu/yesense_std_ros2) by extension 'ignore_ament_install'
[0.247s] Level 1:colcon.colcon_core.package_identification:_identify(src/yesense_ros2_imu/yesense_std_ros2) by extensions ['colcon_pkg']
[0.247s] Level 1:colcon.colcon_core.package_identification:_identify(src/yesense_ros2_imu/yesense_std_ros2) by extension 'colcon_pkg'
[0.247s] Level 1:colcon.colcon_core.package_identification:_identify(src/yesense_ros2_imu/yesense_std_ros2) by extensions ['colcon_meta']
[0.247s] Level 1:colcon.colcon_core.package_identification:_identify(src/yesense_ros2_imu/yesense_std_ros2) by extension 'colcon_meta'
[0.247s] Level 1:colcon.colcon_core.package_identification:_identify(src/yesense_ros2_imu/yesense_std_ros2) by extensions ['ros']
[0.247s] Level 1:colcon.colcon_core.package_identification:_identify(src/yesense_ros2_imu/yesense_std_ros2) by extension 'ros'
[0.248s] DEBUG:colcon.colcon_core.package_identification:Package 'src/yesense_ros2_imu/yesense_std_ros2' with type 'ros.ament_cmake' and name 'double_imu'
[0.248s] Level 1:colcon.colcon_core.package_discovery:discover_packages(recursive) using defaults
[0.248s] Level 1:colcon.colcon_core.package_discovery:discover_packages(ignore) discover
[0.248s] Level 1:colcon.colcon_core.package_discovery:discover_packages(ignore) using defaults
[0.248s] Level 1:colcon.colcon_core.package_discovery:discover_packages(path) discover
[0.249s] Level 1:colcon.colcon_core.package_discovery:discover_packages(path) using defaults
[0.265s] Level 1:colcon.colcon_core.package_discovery:discover_packages(prefix_path) check parameters
[0.265s] Level 1:colcon.colcon_core.package_discovery:discover_packages(prefix_path) discover
[0.266s] WARNING:colcon.colcon_ros.prefix_path.ament:The path '/home/zhangchenxu/Documents/00_Project/ClimblingRobot_v2.0/USE_DOUBLE_IMU/install/imu_1' in the environment variable AMENT_PREFIX_PATH doesn't exist
[0.267s] WARNING:colcon.colcon_ros.prefix_path.catkin:The path '/home/zhangchenxu/Documents/00_Project/ClimblingRobot_v2.0/USE_DOUBLE_IMU/install/imu_1' in the environment variable CMAKE_PREFIX_PATH doesn't exist
[0.268s] DEBUG:colcon.colcon_installed_package_information.package_discovery:Found 3 installed packages in /home/zhangchenxu/Documents/00_Project/ClimblingRobot_v2.0/USE_DOUBLE_IMU/install
[0.269s] DEBUG:colcon.colcon_installed_package_information.package_discovery:Found 55 installed packages in /home/zhangchenxu/MOVEIT/moveit2_ws/install
[0.273s] DEBUG:colcon.colcon_installed_package_information.package_discovery:Found 429 installed packages in /opt/ros/humble
[0.274s] Level 1:colcon.colcon_core.package_discovery:discover_packages(prefix_path) using defaults
[0.314s] Level 5:colcon.colcon_core.verb:set package 'to_euler' build argument 'cmake_args' from command line to 'None'
[0.314s] Level 5:colcon.colcon_core.verb:set package 'to_euler' build argument 'cmake_target' from command line to 'None'
[0.314s] Level 5:colcon.colcon_core.verb:set package 'to_euler' build argument 'cmake_target_skip_unavailable' from command line to 'False'
[0.314s] Level 5:colcon.colcon_core.verb:set package 'to_euler' build argument 'cmake_clean_cache' from command line to 'False'
[0.314s] Level 5:colcon.colcon_core.verb:set package 'to_euler' build argument 'cmake_clean_first' from command line to 'False'
[0.314s] Level 5:colcon.colcon_core.verb:set package 'to_euler' build argument 'cmake_force_configure' from command line to 'False'
[0.314s] Level 5:colcon.colcon_core.verb:set package 'to_euler' build argument 'ament_cmake_args' from command line to 'None'
[0.314s] Level 5:colcon.colcon_core.verb:set package 'to_euler' build argument 'catkin_cmake_args' from command line to 'None'
[0.314s] Level 5:colcon.colcon_core.verb:set package 'to_euler' build argument 'catkin_skip_building_tests' from command line to 'False'
[0.314s] DEBUG:colcon.colcon_core.verb:Building package 'to_euler' with the following arguments: {'ament_cmake_args': None, 'build_base': '/home/zhangchenxu/Documents/00_Project/ClimblingRobot_v2.0/USE_DOUBLE_IMU/build/to_euler', 'catkin_cmake_args': None, 'catkin_skip_building_tests': False, 'cmake_args': None, 'cmake_clean_cache': False, 'cmake_clean_first': False, 'cmake_force_configure': False, 'cmake_target': None, 'cmake_target_skip_unavailable': False, 'install_base': '/home/zhangchenxu/Documents/00_Project/ClimblingRobot_v2.0/USE_DOUBLE_IMU/install/to_euler', 'merge_install': False, 'path': '/home/zhangchenxu/Documents/00_Project/ClimblingRobot_v2.0/USE_DOUBLE_IMU/src/yesense_ros2_imu/to_euler_point/to_euler', 'symlink_install': False, 'test_result_base': None}
[0.314s] Level 5:colcon.colcon_core.verb:set package 'yesense_interface' build argument 'cmake_args' from command line to 'None'
[0.314s] Level 5:colcon.colcon_core.verb:set package 'yesense_interface' build argument 'cmake_target' from command line to 'None'
[0.314s] Level 5:colcon.colcon_core.verb:set package 'yesense_interface' build argument 'cmake_target_skip_unavailable' from command line to 'False'
[0.314s] Level 5:colcon.colcon_core.verb:set package 'yesense_interface' build argument 'cmake_clean_cache' from command line to 'False'
[0.314s] Level 5:colcon.colcon_core.verb:set package 'yesense_interface' build argument 'cmake_clean_first' from command line to 'False'
[0.314s] Level 5:colcon.colcon_core.verb:set package 'yesense_interface' build argument 'cmake_force_configure' from command line to 'False'
[0.314s] Level 5:colcon.colcon_core.verb:set package 'yesense_interface' build argument 'ament_cmake_args' from command line to 'None'
[0.314s] Level 5:colcon.colcon_core.verb:set package 'yesense_interface' build argument 'catkin_cmake_args' from command line to 'None'
[0.314s] Level 5:colcon.colcon_core.verb:set package 'yesense_interface' build argument 'catkin_skip_building_tests' from command line to 'False'
[0.315s] DEBUG:colcon.colcon_core.verb:Building package 'yesense_interface' with the following arguments: {'ament_cmake_args': None, 'build_base': '/home/zhangchenxu/Documents/00_Project/ClimblingRobot_v2.0/USE_DOUBLE_IMU/build/yesense_interface', 'catkin_cmake_args': None, 'catkin_skip_building_tests': False, 'cmake_args': None, 'cmake_clean_cache': False, 'cmake_clean_first': False, 'cmake_force_configure': False, 'cmake_target': None, 'cmake_target_skip_unavailable': False, 'install_base': '/home/zhangchenxu/Documents/00_Project/ClimblingRobot_v2.0/USE_DOUBLE_IMU/install/yesense_interface', 'merge_install': False, 'path': '/home/zhangchenxu/Documents/00_Project/ClimblingRobot_v2.0/USE_DOUBLE_IMU/src/yesense_ros2_imu/yesense_interface', 'symlink_install': False, 'test_result_base': None}
[0.315s] Level 5:colcon.colcon_core.verb:set package 'double_imu' build argument 'cmake_args' from command line to 'None'
[0.315s] Level 5:colcon.colcon_core.verb:set package 'double_imu' build argument 'cmake_target' from command line to 'None'
[0.315s] Level 5:colcon.colcon_core.verb:set package 'double_imu' build argument 'cmake_target_skip_unavailable' from command line to 'False'
[0.315s] Level 5:colcon.colcon_core.verb:set package 'double_imu' build argument 'cmake_clean_cache' from command line to 'False'
[0.315s] Level 5:colcon.colcon_core.verb:set package 'double_imu' build argument 'cmake_clean_first' from command line to 'False'
[0.315s] Level 5:colcon.colcon_core.verb:set package 'double_imu' build argument 'cmake_force_configure' from command line to 'False'
[0.315s] Level 5:colcon.colcon_core.verb:set package 'double_imu' build argument 'ament_cmake_args' from command line to 'None'
[0.315s] Level 5:colcon.colcon_core.verb:set package 'double_imu' build argument 'catkin_cmake_args' from command line to 'None'
[0.315s] Level 5:colcon.colcon_core.verb:set package 'double_imu' build argument 'catkin_skip_building_tests' from command line to 'False'
[0.315s] DEBUG:colcon.colcon_core.verb:Building package 'double_imu' with the following arguments: {'ament_cmake_args': None, 'build_base': '/home/zhangchenxu/Documents/00_Project/ClimblingRobot_v2.0/USE_DOUBLE_IMU/build/double_imu', 'catkin_cmake_args': None, 'catkin_skip_building_tests': False, 'cmake_args': None, 'cmake_clean_cache': False, 'cmake_clean_first': False, 'cmake_force_configure': False, 'cmake_target': None, 'cmake_target_skip_unavailable': False, 'install_base': '/home/zhangchenxu/Documents/00_Project/ClimblingRobot_v2.0/USE_DOUBLE_IMU/install/double_imu', 'merge_install': False, 'path': '/home/zhangchenxu/Documents/00_Project/ClimblingRobot_v2.0/USE_DOUBLE_IMU/src/yesense_ros2_imu/yesense_std_ros2', 'symlink_install': False, 'test_result_base': None}
[0.315s] INFO:colcon.colcon_core.executor:Executing jobs using 'parallel' executor
[0.316s] DEBUG:colcon.colcon_parallel_executor.executor.parallel:run_until_complete
[0.316s] INFO:colcon.colcon_ros.task.ament_cmake.build:Building ROS package in '/home/zhangchenxu/Documents/00_Project/ClimblingRobot_v2.0/USE_DOUBLE_IMU/src/yesense_ros2_imu/yesense_interface' with build type 'ament_cmake'
[0.316s] INFO:colcon.colcon_cmake.task.cmake.build:Building CMake package in '/home/zhangchenxu/Documents/00_Project/ClimblingRobot_v2.0/USE_DOUBLE_IMU/src/yesense_ros2_imu/yesense_interface'
[0.317s] INFO:colcon.colcon_core.plugin_system:Skipping extension 'colcon_core.shell.bat': Not used on non-Windows systems
[0.317s] INFO:colcon.colcon_core.shell:Skip shell extension 'powershell' for command environment: Not usable outside of PowerShell
[0.317s] DEBUG:colcon.colcon_core.shell:Skip shell extension 'dsv' for command environment
[0.323s] INFO:colcon.colcon_ros.task.ament_cmake.build:Building ROS package in '/home/zhangchenxu/Documents/00_Project/ClimblingRobot_v2.0/USE_DOUBLE_IMU/src/yesense_ros2_imu/to_euler_point/to_euler' with build type 'ament_cmake'
[0.323s] INFO:colcon.colcon_cmake.task.cmake.build:Building CMake package in '/home/zhangchenxu/Documents/00_Project/ClimblingRobot_v2.0/USE_DOUBLE_IMU/src/yesense_ros2_imu/to_euler_point/to_euler'
[0.323s] INFO:colcon.colcon_core.shell:Skip shell extension 'powershell' for command environment: Not usable outside of PowerShell
[0.323s] DEBUG:colcon.colcon_core.shell:Skip shell extension 'dsv' for command environment
[0.332s] DEBUG:colcon.colcon_core.event_handler.log_command:Invoking command in '/home/zhangchenxu/Documents/00_Project/ClimblingRobot_v2.0/USE_DOUBLE_IMU/build/yesense_interface': CMAKE_PREFIX_PATH=${CMAKE_PREFIX_PATH}:/home/zhangchenxu/MOVEIT/moveit2_ws/install/moveit_configs_utils:/home/zhangchenxu/MOVEIT/moveit2_ws/install/launch_param_builder:/opt/ros/humble /usr/bin/cmake --build /home/zhangchenxu/Documents/00_Project/ClimblingRobot_v2.0/USE_DOUBLE_IMU/build/yesense_interface -- -j12 -l12
[0.335s] DEBUG:colcon.colcon_core.event_handler.log_command:Invoking command in '/home/zhangchenxu/Documents/00_Project/ClimblingRobot_v2.0/USE_DOUBLE_IMU/build/to_euler': CMAKE_PREFIX_PATH=${CMAKE_PREFIX_PATH}:/home/zhangchenxu/MOVEIT/moveit2_ws/install/moveit_configs_utils:/home/zhangchenxu/MOVEIT/moveit2_ws/install/launch_param_builder:/opt/ros/humble /usr/bin/cmake --build /home/zhangchenxu/Documents/00_Project/ClimblingRobot_v2.0/USE_DOUBLE_IMU/build/to_euler -- -j12 -l12
[0.437s] DEBUG:colcon.colcon_core.event_handler.log_command:Invoked command in '/home/zhangchenxu/Documents/00_Project/ClimblingRobot_v2.0/USE_DOUBLE_IMU/build/to_euler' returned '0': CMAKE_PREFIX_PATH=${CMAKE_PREFIX_PATH}:/home/zhangchenxu/MOVEIT/moveit2_ws/install/moveit_configs_utils:/home/zhangchenxu/MOVEIT/moveit2_ws/install/launch_param_builder:/opt/ros/humble /usr/bin/cmake --build /home/zhangchenxu/Documents/00_Project/ClimblingRobot_v2.0/USE_DOUBLE_IMU/build/to_euler -- -j12 -l12
[0.449s] DEBUG:colcon.colcon_core.event_handler.log_command:Invoking command in '/home/zhangchenxu/Documents/00_Project/ClimblingRobot_v2.0/USE_DOUBLE_IMU/build/to_euler': CMAKE_PREFIX_PATH=${CMAKE_PREFIX_PATH}:/home/zhangchenxu/MOVEIT/moveit2_ws/install/moveit_configs_utils:/home/zhangchenxu/MOVEIT/moveit2_ws/install/launch_param_builder:/opt/ros/humble /usr/bin/cmake --install /home/zhangchenxu/Documents/00_Project/ClimblingRobot_v2.0/USE_DOUBLE_IMU/build/to_euler
[0.461s] Level 1:colcon.colcon_core.environment:create_environment_scripts_only(to_euler)
[0.462s] DEBUG:colcon.colcon_core.event_handler.log_command:Invoked command in '/home/zhangchenxu/Documents/00_Project/ClimblingRobot_v2.0/USE_DOUBLE_IMU/build/to_euler' returned '0': CMAKE_PREFIX_PATH=${CMAKE_PREFIX_PATH}:/home/zhangchenxu/MOVEIT/moveit2_ws/install/moveit_configs_utils:/home/zhangchenxu/MOVEIT/moveit2_ws/install/launch_param_builder:/opt/ros/humble /usr/bin/cmake --install /home/zhangchenxu/Documents/00_Project/ClimblingRobot_v2.0/USE_DOUBLE_IMU/build/to_euler
[0.464s] Level 1:colcon.colcon_core.environment:checking '/home/zhangchenxu/Documents/00_Project/ClimblingRobot_v2.0/USE_DOUBLE_IMU/install/to_euler' for CMake module files
[0.464s] Level 1:colcon.colcon_core.environment:checking '/home/zhangchenxu/Documents/00_Project/ClimblingRobot_v2.0/USE_DOUBLE_IMU/install/to_euler' for CMake config files
[0.465s] Level 1:colcon.colcon_core.shell:create_environment_hook('to_euler', 'cmake_prefix_path')
[0.465s] INFO:colcon.colcon_core.shell:Creating environment hook '/home/zhangchenxu/Documents/00_Project/ClimblingRobot_v2.0/USE_DOUBLE_IMU/install/to_euler/share/to_euler/hook/cmake_prefix_path.ps1'
[0.466s] INFO:colcon.colcon_core.shell:Creating environment descriptor '/home/zhangchenxu/Documents/00_Project/ClimblingRobot_v2.0/USE_DOUBLE_IMU/install/to_euler/share/to_euler/hook/cmake_prefix_path.dsv'
[0.466s] INFO:colcon.colcon_core.shell:Creating environment hook '/home/zhangchenxu/Documents/00_Project/ClimblingRobot_v2.0/USE_DOUBLE_IMU/install/to_euler/share/to_euler/hook/cmake_prefix_path.sh'
[0.467s] Level 1:colcon.colcon_core.environment:checking '/home/zhangchenxu/Documents/00_Project/ClimblingRobot_v2.0/USE_DOUBLE_IMU/install/to_euler/lib'
[0.467s] Level 1:colcon.colcon_core.environment:checking '/home/zhangchenxu/Documents/00_Project/ClimblingRobot_v2.0/USE_DOUBLE_IMU/install/to_euler/bin'
[0.467s] Level 1:colcon.colcon_core.environment:checking '/home/zhangchenxu/Documents/00_Project/ClimblingRobot_v2.0/USE_DOUBLE_IMU/install/to_euler/lib/pkgconfig/to_euler.pc'
[0.467s] Level 1:colcon.colcon_core.environment:checking '/home/zhangchenxu/Documents/00_Project/ClimblingRobot_v2.0/USE_DOUBLE_IMU/install/to_euler/lib/python3.10/site-packages'
[0.467s] Level 1:colcon.colcon_core.environment:checking '/home/zhangchenxu/Documents/00_Project/ClimblingRobot_v2.0/USE_DOUBLE_IMU/install/to_euler/bin'
[0.468s] INFO:colcon.colcon_core.shell:Creating package script '/home/zhangchenxu/Documents/00_Project/ClimblingRobot_v2.0/USE_DOUBLE_IMU/install/to_euler/share/to_euler/package.ps1'
[0.469s] INFO:colcon.colcon_core.shell:Creating package descriptor '/home/zhangchenxu/Documents/00_Project/ClimblingRobot_v2.0/USE_DOUBLE_IMU/install/to_euler/share/to_euler/package.dsv'
[0.469s] INFO:colcon.colcon_core.shell:Creating package script '/home/zhangchenxu/Documents/00_Project/ClimblingRobot_v2.0/USE_DOUBLE_IMU/install/to_euler/share/to_euler/package.sh'
[0.470s] INFO:colcon.colcon_core.shell:Creating package script '/home/zhangchenxu/Documents/00_Project/ClimblingRobot_v2.0/USE_DOUBLE_IMU/install/to_euler/share/to_euler/package.bash'
[0.471s] INFO:colcon.colcon_core.shell:Creating package script '/home/zhangchenxu/Documents/00_Project/ClimblingRobot_v2.0/USE_DOUBLE_IMU/install/to_euler/share/to_euler/package.zsh'
[0.471s] Level 1:colcon.colcon_core.environment:create_file_with_runtime_dependencies(/home/zhangchenxu/Documents/00_Project/ClimblingRobot_v2.0/USE_DOUBLE_IMU/install/to_euler/share/colcon-core/packages/to_euler)
[0.472s] Level 1:colcon.colcon_core.environment:create_environment_scripts_only(to_euler)
[0.472s] Level 1:colcon.colcon_core.environment:checking '/home/zhangchenxu/Documents/00_Project/ClimblingRobot_v2.0/USE_DOUBLE_IMU/install/to_euler' for CMake module files
[0.472s] Level 1:colcon.colcon_core.environment:checking '/home/zhangchenxu/Documents/00_Project/ClimblingRobot_v2.0/USE_DOUBLE_IMU/install/to_euler' for CMake config files
[0.473s] Level 1:colcon.colcon_core.shell:create_environment_hook('to_euler', 'cmake_prefix_path')
[0.473s] INFO:colcon.colcon_core.shell:Creating environment hook '/home/zhangchenxu/Documents/00_Project/ClimblingRobot_v2.0/USE_DOUBLE_IMU/install/to_euler/share/to_euler/hook/cmake_prefix_path.ps1'
[0.473s] INFO:colcon.colcon_core.shell:Creating environment descriptor '/home/zhangchenxu/Documents/00_Project/ClimblingRobot_v2.0/USE_DOUBLE_IMU/install/to_euler/share/to_euler/hook/cmake_prefix_path.dsv'
[0.473s] INFO:colcon.colcon_core.shell:Creating environment hook '/home/zhangchenxu/Documents/00_Project/ClimblingRobot_v2.0/USE_DOUBLE_IMU/install/to_euler/share/to_euler/hook/cmake_prefix_path.sh'
[0.474s] Level 1:colcon.colcon_core.environment:checking '/home/zhangchenxu/Documents/00_Project/ClimblingRobot_v2.0/USE_DOUBLE_IMU/install/to_euler/lib'
[0.474s] Level 1:colcon.colcon_core.environment:checking '/home/zhangchenxu/Documents/00_Project/ClimblingRobot_v2.0/USE_DOUBLE_IMU/install/to_euler/bin'
[0.474s] Level 1:colcon.colcon_core.environment:checking '/home/zhangchenxu/Documents/00_Project/ClimblingRobot_v2.0/USE_DOUBLE_IMU/install/to_euler/lib/pkgconfig/to_euler.pc'
[0.474s] Level 1:colcon.colcon_core.environment:checking '/home/zhangchenxu/Documents/00_Project/ClimblingRobot_v2.0/USE_DOUBLE_IMU/install/to_euler/lib/python3.10/site-packages'
[0.474s] Level 1:colcon.colcon_core.environment:checking '/home/zhangchenxu/Documents/00_Project/ClimblingRobot_v2.0/USE_DOUBLE_IMU/install/to_euler/bin'
[0.475s] INFO:colcon.colcon_core.shell:Creating package script '/home/zhangchenxu/Documents/00_Project/ClimblingRobot_v2.0/USE_DOUBLE_IMU/install/to_euler/share/to_euler/package.ps1'
[0.475s] INFO:colcon.colcon_core.shell:Creating package descriptor '/home/zhangchenxu/Documents/00_Project/ClimblingRobot_v2.0/USE_DOUBLE_IMU/install/to_euler/share/to_euler/package.dsv'
[0.475s] INFO:colcon.colcon_core.shell:Creating package script '/home/zhangchenxu/Documents/00_Project/ClimblingRobot_v2.0/USE_DOUBLE_IMU/install/to_euler/share/to_euler/package.sh'
[0.476s] INFO:colcon.colcon_core.shell:Creating package script '/home/zhangchenxu/Documents/00_Project/ClimblingRobot_v2.0/USE_DOUBLE_IMU/install/to_euler/share/to_euler/package.bash'
[0.476s] INFO:colcon.colcon_core.shell:Creating package script '/home/zhangchenxu/Documents/00_Project/ClimblingRobot_v2.0/USE_DOUBLE_IMU/install/to_euler/share/to_euler/package.zsh'
[0.477s] Level 1:colcon.colcon_core.environment:create_file_with_runtime_dependencies(/home/zhangchenxu/Documents/00_Project/ClimblingRobot_v2.0/USE_DOUBLE_IMU/install/to_euler/share/colcon-core/packages/to_euler)
[0.760s] DEBUG:colcon.colcon_core.event_handler.log_command:Invoked command in '/home/zhangchenxu/Documents/00_Project/ClimblingRobot_v2.0/USE_DOUBLE_IMU/build/yesense_interface' returned '0': CMAKE_PREFIX_PATH=${CMAKE_PREFIX_PATH}:/home/zhangchenxu/MOVEIT/moveit2_ws/install/moveit_configs_utils:/home/zhangchenxu/MOVEIT/moveit2_ws/install/launch_param_builder:/opt/ros/humble /usr/bin/cmake --build /home/zhangchenxu/Documents/00_Project/ClimblingRobot_v2.0/USE_DOUBLE_IMU/build/yesense_interface -- -j12 -l12
[0.762s] DEBUG:colcon.colcon_core.event_handler.log_command:Invoking command in '/home/zhangchenxu/Documents/00_Project/ClimblingRobot_v2.0/USE_DOUBLE_IMU/build/yesense_interface': CMAKE_PREFIX_PATH=${CMAKE_PREFIX_PATH}:/home/zhangchenxu/MOVEIT/moveit2_ws/install/moveit_configs_utils:/home/zhangchenxu/MOVEIT/moveit2_ws/install/launch_param_builder:/opt/ros/humble /usr/bin/cmake --install /home/zhangchenxu/Documents/00_Project/ClimblingRobot_v2.0/USE_DOUBLE_IMU/build/yesense_interface
[0.843s] Level 1:colcon.colcon_core.environment:create_environment_scripts_only(yesense_interface)
[0.843s] Level 1:colcon.colcon_core.environment:checking '/home/zhangchenxu/Documents/00_Project/ClimblingRobot_v2.0/USE_DOUBLE_IMU/install/yesense_interface' for CMake module files
[0.843s] DEBUG:colcon.colcon_core.event_handler.log_command:Invoked command in '/home/zhangchenxu/Documents/00_Project/ClimblingRobot_v2.0/USE_DOUBLE_IMU/build/yesense_interface' returned '0': CMAKE_PREFIX_PATH=${CMAKE_PREFIX_PATH}:/home/zhangchenxu/MOVEIT/moveit2_ws/install/moveit_configs_utils:/home/zhangchenxu/MOVEIT/moveit2_ws/install/launch_param_builder:/opt/ros/humble /usr/bin/cmake --install /home/zhangchenxu/Documents/00_Project/ClimblingRobot_v2.0/USE_DOUBLE_IMU/build/yesense_interface
[0.844s] Level 1:colcon.colcon_core.environment:checking '/home/zhangchenxu/Documents/00_Project/ClimblingRobot_v2.0/USE_DOUBLE_IMU/install/yesense_interface' for CMake config files
[0.844s] Level 1:colcon.colcon_core.shell:create_environment_hook('yesense_interface', 'cmake_prefix_path')
[0.845s] INFO:colcon.colcon_core.shell:Creating environment hook '/home/zhangchenxu/Documents/00_Project/ClimblingRobot_v2.0/USE_DOUBLE_IMU/install/yesense_interface/share/yesense_interface/hook/cmake_prefix_path.ps1'
[0.845s] INFO:colcon.colcon_core.shell:Creating environment descriptor '/home/zhangchenxu/Documents/00_Project/ClimblingRobot_v2.0/USE_DOUBLE_IMU/install/yesense_interface/share/yesense_interface/hook/cmake_prefix_path.dsv'
[0.845s] INFO:colcon.colcon_core.shell:Creating environment hook '/home/zhangchenxu/Documents/00_Project/ClimblingRobot_v2.0/USE_DOUBLE_IMU/install/yesense_interface/share/yesense_interface/hook/cmake_prefix_path.sh'
[0.845s] Level 1:colcon.colcon_core.environment:checking '/home/zhangchenxu/Documents/00_Project/ClimblingRobot_v2.0/USE_DOUBLE_IMU/install/yesense_interface/lib'
[0.846s] Level 1:colcon.colcon_core.shell:create_environment_hook('yesense_interface', 'ld_library_path_lib')
[0.846s] INFO:colcon.colcon_core.shell:Creating environment hook '/home/zhangchenxu/Documents/00_Project/ClimblingRobot_v2.0/USE_DOUBLE_IMU/install/yesense_interface/share/yesense_interface/hook/ld_library_path_lib.ps1'
[0.846s] INFO:colcon.colcon_core.shell:Creating environment descriptor '/home/zhangchenxu/Documents/00_Project/ClimblingRobot_v2.0/USE_DOUBLE_IMU/install/yesense_interface/share/yesense_interface/hook/ld_library_path_lib.dsv'
[0.846s] INFO:colcon.colcon_core.shell:Creating environment hook '/home/zhangchenxu/Documents/00_Project/ClimblingRobot_v2.0/USE_DOUBLE_IMU/install/yesense_interface/share/yesense_interface/hook/ld_library_path_lib.sh'
[0.846s] Level 1:colcon.colcon_core.environment:checking '/home/zhangchenxu/Documents/00_Project/ClimblingRobot_v2.0/USE_DOUBLE_IMU/install/yesense_interface/bin'
[0.846s] Level 1:colcon.colcon_core.environment:checking '/home/zhangchenxu/Documents/00_Project/ClimblingRobot_v2.0/USE_DOUBLE_IMU/install/yesense_interface/lib/pkgconfig/yesense_interface.pc'
[0.847s] Level 1:colcon.colcon_core.environment:checking '/home/zhangchenxu/Documents/00_Project/ClimblingRobot_v2.0/USE_DOUBLE_IMU/install/yesense_interface/lib/python3.10/site-packages'
[0.847s] Level 1:colcon.colcon_core.environment:checking '/home/zhangchenxu/Documents/00_Project/ClimblingRobot_v2.0/USE_DOUBLE_IMU/install/yesense_interface/bin'
[0.847s] INFO:colcon.colcon_core.shell:Creating package script '/home/zhangchenxu/Documents/00_Project/ClimblingRobot_v2.0/USE_DOUBLE_IMU/install/yesense_interface/share/yesense_interface/package.ps1'
[0.847s] INFO:colcon.colcon_core.shell:Creating package descriptor '/home/zhangchenxu/Documents/00_Project/ClimblingRobot_v2.0/USE_DOUBLE_IMU/install/yesense_interface/share/yesense_interface/package.dsv'
[0.847s] INFO:colcon.colcon_core.shell:Creating package script '/home/zhangchenxu/Documents/00_Project/ClimblingRobot_v2.0/USE_DOUBLE_IMU/install/yesense_interface/share/yesense_interface/package.sh'
[0.848s] INFO:colcon.colcon_core.shell:Creating package script '/home/zhangchenxu/Documents/00_Project/ClimblingRobot_v2.0/USE_DOUBLE_IMU/install/yesense_interface/share/yesense_interface/package.bash'
[0.848s] INFO:colcon.colcon_core.shell:Creating package script '/home/zhangchenxu/Documents/00_Project/ClimblingRobot_v2.0/USE_DOUBLE_IMU/install/yesense_interface/share/yesense_interface/package.zsh'
[0.848s] Level 1:colcon.colcon_core.environment:create_file_with_runtime_dependencies(/home/zhangchenxu/Documents/00_Project/ClimblingRobot_v2.0/USE_DOUBLE_IMU/install/yesense_interface/share/colcon-core/packages/yesense_interface)
[0.849s] Level 1:colcon.colcon_core.environment:create_environment_scripts_only(yesense_interface)
[0.849s] Level 1:colcon.colcon_core.environment:checking '/home/zhangchenxu/Documents/00_Project/ClimblingRobot_v2.0/USE_DOUBLE_IMU/install/yesense_interface' for CMake module files
[0.849s] Level 1:colcon.colcon_core.environment:checking '/home/zhangchenxu/Documents/00_Project/ClimblingRobot_v2.0/USE_DOUBLE_IMU/install/yesense_interface' for CMake config files
[0.850s] Level 1:colcon.colcon_core.shell:create_environment_hook('yesense_interface', 'cmake_prefix_path')
[0.850s] INFO:colcon.colcon_core.shell:Creating environment hook '/home/zhangchenxu/Documents/00_Project/ClimblingRobot_v2.0/USE_DOUBLE_IMU/install/yesense_interface/share/yesense_interface/hook/cmake_prefix_path.ps1'
[0.850s] INFO:colcon.colcon_core.shell:Creating environment descriptor '/home/zhangchenxu/Documents/00_Project/ClimblingRobot_v2.0/USE_DOUBLE_IMU/install/yesense_interface/share/yesense_interface/hook/cmake_prefix_path.dsv'
[0.850s] INFO:colcon.colcon_core.shell:Creating environment hook '/home/zhangchenxu/Documents/00_Project/ClimblingRobot_v2.0/USE_DOUBLE_IMU/install/yesense_interface/share/yesense_interface/hook/cmake_prefix_path.sh'
[0.851s] Level 1:colcon.colcon_core.environment:checking '/home/zhangchenxu/Documents/00_Project/ClimblingRobot_v2.0/USE_DOUBLE_IMU/install/yesense_interface/lib'
[0.851s] Level 1:colcon.colcon_core.shell:create_environment_hook('yesense_interface', 'ld_library_path_lib')
[0.851s] INFO:colcon.colcon_core.shell:Creating environment hook '/home/zhangchenxu/Documents/00_Project/ClimblingRobot_v2.0/USE_DOUBLE_IMU/install/yesense_interface/share/yesense_interface/hook/ld_library_path_lib.ps1'
[0.851s] INFO:colcon.colcon_core.shell:Creating environment descriptor '/home/zhangchenxu/Documents/00_Project/ClimblingRobot_v2.0/USE_DOUBLE_IMU/install/yesense_interface/share/yesense_interface/hook/ld_library_path_lib.dsv'
[0.851s] INFO:colcon.colcon_core.shell:Creating environment hook '/home/zhangchenxu/Documents/00_Project/ClimblingRobot_v2.0/USE_DOUBLE_IMU/install/yesense_interface/share/yesense_interface/hook/ld_library_path_lib.sh'
[0.852s] Level 1:colcon.colcon_core.environment:checking '/home/zhangchenxu/Documents/00_Project/ClimblingRobot_v2.0/USE_DOUBLE_IMU/install/yesense_interface/bin'
[0.852s] Level 1:colcon.colcon_core.environment:checking '/home/zhangchenxu/Documents/00_Project/ClimblingRobot_v2.0/USE_DOUBLE_IMU/install/yesense_interface/lib/pkgconfig/yesense_interface.pc'
[0.852s] Level 1:colcon.colcon_core.environment:checking '/home/zhangchenxu/Documents/00_Project/ClimblingRobot_v2.0/USE_DOUBLE_IMU/install/yesense_interface/lib/python3.10/site-packages'
[0.852s] Level 1:colcon.colcon_core.environment:checking '/home/zhangchenxu/Documents/00_Project/ClimblingRobot_v2.0/USE_DOUBLE_IMU/install/yesense_interface/bin'
[0.852s] INFO:colcon.colcon_core.shell:Creating package script '/home/zhangchenxu/Documents/00_Project/ClimblingRobot_v2.0/USE_DOUBLE_IMU/install/yesense_interface/share/yesense_interface/package.ps1'
[0.853s] INFO:colcon.colcon_core.shell:Creating package descriptor '/home/zhangchenxu/Documents/00_Project/ClimblingRobot_v2.0/USE_DOUBLE_IMU/install/yesense_interface/share/yesense_interface/package.dsv'
[0.853s] INFO:colcon.colcon_core.shell:Creating package script '/home/zhangchenxu/Documents/00_Project/ClimblingRobot_v2.0/USE_DOUBLE_IMU/install/yesense_interface/share/yesense_interface/package.sh'
[0.853s] INFO:colcon.colcon_core.shell:Creating package script '/home/zhangchenxu/Documents/00_Project/ClimblingRobot_v2.0/USE_DOUBLE_IMU/install/yesense_interface/share/yesense_interface/package.bash'
[0.853s] INFO:colcon.colcon_core.shell:Creating package script '/home/zhangchenxu/Documents/00_Project/ClimblingRobot_v2.0/USE_DOUBLE_IMU/install/yesense_interface/share/yesense_interface/package.zsh'
[0.854s] Level 1:colcon.colcon_core.environment:create_file_with_runtime_dependencies(/home/zhangchenxu/Documents/00_Project/ClimblingRobot_v2.0/USE_DOUBLE_IMU/install/yesense_interface/share/colcon-core/packages/yesense_interface)
[0.854s] INFO:colcon.colcon_ros.task.ament_cmake.build:Building ROS package in '/home/zhangchenxu/Documents/00_Project/ClimblingRobot_v2.0/USE_DOUBLE_IMU/src/yesense_ros2_imu/yesense_std_ros2' with build type 'ament_cmake'
[0.854s] INFO:colcon.colcon_cmake.task.cmake.build:Building CMake package in '/home/zhangchenxu/Documents/00_Project/ClimblingRobot_v2.0/USE_DOUBLE_IMU/src/yesense_ros2_imu/yesense_std_ros2'
[0.854s] INFO:colcon.colcon_core.shell:Skip shell extension 'powershell' for command environment: Not usable outside of PowerShell
[0.854s] DEBUG:colcon.colcon_core.shell:Skip shell extension 'dsv' for command environment
[0.870s] DEBUG:colcon.colcon_core.event_handler.log_command:Invoking command in '/home/zhangchenxu/Documents/00_Project/ClimblingRobot_v2.0/USE_DOUBLE_IMU/build/double_imu': CMAKE_PREFIX_PATH=/home/zhangchenxu/Documents/00_Project/ClimblingRobot_v2.0/USE_DOUBLE_IMU/install/yesense_interface:/home/zhangchenxu/Documents/00_Project/ClimblingRobot_v2.0/USE_DOUBLE_IMU/install/double_imu:/home/zhangchenxu/Documents/00_Project/ClimblingRobot_v2.0/USE_DOUBLE_IMU/install/imu_1:/home/zhangchenxu/MOVEIT/moveit2_ws/install/pilz_industrial_motion_planner_testutils:/home/zhangchenxu/MOVEIT/moveit2_ws/install/moveit_runtime:/home/zhangchenxu/MOVEIT/moveit2_ws/install/moveit2_tutorials:/home/zhangchenxu/MOVEIT/moveit2_ws/install/moveit:/home/zhangchenxu/MOVEIT/moveit2_ws/install/moveit_planners:/home/zhangchenxu/MOVEIT/moveit2_ws/install/pilz_industrial_motion_planner:/home/zhangchenxu/MOVEIT/moveit2_ws/install/moveit_visual_tools:/home/zhangchenxu/MOVEIT/moveit2_ws/install/moveit_task_constructor_visualization:/home/zhangchenxu/MOVEIT/moveit2_ws/install/moveit_task_constructor_demo:/home/zhangchenxu/MOVEIT/moveit2_ws/install/moveit_task_constructor_capabilities:/home/zhangchenxu/MOVEIT/moveit2_ws/install/moveit_task_constructor_core:/home/zhangchenxu/MOVEIT/moveit2_ws/install/moveit_ros_control_interface:/home/zhangchenxu/MOVEIT/moveit2_ws/install/moveit_plugins:/home/zhangchenxu/MOVEIT/moveit2_ws/install/moveit_simple_controller_manager:/home/zhangchenxu/MOVEIT/moveit2_ws/install/moveit_setup_assistant:/home/zhangchenxu/MOVEIT/moveit2_ws/install/moveit_setup_srdf_plugins:/home/zhangchenxu/MOVEIT/moveit2_ws/install/moveit_setup_core_plugins:/home/zhangchenxu/MOVEIT/moveit2_ws/install/moveit_setup_controllers:/home/zhangchenxu/MOVEIT/moveit2_ws/install/moveit_setup_app_plugins:/home/zhangchenxu/MOVEIT/moveit2_ws/install/moveit_setup_framework:/home/zhangchenxu/MOVEIT/moveit2_ws/install/moveit_servo:/home/zhangchenxu/MOVEIT/moveit2_ws/install/moveit_ros:/home/zhangchenxu/MOVEIT/moveit2_ws/install/moveit_ros_visualization:/home/zhangchenxu/MOVEIT/moveit2_ws/install/moveit_hybrid_planning:/home/zhangchenxu/MOVEIT/moveit2_ws/install/moveit_ros_planning_interface:/home/zhangchenxu/MOVEIT/moveit2_ws/install/moveit_ros_benchmarks:/home/zhangchenxu/MOVEIT/moveit2_ws/install/moveit_ros_warehouse:/home/zhangchenxu/MOVEIT/moveit2_ws/install/moveit_ros_robot_interaction:/home/zhangchenxu/MOVEIT/moveit2_ws/install/moveit_ros_perception:/home/zhangchenxu/MOVEIT/moveit2_ws/install/moveit_resources_prbt_pg70_support:/home/zhangchenxu/MOVEIT/moveit2_ws/install/moveit_resources_prbt_moveit_config:/home/zhangchenxu/MOVEIT/moveit2_ws/install/moveit_ros_move_group:/home/zhangchenxu/MOVEIT/moveit2_ws/install/moveit_planners_ompl:/home/zhangchenxu/MOVEIT/moveit2_ws/install/moveit_ros_planning:/home/zhangchenxu/MOVEIT/moveit2_ws/install/moveit_ros_occupancy_map_monitor:/home/zhangchenxu/MOVEIT/moveit2_ws/install/moveit_resources_prbt_ikfast_manipulator_plugin:/home/zhangchenxu/MOVEIT/moveit2_ws/install/moveit_planners_chomp:/home/zhangchenxu/MOVEIT/moveit2_ws/install/moveit_kinematics:/home/zhangchenxu/MOVEIT/moveit2_ws/install/moveit_chomp_optimizer_adapter:/home/zhangchenxu/MOVEIT/moveit2_ws/install/chomp_motion_planner:/home/zhangchenxu/MOVEIT/moveit2_ws/install/moveit_core:/home/zhangchenxu/MOVEIT/moveit2_ws/install/srdfdom:/home/zhangchenxu/MOVEIT/moveit2_ws/install/rviz_marker_tools:/home/zhangchenxu/MOVEIT/moveit2_ws/install/rosparam_shortcuts:/home/zhangchenxu/MOVEIT/moveit2_ws/install/moveit_task_constructor_msgs:/home/zhangchenxu/MOVEIT/moveit2_ws/install/moveit_resources_prbt_support:/home/zhangchenxu/MOVEIT/moveit2_ws/install/moveit_resources:/home/zhangchenxu/MOVEIT/moveit2_ws/install/moveit_resources_pr2_description:/home/zhangchenxu/MOVEIT/moveit2_ws/install/moveit_resources_panda_moveit_config:/home/zhangchenxu/MOVEIT/moveit2_ws/install/moveit_resources_panda_description:/home/zhangchenxu/MOVEIT/moveit2_ws/install/moveit_resources_fanuc_moveit_config:/home/zhangchenxu/MOVEIT/moveit2_ws/install/moveit_resources_fanuc_description:/home/zhangchenxu/MOVEIT/moveit2_ws/install/moveit_common:/home/zhangchenxu/MOVEIT/moveit2_ws/install/moveit_configs_utils:/home/zhangchenxu/MOVEIT/moveit2_ws/install/launch_param_builder:/opt/ros/humble LD_LIBRARY_PATH=/home/zhangchenxu/Documents/00_Project/ClimblingRobot_v2.0/USE_DOUBLE_IMU/install/yesense_interface/lib:/usr/local/cuda-12.6/lib64:/usr/local/cuda-12.6/lib64:/home/zhangchenxu/MOVEIT/moveit2_ws/install/pilz_industrial_motion_planner_testutils/lib:/home/zhangchenxu/MOVEIT/moveit2_ws/install/pilz_industrial_motion_planner/lib:/home/zhangchenxu/MOVEIT/moveit2_ws/install/moveit_visual_tools/lib:/home/zhangchenxu/MOVEIT/moveit2_ws/install/moveit_task_constructor_visualization/lib:/home/zhangchenxu/MOVEIT/moveit2_ws/install/moveit_task_constructor_demo/lib:/home/zhangchenxu/MOVEIT/moveit2_ws/install/moveit_task_constructor_capabilities/lib:/home/zhangchenxu/MOVEIT/moveit2_ws/install/moveit_task_constructor_core/lib:/home/zhangchenxu/MOVEIT/moveit2_ws/install/moveit_ros_control_interface/lib:/home/zhangchenxu/MOVEIT/moveit2_ws/install/moveit_simple_controller_manager/lib:/home/zhangchenxu/MOVEIT/moveit2_ws/install/moveit_setup_assistant/lib:/home/zhangchenxu/MOVEIT/moveit2_ws/install/moveit_setup_srdf_plugins/lib:/home/zhangchenxu/MOVEIT/moveit2_ws/install/moveit_setup_core_plugins/lib:/home/zhangchenxu/MOVEIT/moveit2_ws/install/moveit_setup_controllers/lib:/home/zhangchenxu/MOVEIT/moveit2_ws/install/moveit_setup_app_plugins/lib:/home/zhangchenxu/MOVEIT/moveit2_ws/install/moveit_setup_framework/lib:/home/zhangchenxu/MOVEIT/moveit2_ws/install/moveit_servo/lib:/home/zhangchenxu/MOVEIT/moveit2_ws/install/moveit_ros_visualization/lib:/home/zhangchenxu/MOVEIT/moveit2_ws/install/moveit_hybrid_planning/lib:/home/zhangchenxu/MOVEIT/moveit2_ws/install/moveit_ros_planning_interface/lib:/home/zhangchenxu/MOVEIT/moveit2_ws/install/moveit_ros_benchmarks/lib:/home/zhangchenxu/MOVEIT/moveit2_ws/install/moveit_ros_warehouse/lib:/home/zhangchenxu/MOVEIT/moveit2_ws/install/moveit_ros_robot_interaction/lib:/home/zhangchenxu/MOVEIT/moveit2_ws/install/moveit_ros_perception/lib:/home/zhangchenxu/MOVEIT/moveit2_ws/install/moveit_ros_move_group/lib:/home/zhangchenxu/MOVEIT/moveit2_ws/install/moveit_planners_ompl/lib:/home/zhangchenxu/MOVEIT/moveit2_ws/install/moveit_ros_planning/lib:/home/zhangchenxu/MOVEIT/moveit2_ws/install/moveit_ros_occupancy_map_monitor/lib:/home/zhangchenxu/MOVEIT/moveit2_ws/install/moveit_resources_prbt_ikfast_manipulator_plugin/lib:/home/zhangchenxu/MOVEIT/moveit2_ws/install/moveit_planners_chomp/lib:/home/zhangchenxu/MOVEIT/moveit2_ws/install/moveit_kinematics/lib:/home/zhangchenxu/MOVEIT/moveit2_ws/install/moveit_chomp_optimizer_adapter/lib:/home/zhangchenxu/MOVEIT/moveit2_ws/install/chomp_motion_planner/lib:/home/zhangchenxu/MOVEIT/moveit2_ws/install/moveit_core/lib:/home/zhangchenxu/MOVEIT/moveit2_ws/install/srdfdom/lib:/home/zhangchenxu/MOVEIT/moveit2_ws/install/rviz_marker_tools/lib:/home/zhangchenxu/MOVEIT/moveit2_ws/install/rosparam_shortcuts/lib:/home/zhangchenxu/MOVEIT/moveit2_ws/install/moveit_task_constructor_msgs/lib:/usr/lib/x86_64-linux-gnu/gazebo-11/plugins:/opt/ros/humble/opt/rviz_ogre_vendor/lib:/opt/ros/humble/lib/x86_64-linux-gnu:/opt/ros/humble/lib:/usr/share/gazebo/../../lib/x86_64-linux-gnu/gazebo-11/plugins:/usr/share/gazebo/../../lib/x86_64-linux-gnu/gazebo-11/plugins:/usr/share/gazebo/../../lib/x86_64-linux-gnu/gazebo-11/plugins /usr/bin/cmake --build /home/zhangchenxu/Documents/00_Project/ClimblingRobot_v2.0/USE_DOUBLE_IMU/build/double_imu -- -j12 -l12
[0.973s] DEBUG:colcon.colcon_core.event_handler.log_command:Invoked command in '/home/zhangchenxu/Documents/00_Project/ClimblingRobot_v2.0/USE_DOUBLE_IMU/build/double_imu' returned '0': CMAKE_PREFIX_PATH=/home/zhangchenxu/Documents/00_Project/ClimblingRobot_v2.0/USE_DOUBLE_IMU/install/yesense_interface:/home/zhangchenxu/Documents/00_Project/ClimblingRobot_v2.0/USE_DOUBLE_IMU/install/double_imu:/home/zhangchenxu/Documents/00_Project/ClimblingRobot_v2.0/USE_DOUBLE_IMU/install/imu_1:/home/zhangchenxu/MOVEIT/moveit2_ws/install/pilz_industrial_motion_planner_testutils:/home/zhangchenxu/MOVEIT/moveit2_ws/install/moveit_runtime:/home/zhangchenxu/MOVEIT/moveit2_ws/install/moveit2_tutorials:/home/zhangchenxu/MOVEIT/moveit2_ws/install/moveit:/home/zhangchenxu/MOVEIT/moveit2_ws/install/moveit_planners:/home/zhangchenxu/MOVEIT/moveit2_ws/install/pilz_industrial_motion_planner:/home/zhangchenxu/MOVEIT/moveit2_ws/install/moveit_visual_tools:/home/zhangchenxu/MOVEIT/moveit2_ws/install/moveit_task_constructor_visualization:/home/zhangchenxu/MOVEIT/moveit2_ws/install/moveit_task_constructor_demo:/home/zhangchenxu/MOVEIT/moveit2_ws/install/moveit_task_constructor_capabilities:/home/zhangchenxu/MOVEIT/moveit2_ws/install/moveit_task_constructor_core:/home/zhangchenxu/MOVEIT/moveit2_ws/install/moveit_ros_control_interface:/home/zhangchenxu/MOVEIT/moveit2_ws/install/moveit_plugins:/home/zhangchenxu/MOVEIT/moveit2_ws/install/moveit_simple_controller_manager:/home/zhangchenxu/MOVEIT/moveit2_ws/install/moveit_setup_assistant:/home/zhangchenxu/MOVEIT/moveit2_ws/install/moveit_setup_srdf_plugins:/home/zhangchenxu/MOVEIT/moveit2_ws/install/moveit_setup_core_plugins:/home/zhangchenxu/MOVEIT/moveit2_ws/install/moveit_setup_controllers:/home/zhangchenxu/MOVEIT/moveit2_ws/install/moveit_setup_app_plugins:/home/zhangchenxu/MOVEIT/moveit2_ws/install/moveit_setup_framework:/home/zhangchenxu/MOVEIT/moveit2_ws/install/moveit_servo:/home/zhangchenxu/MOVEIT/moveit2_ws/install/moveit_ros:/home/zhangchenxu/MOVEIT/moveit2_ws/install/moveit_ros_visualization:/home/zhangchenxu/MOVEIT/moveit2_ws/install/moveit_hybrid_planning:/home/zhangchenxu/MOVEIT/moveit2_ws/install/moveit_ros_planning_interface:/home/zhangchenxu/MOVEIT/moveit2_ws/install/moveit_ros_benchmarks:/home/zhangchenxu/MOVEIT/moveit2_ws/install/moveit_ros_warehouse:/home/zhangchenxu/MOVEIT/moveit2_ws/install/moveit_ros_robot_interaction:/home/zhangchenxu/MOVEIT/moveit2_ws/install/moveit_ros_perception:/home/zhangchenxu/MOVEIT/moveit2_ws/install/moveit_resources_prbt_pg70_support:/home/zhangchenxu/MOVEIT/moveit2_ws/install/moveit_resources_prbt_moveit_config:/home/zhangchenxu/MOVEIT/moveit2_ws/install/moveit_ros_move_group:/home/zhangchenxu/MOVEIT/moveit2_ws/install/moveit_planners_ompl:/home/zhangchenxu/MOVEIT/moveit2_ws/install/moveit_ros_planning:/home/zhangchenxu/MOVEIT/moveit2_ws/install/moveit_ros_occupancy_map_monitor:/home/zhangchenxu/MOVEIT/moveit2_ws/install/moveit_resources_prbt_ikfast_manipulator_plugin:/home/zhangchenxu/MOVEIT/moveit2_ws/install/moveit_planners_chomp:/home/zhangchenxu/MOVEIT/moveit2_ws/install/moveit_kinematics:/home/zhangchenxu/MOVEIT/moveit2_ws/install/moveit_chomp_optimizer_adapter:/home/zhangchenxu/MOVEIT/moveit2_ws/install/chomp_motion_planner:/home/zhangchenxu/MOVEIT/moveit2_ws/install/moveit_core:/home/zhangchenxu/MOVEIT/moveit2_ws/install/srdfdom:/home/zhangchenxu/MOVEIT/moveit2_ws/install/rviz_marker_tools:/home/zhangchenxu/MOVEIT/moveit2_ws/install/rosparam_shortcuts:/home/zhangchenxu/MOVEIT/moveit2_ws/install/moveit_task_constructor_msgs:/home/zhangchenxu/MOVEIT/moveit2_ws/install/moveit_resources_prbt_support:/home/zhangchenxu/MOVEIT/moveit2_ws/install/moveit_resources:/home/zhangchenxu/MOVEIT/moveit2_ws/install/moveit_resources_pr2_description:/home/zhangchenxu/MOVEIT/moveit2_ws/install/moveit_resources_panda_moveit_config:/home/zhangchenxu/MOVEIT/moveit2_ws/install/moveit_resources_panda_description:/home/zhangchenxu/MOVEIT/moveit2_ws/install/moveit_resources_fanuc_moveit_config:/home/zhangchenxu/MOVEIT/moveit2_ws/install/moveit_resources_fanuc_description:/home/zhangchenxu/MOVEIT/moveit2_ws/install/moveit_common:/home/zhangchenxu/MOVEIT/moveit2_ws/install/moveit_configs_utils:/home/zhangchenxu/MOVEIT/moveit2_ws/install/launch_param_builder:/opt/ros/humble LD_LIBRARY_PATH=/home/zhangchenxu/Documents/00_Project/ClimblingRobot_v2.0/USE_DOUBLE_IMU/install/yesense_interface/lib:/usr/local/cuda-12.6/lib64:/usr/local/cuda-12.6/lib64:/home/zhangchenxu/MOVEIT/moveit2_ws/install/pilz_industrial_motion_planner_testutils/lib:/home/zhangchenxu/MOVEIT/moveit2_ws/install/pilz_industrial_motion_planner/lib:/home/zhangchenxu/MOVEIT/moveit2_ws/install/moveit_visual_tools/lib:/home/zhangchenxu/MOVEIT/moveit2_ws/install/moveit_task_constructor_visualization/lib:/home/zhangchenxu/MOVEIT/moveit2_ws/install/moveit_task_constructor_demo/lib:/home/zhangchenxu/MOVEIT/moveit2_ws/install/moveit_task_constructor_capabilities/lib:/home/zhangchenxu/MOVEIT/moveit2_ws/install/moveit_task_constructor_core/lib:/home/zhangchenxu/MOVEIT/moveit2_ws/install/moveit_ros_control_interface/lib:/home/zhangchenxu/MOVEIT/moveit2_ws/install/moveit_simple_controller_manager/lib:/home/zhangchenxu/MOVEIT/moveit2_ws/install/moveit_setup_assistant/lib:/home/zhangchenxu/MOVEIT/moveit2_ws/install/moveit_setup_srdf_plugins/lib:/home/zhangchenxu/MOVEIT/moveit2_ws/install/moveit_setup_core_plugins/lib:/home/zhangchenxu/MOVEIT/moveit2_ws/install/moveit_setup_controllers/lib:/home/zhangchenxu/MOVEIT/moveit2_ws/install/moveit_setup_app_plugins/lib:/home/zhangchenxu/MOVEIT/moveit2_ws/install/moveit_setup_framework/lib:/home/zhangchenxu/MOVEIT/moveit2_ws/install/moveit_servo/lib:/home/zhangchenxu/MOVEIT/moveit2_ws/install/moveit_ros_visualization/lib:/home/zhangchenxu/MOVEIT/moveit2_ws/install/moveit_hybrid_planning/lib:/home/zhangchenxu/MOVEIT/moveit2_ws/install/moveit_ros_planning_interface/lib:/home/zhangchenxu/MOVEIT/moveit2_ws/install/moveit_ros_benchmarks/lib:/home/zhangchenxu/MOVEIT/moveit2_ws/install/moveit_ros_warehouse/lib:/home/zhangchenxu/MOVEIT/moveit2_ws/install/moveit_ros_robot_interaction/lib:/home/zhangchenxu/MOVEIT/moveit2_ws/install/moveit_ros_perception/lib:/home/zhangchenxu/MOVEIT/moveit2_ws/install/moveit_ros_move_group/lib:/home/zhangchenxu/MOVEIT/moveit2_ws/install/moveit_planners_ompl/lib:/home/zhangchenxu/MOVEIT/moveit2_ws/install/moveit_ros_planning/lib:/home/zhangchenxu/MOVEIT/moveit2_ws/install/moveit_ros_occupancy_map_monitor/lib:/home/zhangchenxu/MOVEIT/moveit2_ws/install/moveit_resources_prbt_ikfast_manipulator_plugin/lib:/home/zhangchenxu/MOVEIT/moveit2_ws/install/moveit_planners_chomp/lib:/home/zhangchenxu/MOVEIT/moveit2_ws/install/moveit_kinematics/lib:/home/zhangchenxu/MOVEIT/moveit2_ws/install/moveit_chomp_optimizer_adapter/lib:/home/zhangchenxu/MOVEIT/moveit2_ws/install/chomp_motion_planner/lib:/home/zhangchenxu/MOVEIT/moveit2_ws/install/moveit_core/lib:/home/zhangchenxu/MOVEIT/moveit2_ws/install/srdfdom/lib:/home/zhangchenxu/MOVEIT/moveit2_ws/install/rviz_marker_tools/lib:/home/zhangchenxu/MOVEIT/moveit2_ws/install/rosparam_shortcuts/lib:/home/zhangchenxu/MOVEIT/moveit2_ws/install/moveit_task_constructor_msgs/lib:/usr/lib/x86_64-linux-gnu/gazebo-11/plugins:/opt/ros/humble/opt/rviz_ogre_vendor/lib:/opt/ros/humble/lib/x86_64-linux-gnu:/opt/ros/humble/lib:/usr/share/gazebo/../../lib/x86_64-linux-gnu/gazebo-11/plugins:/usr/share/gazebo/../../lib/x86_64-linux-gnu/gazebo-11/plugins:/usr/share/gazebo/../../lib/x86_64-linux-gnu/gazebo-11/plugins /usr/bin/cmake --build /home/zhangchenxu/Documents/00_Project/ClimblingRobot_v2.0/USE_DOUBLE_IMU/build/double_imu -- -j12 -l12
[0.974s] DEBUG:colcon.colcon_core.event_handler.log_command:Invoking command in '/home/zhangchenxu/Documents/00_Project/ClimblingRobot_v2.0/USE_DOUBLE_IMU/build/double_imu': CMAKE_PREFIX_PATH=/home/zhangchenxu/Documents/00_Project/ClimblingRobot_v2.0/USE_DOUBLE_IMU/install/yesense_interface:/home/zhangchenxu/Documents/00_Project/ClimblingRobot_v2.0/USE_DOUBLE_IMU/install/double_imu:/home/zhangchenxu/Documents/00_Project/ClimblingRobot_v2.0/USE_DOUBLE_IMU/install/imu_1:/home/zhangchenxu/MOVEIT/moveit2_ws/install/pilz_industrial_motion_planner_testutils:/home/zhangchenxu/MOVEIT/moveit2_ws/install/moveit_runtime:/home/zhangchenxu/MOVEIT/moveit2_ws/install/moveit2_tutorials:/home/zhangchenxu/MOVEIT/moveit2_ws/install/moveit:/home/zhangchenxu/MOVEIT/moveit2_ws/install/moveit_planners:/home/zhangchenxu/MOVEIT/moveit2_ws/install/pilz_industrial_motion_planner:/home/zhangchenxu/MOVEIT/moveit2_ws/install/moveit_visual_tools:/home/zhangchenxu/MOVEIT/moveit2_ws/install/moveit_task_constructor_visualization:/home/zhangchenxu/MOVEIT/moveit2_ws/install/moveit_task_constructor_demo:/home/zhangchenxu/MOVEIT/moveit2_ws/install/moveit_task_constructor_capabilities:/home/zhangchenxu/MOVEIT/moveit2_ws/install/moveit_task_constructor_core:/home/zhangchenxu/MOVEIT/moveit2_ws/install/moveit_ros_control_interface:/home/zhangchenxu/MOVEIT/moveit2_ws/install/moveit_plugins:/home/zhangchenxu/MOVEIT/moveit2_ws/install/moveit_simple_controller_manager:/home/zhangchenxu/MOVEIT/moveit2_ws/install/moveit_setup_assistant:/home/zhangchenxu/MOVEIT/moveit2_ws/install/moveit_setup_srdf_plugins:/home/zhangchenxu/MOVEIT/moveit2_ws/install/moveit_setup_core_plugins:/home/zhangchenxu/MOVEIT/moveit2_ws/install/moveit_setup_controllers:/home/zhangchenxu/MOVEIT/moveit2_ws/install/moveit_setup_app_plugins:/home/zhangchenxu/MOVEIT/moveit2_ws/install/moveit_setup_framework:/home/zhangchenxu/MOVEIT/moveit2_ws/install/moveit_servo:/home/zhangchenxu/MOVEIT/moveit2_ws/install/moveit_ros:/home/zhangchenxu/MOVEIT/moveit2_ws/install/moveit_ros_visualization:/home/zhangchenxu/MOVEIT/moveit2_ws/install/moveit_hybrid_planning:/home/zhangchenxu/MOVEIT/moveit2_ws/install/moveit_ros_planning_interface:/home/zhangchenxu/MOVEIT/moveit2_ws/install/moveit_ros_benchmarks:/home/zhangchenxu/MOVEIT/moveit2_ws/install/moveit_ros_warehouse:/home/zhangchenxu/MOVEIT/moveit2_ws/install/moveit_ros_robot_interaction:/home/zhangchenxu/MOVEIT/moveit2_ws/install/moveit_ros_perception:/home/zhangchenxu/MOVEIT/moveit2_ws/install/moveit_resources_prbt_pg70_support:/home/zhangchenxu/MOVEIT/moveit2_ws/install/moveit_resources_prbt_moveit_config:/home/zhangchenxu/MOVEIT/moveit2_ws/install/moveit_ros_move_group:/home/zhangchenxu/MOVEIT/moveit2_ws/install/moveit_planners_ompl:/home/zhangchenxu/MOVEIT/moveit2_ws/install/moveit_ros_planning:/home/zhangchenxu/MOVEIT/moveit2_ws/install/moveit_ros_occupancy_map_monitor:/home/zhangchenxu/MOVEIT/moveit2_ws/install/moveit_resources_prbt_ikfast_manipulator_plugin:/home/zhangchenxu/MOVEIT/moveit2_ws/install/moveit_planners_chomp:/home/zhangchenxu/MOVEIT/moveit2_ws/install/moveit_kinematics:/home/zhangchenxu/MOVEIT/moveit2_ws/install/moveit_chomp_optimizer_adapter:/home/zhangchenxu/MOVEIT/moveit2_ws/install/chomp_motion_planner:/home/zhangchenxu/MOVEIT/moveit2_ws/install/moveit_core:/home/zhangchenxu/MOVEIT/moveit2_ws/install/srdfdom:/home/zhangchenxu/MOVEIT/moveit2_ws/install/rviz_marker_tools:/home/zhangchenxu/MOVEIT/moveit2_ws/install/rosparam_shortcuts:/home/zhangchenxu/MOVEIT/moveit2_ws/install/moveit_task_constructor_msgs:/home/zhangchenxu/MOVEIT/moveit2_ws/install/moveit_resources_prbt_support:/home/zhangchenxu/MOVEIT/moveit2_ws/install/moveit_resources:/home/zhangchenxu/MOVEIT/moveit2_ws/install/moveit_resources_pr2_description:/home/zhangchenxu/MOVEIT/moveit2_ws/install/moveit_resources_panda_moveit_config:/home/zhangchenxu/MOVEIT/moveit2_ws/install/moveit_resources_panda_description:/home/zhangchenxu/MOVEIT/moveit2_ws/install/moveit_resources_fanuc_moveit_config:/home/zhangchenxu/MOVEIT/moveit2_ws/install/moveit_resources_fanuc_description:/home/zhangchenxu/MOVEIT/moveit2_ws/install/moveit_common:/home/zhangchenxu/MOVEIT/moveit2_ws/install/moveit_configs_utils:/home/zhangchenxu/MOVEIT/moveit2_ws/install/launch_param_builder:/opt/ros/humble LD_LIBRARY_PATH=/home/zhangchenxu/Documents/00_Project/ClimblingRobot_v2.0/USE_DOUBLE_IMU/install/yesense_interface/lib:/usr/local/cuda-12.6/lib64:/usr/local/cuda-12.6/lib64:/home/zhangchenxu/MOVEIT/moveit2_ws/install/pilz_industrial_motion_planner_testutils/lib:/home/zhangchenxu/MOVEIT/moveit2_ws/install/pilz_industrial_motion_planner/lib:/home/zhangchenxu/MOVEIT/moveit2_ws/install/moveit_visual_tools/lib:/home/zhangchenxu/MOVEIT/moveit2_ws/install/moveit_task_constructor_visualization/lib:/home/zhangchenxu/MOVEIT/moveit2_ws/install/moveit_task_constructor_demo/lib:/home/zhangchenxu/MOVEIT/moveit2_ws/install/moveit_task_constructor_capabilities/lib:/home/zhangchenxu/MOVEIT/moveit2_ws/install/moveit_task_constructor_core/lib:/home/zhangchenxu/MOVEIT/moveit2_ws/install/moveit_ros_control_interface/lib:/home/zhangchenxu/MOVEIT/moveit2_ws/install/moveit_simple_controller_manager/lib:/home/zhangchenxu/MOVEIT/moveit2_ws/install/moveit_setup_assistant/lib:/home/zhangchenxu/MOVEIT/moveit2_ws/install/moveit_setup_srdf_plugins/lib:/home/zhangchenxu/MOVEIT/moveit2_ws/install/moveit_setup_core_plugins/lib:/home/zhangchenxu/MOVEIT/moveit2_ws/install/moveit_setup_controllers/lib:/home/zhangchenxu/MOVEIT/moveit2_ws/install/moveit_setup_app_plugins/lib:/home/zhangchenxu/MOVEIT/moveit2_ws/install/moveit_setup_framework/lib:/home/zhangchenxu/MOVEIT/moveit2_ws/install/moveit_servo/lib:/home/zhangchenxu/MOVEIT/moveit2_ws/install/moveit_ros_visualization/lib:/home/zhangchenxu/MOVEIT/moveit2_ws/install/moveit_hybrid_planning/lib:/home/zhangchenxu/MOVEIT/moveit2_ws/install/moveit_ros_planning_interface/lib:/home/zhangchenxu/MOVEIT/moveit2_ws/install/moveit_ros_benchmarks/lib:/home/zhangchenxu/MOVEIT/moveit2_ws/install/moveit_ros_warehouse/lib:/home/zhangchenxu/MOVEIT/moveit2_ws/install/moveit_ros_robot_interaction/lib:/home/zhangchenxu/MOVEIT/moveit2_ws/install/moveit_ros_perception/lib:/home/zhangchenxu/MOVEIT/moveit2_ws/install/moveit_ros_move_group/lib:/home/zhangchenxu/MOVEIT/moveit2_ws/install/moveit_planners_ompl/lib:/home/zhangchenxu/MOVEIT/moveit2_ws/install/moveit_ros_planning/lib:/home/zhangchenxu/MOVEIT/moveit2_ws/install/moveit_ros_occupancy_map_monitor/lib:/home/zhangchenxu/MOVEIT/moveit2_ws/install/moveit_resources_prbt_ikfast_manipulator_plugin/lib:/home/zhangchenxu/MOVEIT/moveit2_ws/install/moveit_planners_chomp/lib:/home/zhangchenxu/MOVEIT/moveit2_ws/install/moveit_kinematics/lib:/home/zhangchenxu/MOVEIT/moveit2_ws/install/moveit_chomp_optimizer_adapter/lib:/home/zhangchenxu/MOVEIT/moveit2_ws/install/chomp_motion_planner/lib:/home/zhangchenxu/MOVEIT/moveit2_ws/install/moveit_core/lib:/home/zhangchenxu/MOVEIT/moveit2_ws/install/srdfdom/lib:/home/zhangchenxu/MOVEIT/moveit2_ws/install/rviz_marker_tools/lib:/home/zhangchenxu/MOVEIT/moveit2_ws/install/rosparam_shortcuts/lib:/home/zhangchenxu/MOVEIT/moveit2_ws/install/moveit_task_constructor_msgs/lib:/usr/lib/x86_64-linux-gnu/gazebo-11/plugins:/opt/ros/humble/opt/rviz_ogre_vendor/lib:/opt/ros/humble/lib/x86_64-linux-gnu:/opt/ros/humble/lib:/usr/share/gazebo/../../lib/x86_64-linux-gnu/gazebo-11/plugins:/usr/share/gazebo/../../lib/x86_64-linux-gnu/gazebo-11/plugins:/usr/share/gazebo/../../lib/x86_64-linux-gnu/gazebo-11/plugins /usr/bin/cmake --install /home/zhangchenxu/Documents/00_Project/ClimblingRobot_v2.0/USE_DOUBLE_IMU/build/double_imu
[0.986s] Level 1:colcon.colcon_core.environment:create_environment_scripts_only(double_imu)
[0.986s] Level 1:colcon.colcon_core.environment:checking '/home/zhangchenxu/Documents/00_Project/ClimblingRobot_v2.0/USE_DOUBLE_IMU/install/double_imu' for CMake module files
[0.986s] DEBUG:colcon.colcon_core.event_handler.log_command:Invoked command in '/home/zhangchenxu/Documents/00_Project/ClimblingRobot_v2.0/USE_DOUBLE_IMU/build/double_imu' returned '0': CMAKE_PREFIX_PATH=/home/zhangchenxu/Documents/00_Project/ClimblingRobot_v2.0/USE_DOUBLE_IMU/install/yesense_interface:/home/zhangchenxu/Documents/00_Project/ClimblingRobot_v2.0/USE_DOUBLE_IMU/install/double_imu:/home/zhangchenxu/Documents/00_Project/ClimblingRobot_v2.0/USE_DOUBLE_IMU/install/imu_1:/home/zhangchenxu/MOVEIT/moveit2_ws/install/pilz_industrial_motion_planner_testutils:/home/zhangchenxu/MOVEIT/moveit2_ws/install/moveit_runtime:/home/zhangchenxu/MOVEIT/moveit2_ws/install/moveit2_tutorials:/home/zhangchenxu/MOVEIT/moveit2_ws/install/moveit:/home/zhangchenxu/MOVEIT/moveit2_ws/install/moveit_planners:/home/zhangchenxu/MOVEIT/moveit2_ws/install/pilz_industrial_motion_planner:/home/zhangchenxu/MOVEIT/moveit2_ws/install/moveit_visual_tools:/home/zhangchenxu/MOVEIT/moveit2_ws/install/moveit_task_constructor_visualization:/home/zhangchenxu/MOVEIT/moveit2_ws/install/moveit_task_constructor_demo:/home/zhangchenxu/MOVEIT/moveit2_ws/install/moveit_task_constructor_capabilities:/home/zhangchenxu/MOVEIT/moveit2_ws/install/moveit_task_constructor_core:/home/zhangchenxu/MOVEIT/moveit2_ws/install/moveit_ros_control_interface:/home/zhangchenxu/MOVEIT/moveit2_ws/install/moveit_plugins:/home/zhangchenxu/MOVEIT/moveit2_ws/install/moveit_simple_controller_manager:/home/zhangchenxu/MOVEIT/moveit2_ws/install/moveit_setup_assistant:/home/zhangchenxu/MOVEIT/moveit2_ws/install/moveit_setup_srdf_plugins:/home/zhangchenxu/MOVEIT/moveit2_ws/install/moveit_setup_core_plugins:/home/zhangchenxu/MOVEIT/moveit2_ws/install/moveit_setup_controllers:/home/zhangchenxu/MOVEIT/moveit2_ws/install/moveit_setup_app_plugins:/home/zhangchenxu/MOVEIT/moveit2_ws/install/moveit_setup_framework:/home/zhangchenxu/MOVEIT/moveit2_ws/install/moveit_servo:/home/zhangchenxu/MOVEIT/moveit2_ws/install/moveit_ros:/home/zhangchenxu/MOVEIT/moveit2_ws/install/moveit_ros_visualization:/home/zhangchenxu/MOVEIT/moveit2_ws/install/moveit_hybrid_planning:/home/zhangchenxu/MOVEIT/moveit2_ws/install/moveit_ros_planning_interface:/home/zhangchenxu/MOVEIT/moveit2_ws/install/moveit_ros_benchmarks:/home/zhangchenxu/MOVEIT/moveit2_ws/install/moveit_ros_warehouse:/home/zhangchenxu/MOVEIT/moveit2_ws/install/moveit_ros_robot_interaction:/home/zhangchenxu/MOVEIT/moveit2_ws/install/moveit_ros_perception:/home/zhangchenxu/MOVEIT/moveit2_ws/install/moveit_resources_prbt_pg70_support:/home/zhangchenxu/MOVEIT/moveit2_ws/install/moveit_resources_prbt_moveit_config:/home/zhangchenxu/MOVEIT/moveit2_ws/install/moveit_ros_move_group:/home/zhangchenxu/MOVEIT/moveit2_ws/install/moveit_planners_ompl:/home/zhangchenxu/MOVEIT/moveit2_ws/install/moveit_ros_planning:/home/zhangchenxu/MOVEIT/moveit2_ws/install/moveit_ros_occupancy_map_monitor:/home/zhangchenxu/MOVEIT/moveit2_ws/install/moveit_resources_prbt_ikfast_manipulator_plugin:/home/zhangchenxu/MOVEIT/moveit2_ws/install/moveit_planners_chomp:/home/zhangchenxu/MOVEIT/moveit2_ws/install/moveit_kinematics:/home/zhangchenxu/MOVEIT/moveit2_ws/install/moveit_chomp_optimizer_adapter:/home/zhangchenxu/MOVEIT/moveit2_ws/install/chomp_motion_planner:/home/zhangchenxu/MOVEIT/moveit2_ws/install/moveit_core:/home/zhangchenxu/MOVEIT/moveit2_ws/install/srdfdom:/home/zhangchenxu/MOVEIT/moveit2_ws/install/rviz_marker_tools:/home/zhangchenxu/MOVEIT/moveit2_ws/install/rosparam_shortcuts:/home/zhangchenxu/MOVEIT/moveit2_ws/install/moveit_task_constructor_msgs:/home/zhangchenxu/MOVEIT/moveit2_ws/install/moveit_resources_prbt_support:/home/zhangchenxu/MOVEIT/moveit2_ws/install/moveit_resources:/home/zhangchenxu/MOVEIT/moveit2_ws/install/moveit_resources_pr2_description:/home/zhangchenxu/MOVEIT/moveit2_ws/install/moveit_resources_panda_moveit_config:/home/zhangchenxu/MOVEIT/moveit2_ws/install/moveit_resources_panda_description:/home/zhangchenxu/MOVEIT/moveit2_ws/install/moveit_resources_fanuc_moveit_config:/home/zhangchenxu/MOVEIT/moveit2_ws/install/moveit_resources_fanuc_description:/home/zhangchenxu/MOVEIT/moveit2_ws/install/moveit_common:/home/zhangchenxu/MOVEIT/moveit2_ws/install/moveit_configs_utils:/home/zhangchenxu/MOVEIT/moveit2_ws/install/launch_param_builder:/opt/ros/humble LD_LIBRARY_PATH=/home/zhangchenxu/Documents/00_Project/ClimblingRobot_v2.0/USE_DOUBLE_IMU/install/yesense_interface/lib:/usr/local/cuda-12.6/lib64:/usr/local/cuda-12.6/lib64:/home/zhangchenxu/MOVEIT/moveit2_ws/install/pilz_industrial_motion_planner_testutils/lib:/home/zhangchenxu/MOVEIT/moveit2_ws/install/pilz_industrial_motion_planner/lib:/home/zhangchenxu/MOVEIT/moveit2_ws/install/moveit_visual_tools/lib:/home/zhangchenxu/MOVEIT/moveit2_ws/install/moveit_task_constructor_visualization/lib:/home/zhangchenxu/MOVEIT/moveit2_ws/install/moveit_task_constructor_demo/lib:/home/zhangchenxu/MOVEIT/moveit2_ws/install/moveit_task_constructor_capabilities/lib:/home/zhangchenxu/MOVEIT/moveit2_ws/install/moveit_task_constructor_core/lib:/home/zhangchenxu/MOVEIT/moveit2_ws/install/moveit_ros_control_interface/lib:/home/zhangchenxu/MOVEIT/moveit2_ws/install/moveit_simple_controller_manager/lib:/home/zhangchenxu/MOVEIT/moveit2_ws/install/moveit_setup_assistant/lib:/home/zhangchenxu/MOVEIT/moveit2_ws/install/moveit_setup_srdf_plugins/lib:/home/zhangchenxu/MOVEIT/moveit2_ws/install/moveit_setup_core_plugins/lib:/home/zhangchenxu/MOVEIT/moveit2_ws/install/moveit_setup_controllers/lib:/home/zhangchenxu/MOVEIT/moveit2_ws/install/moveit_setup_app_plugins/lib:/home/zhangchenxu/MOVEIT/moveit2_ws/install/moveit_setup_framework/lib:/home/zhangchenxu/MOVEIT/moveit2_ws/install/moveit_servo/lib:/home/zhangchenxu/MOVEIT/moveit2_ws/install/moveit_ros_visualization/lib:/home/zhangchenxu/MOVEIT/moveit2_ws/install/moveit_hybrid_planning/lib:/home/zhangchenxu/MOVEIT/moveit2_ws/install/moveit_ros_planning_interface/lib:/home/zhangchenxu/MOVEIT/moveit2_ws/install/moveit_ros_benchmarks/lib:/home/zhangchenxu/MOVEIT/moveit2_ws/install/moveit_ros_warehouse/lib:/home/zhangchenxu/MOVEIT/moveit2_ws/install/moveit_ros_robot_interaction/lib:/home/zhangchenxu/MOVEIT/moveit2_ws/install/moveit_ros_perception/lib:/home/zhangchenxu/MOVEIT/moveit2_ws/install/moveit_ros_move_group/lib:/home/zhangchenxu/MOVEIT/moveit2_ws/install/moveit_planners_ompl/lib:/home/zhangchenxu/MOVEIT/moveit2_ws/install/moveit_ros_planning/lib:/home/zhangchenxu/MOVEIT/moveit2_ws/install/moveit_ros_occupancy_map_monitor/lib:/home/zhangchenxu/MOVEIT/moveit2_ws/install/moveit_resources_prbt_ikfast_manipulator_plugin/lib:/home/zhangchenxu/MOVEIT/moveit2_ws/install/moveit_planners_chomp/lib:/home/zhangchenxu/MOVEIT/moveit2_ws/install/moveit_kinematics/lib:/home/zhangchenxu/MOVEIT/moveit2_ws/install/moveit_chomp_optimizer_adapter/lib:/home/zhangchenxu/MOVEIT/moveit2_ws/install/chomp_motion_planner/lib:/home/zhangchenxu/MOVEIT/moveit2_ws/install/moveit_core/lib:/home/zhangchenxu/MOVEIT/moveit2_ws/install/srdfdom/lib:/home/zhangchenxu/MOVEIT/moveit2_ws/install/rviz_marker_tools/lib:/home/zhangchenxu/MOVEIT/moveit2_ws/install/rosparam_shortcuts/lib:/home/zhangchenxu/MOVEIT/moveit2_ws/install/moveit_task_constructor_msgs/lib:/usr/lib/x86_64-linux-gnu/gazebo-11/plugins:/opt/ros/humble/opt/rviz_ogre_vendor/lib:/opt/ros/humble/lib/x86_64-linux-gnu:/opt/ros/humble/lib:/usr/share/gazebo/../../lib/x86_64-linux-gnu/gazebo-11/plugins:/usr/share/gazebo/../../lib/x86_64-linux-gnu/gazebo-11/plugins:/usr/share/gazebo/../../lib/x86_64-linux-gnu/gazebo-11/plugins /usr/bin/cmake --install /home/zhangchenxu/Documents/00_Project/ClimblingRobot_v2.0/USE_DOUBLE_IMU/build/double_imu
[0.986s] Level 1:colcon.colcon_core.environment:checking '/home/zhangchenxu/Documents/00_Project/ClimblingRobot_v2.0/USE_DOUBLE_IMU/install/double_imu' for CMake config files
[0.987s] Level 1:colcon.colcon_core.shell:create_environment_hook('double_imu', 'cmake_prefix_path')
[0.987s] INFO:colcon.colcon_core.shell:Creating environment hook '/home/zhangchenxu/Documents/00_Project/ClimblingRobot_v2.0/USE_DOUBLE_IMU/install/double_imu/share/double_imu/hook/cmake_prefix_path.ps1'
[0.987s] INFO:colcon.colcon_core.shell:Creating environment descriptor '/home/zhangchenxu/Documents/00_Project/ClimblingRobot_v2.0/USE_DOUBLE_IMU/install/double_imu/share/double_imu/hook/cmake_prefix_path.dsv'
[0.987s] INFO:colcon.colcon_core.shell:Creating environment hook '/home/zhangchenxu/Documents/00_Project/ClimblingRobot_v2.0/USE_DOUBLE_IMU/install/double_imu/share/double_imu/hook/cmake_prefix_path.sh'
[0.988s] Level 1:colcon.colcon_core.environment:checking '/home/zhangchenxu/Documents/00_Project/ClimblingRobot_v2.0/USE_DOUBLE_IMU/install/double_imu/lib'
[0.988s] Level 1:colcon.colcon_core.environment:checking '/home/zhangchenxu/Documents/00_Project/ClimblingRobot_v2.0/USE_DOUBLE_IMU/install/double_imu/bin'
[0.988s] Level 1:colcon.colcon_core.environment:checking '/home/zhangchenxu/Documents/00_Project/ClimblingRobot_v2.0/USE_DOUBLE_IMU/install/double_imu/lib/pkgconfig/double_imu.pc'
[0.988s] Level 1:colcon.colcon_core.environment:checking '/home/zhangchenxu/Documents/00_Project/ClimblingRobot_v2.0/USE_DOUBLE_IMU/install/double_imu/lib/python3.10/site-packages'
[0.988s] Level 1:colcon.colcon_core.environment:checking '/home/zhangchenxu/Documents/00_Project/ClimblingRobot_v2.0/USE_DOUBLE_IMU/install/double_imu/bin'
[0.988s] INFO:colcon.colcon_core.shell:Creating package script '/home/zhangchenxu/Documents/00_Project/ClimblingRobot_v2.0/USE_DOUBLE_IMU/install/double_imu/share/double_imu/package.ps1'
[0.989s] INFO:colcon.colcon_core.shell:Creating package descriptor '/home/zhangchenxu/Documents/00_Project/ClimblingRobot_v2.0/USE_DOUBLE_IMU/install/double_imu/share/double_imu/package.dsv'
[0.989s] INFO:colcon.colcon_core.shell:Creating package script '/home/zhangchenxu/Documents/00_Project/ClimblingRobot_v2.0/USE_DOUBLE_IMU/install/double_imu/share/double_imu/package.sh'
[0.989s] INFO:colcon.colcon_core.shell:Creating package script '/home/zhangchenxu/Documents/00_Project/ClimblingRobot_v2.0/USE_DOUBLE_IMU/install/double_imu/share/double_imu/package.bash'
[0.990s] INFO:colcon.colcon_core.shell:Creating package script '/home/zhangchenxu/Documents/00_Project/ClimblingRobot_v2.0/USE_DOUBLE_IMU/install/double_imu/share/double_imu/package.zsh'
[0.990s] Level 1:colcon.colcon_core.environment:create_file_with_runtime_dependencies(/home/zhangchenxu/Documents/00_Project/ClimblingRobot_v2.0/USE_DOUBLE_IMU/install/double_imu/share/colcon-core/packages/double_imu)
[0.990s] Level 1:colcon.colcon_core.environment:create_environment_scripts_only(double_imu)
[0.990s] Level 1:colcon.colcon_core.environment:checking '/home/zhangchenxu/Documents/00_Project/ClimblingRobot_v2.0/USE_DOUBLE_IMU/install/double_imu' for CMake module files
[0.991s] Level 1:colcon.colcon_core.environment:checking '/home/zhangchenxu/Documents/00_Project/ClimblingRobot_v2.0/USE_DOUBLE_IMU/install/double_imu' for CMake config files
[0.991s] Level 1:colcon.colcon_core.shell:create_environment_hook('double_imu', 'cmake_prefix_path')
[0.991s] INFO:colcon.colcon_core.shell:Creating environment hook '/home/zhangchenxu/Documents/00_Project/ClimblingRobot_v2.0/USE_DOUBLE_IMU/install/double_imu/share/double_imu/hook/cmake_prefix_path.ps1'
[0.991s] INFO:colcon.colcon_core.shell:Creating environment descriptor '/home/zhangchenxu/Documents/00_Project/ClimblingRobot_v2.0/USE_DOUBLE_IMU/install/double_imu/share/double_imu/hook/cmake_prefix_path.dsv'
[0.991s] INFO:colcon.colcon_core.shell:Creating environment hook '/home/zhangchenxu/Documents/00_Project/ClimblingRobot_v2.0/USE_DOUBLE_IMU/install/double_imu/share/double_imu/hook/cmake_prefix_path.sh'
[0.992s] Level 1:colcon.colcon_core.environment:checking '/home/zhangchenxu/Documents/00_Project/ClimblingRobot_v2.0/USE_DOUBLE_IMU/install/double_imu/lib'
[0.992s] Level 1:colcon.colcon_core.environment:checking '/home/zhangchenxu/Documents/00_Project/ClimblingRobot_v2.0/USE_DOUBLE_IMU/install/double_imu/bin'
[0.992s] Level 1:colcon.colcon_core.environment:checking '/home/zhangchenxu/Documents/00_Project/ClimblingRobot_v2.0/USE_DOUBLE_IMU/install/double_imu/lib/pkgconfig/double_imu.pc'
[0.992s] Level 1:colcon.colcon_core.environment:checking '/home/zhangchenxu/Documents/00_Project/ClimblingRobot_v2.0/USE_DOUBLE_IMU/install/double_imu/lib/python3.10/site-packages'
[0.992s] Level 1:colcon.colcon_core.environment:checking '/home/zhangchenxu/Documents/00_Project/ClimblingRobot_v2.0/USE_DOUBLE_IMU/install/double_imu/bin'
[0.992s] INFO:colcon.colcon_core.shell:Creating package script '/home/zhangchenxu/Documents/00_Project/ClimblingRobot_v2.0/USE_DOUBLE_IMU/install/double_imu/share/double_imu/package.ps1'
[0.992s] INFO:colcon.colcon_core.shell:Creating package descriptor '/home/zhangchenxu/Documents/00_Project/ClimblingRobot_v2.0/USE_DOUBLE_IMU/install/double_imu/share/double_imu/package.dsv'
[0.993s] INFO:colcon.colcon_core.shell:Creating package script '/home/zhangchenxu/Documents/00_Project/ClimblingRobot_v2.0/USE_DOUBLE_IMU/install/double_imu/share/double_imu/package.sh'
[0.993s] INFO:colcon.colcon_core.shell:Creating package script '/home/zhangchenxu/Documents/00_Project/ClimblingRobot_v2.0/USE_DOUBLE_IMU/install/double_imu/share/double_imu/package.bash'
[0.993s] INFO:colcon.colcon_core.shell:Creating package script '/home/zhangchenxu/Documents/00_Project/ClimblingRobot_v2.0/USE_DOUBLE_IMU/install/double_imu/share/double_imu/package.zsh'
[0.994s] Level 1:colcon.colcon_core.environment:create_file_with_runtime_dependencies(/home/zhangchenxu/Documents/00_Project/ClimblingRobot_v2.0/USE_DOUBLE_IMU/install/double_imu/share/colcon-core/packages/double_imu)
[0.994s] DEBUG:colcon.colcon_parallel_executor.executor.parallel:closing loop
[0.994s] DEBUG:colcon.colcon_parallel_executor.executor.parallel:loop closed
[0.994s] DEBUG:colcon.colcon_parallel_executor.executor.parallel:run_until_complete finished with '0'
[0.994s] DEBUG:colcon.colcon_core.event_reactor:joining thread
[0.998s] INFO:colcon.colcon_core.plugin_system:Skipping extension 'colcon_notification.desktop_notification.terminal_notifier': Not used on non-Darwin systems
[0.998s] INFO:colcon.colcon_core.plugin_system:Skipping extension 'colcon_notification.desktop_notification.win32': Not used on non-Windows systems
[0.998s] INFO:colcon.colcon_notification.desktop_notification:Sending desktop notification using 'notify2'
[1.007s] DEBUG:colcon.colcon_core.event_reactor:joined thread
[1.008s] INFO:colcon.colcon_core.shell:Creating prefix script '/home/zhangchenxu/Documents/00_Project/ClimblingRobot_v2.0/USE_DOUBLE_IMU/install/local_setup.ps1'
[1.008s] INFO:colcon.colcon_core.shell:Creating prefix util module '/home/zhangchenxu/Documents/00_Project/ClimblingRobot_v2.0/USE_DOUBLE_IMU/install/_local_setup_util_ps1.py'
[1.009s] INFO:colcon.colcon_core.shell:Creating prefix chain script '/home/zhangchenxu/Documents/00_Project/ClimblingRobot_v2.0/USE_DOUBLE_IMU/install/setup.ps1'
[1.011s] INFO:colcon.colcon_core.shell:Creating prefix script '/home/zhangchenxu/Documents/00_Project/ClimblingRobot_v2.0/USE_DOUBLE_IMU/install/local_setup.sh'
[1.012s] INFO:colcon.colcon_core.shell:Creating prefix util module '/home/zhangchenxu/Documents/00_Project/ClimblingRobot_v2.0/USE_DOUBLE_IMU/install/_local_setup_util_sh.py'
[1.012s] INFO:colcon.colcon_core.shell:Creating prefix chain script '/home/zhangchenxu/Documents/00_Project/ClimblingRobot_v2.0/USE_DOUBLE_IMU/install/setup.sh'
[1.014s] INFO:colcon.colcon_core.shell:Creating prefix script '/home/zhangchenxu/Documents/00_Project/ClimblingRobot_v2.0/USE_DOUBLE_IMU/install/local_setup.bash'
[1.015s] INFO:colcon.colcon_core.shell:Creating prefix chain script '/home/zhangchenxu/Documents/00_Project/ClimblingRobot_v2.0/USE_DOUBLE_IMU/install/setup.bash'
[1.017s] INFO:colcon.colcon_core.shell:Creating prefix script '/home/zhangchenxu/Documents/00_Project/ClimblingRobot_v2.0/USE_DOUBLE_IMU/install/local_setup.zsh'
[1.017s] INFO:colcon.colcon_core.shell:Creating prefix chain script '/home/zhangchenxu/Documents/00_Project/ClimblingRobot_v2.0/USE_DOUBLE_IMU/install/setup.zsh'
