[0.018s] Invoking command in '/home/zhangchenxu/Documents/00_Project/ClimblingRobot_v2.0/CarTerminal/build/fdilink_ahrs': CMAKE_PREFIX_PATH=${CMAKE_PREFIX_PATH}:/home/zhangchenxu/MOVEIT/moveit2_ws/install/moveit_configs_utils:/home/zhangchenxu/MOVEIT/moveit2_ws/install/launch_param_builder:/opt/ros/humble /usr/bin/cmake --build /home/zhangchenxu/Documents/00_Project/ClimblingRobot_v2.0/CarTerminal/build/fdilink_ahrs -- -j12 -l12
[0.078s] [35m[1mConsolidate compiler generated dependencies of target imu_tf_node[0m
[0.094s] [ 60%] Built target ahrs_driver_node
[0.105s] [ 80%] [32mBuilding CXX object CMakeFiles/imu_tf_node.dir/src/imu_tf.cpp.o[0m
[5.857s] [100%] [32m[1mLinking CXX executable imu_tf_node[0m
[6.154s] [100%] Built target imu_tf_node
[6.168s] Invoked command in '/home/zhangchenxu/Documents/00_Project/ClimblingRobot_v2.0/CarTerminal/build/fdilink_ahrs' returned '0': CMAKE_PREFIX_PATH=${CMAKE_PREFIX_PATH}:/home/zhangchenxu/MOVEIT/moveit2_ws/install/moveit_configs_utils:/home/zhangchenxu/MOVEIT/moveit2_ws/install/launch_param_builder:/opt/ros/humble /usr/bin/cmake --build /home/zhangchenxu/Documents/00_Project/ClimblingRobot_v2.0/CarTerminal/build/fdilink_ahrs -- -j12 -l12
[6.169s] Invoking command in '/home/zhangchenxu/Documents/00_Project/ClimblingRobot_v2.0/CarTerminal/build/fdilink_ahrs': CMAKE_PREFIX_PATH=${CMAKE_PREFIX_PATH}:/home/zhangchenxu/MOVEIT/moveit2_ws/install/moveit_configs_utils:/home/zhangchenxu/MOVEIT/moveit2_ws/install/launch_param_builder:/opt/ros/humble /usr/bin/cmake --install /home/zhangchenxu/Documents/00_Project/ClimblingRobot_v2.0/CarTerminal/build/fdilink_ahrs
[6.179s] -- Install configuration: ""
[6.179s] -- Up-to-date: /home/zhangchenxu/Documents/00_Project/ClimblingRobot_v2.0/CarTerminal/install/fdilink_ahrs/lib/fdilink_ahrs/ahrs_driver_node
[6.179s] -- Installing: /home/zhangchenxu/Documents/00_Project/ClimblingRobot_v2.0/CarTerminal/install/fdilink_ahrs/lib/fdilink_ahrs/imu_tf_node
[6.184s] -- Set runtime path of "/home/zhangchenxu/Documents/00_Project/ClimblingRobot_v2.0/CarTerminal/install/fdilink_ahrs/lib/fdilink_ahrs/imu_tf_node" to ""
[6.184s] -- Up-to-date: /home/zhangchenxu/Documents/00_Project/ClimblingRobot_v2.0/CarTerminal/install/fdilink_ahrs/share/fdilink_ahrs/launch
[6.184s] -- Up-to-date: /home/zhangchenxu/Documents/00_Project/ClimblingRobot_v2.0/CarTerminal/install/fdilink_ahrs/share/fdilink_ahrs/launch/imu_tf.launch.py
[6.184s] -- Up-to-date: /home/zhangchenxu/Documents/00_Project/ClimblingRobot_v2.0/CarTerminal/install/fdilink_ahrs/share/fdilink_ahrs/launch/ahrs_driver.launch.py
[6.184s] -- Up-to-date: /home/zhangchenxu/Documents/00_Project/ClimblingRobot_v2.0/CarTerminal/install/fdilink_ahrs/share/ament_index/resource_index/package_run_dependencies/fdilink_ahrs
[6.184s] -- Up-to-date: /home/zhangchenxu/Documents/00_Project/ClimblingRobot_v2.0/CarTerminal/install/fdilink_ahrs/share/ament_index/resource_index/parent_prefix_path/fdilink_ahrs
[6.184s] -- Up-to-date: /home/zhangchenxu/Documents/00_Project/ClimblingRobot_v2.0/CarTerminal/install/fdilink_ahrs/share/fdilink_ahrs/environment/ament_prefix_path.sh
[6.184s] -- Up-to-date: /home/zhangchenxu/Documents/00_Project/ClimblingRobot_v2.0/CarTerminal/install/fdilink_ahrs/share/fdilink_ahrs/environment/ament_prefix_path.dsv
[6.184s] -- Up-to-date: /home/zhangchenxu/Documents/00_Project/ClimblingRobot_v2.0/CarTerminal/install/fdilink_ahrs/share/fdilink_ahrs/environment/path.sh
[6.184s] -- Up-to-date: /home/zhangchenxu/Documents/00_Project/ClimblingRobot_v2.0/CarTerminal/install/fdilink_ahrs/share/fdilink_ahrs/environment/path.dsv
[6.184s] -- Up-to-date: /home/zhangchenxu/Documents/00_Project/ClimblingRobot_v2.0/CarTerminal/install/fdilink_ahrs/share/fdilink_ahrs/local_setup.bash
[6.184s] -- Up-to-date: /home/zhangchenxu/Documents/00_Project/ClimblingRobot_v2.0/CarTerminal/install/fdilink_ahrs/share/fdilink_ahrs/local_setup.sh
[6.185s] -- Up-to-date: /home/zhangchenxu/Documents/00_Project/ClimblingRobot_v2.0/CarTerminal/install/fdilink_ahrs/share/fdilink_ahrs/local_setup.zsh
[6.185s] -- Up-to-date: /home/zhangchenxu/Documents/00_Project/ClimblingRobot_v2.0/CarTerminal/install/fdilink_ahrs/share/fdilink_ahrs/local_setup.dsv
[6.185s] -- Installing: /home/zhangchenxu/Documents/00_Project/ClimblingRobot_v2.0/CarTerminal/install/fdilink_ahrs/share/fdilink_ahrs/package.dsv
[6.185s] -- Up-to-date: /home/zhangchenxu/Documents/00_Project/ClimblingRobot_v2.0/CarTerminal/install/fdilink_ahrs/share/ament_index/resource_index/packages/fdilink_ahrs
[6.185s] -- Up-to-date: /home/zhangchenxu/Documents/00_Project/ClimblingRobot_v2.0/CarTerminal/install/fdilink_ahrs/share/fdilink_ahrs/cmake/fdilink_ahrsConfig.cmake
[6.185s] -- Up-to-date: /home/zhangchenxu/Documents/00_Project/ClimblingRobot_v2.0/CarTerminal/install/fdilink_ahrs/share/fdilink_ahrs/cmake/fdilink_ahrsConfig-version.cmake
[6.185s] -- Up-to-date: /home/zhangchenxu/Documents/00_Project/ClimblingRobot_v2.0/CarTerminal/install/fdilink_ahrs/share/fdilink_ahrs/package.xml
[6.186s] Invoked command in '/home/zhangchenxu/Documents/00_Project/ClimblingRobot_v2.0/CarTerminal/build/fdilink_ahrs' returned '0': CMAKE_PREFIX_PATH=${CMAKE_PREFIX_PATH}:/home/zhangchenxu/MOVEIT/moveit2_ws/install/moveit_configs_utils:/home/zhangchenxu/MOVEIT/moveit2_ws/install/launch_param_builder:/opt/ros/humble /usr/bin/cmake --install /home/zhangchenxu/Documents/00_Project/ClimblingRobot_v2.0/CarTerminal/build/fdilink_ahrs
