[0.010s] Invoking command in '/home/zhangchenxu/Documents/00_Project/ClimblingRobot_v2.0/USE_DOUBLE_IMU/src/yesense_ros2_imu/build/to_euler': CMAKE_PREFIX_PATH=${CMAKE_PREFIX_PATH}:/home/zhangchenxu/MOVEIT/moveit2_ws/install/moveit_configs_utils:/home/zhangchenxu/MOVEIT/moveit2_ws/install/launch_param_builder:/opt/ros/humble /usr/bin/cmake /home/zhangchenxu/Documents/00_Project/ClimblingRobot_v2.0/USE_DOUBLE_IMU/src/yesense_ros2_imu/to_euler_point/to_euler -DCMAKE_INSTALL_PREFIX=/home/zhangchenxu/Documents/00_Project/ClimblingRobot_v2.0/USE_DOUBLE_IMU/src/yesense_ros2_imu/install/to_euler
[0.066s] -- The C compiler identification is GNU 11.4.0
[0.111s] -- The CXX compiler identification is GNU 11.4.0
[0.117s] -- Detecting C compiler ABI info
[0.189s] -- Detecting C compiler ABI info - done
[0.193s] -- Check for working C compiler: /usr/bin/cc - skipped
[0.193s] -- Detecting C compile features
[0.194s] -- Detecting C compile features - done
[0.196s] -- Detecting CXX compiler ABI info
[0.274s] -- Detecting CXX compiler ABI info - done
[0.278s] -- Check for working CXX compiler: /usr/bin/c++ - skipped
[0.279s] -- Detecting CXX compile features
[0.279s] -- Detecting CXX compile features - done
[0.286s] -- Found ament_cmake: 1.3.11 (/opt/ros/humble/share/ament_cmake/cmake)
[0.410s] -- Found Python3: /usr/bin/python3 (found version "3.10.12") found components: Interpreter 
[0.547s] -- Found rclcpp: 16.0.12 (/opt/ros/humble/share/rclcpp/cmake)
[0.632s] -- Found rosidl_generator_c: 3.1.6 (/opt/ros/humble/share/rosidl_generator_c/cmake)
[0.645s] -- Found rosidl_adapter: 3.1.6 (/opt/ros/humble/share/rosidl_adapter/cmake)
[0.661s] -- Found rosidl_generator_cpp: 3.1.6 (/opt/ros/humble/share/rosidl_generator_cpp/cmake)
[0.680s] -- Using all available rosidl_typesupport_c: rosidl_typesupport_fastrtps_c;rosidl_typesupport_introspection_c
[0.707s] -- Using all available rosidl_typesupport_cpp: rosidl_typesupport_fastrtps_cpp;rosidl_typesupport_introspection_cpp
[0.788s] -- Found rmw_implementation_cmake: 6.1.2 (/opt/ros/humble/share/rmw_implementation_cmake/cmake)
[0.796s] -- Found rmw_fastrtps_cpp: 6.2.7 (/opt/ros/humble/share/rmw_fastrtps_cpp/cmake)
[0.924s] -- Found OpenSSL: /usr/lib/x86_64-linux-gnu/libcrypto.so (found version "3.0.2")  
[0.959s] -- Found FastRTPS: /opt/ros/humble/include  
[1.011s] -- Using RMW implementation 'rmw_fastrtps_cpp' as default
[1.033s] -- Looking for pthread.h
[1.108s] -- Looking for pthread.h - found
[1.108s] -- Performing Test CMAKE_HAVE_LIBC_PTHREAD
[1.184s] -- Performing Test CMAKE_HAVE_LIBC_PTHREAD - Success
[1.185s] -- Found Threads: TRUE  
[1.246s] -- Found sensor_msgs: 4.9.0 (/opt/ros/humble/share/sensor_msgs/cmake)
[1.282s] -- Found tf2: 0.25.13 (/opt/ros/humble/share/tf2/cmake)
[1.305s] -- Found tf2_ros: 0.25.13 (/opt/ros/humble/share/tf2_ros/cmake)
[1.463s] -- Found nav_msgs: 4.9.0 (/opt/ros/humble/share/nav_msgs/cmake)
[1.487s] [31mCMake Error at CMakeLists.txt:16 (find_package):
[1.487s]   By not providing "Findgeometry_mags.cmake" in CMAKE_MODULE_PATH this
[1.487s]   project has asked CMake to find a package configuration file provided by
[1.487s]   "geometry_mags", but CMake did not find one.
[1.487s] 
[1.487s]   Could not find a package configuration file provided by "geometry_mags"
[1.488s]   with any of the following names:
[1.488s] 
[1.488s]     geometry_magsConfig.cmake
[1.488s]     geometry_mags-config.cmake
[1.488s] 
[1.488s]   Add the installation prefix of "geometry_mags" to CMAKE_PREFIX_PATH or set
[1.488s]   "geometry_mags_DIR" to a directory containing one of the above files.  If
[1.488s]   "geometry_mags" provides a separate development package or SDK, be sure it
[1.488s]   has been installed.
[1.488s] 
[1.488s] [0m
[1.488s] -- Configuring incomplete, errors occurred!
[1.488s] See also "/home/zhangchenxu/Documents/00_Project/ClimblingRobot_v2.0/USE_DOUBLE_IMU/src/yesense_ros2_imu/build/to_euler/CMakeFiles/CMakeOutput.log".
[1.494s] Invoked command in '/home/zhangchenxu/Documents/00_Project/ClimblingRobot_v2.0/USE_DOUBLE_IMU/src/yesense_ros2_imu/build/to_euler' returned '1': CMAKE_PREFIX_PATH=${CMAKE_PREFIX_PATH}:/home/zhangchenxu/MOVEIT/moveit2_ws/install/moveit_configs_utils:/home/zhangchenxu/MOVEIT/moveit2_ws/install/launch_param_builder:/opt/ros/humble /usr/bin/cmake /home/zhangchenxu/Documents/00_Project/ClimblingRobot_v2.0/USE_DOUBLE_IMU/src/yesense_ros2_imu/to_euler_point/to_euler -DCMAKE_INSTALL_PREFIX=/home/zhangchenxu/Documents/00_Project/ClimblingRobot_v2.0/USE_DOUBLE_IMU/src/yesense_ros2_imu/install/to_euler
