-- Found ament_cmake: 1.3.11 (/opt/ros/humble/share/ament_cmake/cmake)
-- Found rclcpp: 16.0.12 (/opt/ros/humble/share/rclcpp/cmake)
-- Found rosidl_generator_c: 3.1.6 (/opt/ros/humble/share/rosidl_generator_c/cmake)
-- Found rosidl_adapter: 3.1.6 (/opt/ros/humble/share/rosidl_adapter/cmake)
-- Found rosidl_generator_cpp: 3.1.6 (/opt/ros/humble/share/rosidl_generator_cpp/cmake)
-- Using all available rosidl_typesupport_c: rosidl_typesupport_fastrtps_c;rosidl_typesupport_introspection_c
-- Using all available rosidl_typesupport_cpp: rosidl_typesupport_fastrtps_cpp;rosidl_typesupport_introspection_cpp
-- Found rmw_implementation_cmake: 6.1.2 (/opt/ros/humble/share/rmw_implementation_cmake/cmake)
-- Found rmw_fastrtps_cpp: 6.2.7 (/opt/ros/humble/share/rmw_fastrtps_cpp/cmake)
-- Using RMW implementation 'rmw_fastrtps_cpp' as default
-- Found sensor_msgs: 4.8.0 (/opt/ros/humble/share/sensor_msgs/cmake)
-- Found message_filters: 4.3.7 (/opt/ros/humble/share/message_filters/cmake)
-- Found serial: 1.2.1 (/usr/local/share/serial/cmake)
-- Found image_transport: 3.1.11 (/opt/ros/humble/share/image_transport/cmake)
-- Found cv_bridge: 3.2.1 (/opt/ros/humble/share/cv_bridge/cmake)
-- Found ament_lint_auto: 0.12.12 (/opt/ros/humble/share/ament_lint_auto/cmake)
-- Added test 'cppcheck' to perform static code analysis on C / C++ code
-- Configured cppcheck include dirs: $<BUILD_INTERFACE:/home/zhangchenxu/Documents/00_Project/ClimblingRobot_v2.0/CarTerminal/src/carterminal/include>
-- Configured cppcheck exclude dirs and/or files: 
-- Added test 'flake8' to check Python code syntax and style conventions
-- Added test 'lint_cmake' to check CMake code style
-- Added test 'pep257' to check Python code against some of the docstring style conventions in PEP 257
-- Added test 'uncrustify' to check C / C++ code style
-- Configured uncrustify additional arguments: 
-- Added test 'xmllint' to check XML markup files
-- Configuring done
-- Generating done
-- Build files have been written to: /home/zhangchenxu/Documents/00_Project/ClimblingRobot_v2.0/CarTerminal/build/carterminal
[35m[1mConsolidate compiler generated dependencies of target sensor_collect_node[0m
[35m[1mConsolidate compiler generated dependencies of target wheel_talker_node[0m
[35m[1mConsolidate compiler generated dependencies of target camera_talker_node[0m
[35m[1mConsolidate compiler generated dependencies of target data_collect_node[0m
[ 37%] [32mBuilding CXX object CMakeFiles/wheel_talker_node.dir/src/wheel_talker_node.cpp.o[0m
[ 37%] [32mBuilding CXX object CMakeFiles/data_collect_node.dir/src/data_collect_node.cpp.o[0m
[ 37%] [32mBuilding CXX object CMakeFiles/sensor_collect_node.dir/src/sensor_collect_node.cpp.o[0m
[ 62%] Built target camera_talker_node
[01m[K/home/zhangchenxu/Documents/00_Project/ClimblingRobot_v2.0/CarTerminal/src/carterminal/src/wheel_talker_node.cpp:10:10:[m[K [01;31m[Kfatal error: [m[Kcarterminal/sensor_data.h: 没有那个文件或目录
   10 | #include [01;31m[K"carterminal/sensor_data.h"[m[K
      |          [01;31m[K^~~~~~~~~~~~~~~~~~~~~~~~~~~[m[K
compilation terminated.
[01m[K/home/zhangchenxu/Documents/00_Project/ClimblingRobot_v2.0/CarTerminal/src/carterminal/src/data_collect_node.cpp:7:10:[m[K [01;31m[Kfatal error: [m[Kcarterminal/sensor_data.h: 没有那个文件或目录
    7 | #include [01;31m[K"carterminal/sensor_data.h"[m[K
      |          [01;31m[K^~~~~~~~~~~~~~~~~~~~~~~~~~~[m[K
compilation terminated.
gmake[2]: *** [CMakeFiles/wheel_talker_node.dir/build.make:76：CMakeFiles/wheel_talker_node.dir/src/wheel_talker_node.cpp.o] 错误 1
gmake[1]: *** [CMakeFiles/Makefile2:169：CMakeFiles/wheel_talker_node.dir/all] 错误 2
gmake[1]: *** 正在等待未完成的任务....
gmake[2]: *** [CMakeFiles/data_collect_node.dir/build.make:76：CMakeFiles/data_collect_node.dir/src/data_collect_node.cpp.o] 错误 1
gmake[1]: *** [CMakeFiles/Makefile2:195：CMakeFiles/data_collect_node.dir/all] 错误 2
[01m[K/home/zhangchenxu/Documents/00_Project/ClimblingRobot_v2.0/CarTerminal/src/carterminal/src/sensor_collect_node.cpp:[m[K In member function ‘[01m[Kvoid Sensor_Collect_Node::senddata_cb()[m[K’:
[01m[K/home/zhangchenxu/Documents/00_Project/ClimblingRobot_v2.0/CarTerminal/src/carterminal/src/sensor_collect_node.cpp:70:19:[m[K [01;35m[Kwarning: [m[Kunused variable ‘[01m[Kweight_left[m[K’ [[01;35m[K]8;;https://gcc.gnu.org/onlinedocs/gcc/Warning-Options.html#index-Wunused-variable-Wunused-variable]8;;[m[K]
   70 |             float [01;35m[Kweight_left[m[K = g_state.weight_left;
      |                   [01;35m[K^~~~~~~~~~~[m[K
[01m[K/home/zhangchenxu/Documents/00_Project/ClimblingRobot_v2.0/CarTerminal/src/carterminal/src/sensor_collect_node.cpp:71:19:[m[K [01;35m[Kwarning: [m[Kunused variable ‘[01m[Kweight_right[m[K’ [[01;35m[K]8;;https://gcc.gnu.org/onlinedocs/gcc/Warning-Options.html#index-Wunused-variable-Wunused-variable]8;;[m[K]
   71 |             float [01;35m[Kweight_right[m[K = g_state.weight_right;
      |                   [01;35m[K^~~~~~~~~~~~[m[K
[ 75%] [32m[1mLinking CXX executable sensor_collect_node[0m
/usr/bin/ld: CMakeFiles/sensor_collect_node.dir/src/sensor_collect_node.cpp.o: warning: relocation against `g_state_mtx' in read-only section `.text._ZN19Sensor_Collect_Node11senddata_cbEv[_ZN19Sensor_Collect_Node11senddata_cbEv]'
/usr/bin/ld: CMakeFiles/sensor_collect_node.dir/src/sensor_collect_node.cpp.o: in function `Sensor_Collect_Node::senddata_cb()':
sensor_collect_node.cpp:(.text._ZN19Sensor_Collect_Node11senddata_cbEv[_ZN19Sensor_Collect_Node11senddata_cbEv]+0x27): undefined reference to `g_state_mtx'
/usr/bin/ld: sensor_collect_node.cpp:(.text._ZN19Sensor_Collect_Node11senddata_cbEv[_ZN19Sensor_Collect_Node11senddata_cbEv]+0x38): undefined reference to `g_state'
/usr/bin/ld: sensor_collect_node.cpp:(.text._ZN19Sensor_Collect_Node11senddata_cbEv[_ZN19Sensor_Collect_Node11senddata_cbEv]+0x4b): undefined reference to `g_state'
/usr/bin/ld: warning: creating DT_TEXTREL in a PIE
collect2: error: ld returned 1 exit status
gmake[2]: *** [CMakeFiles/sensor_collect_node.dir/build.make:184：sensor_collect_node] 错误 1
gmake[1]: *** [CMakeFiles/Makefile2:221：CMakeFiles/sensor_collect_node.dir/all] 错误 2
gmake: *** [Makefile:146：all] 错误 2
