[0.022s] Invoking command in '/home/zhangchenxu/Documents/00_Project/ClimblingRobot_v2.0/CarTerminal/build/carterminal': CMAKE_PREFIX_PATH=${CMAKE_PREFIX_PATH}:/home/zhangchenxu/MOVEIT/moveit2_ws/install/moveit_configs_utils:/home/zhangchenxu/MOVEIT/moveit2_ws/install/launch_param_builder:/opt/ros/humble /usr/bin/cmake --build /home/zhangchenxu/Documents/00_Project/ClimblingRobot_v2.0/CarTerminal/build/carterminal -- -j12 -l12
[0.052s] -- Found ament_cmake: 1.3.11 (/opt/ros/humble/share/ament_cmake/cmake)
[0.149s] -- Found rclcpp: 16.0.12 (/opt/ros/humble/share/rclcpp/cmake)
[0.170s] -- Found rosidl_generator_c: 3.1.6 (/opt/ros/humble/share/rosidl_generator_c/cmake)
[0.172s] -- Found rosidl_adapter: 3.1.6 (/opt/ros/humble/share/rosidl_adapter/cmake)
[0.176s] -- Found rosidl_generator_cpp: 3.1.6 (/opt/ros/humble/share/rosidl_generator_cpp/cmake)
[0.184s] -- Using all available rosidl_typesupport_c: rosidl_typesupport_fastrtps_c;rosidl_typesupport_introspection_c
[0.193s] -- Using all available rosidl_typesupport_cpp: rosidl_typesupport_fastrtps_cpp;rosidl_typesupport_introspection_cpp
[0.216s] -- Found rmw_implementation_cmake: 6.1.2 (/opt/ros/humble/share/rmw_implementation_cmake/cmake)
[0.218s] -- Found rmw_fastrtps_cpp: 6.2.7 (/opt/ros/humble/share/rmw_fastrtps_cpp/cmake)
[0.326s] -- Using RMW implementation 'rmw_fastrtps_cpp' as default
[0.359s] -- Found sensor_msgs: 4.8.0 (/opt/ros/humble/share/sensor_msgs/cmake)
[0.380s] -- Found message_filters: 4.3.7 (/opt/ros/humble/share/message_filters/cmake)
[0.383s] -- Found serial: 1.2.1 (/usr/local/share/serial/cmake)
[0.385s] -- Found image_transport: 3.1.11 (/opt/ros/humble/share/image_transport/cmake)
[0.411s] -- Found cv_bridge: 3.2.1 (/opt/ros/humble/share/cv_bridge/cmake)
[0.483s] -- Found ament_lint_auto: 0.12.12 (/opt/ros/humble/share/ament_lint_auto/cmake)
[0.537s] -- Added test 'cppcheck' to perform static code analysis on C / C++ code
[0.538s] -- Configured cppcheck include dirs: $<BUILD_INTERFACE:/home/zhangchenxu/Documents/00_Project/ClimblingRobot_v2.0/CarTerminal/src/carterminal/include>
[0.538s] -- Configured cppcheck exclude dirs and/or files: 
[0.538s] -- Added test 'flake8' to check Python code syntax and style conventions
[0.538s] -- Added test 'lint_cmake' to check CMake code style
[0.539s] -- Added test 'pep257' to check Python code against some of the docstring style conventions in PEP 257
[0.539s] -- Added test 'uncrustify' to check C / C++ code style
[0.539s] -- Configured uncrustify additional arguments: 
[0.539s] -- Added test 'xmllint' to check XML markup files
[0.541s] -- Configuring done
[0.564s] -- Generating done
[0.570s] -- Build files have been written to: /home/zhangchenxu/Documents/00_Project/ClimblingRobot_v2.0/CarTerminal/build/carterminal
[0.603s] [35m[1mConsolidate compiler generated dependencies of target sensor_collect_node[0m
[0.604s] [35m[1mConsolidate compiler generated dependencies of target wheel_talker_node[0m
[0.604s] [35m[1mConsolidate compiler generated dependencies of target camera_talker_node[0m
[0.604s] [35m[1mConsolidate compiler generated dependencies of target data_collect_node[0m
[0.624s] [ 37%] [32mBuilding CXX object CMakeFiles/wheel_talker_node.dir/src/wheel_talker_node.cpp.o[0m
[0.624s] [ 37%] [32mBuilding CXX object CMakeFiles/data_collect_node.dir/src/data_collect_node.cpp.o[0m
[0.624s] [ 37%] [32mBuilding CXX object CMakeFiles/sensor_collect_node.dir/src/sensor_collect_node.cpp.o[0m
[0.625s] [ 62%] Built target camera_talker_node
[0.816s] [01m[K/home/zhangchenxu/Documents/00_Project/ClimblingRobot_v2.0/CarTerminal/src/carterminal/src/wheel_talker_node.cpp:10:10:[m[K [01;31m[Kfatal error: [m[Kcarterminal/sensor_data.h: 没有那个文件或目录
[0.816s]    10 | #include [01;31m[K"carterminal/sensor_data.h"[m[K
[0.816s]       |          [01;31m[K^~~~~~~~~~~~~~~~~~~~~~~~~~~[m[K
[0.816s] compilation terminated.
[0.818s] [01m[K/home/zhangchenxu/Documents/00_Project/ClimblingRobot_v2.0/CarTerminal/src/carterminal/src/data_collect_node.cpp:7:10:[m[K [01;31m[Kfatal error: [m[Kcarterminal/sensor_data.h: 没有那个文件或目录
[0.818s]     7 | #include [01;31m[K"carterminal/sensor_data.h"[m[K
[0.819s]       |          [01;31m[K^~~~~~~~~~~~~~~~~~~~~~~~~~~[m[K
[0.819s] compilation terminated.
[0.819s] gmake[2]: *** [CMakeFiles/wheel_talker_node.dir/build.make:76：CMakeFiles/wheel_talker_node.dir/src/wheel_talker_node.cpp.o] 错误 1
[0.819s] gmake[1]: *** [CMakeFiles/Makefile2:169：CMakeFiles/wheel_talker_node.dir/all] 错误 2
[0.819s] gmake[1]: *** 正在等待未完成的任务....
[0.821s] gmake[2]: *** [CMakeFiles/data_collect_node.dir/build.make:76：CMakeFiles/data_collect_node.dir/src/data_collect_node.cpp.o] 错误 1
[0.821s] gmake[1]: *** [CMakeFiles/Makefile2:195：CMakeFiles/data_collect_node.dir/all] 错误 2
[2.262s] [01m[K/home/zhangchenxu/Documents/00_Project/ClimblingRobot_v2.0/CarTerminal/src/carterminal/src/sensor_collect_node.cpp:[m[K In member function ‘[01m[Kvoid Sensor_Collect_Node::senddata_cb()[m[K’:
[2.262s] [01m[K/home/zhangchenxu/Documents/00_Project/ClimblingRobot_v2.0/CarTerminal/src/carterminal/src/sensor_collect_node.cpp:70:19:[m[K [01;35m[Kwarning: [m[Kunused variable ‘[01m[Kweight_left[m[K’ [[01;35m[K]8;;https://gcc.gnu.org/onlinedocs/gcc/Warning-Options.html#index-Wunused-variable-Wunused-variable]8;;[m[K]
[2.262s]    70 |             float [01;35m[Kweight_left[m[K = g_state.weight_left;
[2.262s]       |                   [01;35m[K^~~~~~~~~~~[m[K
[2.262s] [01m[K/home/zhangchenxu/Documents/00_Project/ClimblingRobot_v2.0/CarTerminal/src/carterminal/src/sensor_collect_node.cpp:71:19:[m[K [01;35m[Kwarning: [m[Kunused variable ‘[01m[Kweight_right[m[K’ [[01;35m[K]8;;https://gcc.gnu.org/onlinedocs/gcc/Warning-Options.html#index-Wunused-variable-Wunused-variable]8;;[m[K]
[2.262s]    71 |             float [01;35m[Kweight_right[m[K = g_state.weight_right;
[2.262s]       |                   [01;35m[K^~~~~~~~~~~~[m[K
[7.996s] [ 75%] [32m[1mLinking CXX executable sensor_collect_node[0m
[8.258s] /usr/bin/ld: CMakeFiles/sensor_collect_node.dir/src/sensor_collect_node.cpp.o: warning: relocation against `g_state_mtx' in read-only section `.text._ZN19Sensor_Collect_Node11senddata_cbEv[_ZN19Sensor_Collect_Node11senddata_cbEv]'
[8.272s] /usr/bin/ld: CMakeFiles/sensor_collect_node.dir/src/sensor_collect_node.cpp.o: in function `Sensor_Collect_Node::senddata_cb()':
[8.272s] sensor_collect_node.cpp:(.text._ZN19Sensor_Collect_Node11senddata_cbEv[_ZN19Sensor_Collect_Node11senddata_cbEv]+0x27): undefined reference to `g_state_mtx'
[8.272s] /usr/bin/ld: sensor_collect_node.cpp:(.text._ZN19Sensor_Collect_Node11senddata_cbEv[_ZN19Sensor_Collect_Node11senddata_cbEv]+0x38): undefined reference to `g_state'
[8.272s] /usr/bin/ld: sensor_collect_node.cpp:(.text._ZN19Sensor_Collect_Node11senddata_cbEv[_ZN19Sensor_Collect_Node11senddata_cbEv]+0x4b): undefined reference to `g_state'
[8.314s] /usr/bin/ld: warning: creating DT_TEXTREL in a PIE
[8.320s] collect2: error: ld returned 1 exit status
[8.321s] gmake[2]: *** [CMakeFiles/sensor_collect_node.dir/build.make:184：sensor_collect_node] 错误 1
[8.321s] gmake[1]: *** [CMakeFiles/Makefile2:221：CMakeFiles/sensor_collect_node.dir/all] 错误 2
[8.321s] gmake: *** [Makefile:146：all] 错误 2
[8.323s] Invoked command in '/home/zhangchenxu/Documents/00_Project/ClimblingRobot_v2.0/CarTerminal/build/carterminal' returned '2': CMAKE_PREFIX_PATH=${CMAKE_PREFIX_PATH}:/home/zhangchenxu/MOVEIT/moveit2_ws/install/moveit_configs_utils:/home/zhangchenxu/MOVEIT/moveit2_ws/install/launch_param_builder:/opt/ros/humble /usr/bin/cmake --build /home/zhangchenxu/Documents/00_Project/ClimblingRobot_v2.0/CarTerminal/build/carterminal -- -j12 -l12
