[0.079s] DEBUG:colcon:Command line arguments: ['/usr/bin/colcon', 'build']
[0.079s] DEBUG:colcon:Parsed command line arguments: Namespace(log_base=None, log_level=None, verb_name='build', build_base='build', install_base='install', merge_install=False, symlink_install=False, test_result_base=None, continue_on_error=False, executor='parallel', parallel_workers=12, event_handlers=None, ignore_user_meta=False, metas=['./colcon.meta'], base_paths=['.'], packages_ignore=None, packages_ignore_regex=None, paths=None, packages_up_to=None, packages_up_to_regex=None, packages_above=None, packages_above_and_dependencies=None, packages_above_depth=None, packages_select_by_dep=None, packages_skip_by_dep=None, packages_skip_up_to=None, packages_select_build_failed=False, packages_skip_build_finished=False, packages_select_test_failures=False, packages_skip_test_passed=False, packages_select=None, packages_skip=None, packages_select_regex=None, packages_skip_regex=None, packages_start=None, packages_end=None, allow_overriding=[], cmake_args=None, cmake_target=None, cmake_target_skip_unavailable=False, cmake_clean_cache=False, cmake_clean_first=False, cmake_force_configure=False, ament_cmake_args=None, catkin_cmake_args=None, catkin_skip_building_tests=False, verb_parser=<colcon_defaults.argument_parser.defaults.DefaultArgumentsDecorator object at 0x7a1dbec9c460>, verb_extension=<colcon_core.verb.build.BuildVerb object at 0x7a1dbed9df00>, main=<bound method BuildVerb.main of <colcon_core.verb.build.BuildVerb object at 0x7a1dbed9df00>>)
[0.217s] Level 1:colcon.colcon_core.package_discovery:discover_packages(colcon_meta) check parameters
[0.217s] Level 1:colcon.colcon_core.package_discovery:discover_packages(recursive) check parameters
[0.217s] Level 1:colcon.colcon_core.package_discovery:discover_packages(ignore) check parameters
[0.217s] Level 1:colcon.colcon_core.package_discovery:discover_packages(path) check parameters
[0.217s] Level 1:colcon.colcon_core.package_discovery:discover_packages(colcon_meta) discover
[0.217s] Level 1:colcon.colcon_core.package_discovery:discover_packages(recursive) discover
[0.217s] INFO:colcon.colcon_core.package_discovery:Crawling recursively for packages in '/home/zhangchenxu/Documents/00_Project/ClimblingRobot_v2.0/CarTerminal'
[0.217s] Level 1:colcon.colcon_core.package_identification:_identify(.) by extensions ['ignore', 'ignore_ament_install']
[0.217s] Level 1:colcon.colcon_core.package_identification:_identify(.) by extension 'ignore'
[0.217s] Level 1:colcon.colcon_core.package_identification:_identify(.) by extension 'ignore_ament_install'
[0.217s] Level 1:colcon.colcon_core.package_identification:_identify(.) by extensions ['colcon_pkg']
[0.217s] Level 1:colcon.colcon_core.package_identification:_identify(.) by extension 'colcon_pkg'
[0.217s] Level 1:colcon.colcon_core.package_identification:_identify(.) by extensions ['colcon_meta']
[0.217s] Level 1:colcon.colcon_core.package_identification:_identify(.) by extension 'colcon_meta'
[0.218s] Level 1:colcon.colcon_core.package_identification:_identify(.) by extensions ['ros']
[0.218s] Level 1:colcon.colcon_core.package_identification:_identify(.) by extension 'ros'
[0.230s] Level 1:colcon.colcon_core.package_identification:_identify(.) by extensions ['cmake', 'python']
[0.231s] Level 1:colcon.colcon_core.package_identification:_identify(.) by extension 'cmake'
[0.231s] Level 1:colcon.colcon_core.package_identification:_identify(.) by extension 'python'
[0.231s] Level 1:colcon.colcon_core.package_identification:_identify(.) by extensions ['python_setup_py']
[0.231s] Level 1:colcon.colcon_core.package_identification:_identify(.) by extension 'python_setup_py'
[0.231s] Level 1:colcon.colcon_core.package_identification:_identify(build) by extensions ['ignore', 'ignore_ament_install']
[0.231s] Level 1:colcon.colcon_core.package_identification:_identify(build) by extension 'ignore'
[0.231s] Level 1:colcon.colcon_core.package_identification:_identify(build) ignored
[0.231s] Level 1:colcon.colcon_core.package_identification:_identify(install) by extensions ['ignore', 'ignore_ament_install']
[0.231s] Level 1:colcon.colcon_core.package_identification:_identify(install) by extension 'ignore'
[0.231s] Level 1:colcon.colcon_core.package_identification:_identify(install) ignored
[0.231s] Level 1:colcon.colcon_core.package_identification:_identify(log) by extensions ['ignore', 'ignore_ament_install']
[0.231s] Level 1:colcon.colcon_core.package_identification:_identify(log) by extension 'ignore'
[0.231s] Level 1:colcon.colcon_core.package_identification:_identify(log) ignored
[0.231s] Level 1:colcon.colcon_core.package_identification:_identify(src) by extensions ['ignore', 'ignore_ament_install']
[0.231s] Level 1:colcon.colcon_core.package_identification:_identify(src) by extension 'ignore'
[0.231s] Level 1:colcon.colcon_core.package_identification:_identify(src) by extension 'ignore_ament_install'
[0.231s] Level 1:colcon.colcon_core.package_identification:_identify(src) by extensions ['colcon_pkg']
[0.231s] Level 1:colcon.colcon_core.package_identification:_identify(src) by extension 'colcon_pkg'
[0.231s] Level 1:colcon.colcon_core.package_identification:_identify(src) by extensions ['colcon_meta']
[0.231s] Level 1:colcon.colcon_core.package_identification:_identify(src) by extension 'colcon_meta'
[0.231s] Level 1:colcon.colcon_core.package_identification:_identify(src) by extensions ['ros']
[0.231s] Level 1:colcon.colcon_core.package_identification:_identify(src) by extension 'ros'
[0.232s] Level 1:colcon.colcon_core.package_identification:_identify(src) by extensions ['cmake', 'python']
[0.232s] Level 1:colcon.colcon_core.package_identification:_identify(src) by extension 'cmake'
[0.232s] Level 1:colcon.colcon_core.package_identification:_identify(src) by extension 'python'
[0.232s] Level 1:colcon.colcon_core.package_identification:_identify(src) by extensions ['python_setup_py']
[0.232s] Level 1:colcon.colcon_core.package_identification:_identify(src) by extension 'python_setup_py'
[0.232s] Level 1:colcon.colcon_core.package_identification:_identify(src/carterminal) by extensions ['ignore', 'ignore_ament_install']
[0.232s] Level 1:colcon.colcon_core.package_identification:_identify(src/carterminal) by extension 'ignore'
[0.232s] Level 1:colcon.colcon_core.package_identification:_identify(src/carterminal) by extension 'ignore_ament_install'
[0.232s] Level 1:colcon.colcon_core.package_identification:_identify(src/carterminal) by extensions ['colcon_pkg']
[0.232s] Level 1:colcon.colcon_core.package_identification:_identify(src/carterminal) by extension 'colcon_pkg'
[0.232s] Level 1:colcon.colcon_core.package_identification:_identify(src/carterminal) by extensions ['colcon_meta']
[0.232s] Level 1:colcon.colcon_core.package_identification:_identify(src/carterminal) by extension 'colcon_meta'
[0.232s] Level 1:colcon.colcon_core.package_identification:_identify(src/carterminal) by extensions ['ros']
[0.232s] Level 1:colcon.colcon_core.package_identification:_identify(src/carterminal) by extension 'ros'
[0.234s] DEBUG:colcon.colcon_core.package_identification:Package 'src/carterminal' with type 'ros.ament_cmake' and name 'carterminal'
[0.234s] Level 1:colcon.colcon_core.package_identification:_identify(src/fdilink_ahrs) by extensions ['ignore', 'ignore_ament_install']
[0.234s] Level 1:colcon.colcon_core.package_identification:_identify(src/fdilink_ahrs) by extension 'ignore'
[0.234s] Level 1:colcon.colcon_core.package_identification:_identify(src/fdilink_ahrs) by extension 'ignore_ament_install'
[0.234s] Level 1:colcon.colcon_core.package_identification:_identify(src/fdilink_ahrs) by extensions ['colcon_pkg']
[0.234s] Level 1:colcon.colcon_core.package_identification:_identify(src/fdilink_ahrs) by extension 'colcon_pkg'
[0.234s] Level 1:colcon.colcon_core.package_identification:_identify(src/fdilink_ahrs) by extensions ['colcon_meta']
[0.234s] Level 1:colcon.colcon_core.package_identification:_identify(src/fdilink_ahrs) by extension 'colcon_meta'
[0.234s] Level 1:colcon.colcon_core.package_identification:_identify(src/fdilink_ahrs) by extensions ['ros']
[0.234s] Level 1:colcon.colcon_core.package_identification:_identify(src/fdilink_ahrs) by extension 'ros'
[0.238s] DEBUG:colcon.colcon_core.package_identification:Package 'src/fdilink_ahrs' with type 'ros.ament_cmake' and name 'fdilink_ahrs'
[0.238s] Level 1:colcon.colcon_core.package_discovery:discover_packages(recursive) using defaults
[0.238s] Level 1:colcon.colcon_core.package_discovery:discover_packages(ignore) discover
[0.238s] Level 1:colcon.colcon_core.package_discovery:discover_packages(ignore) using defaults
[0.238s] Level 1:colcon.colcon_core.package_discovery:discover_packages(path) discover
[0.238s] Level 1:colcon.colcon_core.package_discovery:discover_packages(path) using defaults
[0.250s] Level 1:colcon.colcon_core.package_discovery:discover_packages(prefix_path) check parameters
[0.250s] Level 1:colcon.colcon_core.package_discovery:discover_packages(prefix_path) discover
[0.254s] DEBUG:colcon.colcon_installed_package_information.package_discovery:Found 55 installed packages in /home/zhangchenxu/MOVEIT/moveit2_ws/install
[0.256s] DEBUG:colcon.colcon_installed_package_information.package_discovery:Found 429 installed packages in /opt/ros/humble
[0.257s] Level 1:colcon.colcon_core.package_discovery:discover_packages(prefix_path) using defaults
[0.333s] Level 5:colcon.colcon_core.verb:set package 'carterminal' build argument 'cmake_args' from command line to 'None'
[0.333s] Level 5:colcon.colcon_core.verb:set package 'carterminal' build argument 'cmake_target' from command line to 'None'
[0.333s] Level 5:colcon.colcon_core.verb:set package 'carterminal' build argument 'cmake_target_skip_unavailable' from command line to 'False'
[0.333s] Level 5:colcon.colcon_core.verb:set package 'carterminal' build argument 'cmake_clean_cache' from command line to 'False'
[0.333s] Level 5:colcon.colcon_core.verb:set package 'carterminal' build argument 'cmake_clean_first' from command line to 'False'
[0.333s] Level 5:colcon.colcon_core.verb:set package 'carterminal' build argument 'cmake_force_configure' from command line to 'False'
[0.333s] Level 5:colcon.colcon_core.verb:set package 'carterminal' build argument 'ament_cmake_args' from command line to 'None'
[0.333s] Level 5:colcon.colcon_core.verb:set package 'carterminal' build argument 'catkin_cmake_args' from command line to 'None'
[0.333s] Level 5:colcon.colcon_core.verb:set package 'carterminal' build argument 'catkin_skip_building_tests' from command line to 'False'
[0.333s] DEBUG:colcon.colcon_core.verb:Building package 'carterminal' with the following arguments: {'ament_cmake_args': None, 'build_base': '/home/zhangchenxu/Documents/00_Project/ClimblingRobot_v2.0/CarTerminal/build/carterminal', 'catkin_cmake_args': None, 'catkin_skip_building_tests': False, 'cmake_args': None, 'cmake_clean_cache': False, 'cmake_clean_first': False, 'cmake_force_configure': False, 'cmake_target': None, 'cmake_target_skip_unavailable': False, 'install_base': '/home/zhangchenxu/Documents/00_Project/ClimblingRobot_v2.0/CarTerminal/install/carterminal', 'merge_install': False, 'path': '/home/zhangchenxu/Documents/00_Project/ClimblingRobot_v2.0/CarTerminal/src/carterminal', 'symlink_install': False, 'test_result_base': None}
[0.333s] Level 5:colcon.colcon_core.verb:set package 'fdilink_ahrs' build argument 'cmake_args' from command line to 'None'
[0.333s] Level 5:colcon.colcon_core.verb:set package 'fdilink_ahrs' build argument 'cmake_target' from command line to 'None'
[0.333s] Level 5:colcon.colcon_core.verb:set package 'fdilink_ahrs' build argument 'cmake_target_skip_unavailable' from command line to 'False'
[0.333s] Level 5:colcon.colcon_core.verb:set package 'fdilink_ahrs' build argument 'cmake_clean_cache' from command line to 'False'
[0.333s] Level 5:colcon.colcon_core.verb:set package 'fdilink_ahrs' build argument 'cmake_clean_first' from command line to 'False'
[0.333s] Level 5:colcon.colcon_core.verb:set package 'fdilink_ahrs' build argument 'cmake_force_configure' from command line to 'False'
[0.333s] Level 5:colcon.colcon_core.verb:set package 'fdilink_ahrs' build argument 'ament_cmake_args' from command line to 'None'
[0.333s] Level 5:colcon.colcon_core.verb:set package 'fdilink_ahrs' build argument 'catkin_cmake_args' from command line to 'None'
[0.334s] Level 5:colcon.colcon_core.verb:set package 'fdilink_ahrs' build argument 'catkin_skip_building_tests' from command line to 'False'
[0.334s] DEBUG:colcon.colcon_core.verb:Building package 'fdilink_ahrs' with the following arguments: {'ament_cmake_args': None, 'build_base': '/home/zhangchenxu/Documents/00_Project/ClimblingRobot_v2.0/CarTerminal/build/fdilink_ahrs', 'catkin_cmake_args': None, 'catkin_skip_building_tests': False, 'cmake_args': None, 'cmake_clean_cache': False, 'cmake_clean_first': False, 'cmake_force_configure': False, 'cmake_target': None, 'cmake_target_skip_unavailable': False, 'install_base': '/home/zhangchenxu/Documents/00_Project/ClimblingRobot_v2.0/CarTerminal/install/fdilink_ahrs', 'merge_install': False, 'path': '/home/zhangchenxu/Documents/00_Project/ClimblingRobot_v2.0/CarTerminal/src/fdilink_ahrs', 'symlink_install': False, 'test_result_base': None}
[0.334s] INFO:colcon.colcon_core.executor:Executing jobs using 'parallel' executor
[0.334s] DEBUG:colcon.colcon_parallel_executor.executor.parallel:run_until_complete
[0.334s] INFO:colcon.colcon_ros.task.ament_cmake.build:Building ROS package in '/home/zhangchenxu/Documents/00_Project/ClimblingRobot_v2.0/CarTerminal/src/carterminal' with build type 'ament_cmake'
[0.334s] INFO:colcon.colcon_cmake.task.cmake.build:Building CMake package in '/home/zhangchenxu/Documents/00_Project/ClimblingRobot_v2.0/CarTerminal/src/carterminal'
[0.336s] INFO:colcon.colcon_core.plugin_system:Skipping extension 'colcon_core.shell.bat': Not used on non-Windows systems
[0.336s] INFO:colcon.colcon_core.shell:Skip shell extension 'powershell' for command environment: Not usable outside of PowerShell
[0.336s] DEBUG:colcon.colcon_core.shell:Skip shell extension 'dsv' for command environment
[0.341s] INFO:colcon.colcon_ros.task.ament_cmake.build:Building ROS package in '/home/zhangchenxu/Documents/00_Project/ClimblingRobot_v2.0/CarTerminal/src/fdilink_ahrs' with build type 'ament_cmake'
[0.341s] INFO:colcon.colcon_cmake.task.cmake.build:Building CMake package in '/home/zhangchenxu/Documents/00_Project/ClimblingRobot_v2.0/CarTerminal/src/fdilink_ahrs'
[0.341s] INFO:colcon.colcon_core.shell:Skip shell extension 'powershell' for command environment: Not usable outside of PowerShell
[0.341s] DEBUG:colcon.colcon_core.shell:Skip shell extension 'dsv' for command environment
[0.349s] DEBUG:colcon.colcon_core.event_handler.log_command:Invoking command in '/home/zhangchenxu/Documents/00_Project/ClimblingRobot_v2.0/CarTerminal/build/carterminal': CMAKE_PREFIX_PATH=${CMAKE_PREFIX_PATH}:/home/zhangchenxu/MOVEIT/moveit2_ws/install/moveit_configs_utils:/home/zhangchenxu/MOVEIT/moveit2_ws/install/launch_param_builder:/opt/ros/humble /usr/bin/cmake --build /home/zhangchenxu/Documents/00_Project/ClimblingRobot_v2.0/CarTerminal/build/carterminal -- -j12 -l12
[0.353s] DEBUG:colcon.colcon_core.event_handler.log_command:Invoking command in '/home/zhangchenxu/Documents/00_Project/ClimblingRobot_v2.0/CarTerminal/build/fdilink_ahrs': CMAKE_PREFIX_PATH=${CMAKE_PREFIX_PATH}:/home/zhangchenxu/MOVEIT/moveit2_ws/install/moveit_configs_utils:/home/zhangchenxu/MOVEIT/moveit2_ws/install/launch_param_builder:/opt/ros/humble /usr/bin/cmake --build /home/zhangchenxu/Documents/00_Project/ClimblingRobot_v2.0/CarTerminal/build/fdilink_ahrs -- -j12 -l12
[0.442s] DEBUG:colcon.colcon_core.event_handler.log_command:Invoked command in '/home/zhangchenxu/Documents/00_Project/ClimblingRobot_v2.0/CarTerminal/build/fdilink_ahrs' returned '0': CMAKE_PREFIX_PATH=${CMAKE_PREFIX_PATH}:/home/zhangchenxu/MOVEIT/moveit2_ws/install/moveit_configs_utils:/home/zhangchenxu/MOVEIT/moveit2_ws/install/launch_param_builder:/opt/ros/humble /usr/bin/cmake --build /home/zhangchenxu/Documents/00_Project/ClimblingRobot_v2.0/CarTerminal/build/fdilink_ahrs -- -j12 -l12
[0.455s] DEBUG:colcon.colcon_core.event_handler.log_command:Invoking command in '/home/zhangchenxu/Documents/00_Project/ClimblingRobot_v2.0/CarTerminal/build/fdilink_ahrs': CMAKE_PREFIX_PATH=${CMAKE_PREFIX_PATH}:/home/zhangchenxu/MOVEIT/moveit2_ws/install/moveit_configs_utils:/home/zhangchenxu/MOVEIT/moveit2_ws/install/launch_param_builder:/opt/ros/humble /usr/bin/cmake --install /home/zhangchenxu/Documents/00_Project/ClimblingRobot_v2.0/CarTerminal/build/fdilink_ahrs
[0.468s] Level 1:colcon.colcon_core.environment:create_environment_scripts_only(fdilink_ahrs)
[0.469s] DEBUG:colcon.colcon_core.event_handler.log_command:Invoked command in '/home/zhangchenxu/Documents/00_Project/ClimblingRobot_v2.0/CarTerminal/build/fdilink_ahrs' returned '0': CMAKE_PREFIX_PATH=${CMAKE_PREFIX_PATH}:/home/zhangchenxu/MOVEIT/moveit2_ws/install/moveit_configs_utils:/home/zhangchenxu/MOVEIT/moveit2_ws/install/launch_param_builder:/opt/ros/humble /usr/bin/cmake --install /home/zhangchenxu/Documents/00_Project/ClimblingRobot_v2.0/CarTerminal/build/fdilink_ahrs
[0.470s] Level 1:colcon.colcon_core.environment:checking '/home/zhangchenxu/Documents/00_Project/ClimblingRobot_v2.0/CarTerminal/install/fdilink_ahrs' for CMake module files
[0.471s] Level 1:colcon.colcon_core.environment:checking '/home/zhangchenxu/Documents/00_Project/ClimblingRobot_v2.0/CarTerminal/install/fdilink_ahrs' for CMake config files
[0.471s] Level 1:colcon.colcon_core.shell:create_environment_hook('fdilink_ahrs', 'cmake_prefix_path')
[0.471s] INFO:colcon.colcon_core.shell:Creating environment hook '/home/zhangchenxu/Documents/00_Project/ClimblingRobot_v2.0/CarTerminal/install/fdilink_ahrs/share/fdilink_ahrs/hook/cmake_prefix_path.ps1'
[0.472s] INFO:colcon.colcon_core.shell:Creating environment descriptor '/home/zhangchenxu/Documents/00_Project/ClimblingRobot_v2.0/CarTerminal/install/fdilink_ahrs/share/fdilink_ahrs/hook/cmake_prefix_path.dsv'
[0.472s] INFO:colcon.colcon_core.shell:Creating environment hook '/home/zhangchenxu/Documents/00_Project/ClimblingRobot_v2.0/CarTerminal/install/fdilink_ahrs/share/fdilink_ahrs/hook/cmake_prefix_path.sh'
[0.473s] Level 1:colcon.colcon_core.environment:checking '/home/zhangchenxu/Documents/00_Project/ClimblingRobot_v2.0/CarTerminal/install/fdilink_ahrs/lib'
[0.473s] Level 1:colcon.colcon_core.environment:checking '/home/zhangchenxu/Documents/00_Project/ClimblingRobot_v2.0/CarTerminal/install/fdilink_ahrs/bin'
[0.473s] Level 1:colcon.colcon_core.environment:checking '/home/zhangchenxu/Documents/00_Project/ClimblingRobot_v2.0/CarTerminal/install/fdilink_ahrs/lib/pkgconfig/fdilink_ahrs.pc'
[0.473s] Level 1:colcon.colcon_core.environment:checking '/home/zhangchenxu/Documents/00_Project/ClimblingRobot_v2.0/CarTerminal/install/fdilink_ahrs/lib/python3.10/site-packages'
[0.473s] Level 1:colcon.colcon_core.environment:checking '/home/zhangchenxu/Documents/00_Project/ClimblingRobot_v2.0/CarTerminal/install/fdilink_ahrs/bin'
[0.474s] INFO:colcon.colcon_core.shell:Creating package script '/home/zhangchenxu/Documents/00_Project/ClimblingRobot_v2.0/CarTerminal/install/fdilink_ahrs/share/fdilink_ahrs/package.ps1'
[0.474s] INFO:colcon.colcon_core.shell:Creating package descriptor '/home/zhangchenxu/Documents/00_Project/ClimblingRobot_v2.0/CarTerminal/install/fdilink_ahrs/share/fdilink_ahrs/package.dsv'
[0.474s] INFO:colcon.colcon_core.shell:Creating package script '/home/zhangchenxu/Documents/00_Project/ClimblingRobot_v2.0/CarTerminal/install/fdilink_ahrs/share/fdilink_ahrs/package.sh'
[0.475s] INFO:colcon.colcon_core.shell:Creating package script '/home/zhangchenxu/Documents/00_Project/ClimblingRobot_v2.0/CarTerminal/install/fdilink_ahrs/share/fdilink_ahrs/package.bash'
[0.475s] INFO:colcon.colcon_core.shell:Creating package script '/home/zhangchenxu/Documents/00_Project/ClimblingRobot_v2.0/CarTerminal/install/fdilink_ahrs/share/fdilink_ahrs/package.zsh'
[0.476s] Level 1:colcon.colcon_core.environment:create_file_with_runtime_dependencies(/home/zhangchenxu/Documents/00_Project/ClimblingRobot_v2.0/CarTerminal/install/fdilink_ahrs/share/colcon-core/packages/fdilink_ahrs)
[0.476s] Level 1:colcon.colcon_core.environment:create_environment_scripts_only(fdilink_ahrs)
[0.477s] Level 1:colcon.colcon_core.environment:checking '/home/zhangchenxu/Documents/00_Project/ClimblingRobot_v2.0/CarTerminal/install/fdilink_ahrs' for CMake module files
[0.477s] Level 1:colcon.colcon_core.environment:checking '/home/zhangchenxu/Documents/00_Project/ClimblingRobot_v2.0/CarTerminal/install/fdilink_ahrs' for CMake config files
[0.477s] Level 1:colcon.colcon_core.shell:create_environment_hook('fdilink_ahrs', 'cmake_prefix_path')
[0.477s] INFO:colcon.colcon_core.shell:Creating environment hook '/home/zhangchenxu/Documents/00_Project/ClimblingRobot_v2.0/CarTerminal/install/fdilink_ahrs/share/fdilink_ahrs/hook/cmake_prefix_path.ps1'
[0.477s] INFO:colcon.colcon_core.shell:Creating environment descriptor '/home/zhangchenxu/Documents/00_Project/ClimblingRobot_v2.0/CarTerminal/install/fdilink_ahrs/share/fdilink_ahrs/hook/cmake_prefix_path.dsv'
[0.478s] INFO:colcon.colcon_core.shell:Creating environment hook '/home/zhangchenxu/Documents/00_Project/ClimblingRobot_v2.0/CarTerminal/install/fdilink_ahrs/share/fdilink_ahrs/hook/cmake_prefix_path.sh'
[0.478s] Level 1:colcon.colcon_core.environment:checking '/home/zhangchenxu/Documents/00_Project/ClimblingRobot_v2.0/CarTerminal/install/fdilink_ahrs/lib'
[0.478s] Level 1:colcon.colcon_core.environment:checking '/home/zhangchenxu/Documents/00_Project/ClimblingRobot_v2.0/CarTerminal/install/fdilink_ahrs/bin'
[0.478s] Level 1:colcon.colcon_core.environment:checking '/home/zhangchenxu/Documents/00_Project/ClimblingRobot_v2.0/CarTerminal/install/fdilink_ahrs/lib/pkgconfig/fdilink_ahrs.pc'
[0.478s] Level 1:colcon.colcon_core.environment:checking '/home/zhangchenxu/Documents/00_Project/ClimblingRobot_v2.0/CarTerminal/install/fdilink_ahrs/lib/python3.10/site-packages'
[0.479s] Level 1:colcon.colcon_core.environment:checking '/home/zhangchenxu/Documents/00_Project/ClimblingRobot_v2.0/CarTerminal/install/fdilink_ahrs/bin'
[0.479s] INFO:colcon.colcon_core.shell:Creating package script '/home/zhangchenxu/Documents/00_Project/ClimblingRobot_v2.0/CarTerminal/install/fdilink_ahrs/share/fdilink_ahrs/package.ps1'
[0.479s] INFO:colcon.colcon_core.shell:Creating package descriptor '/home/zhangchenxu/Documents/00_Project/ClimblingRobot_v2.0/CarTerminal/install/fdilink_ahrs/share/fdilink_ahrs/package.dsv'
[0.480s] INFO:colcon.colcon_core.shell:Creating package script '/home/zhangchenxu/Documents/00_Project/ClimblingRobot_v2.0/CarTerminal/install/fdilink_ahrs/share/fdilink_ahrs/package.sh'
[0.480s] INFO:colcon.colcon_core.shell:Creating package script '/home/zhangchenxu/Documents/00_Project/ClimblingRobot_v2.0/CarTerminal/install/fdilink_ahrs/share/fdilink_ahrs/package.bash'
[0.480s] INFO:colcon.colcon_core.shell:Creating package script '/home/zhangchenxu/Documents/00_Project/ClimblingRobot_v2.0/CarTerminal/install/fdilink_ahrs/share/fdilink_ahrs/package.zsh'
[0.481s] Level 1:colcon.colcon_core.environment:create_file_with_runtime_dependencies(/home/zhangchenxu/Documents/00_Project/ClimblingRobot_v2.0/CarTerminal/install/fdilink_ahrs/share/colcon-core/packages/fdilink_ahrs)
[1.043s] DEBUG:colcon.colcon_core.event_handler.log_command:Invoked command in '/home/zhangchenxu/Documents/00_Project/ClimblingRobot_v2.0/CarTerminal/build/carterminal' returned '0': CMAKE_PREFIX_PATH=${CMAKE_PREFIX_PATH}:/home/zhangchenxu/MOVEIT/moveit2_ws/install/moveit_configs_utils:/home/zhangchenxu/MOVEIT/moveit2_ws/install/launch_param_builder:/opt/ros/humble /usr/bin/cmake --build /home/zhangchenxu/Documents/00_Project/ClimblingRobot_v2.0/CarTerminal/build/carterminal -- -j12 -l12
[1.045s] DEBUG:colcon.colcon_core.event_handler.log_command:Invoking command in '/home/zhangchenxu/Documents/00_Project/ClimblingRobot_v2.0/CarTerminal/build/carterminal': CMAKE_PREFIX_PATH=${CMAKE_PREFIX_PATH}:/home/zhangchenxu/MOVEIT/moveit2_ws/install/moveit_configs_utils:/home/zhangchenxu/MOVEIT/moveit2_ws/install/launch_param_builder:/opt/ros/humble /usr/bin/cmake --install /home/zhangchenxu/Documents/00_Project/ClimblingRobot_v2.0/CarTerminal/build/carterminal
[1.058s] Level 1:colcon.colcon_core.environment:create_environment_scripts_only(carterminal)
[1.059s] Level 1:colcon.colcon_core.environment:checking '/home/zhangchenxu/Documents/00_Project/ClimblingRobot_v2.0/CarTerminal/install/carterminal' for CMake module files
[1.059s] DEBUG:colcon.colcon_core.event_handler.log_command:Invoked command in '/home/zhangchenxu/Documents/00_Project/ClimblingRobot_v2.0/CarTerminal/build/carterminal' returned '0': CMAKE_PREFIX_PATH=${CMAKE_PREFIX_PATH}:/home/zhangchenxu/MOVEIT/moveit2_ws/install/moveit_configs_utils:/home/zhangchenxu/MOVEIT/moveit2_ws/install/launch_param_builder:/opt/ros/humble /usr/bin/cmake --install /home/zhangchenxu/Documents/00_Project/ClimblingRobot_v2.0/CarTerminal/build/carterminal
[1.060s] Level 1:colcon.colcon_core.environment:checking '/home/zhangchenxu/Documents/00_Project/ClimblingRobot_v2.0/CarTerminal/install/carterminal' for CMake config files
[1.060s] Level 1:colcon.colcon_core.shell:create_environment_hook('carterminal', 'cmake_prefix_path')
[1.060s] INFO:colcon.colcon_core.shell:Creating environment hook '/home/zhangchenxu/Documents/00_Project/ClimblingRobot_v2.0/CarTerminal/install/carterminal/share/carterminal/hook/cmake_prefix_path.ps1'
[1.061s] INFO:colcon.colcon_core.shell:Creating environment descriptor '/home/zhangchenxu/Documents/00_Project/ClimblingRobot_v2.0/CarTerminal/install/carterminal/share/carterminal/hook/cmake_prefix_path.dsv'
[1.061s] INFO:colcon.colcon_core.shell:Creating environment hook '/home/zhangchenxu/Documents/00_Project/ClimblingRobot_v2.0/CarTerminal/install/carterminal/share/carterminal/hook/cmake_prefix_path.sh'
[1.061s] Level 1:colcon.colcon_core.environment:checking '/home/zhangchenxu/Documents/00_Project/ClimblingRobot_v2.0/CarTerminal/install/carterminal/lib'
[1.061s] Level 1:colcon.colcon_core.environment:checking '/home/zhangchenxu/Documents/00_Project/ClimblingRobot_v2.0/CarTerminal/install/carterminal/bin'
[1.062s] Level 1:colcon.colcon_core.environment:checking '/home/zhangchenxu/Documents/00_Project/ClimblingRobot_v2.0/CarTerminal/install/carterminal/lib/pkgconfig/carterminal.pc'
[1.062s] Level 1:colcon.colcon_core.environment:checking '/home/zhangchenxu/Documents/00_Project/ClimblingRobot_v2.0/CarTerminal/install/carterminal/lib/python3.10/site-packages'
[1.062s] Level 1:colcon.colcon_core.environment:checking '/home/zhangchenxu/Documents/00_Project/ClimblingRobot_v2.0/CarTerminal/install/carterminal/bin'
[1.062s] INFO:colcon.colcon_core.shell:Creating package script '/home/zhangchenxu/Documents/00_Project/ClimblingRobot_v2.0/CarTerminal/install/carterminal/share/carterminal/package.ps1'
[1.062s] INFO:colcon.colcon_core.shell:Creating package descriptor '/home/zhangchenxu/Documents/00_Project/ClimblingRobot_v2.0/CarTerminal/install/carterminal/share/carterminal/package.dsv'
[1.063s] INFO:colcon.colcon_core.shell:Creating package script '/home/zhangchenxu/Documents/00_Project/ClimblingRobot_v2.0/CarTerminal/install/carterminal/share/carterminal/package.sh'
[1.063s] INFO:colcon.colcon_core.shell:Creating package script '/home/zhangchenxu/Documents/00_Project/ClimblingRobot_v2.0/CarTerminal/install/carterminal/share/carterminal/package.bash'
[1.063s] INFO:colcon.colcon_core.shell:Creating package script '/home/zhangchenxu/Documents/00_Project/ClimblingRobot_v2.0/CarTerminal/install/carterminal/share/carterminal/package.zsh'
[1.064s] Level 1:colcon.colcon_core.environment:create_file_with_runtime_dependencies(/home/zhangchenxu/Documents/00_Project/ClimblingRobot_v2.0/CarTerminal/install/carterminal/share/colcon-core/packages/carterminal)
[1.064s] Level 1:colcon.colcon_core.environment:create_environment_scripts_only(carterminal)
[1.064s] Level 1:colcon.colcon_core.environment:checking '/home/zhangchenxu/Documents/00_Project/ClimblingRobot_v2.0/CarTerminal/install/carterminal' for CMake module files
[1.065s] Level 1:colcon.colcon_core.environment:checking '/home/zhangchenxu/Documents/00_Project/ClimblingRobot_v2.0/CarTerminal/install/carterminal' for CMake config files
[1.065s] Level 1:colcon.colcon_core.shell:create_environment_hook('carterminal', 'cmake_prefix_path')
[1.065s] INFO:colcon.colcon_core.shell:Creating environment hook '/home/zhangchenxu/Documents/00_Project/ClimblingRobot_v2.0/CarTerminal/install/carterminal/share/carterminal/hook/cmake_prefix_path.ps1'
[1.066s] INFO:colcon.colcon_core.shell:Creating environment descriptor '/home/zhangchenxu/Documents/00_Project/ClimblingRobot_v2.0/CarTerminal/install/carterminal/share/carterminal/hook/cmake_prefix_path.dsv'
[1.066s] INFO:colcon.colcon_core.shell:Creating environment hook '/home/zhangchenxu/Documents/00_Project/ClimblingRobot_v2.0/CarTerminal/install/carterminal/share/carterminal/hook/cmake_prefix_path.sh'
[1.066s] Level 1:colcon.colcon_core.environment:checking '/home/zhangchenxu/Documents/00_Project/ClimblingRobot_v2.0/CarTerminal/install/carterminal/lib'
[1.066s] Level 1:colcon.colcon_core.environment:checking '/home/zhangchenxu/Documents/00_Project/ClimblingRobot_v2.0/CarTerminal/install/carterminal/bin'
[1.067s] Level 1:colcon.colcon_core.environment:checking '/home/zhangchenxu/Documents/00_Project/ClimblingRobot_v2.0/CarTerminal/install/carterminal/lib/pkgconfig/carterminal.pc'
[1.067s] Level 1:colcon.colcon_core.environment:checking '/home/zhangchenxu/Documents/00_Project/ClimblingRobot_v2.0/CarTerminal/install/carterminal/lib/python3.10/site-packages'
[1.067s] Level 1:colcon.colcon_core.environment:checking '/home/zhangchenxu/Documents/00_Project/ClimblingRobot_v2.0/CarTerminal/install/carterminal/bin'
[1.067s] INFO:colcon.colcon_core.shell:Creating package script '/home/zhangchenxu/Documents/00_Project/ClimblingRobot_v2.0/CarTerminal/install/carterminal/share/carterminal/package.ps1'
[1.068s] INFO:colcon.colcon_core.shell:Creating package descriptor '/home/zhangchenxu/Documents/00_Project/ClimblingRobot_v2.0/CarTerminal/install/carterminal/share/carterminal/package.dsv'
[1.068s] INFO:colcon.colcon_core.shell:Creating package script '/home/zhangchenxu/Documents/00_Project/ClimblingRobot_v2.0/CarTerminal/install/carterminal/share/carterminal/package.sh'
[1.068s] INFO:colcon.colcon_core.shell:Creating package script '/home/zhangchenxu/Documents/00_Project/ClimblingRobot_v2.0/CarTerminal/install/carterminal/share/carterminal/package.bash'
[1.069s] INFO:colcon.colcon_core.shell:Creating package script '/home/zhangchenxu/Documents/00_Project/ClimblingRobot_v2.0/CarTerminal/install/carterminal/share/carterminal/package.zsh'
[1.069s] Level 1:colcon.colcon_core.environment:create_file_with_runtime_dependencies(/home/zhangchenxu/Documents/00_Project/ClimblingRobot_v2.0/CarTerminal/install/carterminal/share/colcon-core/packages/carterminal)
[1.069s] DEBUG:colcon.colcon_parallel_executor.executor.parallel:closing loop
[1.069s] DEBUG:colcon.colcon_parallel_executor.executor.parallel:loop closed
[1.069s] DEBUG:colcon.colcon_parallel_executor.executor.parallel:run_until_complete finished with '0'
[1.069s] DEBUG:colcon.colcon_core.event_reactor:joining thread
[1.074s] INFO:colcon.colcon_core.plugin_system:Skipping extension 'colcon_notification.desktop_notification.terminal_notifier': Not used on non-Darwin systems
[1.074s] INFO:colcon.colcon_core.plugin_system:Skipping extension 'colcon_notification.desktop_notification.win32': Not used on non-Windows systems
[1.074s] INFO:colcon.colcon_notification.desktop_notification:Sending desktop notification using 'notify2'
[1.165s] DEBUG:colcon.colcon_core.event_reactor:joined thread
[1.165s] INFO:colcon.colcon_core.shell:Creating prefix script '/home/zhangchenxu/Documents/00_Project/ClimblingRobot_v2.0/CarTerminal/install/local_setup.ps1'
[1.166s] INFO:colcon.colcon_core.shell:Creating prefix util module '/home/zhangchenxu/Documents/00_Project/ClimblingRobot_v2.0/CarTerminal/install/_local_setup_util_ps1.py'
[1.168s] INFO:colcon.colcon_core.shell:Creating prefix chain script '/home/zhangchenxu/Documents/00_Project/ClimblingRobot_v2.0/CarTerminal/install/setup.ps1'
[1.170s] INFO:colcon.colcon_core.shell:Creating prefix script '/home/zhangchenxu/Documents/00_Project/ClimblingRobot_v2.0/CarTerminal/install/local_setup.sh'
[1.171s] INFO:colcon.colcon_core.shell:Creating prefix util module '/home/zhangchenxu/Documents/00_Project/ClimblingRobot_v2.0/CarTerminal/install/_local_setup_util_sh.py'
[1.171s] INFO:colcon.colcon_core.shell:Creating prefix chain script '/home/zhangchenxu/Documents/00_Project/ClimblingRobot_v2.0/CarTerminal/install/setup.sh'
[1.174s] INFO:colcon.colcon_core.shell:Creating prefix script '/home/zhangchenxu/Documents/00_Project/ClimblingRobot_v2.0/CarTerminal/install/local_setup.bash'
[1.175s] INFO:colcon.colcon_core.shell:Creating prefix chain script '/home/zhangchenxu/Documents/00_Project/ClimblingRobot_v2.0/CarTerminal/install/setup.bash'
[1.178s] INFO:colcon.colcon_core.shell:Creating prefix script '/home/zhangchenxu/Documents/00_Project/ClimblingRobot_v2.0/CarTerminal/install/local_setup.zsh'
[1.178s] INFO:colcon.colcon_core.shell:Creating prefix chain script '/home/zhangchenxu/Documents/00_Project/ClimblingRobot_v2.0/CarTerminal/install/setup.zsh'
