[0.368s] DEBUG:colcon:Command line arguments: ['/usr/bin/colcon', 'build']
[0.368s] DEBUG:colcon:Parsed command line arguments: Namespace(log_base=None, log_level=None, verb_name='build', build_base='build', install_base='install', merge_install=False, symlink_install=False, test_result_base=None, continue_on_error=False, executor='parallel', parallel_workers=16, event_handlers=None, ignore_user_meta=False, metas=['./colcon.meta'], base_paths=['.'], packages_ignore=None, packages_ignore_regex=None, paths=None, packages_up_to=None, packages_up_to_regex=None, packages_above=None, packages_above_and_dependencies=None, packages_above_depth=None, packages_select_by_dep=None, packages_skip_by_dep=None, packages_skip_up_to=None, packages_select_build_failed=False, packages_skip_build_finished=False, packages_select_test_failures=False, packages_skip_test_passed=False, packages_select=None, packages_skip=None, packages_select_regex=None, packages_skip_regex=None, packages_start=None, packages_end=None, allow_overriding=[], cmake_args=None, cmake_target=None, cmake_target_skip_unavailable=False, cmake_clean_cache=False, cmake_clean_first=False, cmake_force_configure=False, ament_cmake_args=None, catkin_cmake_args=None, catkin_skip_building_tests=False, verb_parser=<colcon_defaults.argument_parser.defaults.DefaultArgumentsDecorator object at 0x719ea1d98490>, verb_extension=<colcon_core.verb.build.BuildVerb object at 0x719ea1e99f30>, main=<bound method BuildVerb.main of <colcon_core.verb.build.BuildVerb object at 0x719ea1e99f30>>)
[0.787s] Level 1:colcon.colcon_core.package_discovery:discover_packages(colcon_meta) check parameters
[0.787s] Level 1:colcon.colcon_core.package_discovery:discover_packages(recursive) check parameters
[0.787s] Level 1:colcon.colcon_core.package_discovery:discover_packages(ignore) check parameters
[0.787s] Level 1:colcon.colcon_core.package_discovery:discover_packages(path) check parameters
[0.787s] Level 1:colcon.colcon_core.package_discovery:discover_packages(colcon_meta) discover
[0.787s] Level 1:colcon.colcon_core.package_discovery:discover_packages(recursive) discover
[0.788s] INFO:colcon.colcon_core.package_discovery:Crawling recursively for packages in '/home/zhangchenxu/Documents/00_Project/ClimblingRobot_v2.0/GroundTerminal'
[0.788s] Level 1:colcon.colcon_core.package_identification:_identify(.) by extensions ['ignore', 'ignore_ament_install']
[0.788s] Level 1:colcon.colcon_core.package_identification:_identify(.) by extension 'ignore'
[0.788s] Level 1:colcon.colcon_core.package_identification:_identify(.) by extension 'ignore_ament_install'
[0.788s] Level 1:colcon.colcon_core.package_identification:_identify(.) by extensions ['colcon_pkg']
[0.788s] Level 1:colcon.colcon_core.package_identification:_identify(.) by extension 'colcon_pkg'
[0.788s] Level 1:colcon.colcon_core.package_identification:_identify(.) by extensions ['colcon_meta']
[0.788s] Level 1:colcon.colcon_core.package_identification:_identify(.) by extension 'colcon_meta'
[0.788s] Level 1:colcon.colcon_core.package_identification:_identify(.) by extensions ['ros']
[0.788s] Level 1:colcon.colcon_core.package_identification:_identify(.) by extension 'ros'
[0.815s] Level 1:colcon.colcon_core.package_identification:_identify(.) by extensions ['cmake', 'python']
[0.816s] Level 1:colcon.colcon_core.package_identification:_identify(.) by extension 'cmake'
[0.816s] Level 1:colcon.colcon_core.package_identification:_identify(.) by extension 'python'
[0.816s] Level 1:colcon.colcon_core.package_identification:_identify(.) by extensions ['python_setup_py']
[0.816s] Level 1:colcon.colcon_core.package_identification:_identify(.) by extension 'python_setup_py'
[0.816s] Level 1:colcon.colcon_core.package_identification:_identify(build) by extensions ['ignore', 'ignore_ament_install']
[0.816s] Level 1:colcon.colcon_core.package_identification:_identify(build) by extension 'ignore'
[0.816s] Level 1:colcon.colcon_core.package_identification:_identify(build) ignored
[0.816s] Level 1:colcon.colcon_core.package_identification:_identify(doc) by extensions ['ignore', 'ignore_ament_install']
[0.816s] Level 1:colcon.colcon_core.package_identification:_identify(doc) by extension 'ignore'
[0.816s] Level 1:colcon.colcon_core.package_identification:_identify(doc) by extension 'ignore_ament_install'
[0.816s] Level 1:colcon.colcon_core.package_identification:_identify(doc) by extensions ['colcon_pkg']
[0.816s] Level 1:colcon.colcon_core.package_identification:_identify(doc) by extension 'colcon_pkg'
[0.816s] Level 1:colcon.colcon_core.package_identification:_identify(doc) by extensions ['colcon_meta']
[0.816s] Level 1:colcon.colcon_core.package_identification:_identify(doc) by extension 'colcon_meta'
[0.816s] Level 1:colcon.colcon_core.package_identification:_identify(doc) by extensions ['ros']
[0.816s] Level 1:colcon.colcon_core.package_identification:_identify(doc) by extension 'ros'
[0.816s] Level 1:colcon.colcon_core.package_identification:_identify(doc) by extensions ['cmake', 'python']
[0.816s] Level 1:colcon.colcon_core.package_identification:_identify(doc) by extension 'cmake'
[0.816s] Level 1:colcon.colcon_core.package_identification:_identify(doc) by extension 'python'
[0.816s] Level 1:colcon.colcon_core.package_identification:_identify(doc) by extensions ['python_setup_py']
[0.816s] Level 1:colcon.colcon_core.package_identification:_identify(doc) by extension 'python_setup_py'
[0.816s] Level 1:colcon.colcon_core.package_identification:_identify(install) by extensions ['ignore', 'ignore_ament_install']
[0.817s] Level 1:colcon.colcon_core.package_identification:_identify(install) by extension 'ignore'
[0.817s] Level 1:colcon.colcon_core.package_identification:_identify(install) ignored
[0.817s] Level 1:colcon.colcon_core.package_identification:_identify(log) by extensions ['ignore', 'ignore_ament_install']
[0.817s] Level 1:colcon.colcon_core.package_identification:_identify(log) by extension 'ignore'
[0.817s] Level 1:colcon.colcon_core.package_identification:_identify(log) ignored
[0.817s] Level 1:colcon.colcon_core.package_identification:_identify(src) by extensions ['ignore', 'ignore_ament_install']
[0.817s] Level 1:colcon.colcon_core.package_identification:_identify(src) by extension 'ignore'
[0.817s] Level 1:colcon.colcon_core.package_identification:_identify(src) by extension 'ignore_ament_install'
[0.817s] Level 1:colcon.colcon_core.package_identification:_identify(src) by extensions ['colcon_pkg']
[0.817s] Level 1:colcon.colcon_core.package_identification:_identify(src) by extension 'colcon_pkg'
[0.817s] Level 1:colcon.colcon_core.package_identification:_identify(src) by extensions ['colcon_meta']
[0.817s] Level 1:colcon.colcon_core.package_identification:_identify(src) by extension 'colcon_meta'
[0.817s] Level 1:colcon.colcon_core.package_identification:_identify(src) by extensions ['ros']
[0.817s] Level 1:colcon.colcon_core.package_identification:_identify(src) by extension 'ros'
[0.817s] Level 1:colcon.colcon_core.package_identification:_identify(src) by extensions ['cmake', 'python']
[0.817s] Level 1:colcon.colcon_core.package_identification:_identify(src) by extension 'cmake'
[0.817s] Level 1:colcon.colcon_core.package_identification:_identify(src) by extension 'python'
[0.817s] Level 1:colcon.colcon_core.package_identification:_identify(src) by extensions ['python_setup_py']
[0.817s] Level 1:colcon.colcon_core.package_identification:_identify(src) by extension 'python_setup_py'
[0.817s] Level 1:colcon.colcon_core.package_identification:_identify(src/groundterminal) by extensions ['ignore', 'ignore_ament_install']
[0.817s] Level 1:colcon.colcon_core.package_identification:_identify(src/groundterminal) by extension 'ignore'
[0.817s] Level 1:colcon.colcon_core.package_identification:_identify(src/groundterminal) by extension 'ignore_ament_install'
[0.817s] Level 1:colcon.colcon_core.package_identification:_identify(src/groundterminal) by extensions ['colcon_pkg']
[0.817s] Level 1:colcon.colcon_core.package_identification:_identify(src/groundterminal) by extension 'colcon_pkg'
[0.818s] Level 1:colcon.colcon_core.package_identification:_identify(src/groundterminal) by extensions ['colcon_meta']
[0.818s] Level 1:colcon.colcon_core.package_identification:_identify(src/groundterminal) by extension 'colcon_meta'
[0.818s] Level 1:colcon.colcon_core.package_identification:_identify(src/groundterminal) by extensions ['ros']
[0.818s] Level 1:colcon.colcon_core.package_identification:_identify(src/groundterminal) by extension 'ros'
[0.822s] DEBUG:colcon.colcon_core.package_identification:Package 'src/groundterminal' with type 'ros.ament_cmake' and name 'groundterminal'
[0.822s] Level 1:colcon.colcon_core.package_discovery:discover_packages(recursive) using defaults
[0.822s] Level 1:colcon.colcon_core.package_discovery:discover_packages(ignore) discover
[0.822s] Level 1:colcon.colcon_core.package_discovery:discover_packages(ignore) using defaults
[0.822s] Level 1:colcon.colcon_core.package_discovery:discover_packages(path) discover
[0.822s] Level 1:colcon.colcon_core.package_discovery:discover_packages(path) using defaults
[0.858s] Level 1:colcon.colcon_core.package_discovery:discover_packages(prefix_path) check parameters
[0.858s] Level 1:colcon.colcon_core.package_discovery:discover_packages(prefix_path) discover
[0.896s] DEBUG:colcon.colcon_installed_package_information.package_discovery:Found 55 installed packages in /home/zhangchenxu/MOVEIT/moveit2_ws/install
[0.899s] DEBUG:colcon.colcon_installed_package_information.package_discovery:Found 431 installed packages in /opt/ros/humble
[0.902s] Level 1:colcon.colcon_core.package_discovery:discover_packages(prefix_path) using defaults
[1.013s] Level 5:colcon.colcon_core.verb:set package 'groundterminal' build argument 'cmake_args' from command line to 'None'
[1.013s] Level 5:colcon.colcon_core.verb:set package 'groundterminal' build argument 'cmake_target' from command line to 'None'
[1.013s] Level 5:colcon.colcon_core.verb:set package 'groundterminal' build argument 'cmake_target_skip_unavailable' from command line to 'False'
[1.013s] Level 5:colcon.colcon_core.verb:set package 'groundterminal' build argument 'cmake_clean_cache' from command line to 'False'
[1.013s] Level 5:colcon.colcon_core.verb:set package 'groundterminal' build argument 'cmake_clean_first' from command line to 'False'
[1.013s] Level 5:colcon.colcon_core.verb:set package 'groundterminal' build argument 'cmake_force_configure' from command line to 'False'
[1.013s] Level 5:colcon.colcon_core.verb:set package 'groundterminal' build argument 'ament_cmake_args' from command line to 'None'
[1.013s] Level 5:colcon.colcon_core.verb:set package 'groundterminal' build argument 'catkin_cmake_args' from command line to 'None'
[1.013s] Level 5:colcon.colcon_core.verb:set package 'groundterminal' build argument 'catkin_skip_building_tests' from command line to 'False'
[1.013s] DEBUG:colcon.colcon_core.verb:Building package 'groundterminal' with the following arguments: {'ament_cmake_args': None, 'build_base': '/home/zhangchenxu/Documents/00_Project/ClimblingRobot_v2.0/GroundTerminal/build/groundterminal', 'catkin_cmake_args': None, 'catkin_skip_building_tests': False, 'cmake_args': None, 'cmake_clean_cache': False, 'cmake_clean_first': False, 'cmake_force_configure': False, 'cmake_target': None, 'cmake_target_skip_unavailable': False, 'install_base': '/home/zhangchenxu/Documents/00_Project/ClimblingRobot_v2.0/GroundTerminal/install/groundterminal', 'merge_install': False, 'path': '/home/zhangchenxu/Documents/00_Project/ClimblingRobot_v2.0/GroundTerminal/src/groundterminal', 'symlink_install': False, 'test_result_base': None}
[1.013s] INFO:colcon.colcon_core.executor:Executing jobs using 'parallel' executor
[1.014s] DEBUG:colcon.colcon_parallel_executor.executor.parallel:run_until_complete
[1.014s] INFO:colcon.colcon_ros.task.ament_cmake.build:Building ROS package in '/home/zhangchenxu/Documents/00_Project/ClimblingRobot_v2.0/GroundTerminal/src/groundterminal' with build type 'ament_cmake'
[1.014s] INFO:colcon.colcon_cmake.task.cmake.build:Building CMake package in '/home/zhangchenxu/Documents/00_Project/ClimblingRobot_v2.0/GroundTerminal/src/groundterminal'
[1.020s] INFO:colcon.colcon_core.plugin_system:Skipping extension 'colcon_core.shell.bat': Not used on non-Windows systems
[1.021s] INFO:colcon.colcon_core.shell:Skip shell extension 'powershell' for command environment: Not usable outside of PowerShell
[1.021s] DEBUG:colcon.colcon_core.shell:Skip shell extension 'dsv' for command environment
[1.042s] DEBUG:colcon.colcon_core.event_handler.log_command:Invoking command in '/home/zhangchenxu/Documents/00_Project/ClimblingRobot_v2.0/GroundTerminal/build/groundterminal': CMAKE_PREFIX_PATH=${CMAKE_PREFIX_PATH}:/home/zhangchenxu/MOVEIT/moveit2_ws/install/moveit_configs_utils:/home/zhangchenxu/MOVEIT/moveit2_ws/install/launch_param_builder:/opt/ros/humble /usr/bin/cmake /home/zhangchenxu/Documents/00_Project/ClimblingRobot_v2.0/GroundTerminal/src/groundterminal -DCMAKE_INSTALL_PREFIX=/home/zhangchenxu/Documents/00_Project/ClimblingRobot_v2.0/GroundTerminal/install/groundterminal
[3.616s] DEBUG:colcon.colcon_core.event_handler.log_command:Invoked command in '/home/zhangchenxu/Documents/00_Project/ClimblingRobot_v2.0/GroundTerminal/build/groundterminal' returned '0': CMAKE_PREFIX_PATH=${CMAKE_PREFIX_PATH}:/home/zhangchenxu/MOVEIT/moveit2_ws/install/moveit_configs_utils:/home/zhangchenxu/MOVEIT/moveit2_ws/install/launch_param_builder:/opt/ros/humble /usr/bin/cmake /home/zhangchenxu/Documents/00_Project/ClimblingRobot_v2.0/GroundTerminal/src/groundterminal -DCMAKE_INSTALL_PREFIX=/home/zhangchenxu/Documents/00_Project/ClimblingRobot_v2.0/GroundTerminal/install/groundterminal
[3.617s] DEBUG:colcon.colcon_core.event_handler.log_command:Invoking command in '/home/zhangchenxu/Documents/00_Project/ClimblingRobot_v2.0/GroundTerminal/build/groundterminal': CMAKE_PREFIX_PATH=${CMAKE_PREFIX_PATH}:/home/zhangchenxu/MOVEIT/moveit2_ws/install/moveit_configs_utils:/home/zhangchenxu/MOVEIT/moveit2_ws/install/launch_param_builder:/opt/ros/humble /usr/bin/cmake --build /home/zhangchenxu/Documents/00_Project/ClimblingRobot_v2.0/GroundTerminal/build/groundterminal -- -j16 -l16
[14.788s] DEBUG:colcon.colcon_core.event_handler.log_command:Invoked command in '/home/zhangchenxu/Documents/00_Project/ClimblingRobot_v2.0/GroundTerminal/build/groundterminal' returned '0': CMAKE_PREFIX_PATH=${CMAKE_PREFIX_PATH}:/home/zhangchenxu/MOVEIT/moveit2_ws/install/moveit_configs_utils:/home/zhangchenxu/MOVEIT/moveit2_ws/install/launch_param_builder:/opt/ros/humble /usr/bin/cmake --build /home/zhangchenxu/Documents/00_Project/ClimblingRobot_v2.0/GroundTerminal/build/groundterminal -- -j16 -l16
[14.813s] DEBUG:colcon.colcon_core.event_handler.log_command:Invoking command in '/home/zhangchenxu/Documents/00_Project/ClimblingRobot_v2.0/GroundTerminal/build/groundterminal': CMAKE_PREFIX_PATH=${CMAKE_PREFIX_PATH}:/home/zhangchenxu/MOVEIT/moveit2_ws/install/moveit_configs_utils:/home/zhangchenxu/MOVEIT/moveit2_ws/install/launch_param_builder:/opt/ros/humble /usr/bin/cmake --install /home/zhangchenxu/Documents/00_Project/ClimblingRobot_v2.0/GroundTerminal/build/groundterminal
[14.860s] Level 1:colcon.colcon_core.environment:create_environment_scripts_only(groundterminal)
[14.860s] DEBUG:colcon.colcon_core.event_handler.log_command:Invoked command in '/home/zhangchenxu/Documents/00_Project/ClimblingRobot_v2.0/GroundTerminal/build/groundterminal' returned '0': CMAKE_PREFIX_PATH=${CMAKE_PREFIX_PATH}:/home/zhangchenxu/MOVEIT/moveit2_ws/install/moveit_configs_utils:/home/zhangchenxu/MOVEIT/moveit2_ws/install/launch_param_builder:/opt/ros/humble /usr/bin/cmake --install /home/zhangchenxu/Documents/00_Project/ClimblingRobot_v2.0/GroundTerminal/build/groundterminal
[14.870s] Level 1:colcon.colcon_core.environment:checking '/home/zhangchenxu/Documents/00_Project/ClimblingRobot_v2.0/GroundTerminal/install/groundterminal' for CMake module files
[14.871s] Level 1:colcon.colcon_core.environment:checking '/home/zhangchenxu/Documents/00_Project/ClimblingRobot_v2.0/GroundTerminal/install/groundterminal' for CMake config files
[14.871s] Level 1:colcon.colcon_core.shell:create_environment_hook('groundterminal', 'cmake_prefix_path')
[14.871s] INFO:colcon.colcon_core.shell:Creating environment hook '/home/zhangchenxu/Documents/00_Project/ClimblingRobot_v2.0/GroundTerminal/install/groundterminal/share/groundterminal/hook/cmake_prefix_path.ps1'
[14.873s] INFO:colcon.colcon_core.shell:Creating environment descriptor '/home/zhangchenxu/Documents/00_Project/ClimblingRobot_v2.0/GroundTerminal/install/groundterminal/share/groundterminal/hook/cmake_prefix_path.dsv'
[14.874s] INFO:colcon.colcon_core.shell:Creating environment hook '/home/zhangchenxu/Documents/00_Project/ClimblingRobot_v2.0/GroundTerminal/install/groundterminal/share/groundterminal/hook/cmake_prefix_path.sh'
[14.877s] Level 1:colcon.colcon_core.environment:checking '/home/zhangchenxu/Documents/00_Project/ClimblingRobot_v2.0/GroundTerminal/install/groundterminal/lib'
[14.877s] Level 1:colcon.colcon_core.environment:checking '/home/zhangchenxu/Documents/00_Project/ClimblingRobot_v2.0/GroundTerminal/install/groundterminal/bin'
[14.877s] Level 1:colcon.colcon_core.environment:checking '/home/zhangchenxu/Documents/00_Project/ClimblingRobot_v2.0/GroundTerminal/install/groundterminal/lib/pkgconfig/groundterminal.pc'
[14.878s] Level 1:colcon.colcon_core.environment:checking '/home/zhangchenxu/Documents/00_Project/ClimblingRobot_v2.0/GroundTerminal/install/groundterminal/lib/python3.10/site-packages'
[14.878s] Level 1:colcon.colcon_core.environment:checking '/home/zhangchenxu/Documents/00_Project/ClimblingRobot_v2.0/GroundTerminal/install/groundterminal/bin'
[14.879s] INFO:colcon.colcon_core.shell:Creating package script '/home/zhangchenxu/Documents/00_Project/ClimblingRobot_v2.0/GroundTerminal/install/groundterminal/share/groundterminal/package.ps1'
[14.881s] INFO:colcon.colcon_core.shell:Creating package descriptor '/home/zhangchenxu/Documents/00_Project/ClimblingRobot_v2.0/GroundTerminal/install/groundterminal/share/groundterminal/package.dsv'
[14.882s] INFO:colcon.colcon_core.shell:Creating package script '/home/zhangchenxu/Documents/00_Project/ClimblingRobot_v2.0/GroundTerminal/install/groundterminal/share/groundterminal/package.sh'
[14.884s] INFO:colcon.colcon_core.shell:Creating package script '/home/zhangchenxu/Documents/00_Project/ClimblingRobot_v2.0/GroundTerminal/install/groundterminal/share/groundterminal/package.bash'
[14.886s] INFO:colcon.colcon_core.shell:Creating package script '/home/zhangchenxu/Documents/00_Project/ClimblingRobot_v2.0/GroundTerminal/install/groundterminal/share/groundterminal/package.zsh'
[14.888s] Level 1:colcon.colcon_core.environment:create_file_with_runtime_dependencies(/home/zhangchenxu/Documents/00_Project/ClimblingRobot_v2.0/GroundTerminal/install/groundterminal/share/colcon-core/packages/groundterminal)
[14.890s] Level 1:colcon.colcon_core.environment:create_environment_scripts_only(groundterminal)
[14.890s] Level 1:colcon.colcon_core.environment:checking '/home/zhangchenxu/Documents/00_Project/ClimblingRobot_v2.0/GroundTerminal/install/groundterminal' for CMake module files
[14.891s] Level 1:colcon.colcon_core.environment:checking '/home/zhangchenxu/Documents/00_Project/ClimblingRobot_v2.0/GroundTerminal/install/groundterminal' for CMake config files
[14.892s] Level 1:colcon.colcon_core.shell:create_environment_hook('groundterminal', 'cmake_prefix_path')
[14.892s] INFO:colcon.colcon_core.shell:Creating environment hook '/home/zhangchenxu/Documents/00_Project/ClimblingRobot_v2.0/GroundTerminal/install/groundterminal/share/groundterminal/hook/cmake_prefix_path.ps1'
[14.893s] INFO:colcon.colcon_core.shell:Creating environment descriptor '/home/zhangchenxu/Documents/00_Project/ClimblingRobot_v2.0/GroundTerminal/install/groundterminal/share/groundterminal/hook/cmake_prefix_path.dsv'
[14.894s] INFO:colcon.colcon_core.shell:Creating environment hook '/home/zhangchenxu/Documents/00_Project/ClimblingRobot_v2.0/GroundTerminal/install/groundterminal/share/groundterminal/hook/cmake_prefix_path.sh'
[14.895s] Level 1:colcon.colcon_core.environment:checking '/home/zhangchenxu/Documents/00_Project/ClimblingRobot_v2.0/GroundTerminal/install/groundterminal/lib'
[14.895s] Level 1:colcon.colcon_core.environment:checking '/home/zhangchenxu/Documents/00_Project/ClimblingRobot_v2.0/GroundTerminal/install/groundterminal/bin'
[14.895s] Level 1:colcon.colcon_core.environment:checking '/home/zhangchenxu/Documents/00_Project/ClimblingRobot_v2.0/GroundTerminal/install/groundterminal/lib/pkgconfig/groundterminal.pc'
[14.896s] Level 1:colcon.colcon_core.environment:checking '/home/zhangchenxu/Documents/00_Project/ClimblingRobot_v2.0/GroundTerminal/install/groundterminal/lib/python3.10/site-packages'
[14.896s] Level 1:colcon.colcon_core.environment:checking '/home/zhangchenxu/Documents/00_Project/ClimblingRobot_v2.0/GroundTerminal/install/groundterminal/bin'
[14.897s] INFO:colcon.colcon_core.shell:Creating package script '/home/zhangchenxu/Documents/00_Project/ClimblingRobot_v2.0/GroundTerminal/install/groundterminal/share/groundterminal/package.ps1'
[14.898s] INFO:colcon.colcon_core.shell:Creating package descriptor '/home/zhangchenxu/Documents/00_Project/ClimblingRobot_v2.0/GroundTerminal/install/groundterminal/share/groundterminal/package.dsv'
[14.899s] INFO:colcon.colcon_core.shell:Creating package script '/home/zhangchenxu/Documents/00_Project/ClimblingRobot_v2.0/GroundTerminal/install/groundterminal/share/groundterminal/package.sh'
[14.900s] INFO:colcon.colcon_core.shell:Creating package script '/home/zhangchenxu/Documents/00_Project/ClimblingRobot_v2.0/GroundTerminal/install/groundterminal/share/groundterminal/package.bash'
[14.901s] INFO:colcon.colcon_core.shell:Creating package script '/home/zhangchenxu/Documents/00_Project/ClimblingRobot_v2.0/GroundTerminal/install/groundterminal/share/groundterminal/package.zsh'
[14.902s] Level 1:colcon.colcon_core.environment:create_file_with_runtime_dependencies(/home/zhangchenxu/Documents/00_Project/ClimblingRobot_v2.0/GroundTerminal/install/groundterminal/share/colcon-core/packages/groundterminal)
[14.902s] DEBUG:colcon.colcon_parallel_executor.executor.parallel:closing loop
[14.903s] DEBUG:colcon.colcon_parallel_executor.executor.parallel:loop closed
[14.903s] DEBUG:colcon.colcon_parallel_executor.executor.parallel:run_until_complete finished with '0'
[14.903s] DEBUG:colcon.colcon_core.event_reactor:joining thread
[14.916s] INFO:colcon.colcon_core.plugin_system:Skipping extension 'colcon_notification.desktop_notification.terminal_notifier': Not used on non-Darwin systems
[14.916s] INFO:colcon.colcon_core.plugin_system:Skipping extension 'colcon_notification.desktop_notification.win32': Not used on non-Windows systems
[14.916s] INFO:colcon.colcon_notification.desktop_notification:Sending desktop notification using 'notify2'
[14.955s] DEBUG:colcon.colcon_core.event_reactor:joined thread
[14.955s] INFO:colcon.colcon_core.shell:Creating prefix script '/home/zhangchenxu/Documents/00_Project/ClimblingRobot_v2.0/GroundTerminal/install/local_setup.ps1'
[14.957s] INFO:colcon.colcon_core.shell:Creating prefix util module '/home/zhangchenxu/Documents/00_Project/ClimblingRobot_v2.0/GroundTerminal/install/_local_setup_util_ps1.py'
[14.960s] INFO:colcon.colcon_core.shell:Creating prefix chain script '/home/zhangchenxu/Documents/00_Project/ClimblingRobot_v2.0/GroundTerminal/install/setup.ps1'
[14.967s] INFO:colcon.colcon_core.shell:Creating prefix script '/home/zhangchenxu/Documents/00_Project/ClimblingRobot_v2.0/GroundTerminal/install/local_setup.sh'
[14.968s] INFO:colcon.colcon_core.shell:Creating prefix util module '/home/zhangchenxu/Documents/00_Project/ClimblingRobot_v2.0/GroundTerminal/install/_local_setup_util_sh.py'
[14.969s] INFO:colcon.colcon_core.shell:Creating prefix chain script '/home/zhangchenxu/Documents/00_Project/ClimblingRobot_v2.0/GroundTerminal/install/setup.sh'
[14.979s] INFO:colcon.colcon_core.shell:Creating prefix script '/home/zhangchenxu/Documents/00_Project/ClimblingRobot_v2.0/GroundTerminal/install/local_setup.bash'
[14.981s] INFO:colcon.colcon_core.shell:Creating prefix chain script '/home/zhangchenxu/Documents/00_Project/ClimblingRobot_v2.0/GroundTerminal/install/setup.bash'
[14.991s] INFO:colcon.colcon_core.shell:Creating prefix script '/home/zhangchenxu/Documents/00_Project/ClimblingRobot_v2.0/GroundTerminal/install/local_setup.zsh'
[14.992s] INFO:colcon.colcon_core.shell:Creating prefix chain script '/home/zhangchenxu/Documents/00_Project/ClimblingRobot_v2.0/GroundTerminal/install/setup.zsh'
