[ 50%] [32mBuilding CXX object CMakeFiles/yesense_node_subscriber.dir/src/yesense_node_subscriber_example.cpp.o[0m
[ 83%] Built target yesense_node_publisher
[100%] [32m[1mLinking CXX executable yesense_node_subscriber[0m
[100%] Built target yesense_node_subscriber
-- Install configuration: ""
-- Up-to-date: /home/zhangchenxu/Documents/00_Project/ClimblingRobot_v2.0/USE_DOUBLE_IMU/install/double_imu/share/double_imu/launch
-- Up-to-date: /home/zhangchenxu/Documents/00_Project/ClimblingRobot_v2.0/USE_DOUBLE_IMU/install/double_imu/share/double_imu/launch/yesense_node.launch.py
-- Up-to-date: /home/zhangchenxu/Documents/00_Project/ClimblingRobot_v2.0/USE_DOUBLE_IMU/install/double_imu/share/double_imu/launch/doubleimu.launch.py
-- Up-to-date: /home/zhangchenxu/Documents/00_Project/ClimblingRobot_v2.0/USE_DOUBLE_IMU/install/double_imu/share/double_imu/config
-- Up-to-date: /home/zhangchenxu/Documents/00_Project/ClimblingRobot_v2.0/USE_DOUBLE_IMU/install/double_imu/share/double_imu/config/yesense_config.yaml
-- Up-to-date: /home/zhangchenxu/Documents/00_Project/ClimblingRobot_v2.0/USE_DOUBLE_IMU/install/double_imu/lib/double_imu/yesense_node_publisher
-- Installing: /home/zhangchenxu/Documents/00_Project/ClimblingRobot_v2.0/USE_DOUBLE_IMU/install/double_imu/lib/double_imu/yesense_node_subscriber
-- Set runtime path of "/home/zhangchenxu/Documents/00_Project/ClimblingRobot_v2.0/USE_DOUBLE_IMU/install/double_imu/lib/double_imu/yesense_node_subscriber" to ""
-- Up-to-date: /home/zhangchenxu/Documents/00_Project/ClimblingRobot_v2.0/USE_DOUBLE_IMU/install/double_imu/share/ament_index/resource_index/package_run_dependencies/double_imu
-- Up-to-date: /home/zhangchenxu/Documents/00_Project/ClimblingRobot_v2.0/USE_DOUBLE_IMU/install/double_imu/share/ament_index/resource_index/parent_prefix_path/double_imu
-- Up-to-date: /home/zhangchenxu/Documents/00_Project/ClimblingRobot_v2.0/USE_DOUBLE_IMU/install/double_imu/share/double_imu/environment/ament_prefix_path.sh
-- Up-to-date: /home/zhangchenxu/Documents/00_Project/ClimblingRobot_v2.0/USE_DOUBLE_IMU/install/double_imu/share/double_imu/environment/ament_prefix_path.dsv
-- Up-to-date: /home/zhangchenxu/Documents/00_Project/ClimblingRobot_v2.0/USE_DOUBLE_IMU/install/double_imu/share/double_imu/environment/path.sh
-- Up-to-date: /home/zhangchenxu/Documents/00_Project/ClimblingRobot_v2.0/USE_DOUBLE_IMU/install/double_imu/share/double_imu/environment/path.dsv
-- Up-to-date: /home/zhangchenxu/Documents/00_Project/ClimblingRobot_v2.0/USE_DOUBLE_IMU/install/double_imu/share/double_imu/local_setup.bash
-- Up-to-date: /home/zhangchenxu/Documents/00_Project/ClimblingRobot_v2.0/USE_DOUBLE_IMU/install/double_imu/share/double_imu/local_setup.sh
-- Up-to-date: /home/zhangchenxu/Documents/00_Project/ClimblingRobot_v2.0/USE_DOUBLE_IMU/install/double_imu/share/double_imu/local_setup.zsh
-- Up-to-date: /home/zhangchenxu/Documents/00_Project/ClimblingRobot_v2.0/USE_DOUBLE_IMU/install/double_imu/share/double_imu/local_setup.dsv
-- Installing: /home/zhangchenxu/Documents/00_Project/ClimblingRobot_v2.0/USE_DOUBLE_IMU/install/double_imu/share/double_imu/package.dsv
-- Up-to-date: /home/zhangchenxu/Documents/00_Project/ClimblingRobot_v2.0/USE_DOUBLE_IMU/install/double_imu/share/ament_index/resource_index/packages/double_imu
-- Up-to-date: /home/zhangchenxu/Documents/00_Project/ClimblingRobot_v2.0/USE_DOUBLE_IMU/install/double_imu/share/double_imu/cmake/double_imuConfig.cmake
-- Up-to-date: /home/zhangchenxu/Documents/00_Project/ClimblingRobot_v2.0/USE_DOUBLE_IMU/install/double_imu/share/double_imu/cmake/double_imuConfig-version.cmake
-- Up-to-date: /home/zhangchenxu/Documents/00_Project/ClimblingRobot_v2.0/USE_DOUBLE_IMU/install/double_imu/share/double_imu/package.xml
