[0.025s] Invoking command in '/home/zhangchenxu/Documents/00_Project/ClimblingRobot_v2.0/CarTerminal/build/carterminal': CMAKE_PREFIX_PATH=${CMAKE_PREFIX_PATH}:/home/zhangchenxu/MOVEIT/moveit2_ws/install/moveit_configs_utils:/home/zhangchenxu/MOVEIT/moveit2_ws/install/launch_param_builder:/opt/ros/humble /usr/bin/cmake --build /home/zhangchenxu/Documents/00_Project/ClimblingRobot_v2.0/CarTerminal/build/carterminal -- -j12 -l12
[0.090s] [35m[1mConsolidate compiler generated dependencies of target data_collect_node[0m
[0.109s] [ 25%] Built target camera_talker_node
[0.111s] [ 37%] [32m[1mLinking CXX executable sensor_collect_node[0m
[0.111s] [ 50%] [32mBuilding CXX object CMakeFiles/wheel_talker_node.dir/src/wheel_talker_node.cpp.o[0m
[0.121s] [ 75%] Built target data_collect_node
[0.409s] /usr/bin/ld: CMakeFiles/sensor_collect_node.dir/src/sensor_collect_node.cpp.o: warning: relocation against `g_state_mtx' in read-only section `.text._ZN19Sensor_Collect_Node11senddata_cbEv[_ZN19Sensor_Collect_Node11senddata_cbEv]'
[0.428s] /usr/bin/ld: CMakeFiles/sensor_collect_node.dir/src/sensor_collect_node.cpp.o: in function `Sensor_Collect_Node::senddata_cb()':
[0.428s] sensor_collect_node.cpp:(.text._ZN19Sensor_Collect_Node11senddata_cbEv[_ZN19Sensor_Collect_Node11senddata_cbEv]+0x27): undefined reference to `g_state_mtx'
[0.428s] /usr/bin/ld: sensor_collect_node.cpp:(.text._ZN19Sensor_Collect_Node11senddata_cbEv[_ZN19Sensor_Collect_Node11senddata_cbEv]+0x38): undefined reference to `g_state'
[0.428s] /usr/bin/ld: sensor_collect_node.cpp:(.text._ZN19Sensor_Collect_Node11senddata_cbEv[_ZN19Sensor_Collect_Node11senddata_cbEv]+0x4b): undefined reference to `g_state'
[0.473s] /usr/bin/ld: warning: creating DT_TEXTREL in a PIE
[0.480s] collect2: error: ld returned 1 exit status
[0.481s] gmake[2]: *** [CMakeFiles/sensor_collect_node.dir/build.make:184：sensor_collect_node] 错误 1
[0.482s] gmake[1]: *** [CMakeFiles/Makefile2:221：CMakeFiles/sensor_collect_node.dir/all] 错误 2
[0.482s] gmake[1]: *** 正在等待未完成的任务....
[5.509s] [ 87%] [32m[1mLinking CXX executable wheel_talker_node[0m
[5.758s] [ 87%] Built target wheel_talker_node
[5.759s] gmake: *** [Makefile:146：all] 错误 2
[5.761s] Invoked command in '/home/zhangchenxu/Documents/00_Project/ClimblingRobot_v2.0/CarTerminal/build/carterminal' returned '2': CMAKE_PREFIX_PATH=${CMAKE_PREFIX_PATH}:/home/zhangchenxu/MOVEIT/moveit2_ws/install/moveit_configs_utils:/home/zhangchenxu/MOVEIT/moveit2_ws/install/launch_param_builder:/opt/ros/humble /usr/bin/cmake --build /home/zhangchenxu/Documents/00_Project/ClimblingRobot_v2.0/CarTerminal/build/carterminal -- -j12 -l12
