[0.076s] DEBUG:colcon:Command line arguments: ['/usr/bin/colcon', 'build']
[0.076s] DEBUG:colcon:Parsed command line arguments: Namespace(log_base=None, log_level=None, verb_name='build', build_base='build', install_base='install', merge_install=False, symlink_install=False, test_result_base=None, continue_on_error=False, executor='parallel', parallel_workers=12, event_handlers=None, ignore_user_meta=False, metas=['./colcon.meta'], base_paths=['.'], packages_ignore=None, packages_ignore_regex=None, paths=None, packages_up_to=None, packages_up_to_regex=None, packages_above=None, packages_above_and_dependencies=None, packages_above_depth=None, packages_select_by_dep=None, packages_skip_by_dep=None, packages_skip_up_to=None, packages_select_build_failed=False, packages_skip_build_finished=False, packages_select_test_failures=False, packages_skip_test_passed=False, packages_select=None, packages_skip=None, packages_select_regex=None, packages_skip_regex=None, packages_start=None, packages_end=None, allow_overriding=[], cmake_args=None, cmake_target=None, cmake_target_skip_unavailable=False, cmake_clean_cache=False, cmake_clean_first=False, cmake_force_configure=False, ament_cmake_args=None, catkin_cmake_args=None, catkin_skip_building_tests=False, verb_parser=<colcon_defaults.argument_parser.defaults.DefaultArgumentsDecorator object at 0x7b78fa9a0490>, verb_extension=<colcon_core.verb.build.BuildVerb object at 0x7b78faaa1f30>, main=<bound method BuildVerb.main of <colcon_core.verb.build.BuildVerb object at 0x7b78faaa1f30>>)
[0.218s] Level 1:colcon.colcon_core.package_discovery:discover_packages(colcon_meta) check parameters
[0.218s] Level 1:colcon.colcon_core.package_discovery:discover_packages(recursive) check parameters
[0.218s] Level 1:colcon.colcon_core.package_discovery:discover_packages(ignore) check parameters
[0.218s] Level 1:colcon.colcon_core.package_discovery:discover_packages(path) check parameters
[0.218s] Level 1:colcon.colcon_core.package_discovery:discover_packages(colcon_meta) discover
[0.218s] Level 1:colcon.colcon_core.package_discovery:discover_packages(recursive) discover
[0.218s] INFO:colcon.colcon_core.package_discovery:Crawling recursively for packages in '/home/zhangchenxu/Documents/00_Project/ClimblingRobot_v2.0/CarTerminal'
[0.218s] Level 1:colcon.colcon_core.package_identification:_identify(.) by extensions ['ignore', 'ignore_ament_install']
[0.218s] Level 1:colcon.colcon_core.package_identification:_identify(.) by extension 'ignore'
[0.218s] Level 1:colcon.colcon_core.package_identification:_identify(.) by extension 'ignore_ament_install'
[0.218s] Level 1:colcon.colcon_core.package_identification:_identify(.) by extensions ['colcon_pkg']
[0.218s] Level 1:colcon.colcon_core.package_identification:_identify(.) by extension 'colcon_pkg'
[0.218s] Level 1:colcon.colcon_core.package_identification:_identify(.) by extensions ['colcon_meta']
[0.218s] Level 1:colcon.colcon_core.package_identification:_identify(.) by extension 'colcon_meta'
[0.218s] Level 1:colcon.colcon_core.package_identification:_identify(.) by extensions ['ros']
[0.218s] Level 1:colcon.colcon_core.package_identification:_identify(.) by extension 'ros'
[0.230s] Level 1:colcon.colcon_core.package_identification:_identify(.) by extensions ['cmake', 'python']
[0.230s] Level 1:colcon.colcon_core.package_identification:_identify(.) by extension 'cmake'
[0.230s] Level 1:colcon.colcon_core.package_identification:_identify(.) by extension 'python'
[0.230s] Level 1:colcon.colcon_core.package_identification:_identify(.) by extensions ['python_setup_py']
[0.230s] Level 1:colcon.colcon_core.package_identification:_identify(.) by extension 'python_setup_py'
[0.231s] Level 1:colcon.colcon_core.package_identification:_identify(build) by extensions ['ignore', 'ignore_ament_install']
[0.231s] Level 1:colcon.colcon_core.package_identification:_identify(build) by extension 'ignore'
[0.231s] Level 1:colcon.colcon_core.package_identification:_identify(build) ignored
[0.231s] Level 1:colcon.colcon_core.package_identification:_identify(install) by extensions ['ignore', 'ignore_ament_install']
[0.231s] Level 1:colcon.colcon_core.package_identification:_identify(install) by extension 'ignore'
[0.231s] Level 1:colcon.colcon_core.package_identification:_identify(install) ignored
[0.231s] Level 1:colcon.colcon_core.package_identification:_identify(log) by extensions ['ignore', 'ignore_ament_install']
[0.231s] Level 1:colcon.colcon_core.package_identification:_identify(log) by extension 'ignore'
[0.231s] Level 1:colcon.colcon_core.package_identification:_identify(log) ignored
[0.231s] Level 1:colcon.colcon_core.package_identification:_identify(src) by extensions ['ignore', 'ignore_ament_install']
[0.231s] Level 1:colcon.colcon_core.package_identification:_identify(src) by extension 'ignore'
[0.231s] Level 1:colcon.colcon_core.package_identification:_identify(src) by extension 'ignore_ament_install'
[0.231s] Level 1:colcon.colcon_core.package_identification:_identify(src) by extensions ['colcon_pkg']
[0.231s] Level 1:colcon.colcon_core.package_identification:_identify(src) by extension 'colcon_pkg'
[0.231s] Level 1:colcon.colcon_core.package_identification:_identify(src) by extensions ['colcon_meta']
[0.231s] Level 1:colcon.colcon_core.package_identification:_identify(src) by extension 'colcon_meta'
[0.231s] Level 1:colcon.colcon_core.package_identification:_identify(src) by extensions ['ros']
[0.231s] Level 1:colcon.colcon_core.package_identification:_identify(src) by extension 'ros'
[0.231s] Level 1:colcon.colcon_core.package_identification:_identify(src) by extensions ['cmake', 'python']
[0.231s] Level 1:colcon.colcon_core.package_identification:_identify(src) by extension 'cmake'
[0.231s] Level 1:colcon.colcon_core.package_identification:_identify(src) by extension 'python'
[0.231s] Level 1:colcon.colcon_core.package_identification:_identify(src) by extensions ['python_setup_py']
[0.231s] Level 1:colcon.colcon_core.package_identification:_identify(src) by extension 'python_setup_py'
[0.232s] Level 1:colcon.colcon_core.package_identification:_identify(src/carterminal) by extensions ['ignore', 'ignore_ament_install']
[0.232s] Level 1:colcon.colcon_core.package_identification:_identify(src/carterminal) by extension 'ignore'
[0.232s] Level 1:colcon.colcon_core.package_identification:_identify(src/carterminal) by extension 'ignore_ament_install'
[0.232s] Level 1:colcon.colcon_core.package_identification:_identify(src/carterminal) by extensions ['colcon_pkg']
[0.232s] Level 1:colcon.colcon_core.package_identification:_identify(src/carterminal) by extension 'colcon_pkg'
[0.232s] Level 1:colcon.colcon_core.package_identification:_identify(src/carterminal) by extensions ['colcon_meta']
[0.232s] Level 1:colcon.colcon_core.package_identification:_identify(src/carterminal) by extension 'colcon_meta'
[0.232s] Level 1:colcon.colcon_core.package_identification:_identify(src/carterminal) by extensions ['ros']
[0.232s] Level 1:colcon.colcon_core.package_identification:_identify(src/carterminal) by extension 'ros'
[0.234s] DEBUG:colcon.colcon_core.package_identification:Package 'src/carterminal' with type 'ros.ament_cmake' and name 'carterminal'
[0.234s] Level 1:colcon.colcon_core.package_identification:_identify(src/fdilink_ahrs) by extensions ['ignore', 'ignore_ament_install']
[0.234s] Level 1:colcon.colcon_core.package_identification:_identify(src/fdilink_ahrs) by extension 'ignore'
[0.234s] Level 1:colcon.colcon_core.package_identification:_identify(src/fdilink_ahrs) by extension 'ignore_ament_install'
[0.234s] Level 1:colcon.colcon_core.package_identification:_identify(src/fdilink_ahrs) by extensions ['colcon_pkg']
[0.234s] Level 1:colcon.colcon_core.package_identification:_identify(src/fdilink_ahrs) by extension 'colcon_pkg'
[0.234s] Level 1:colcon.colcon_core.package_identification:_identify(src/fdilink_ahrs) by extensions ['colcon_meta']
[0.234s] Level 1:colcon.colcon_core.package_identification:_identify(src/fdilink_ahrs) by extension 'colcon_meta'
[0.234s] Level 1:colcon.colcon_core.package_identification:_identify(src/fdilink_ahrs) by extensions ['ros']
[0.234s] Level 1:colcon.colcon_core.package_identification:_identify(src/fdilink_ahrs) by extension 'ros'
[0.235s] DEBUG:colcon.colcon_core.package_identification:Package 'src/fdilink_ahrs' with type 'ros.ament_cmake' and name 'fdilink_ahrs'
[0.235s] Level 1:colcon.colcon_core.package_identification:_identify(src/ldlidar_driver) by extensions ['ignore', 'ignore_ament_install']
[0.235s] Level 1:colcon.colcon_core.package_identification:_identify(src/ldlidar_driver) by extension 'ignore'
[0.235s] Level 1:colcon.colcon_core.package_identification:_identify(src/ldlidar_driver) by extension 'ignore_ament_install'
[0.235s] Level 1:colcon.colcon_core.package_identification:_identify(src/ldlidar_driver) by extensions ['colcon_pkg']
[0.235s] Level 1:colcon.colcon_core.package_identification:_identify(src/ldlidar_driver) by extension 'colcon_pkg'
[0.235s] Level 1:colcon.colcon_core.package_identification:_identify(src/ldlidar_driver) by extensions ['colcon_meta']
[0.235s] Level 1:colcon.colcon_core.package_identification:_identify(src/ldlidar_driver) by extension 'colcon_meta'
[0.235s] Level 1:colcon.colcon_core.package_identification:_identify(src/ldlidar_driver) by extensions ['ros']
[0.235s] Level 1:colcon.colcon_core.package_identification:_identify(src/ldlidar_driver) by extension 'ros'
[0.235s] Level 1:colcon.colcon_core.package_identification:_identify(src/ldlidar_driver) by extensions ['cmake', 'python']
[0.235s] Level 1:colcon.colcon_core.package_identification:_identify(src/ldlidar_driver) by extension 'cmake'
[0.235s] Level 1:colcon.colcon_core.package_identification:_identify(src/ldlidar_driver) by extension 'python'
[0.235s] Level 1:colcon.colcon_core.package_identification:_identify(src/ldlidar_driver) by extensions ['python_setup_py']
[0.235s] Level 1:colcon.colcon_core.package_identification:_identify(src/ldlidar_driver) by extension 'python_setup_py'
[0.235s] Level 1:colcon.colcon_core.package_identification:_identify(src/ldlidar_driver/include) by extensions ['ignore', 'ignore_ament_install']
[0.235s] Level 1:colcon.colcon_core.package_identification:_identify(src/ldlidar_driver/include) by extension 'ignore'
[0.235s] Level 1:colcon.colcon_core.package_identification:_identify(src/ldlidar_driver/include) by extension 'ignore_ament_install'
[0.236s] Level 1:colcon.colcon_core.package_identification:_identify(src/ldlidar_driver/include) by extensions ['colcon_pkg']
[0.236s] Level 1:colcon.colcon_core.package_identification:_identify(src/ldlidar_driver/include) by extension 'colcon_pkg'
[0.236s] Level 1:colcon.colcon_core.package_identification:_identify(src/ldlidar_driver/include) by extensions ['colcon_meta']
[0.236s] Level 1:colcon.colcon_core.package_identification:_identify(src/ldlidar_driver/include) by extension 'colcon_meta'
[0.236s] Level 1:colcon.colcon_core.package_identification:_identify(src/ldlidar_driver/include) by extensions ['ros']
[0.236s] Level 1:colcon.colcon_core.package_identification:_identify(src/ldlidar_driver/include) by extension 'ros'
[0.236s] Level 1:colcon.colcon_core.package_identification:_identify(src/ldlidar_driver/include) by extensions ['cmake', 'python']
[0.236s] Level 1:colcon.colcon_core.package_identification:_identify(src/ldlidar_driver/include) by extension 'cmake'
[0.236s] Level 1:colcon.colcon_core.package_identification:_identify(src/ldlidar_driver/include) by extension 'python'
[0.236s] Level 1:colcon.colcon_core.package_identification:_identify(src/ldlidar_driver/include) by extensions ['python_setup_py']
[0.236s] Level 1:colcon.colcon_core.package_identification:_identify(src/ldlidar_driver/include) by extension 'python_setup_py'
[0.236s] Level 1:colcon.colcon_core.package_identification:_identify(src/ldlidar_driver/src) by extensions ['ignore', 'ignore_ament_install']
[0.236s] Level 1:colcon.colcon_core.package_identification:_identify(src/ldlidar_driver/src) by extension 'ignore'
[0.236s] Level 1:colcon.colcon_core.package_identification:_identify(src/ldlidar_driver/src) by extension 'ignore_ament_install'
[0.236s] Level 1:colcon.colcon_core.package_identification:_identify(src/ldlidar_driver/src) by extensions ['colcon_pkg']
[0.236s] Level 1:colcon.colcon_core.package_identification:_identify(src/ldlidar_driver/src) by extension 'colcon_pkg'
[0.236s] Level 1:colcon.colcon_core.package_identification:_identify(src/ldlidar_driver/src) by extensions ['colcon_meta']
[0.236s] Level 1:colcon.colcon_core.package_identification:_identify(src/ldlidar_driver/src) by extension 'colcon_meta'
[0.236s] Level 1:colcon.colcon_core.package_identification:_identify(src/ldlidar_driver/src) by extensions ['ros']
[0.236s] Level 1:colcon.colcon_core.package_identification:_identify(src/ldlidar_driver/src) by extension 'ros'
[0.236s] Level 1:colcon.colcon_core.package_identification:_identify(src/ldlidar_driver/src) by extensions ['cmake', 'python']
[0.236s] Level 1:colcon.colcon_core.package_identification:_identify(src/ldlidar_driver/src) by extension 'cmake'
[0.236s] Level 1:colcon.colcon_core.package_identification:_identify(src/ldlidar_driver/src) by extension 'python'
[0.236s] Level 1:colcon.colcon_core.package_identification:_identify(src/ldlidar_driver/src) by extensions ['python_setup_py']
[0.236s] Level 1:colcon.colcon_core.package_identification:_identify(src/ldlidar_driver/src) by extension 'python_setup_py'
[0.236s] Level 1:colcon.colcon_core.package_identification:_identify(src/ros2_app) by extensions ['ignore', 'ignore_ament_install']
[0.236s] Level 1:colcon.colcon_core.package_identification:_identify(src/ros2_app) by extension 'ignore'
[0.236s] Level 1:colcon.colcon_core.package_identification:_identify(src/ros2_app) by extension 'ignore_ament_install'
[0.236s] Level 1:colcon.colcon_core.package_identification:_identify(src/ros2_app) by extensions ['colcon_pkg']
[0.237s] Level 1:colcon.colcon_core.package_identification:_identify(src/ros2_app) by extension 'colcon_pkg'
[0.237s] Level 1:colcon.colcon_core.package_identification:_identify(src/ros2_app) by extensions ['colcon_meta']
[0.237s] Level 1:colcon.colcon_core.package_identification:_identify(src/ros2_app) by extension 'colcon_meta'
[0.237s] Level 1:colcon.colcon_core.package_identification:_identify(src/ros2_app) by extensions ['ros']
[0.237s] Level 1:colcon.colcon_core.package_identification:_identify(src/ros2_app) by extension 'ros'
[0.237s] Level 1:colcon.colcon_core.package_identification:_identify(src/ros2_app) by extensions ['cmake', 'python']
[0.237s] Level 1:colcon.colcon_core.package_identification:_identify(src/ros2_app) by extension 'cmake'
[0.237s] Level 1:colcon.colcon_core.package_identification:_identify(src/ros2_app) by extension 'python'
[0.237s] Level 1:colcon.colcon_core.package_identification:_identify(src/ros2_app) by extensions ['python_setup_py']
[0.237s] Level 1:colcon.colcon_core.package_identification:_identify(src/ros2_app) by extension 'python_setup_py'
[0.237s] Level 1:colcon.colcon_core.package_identification:_identify(src/ros2_app/src) by extensions ['ignore', 'ignore_ament_install']
[0.237s] Level 1:colcon.colcon_core.package_identification:_identify(src/ros2_app/src) by extension 'ignore'
[0.237s] Level 1:colcon.colcon_core.package_identification:_identify(src/ros2_app/src) by extension 'ignore_ament_install'
[0.237s] Level 1:colcon.colcon_core.package_identification:_identify(src/ros2_app/src) by extensions ['colcon_pkg']
[0.237s] Level 1:colcon.colcon_core.package_identification:_identify(src/ros2_app/src) by extension 'colcon_pkg'
[0.237s] Level 1:colcon.colcon_core.package_identification:_identify(src/ros2_app/src) by extensions ['colcon_meta']
[0.237s] Level 1:colcon.colcon_core.package_identification:_identify(src/ros2_app/src) by extension 'colcon_meta'
[0.237s] Level 1:colcon.colcon_core.package_identification:_identify(src/ros2_app/src) by extensions ['ros']
[0.237s] Level 1:colcon.colcon_core.package_identification:_identify(src/ros2_app/src) by extension 'ros'
[0.237s] Level 1:colcon.colcon_core.package_identification:_identify(src/ros2_app/src) by extensions ['cmake', 'python']
[0.237s] Level 1:colcon.colcon_core.package_identification:_identify(src/ros2_app/src) by extension 'cmake'
[0.237s] Level 1:colcon.colcon_core.package_identification:_identify(src/ros2_app/src) by extension 'python'
[0.237s] Level 1:colcon.colcon_core.package_identification:_identify(src/ros2_app/src) by extensions ['python_setup_py']
[0.237s] Level 1:colcon.colcon_core.package_identification:_identify(src/ros2_app/src) by extension 'python_setup_py'
[0.237s] Level 1:colcon.colcon_core.package_identification:_identify(src/ros2_app/src/ldlidar) by extensions ['ignore', 'ignore_ament_install']
[0.237s] Level 1:colcon.colcon_core.package_identification:_identify(src/ros2_app/src/ldlidar) by extension 'ignore'
[0.237s] Level 1:colcon.colcon_core.package_identification:_identify(src/ros2_app/src/ldlidar) by extension 'ignore_ament_install'
[0.237s] Level 1:colcon.colcon_core.package_identification:_identify(src/ros2_app/src/ldlidar) by extensions ['colcon_pkg']
[0.237s] Level 1:colcon.colcon_core.package_identification:_identify(src/ros2_app/src/ldlidar) by extension 'colcon_pkg'
[0.238s] Level 1:colcon.colcon_core.package_identification:_identify(src/ros2_app/src/ldlidar) by extensions ['colcon_meta']
[0.238s] Level 1:colcon.colcon_core.package_identification:_identify(src/ros2_app/src/ldlidar) by extension 'colcon_meta'
[0.238s] Level 1:colcon.colcon_core.package_identification:_identify(src/ros2_app/src/ldlidar) by extensions ['ros']
[0.238s] Level 1:colcon.colcon_core.package_identification:_identify(src/ros2_app/src/ldlidar) by extension 'ros'
[0.238s] DEBUG:colcon.colcon_core.package_identification:Package 'src/ros2_app/src/ldlidar' with type 'ros.ament_cmake' and name 'ldlidar'
[0.238s] Level 1:colcon.colcon_core.package_discovery:discover_packages(recursive) using defaults
[0.238s] Level 1:colcon.colcon_core.package_discovery:discover_packages(ignore) discover
[0.238s] Level 1:colcon.colcon_core.package_discovery:discover_packages(ignore) using defaults
[0.238s] Level 1:colcon.colcon_core.package_discovery:discover_packages(path) discover
[0.238s] Level 1:colcon.colcon_core.package_discovery:discover_packages(path) using defaults
[0.251s] Level 1:colcon.colcon_core.package_discovery:discover_packages(prefix_path) check parameters
[0.251s] Level 1:colcon.colcon_core.package_discovery:discover_packages(prefix_path) discover
[0.254s] DEBUG:colcon.colcon_installed_package_information.package_discovery:Found 3 installed packages in /home/zhangchenxu/Documents/00_Project/ClimblingRobot_v2.0/CarTerminal/install
[0.256s] DEBUG:colcon.colcon_installed_package_information.package_discovery:Found 55 installed packages in /home/zhangchenxu/MOVEIT/moveit2_ws/install
[0.257s] DEBUG:colcon.colcon_installed_package_information.package_discovery:Found 429 installed packages in /opt/ros/humble
[0.259s] Level 1:colcon.colcon_core.package_discovery:discover_packages(prefix_path) using defaults
[0.298s] Level 5:colcon.colcon_core.verb:set package 'carterminal' build argument 'cmake_args' from command line to 'None'
[0.298s] Level 5:colcon.colcon_core.verb:set package 'carterminal' build argument 'cmake_target' from command line to 'None'
[0.298s] Level 5:colcon.colcon_core.verb:set package 'carterminal' build argument 'cmake_target_skip_unavailable' from command line to 'False'
[0.298s] Level 5:colcon.colcon_core.verb:set package 'carterminal' build argument 'cmake_clean_cache' from command line to 'False'
[0.298s] Level 5:colcon.colcon_core.verb:set package 'carterminal' build argument 'cmake_clean_first' from command line to 'False'
[0.298s] Level 5:colcon.colcon_core.verb:set package 'carterminal' build argument 'cmake_force_configure' from command line to 'False'
[0.298s] Level 5:colcon.colcon_core.verb:set package 'carterminal' build argument 'ament_cmake_args' from command line to 'None'
[0.298s] Level 5:colcon.colcon_core.verb:set package 'carterminal' build argument 'catkin_cmake_args' from command line to 'None'
[0.298s] Level 5:colcon.colcon_core.verb:set package 'carterminal' build argument 'catkin_skip_building_tests' from command line to 'False'
[0.298s] DEBUG:colcon.colcon_core.verb:Building package 'carterminal' with the following arguments: {'ament_cmake_args': None, 'build_base': '/home/zhangchenxu/Documents/00_Project/ClimblingRobot_v2.0/CarTerminal/build/carterminal', 'catkin_cmake_args': None, 'catkin_skip_building_tests': False, 'cmake_args': None, 'cmake_clean_cache': False, 'cmake_clean_first': False, 'cmake_force_configure': False, 'cmake_target': None, 'cmake_target_skip_unavailable': False, 'install_base': '/home/zhangchenxu/Documents/00_Project/ClimblingRobot_v2.0/CarTerminal/install/carterminal', 'merge_install': False, 'path': '/home/zhangchenxu/Documents/00_Project/ClimblingRobot_v2.0/CarTerminal/src/carterminal', 'symlink_install': False, 'test_result_base': None}
[0.298s] Level 5:colcon.colcon_core.verb:set package 'fdilink_ahrs' build argument 'cmake_args' from command line to 'None'
[0.298s] Level 5:colcon.colcon_core.verb:set package 'fdilink_ahrs' build argument 'cmake_target' from command line to 'None'
[0.298s] Level 5:colcon.colcon_core.verb:set package 'fdilink_ahrs' build argument 'cmake_target_skip_unavailable' from command line to 'False'
[0.298s] Level 5:colcon.colcon_core.verb:set package 'fdilink_ahrs' build argument 'cmake_clean_cache' from command line to 'False'
[0.298s] Level 5:colcon.colcon_core.verb:set package 'fdilink_ahrs' build argument 'cmake_clean_first' from command line to 'False'
[0.298s] Level 5:colcon.colcon_core.verb:set package 'fdilink_ahrs' build argument 'cmake_force_configure' from command line to 'False'
[0.298s] Level 5:colcon.colcon_core.verb:set package 'fdilink_ahrs' build argument 'ament_cmake_args' from command line to 'None'
[0.298s] Level 5:colcon.colcon_core.verb:set package 'fdilink_ahrs' build argument 'catkin_cmake_args' from command line to 'None'
[0.298s] Level 5:colcon.colcon_core.verb:set package 'fdilink_ahrs' build argument 'catkin_skip_building_tests' from command line to 'False'
[0.298s] DEBUG:colcon.colcon_core.verb:Building package 'fdilink_ahrs' with the following arguments: {'ament_cmake_args': None, 'build_base': '/home/zhangchenxu/Documents/00_Project/ClimblingRobot_v2.0/CarTerminal/build/fdilink_ahrs', 'catkin_cmake_args': None, 'catkin_skip_building_tests': False, 'cmake_args': None, 'cmake_clean_cache': False, 'cmake_clean_first': False, 'cmake_force_configure': False, 'cmake_target': None, 'cmake_target_skip_unavailable': False, 'install_base': '/home/zhangchenxu/Documents/00_Project/ClimblingRobot_v2.0/CarTerminal/install/fdilink_ahrs', 'merge_install': False, 'path': '/home/zhangchenxu/Documents/00_Project/ClimblingRobot_v2.0/CarTerminal/src/fdilink_ahrs', 'symlink_install': False, 'test_result_base': None}
[0.298s] Level 5:colcon.colcon_core.verb:set package 'ldlidar' build argument 'cmake_args' from command line to 'None'
[0.298s] Level 5:colcon.colcon_core.verb:set package 'ldlidar' build argument 'cmake_target' from command line to 'None'
[0.298s] Level 5:colcon.colcon_core.verb:set package 'ldlidar' build argument 'cmake_target_skip_unavailable' from command line to 'False'
[0.298s] Level 5:colcon.colcon_core.verb:set package 'ldlidar' build argument 'cmake_clean_cache' from command line to 'False'
[0.298s] Level 5:colcon.colcon_core.verb:set package 'ldlidar' build argument 'cmake_clean_first' from command line to 'False'
[0.298s] Level 5:colcon.colcon_core.verb:set package 'ldlidar' build argument 'cmake_force_configure' from command line to 'False'
[0.298s] Level 5:colcon.colcon_core.verb:set package 'ldlidar' build argument 'ament_cmake_args' from command line to 'None'
[0.298s] Level 5:colcon.colcon_core.verb:set package 'ldlidar' build argument 'catkin_cmake_args' from command line to 'None'
[0.298s] Level 5:colcon.colcon_core.verb:set package 'ldlidar' build argument 'catkin_skip_building_tests' from command line to 'False'
[0.299s] DEBUG:colcon.colcon_core.verb:Building package 'ldlidar' with the following arguments: {'ament_cmake_args': None, 'build_base': '/home/zhangchenxu/Documents/00_Project/ClimblingRobot_v2.0/CarTerminal/build/ldlidar', 'catkin_cmake_args': None, 'catkin_skip_building_tests': False, 'cmake_args': None, 'cmake_clean_cache': False, 'cmake_clean_first': False, 'cmake_force_configure': False, 'cmake_target': None, 'cmake_target_skip_unavailable': False, 'install_base': '/home/zhangchenxu/Documents/00_Project/ClimblingRobot_v2.0/CarTerminal/install/ldlidar', 'merge_install': False, 'path': '/home/zhangchenxu/Documents/00_Project/ClimblingRobot_v2.0/CarTerminal/src/ros2_app/src/ldlidar', 'symlink_install': False, 'test_result_base': None}
[0.299s] INFO:colcon.colcon_core.executor:Executing jobs using 'parallel' executor
[0.299s] DEBUG:colcon.colcon_parallel_executor.executor.parallel:run_until_complete
[0.299s] INFO:colcon.colcon_ros.task.ament_cmake.build:Building ROS package in '/home/zhangchenxu/Documents/00_Project/ClimblingRobot_v2.0/CarTerminal/src/carterminal' with build type 'ament_cmake'
[0.300s] INFO:colcon.colcon_cmake.task.cmake.build:Building CMake package in '/home/zhangchenxu/Documents/00_Project/ClimblingRobot_v2.0/CarTerminal/src/carterminal'
[0.301s] INFO:colcon.colcon_core.plugin_system:Skipping extension 'colcon_core.shell.bat': Not used on non-Windows systems
[0.301s] INFO:colcon.colcon_core.shell:Skip shell extension 'powershell' for command environment: Not usable outside of PowerShell
[0.301s] DEBUG:colcon.colcon_core.shell:Skip shell extension 'dsv' for command environment
[0.307s] INFO:colcon.colcon_ros.task.ament_cmake.build:Building ROS package in '/home/zhangchenxu/Documents/00_Project/ClimblingRobot_v2.0/CarTerminal/src/fdilink_ahrs' with build type 'ament_cmake'
[0.307s] INFO:colcon.colcon_cmake.task.cmake.build:Building CMake package in '/home/zhangchenxu/Documents/00_Project/ClimblingRobot_v2.0/CarTerminal/src/fdilink_ahrs'
[0.307s] INFO:colcon.colcon_core.shell:Skip shell extension 'powershell' for command environment: Not usable outside of PowerShell
[0.307s] DEBUG:colcon.colcon_core.shell:Skip shell extension 'dsv' for command environment
[0.312s] INFO:colcon.colcon_ros.task.ament_cmake.build:Building ROS package in '/home/zhangchenxu/Documents/00_Project/ClimblingRobot_v2.0/CarTerminal/src/ros2_app/src/ldlidar' with build type 'ament_cmake'
[0.312s] INFO:colcon.colcon_cmake.task.cmake.build:Building CMake package in '/home/zhangchenxu/Documents/00_Project/ClimblingRobot_v2.0/CarTerminal/src/ros2_app/src/ldlidar'
[0.313s] INFO:colcon.colcon_core.shell:Skip shell extension 'powershell' for command environment: Not usable outside of PowerShell
[0.313s] DEBUG:colcon.colcon_core.shell:Skip shell extension 'dsv' for command environment
[0.322s] DEBUG:colcon.colcon_core.event_handler.log_command:Invoking command in '/home/zhangchenxu/Documents/00_Project/ClimblingRobot_v2.0/CarTerminal/build/carterminal': CMAKE_PREFIX_PATH=${CMAKE_PREFIX_PATH}:/home/zhangchenxu/MOVEIT/moveit2_ws/install/moveit_configs_utils:/home/zhangchenxu/MOVEIT/moveit2_ws/install/launch_param_builder:/opt/ros/humble /usr/bin/cmake --build /home/zhangchenxu/Documents/00_Project/ClimblingRobot_v2.0/CarTerminal/build/carterminal -- -j12 -l12
[0.324s] DEBUG:colcon.colcon_core.event_handler.log_command:Invoking command in '/home/zhangchenxu/Documents/00_Project/ClimblingRobot_v2.0/CarTerminal/build/fdilink_ahrs': CMAKE_PREFIX_PATH=${CMAKE_PREFIX_PATH}:/home/zhangchenxu/MOVEIT/moveit2_ws/install/moveit_configs_utils:/home/zhangchenxu/MOVEIT/moveit2_ws/install/launch_param_builder:/opt/ros/humble /usr/bin/cmake --build /home/zhangchenxu/Documents/00_Project/ClimblingRobot_v2.0/CarTerminal/build/fdilink_ahrs -- -j12 -l12
[0.327s] DEBUG:colcon.colcon_core.event_handler.log_command:Invoking command in '/home/zhangchenxu/Documents/00_Project/ClimblingRobot_v2.0/CarTerminal/build/ldlidar': CMAKE_PREFIX_PATH=${CMAKE_PREFIX_PATH}:/home/zhangchenxu/MOVEIT/moveit2_ws/install/moveit_configs_utils:/home/zhangchenxu/MOVEIT/moveit2_ws/install/launch_param_builder:/opt/ros/humble /usr/bin/cmake --build /home/zhangchenxu/Documents/00_Project/ClimblingRobot_v2.0/CarTerminal/build/ldlidar -- -j12 -l12
[0.430s] DEBUG:colcon.colcon_core.event_handler.log_command:Invoked command in '/home/zhangchenxu/Documents/00_Project/ClimblingRobot_v2.0/CarTerminal/build/fdilink_ahrs' returned '0': CMAKE_PREFIX_PATH=${CMAKE_PREFIX_PATH}:/home/zhangchenxu/MOVEIT/moveit2_ws/install/moveit_configs_utils:/home/zhangchenxu/MOVEIT/moveit2_ws/install/launch_param_builder:/opt/ros/humble /usr/bin/cmake --build /home/zhangchenxu/Documents/00_Project/ClimblingRobot_v2.0/CarTerminal/build/fdilink_ahrs -- -j12 -l12
[0.441s] DEBUG:colcon.colcon_core.event_handler.log_command:Invoking command in '/home/zhangchenxu/Documents/00_Project/ClimblingRobot_v2.0/CarTerminal/build/fdilink_ahrs': CMAKE_PREFIX_PATH=${CMAKE_PREFIX_PATH}:/home/zhangchenxu/MOVEIT/moveit2_ws/install/moveit_configs_utils:/home/zhangchenxu/MOVEIT/moveit2_ws/install/launch_param_builder:/opt/ros/humble /usr/bin/cmake --install /home/zhangchenxu/Documents/00_Project/ClimblingRobot_v2.0/CarTerminal/build/fdilink_ahrs
[0.442s] DEBUG:colcon.colcon_core.event_handler.log_command:Invoked command in '/home/zhangchenxu/Documents/00_Project/ClimblingRobot_v2.0/CarTerminal/build/ldlidar' returned '0': CMAKE_PREFIX_PATH=${CMAKE_PREFIX_PATH}:/home/zhangchenxu/MOVEIT/moveit2_ws/install/moveit_configs_utils:/home/zhangchenxu/MOVEIT/moveit2_ws/install/launch_param_builder:/opt/ros/humble /usr/bin/cmake --build /home/zhangchenxu/Documents/00_Project/ClimblingRobot_v2.0/CarTerminal/build/ldlidar -- -j12 -l12
[0.443s] DEBUG:colcon.colcon_core.event_handler.log_command:Invoking command in '/home/zhangchenxu/Documents/00_Project/ClimblingRobot_v2.0/CarTerminal/build/ldlidar': CMAKE_PREFIX_PATH=${CMAKE_PREFIX_PATH}:/home/zhangchenxu/MOVEIT/moveit2_ws/install/moveit_configs_utils:/home/zhangchenxu/MOVEIT/moveit2_ws/install/launch_param_builder:/opt/ros/humble /usr/bin/cmake --install /home/zhangchenxu/Documents/00_Project/ClimblingRobot_v2.0/CarTerminal/build/ldlidar
[0.453s] Level 1:colcon.colcon_core.environment:create_environment_scripts_only(fdilink_ahrs)
[0.453s] DEBUG:colcon.colcon_core.event_handler.log_command:Invoked command in '/home/zhangchenxu/Documents/00_Project/ClimblingRobot_v2.0/CarTerminal/build/fdilink_ahrs' returned '0': CMAKE_PREFIX_PATH=${CMAKE_PREFIX_PATH}:/home/zhangchenxu/MOVEIT/moveit2_ws/install/moveit_configs_utils:/home/zhangchenxu/MOVEIT/moveit2_ws/install/launch_param_builder:/opt/ros/humble /usr/bin/cmake --install /home/zhangchenxu/Documents/00_Project/ClimblingRobot_v2.0/CarTerminal/build/fdilink_ahrs
[0.456s] Level 1:colcon.colcon_core.environment:checking '/home/zhangchenxu/Documents/00_Project/ClimblingRobot_v2.0/CarTerminal/install/fdilink_ahrs' for CMake module files
[0.456s] Level 1:colcon.colcon_core.environment:checking '/home/zhangchenxu/Documents/00_Project/ClimblingRobot_v2.0/CarTerminal/install/fdilink_ahrs' for CMake config files
[0.456s] Level 1:colcon.colcon_core.shell:create_environment_hook('fdilink_ahrs', 'cmake_prefix_path')
[0.457s] INFO:colcon.colcon_core.shell:Creating environment hook '/home/zhangchenxu/Documents/00_Project/ClimblingRobot_v2.0/CarTerminal/install/fdilink_ahrs/share/fdilink_ahrs/hook/cmake_prefix_path.ps1'
[0.457s] INFO:colcon.colcon_core.shell:Creating environment descriptor '/home/zhangchenxu/Documents/00_Project/ClimblingRobot_v2.0/CarTerminal/install/fdilink_ahrs/share/fdilink_ahrs/hook/cmake_prefix_path.dsv'
[0.457s] INFO:colcon.colcon_core.shell:Creating environment hook '/home/zhangchenxu/Documents/00_Project/ClimblingRobot_v2.0/CarTerminal/install/fdilink_ahrs/share/fdilink_ahrs/hook/cmake_prefix_path.sh'
[0.458s] Level 1:colcon.colcon_core.environment:checking '/home/zhangchenxu/Documents/00_Project/ClimblingRobot_v2.0/CarTerminal/install/fdilink_ahrs/lib'
[0.458s] Level 1:colcon.colcon_core.environment:checking '/home/zhangchenxu/Documents/00_Project/ClimblingRobot_v2.0/CarTerminal/install/fdilink_ahrs/bin'
[0.458s] Level 1:colcon.colcon_core.environment:checking '/home/zhangchenxu/Documents/00_Project/ClimblingRobot_v2.0/CarTerminal/install/fdilink_ahrs/lib/pkgconfig/fdilink_ahrs.pc'
[0.458s] Level 1:colcon.colcon_core.environment:checking '/home/zhangchenxu/Documents/00_Project/ClimblingRobot_v2.0/CarTerminal/install/fdilink_ahrs/lib/python3.10/site-packages'
[0.458s] Level 1:colcon.colcon_core.environment:checking '/home/zhangchenxu/Documents/00_Project/ClimblingRobot_v2.0/CarTerminal/install/fdilink_ahrs/bin'
[0.458s] INFO:colcon.colcon_core.shell:Creating package script '/home/zhangchenxu/Documents/00_Project/ClimblingRobot_v2.0/CarTerminal/install/fdilink_ahrs/share/fdilink_ahrs/package.ps1'
[0.459s] INFO:colcon.colcon_core.shell:Creating package descriptor '/home/zhangchenxu/Documents/00_Project/ClimblingRobot_v2.0/CarTerminal/install/fdilink_ahrs/share/fdilink_ahrs/package.dsv'
[0.459s] INFO:colcon.colcon_core.shell:Creating package script '/home/zhangchenxu/Documents/00_Project/ClimblingRobot_v2.0/CarTerminal/install/fdilink_ahrs/share/fdilink_ahrs/package.sh'
[0.460s] INFO:colcon.colcon_core.shell:Creating package script '/home/zhangchenxu/Documents/00_Project/ClimblingRobot_v2.0/CarTerminal/install/fdilink_ahrs/share/fdilink_ahrs/package.bash'
[0.460s] INFO:colcon.colcon_core.shell:Creating package script '/home/zhangchenxu/Documents/00_Project/ClimblingRobot_v2.0/CarTerminal/install/fdilink_ahrs/share/fdilink_ahrs/package.zsh'
[0.461s] Level 1:colcon.colcon_core.environment:create_file_with_runtime_dependencies(/home/zhangchenxu/Documents/00_Project/ClimblingRobot_v2.0/CarTerminal/install/fdilink_ahrs/share/colcon-core/packages/fdilink_ahrs)
[0.461s] Level 1:colcon.colcon_core.environment:create_environment_scripts_only(fdilink_ahrs)
[0.461s] Level 1:colcon.colcon_core.environment:checking '/home/zhangchenxu/Documents/00_Project/ClimblingRobot_v2.0/CarTerminal/install/fdilink_ahrs' for CMake module files
[0.461s] Level 1:colcon.colcon_core.environment:checking '/home/zhangchenxu/Documents/00_Project/ClimblingRobot_v2.0/CarTerminal/install/fdilink_ahrs' for CMake config files
[0.462s] Level 1:colcon.colcon_core.shell:create_environment_hook('fdilink_ahrs', 'cmake_prefix_path')
[0.462s] INFO:colcon.colcon_core.shell:Creating environment hook '/home/zhangchenxu/Documents/00_Project/ClimblingRobot_v2.0/CarTerminal/install/fdilink_ahrs/share/fdilink_ahrs/hook/cmake_prefix_path.ps1'
[0.462s] INFO:colcon.colcon_core.shell:Creating environment descriptor '/home/zhangchenxu/Documents/00_Project/ClimblingRobot_v2.0/CarTerminal/install/fdilink_ahrs/share/fdilink_ahrs/hook/cmake_prefix_path.dsv'
[0.462s] INFO:colcon.colcon_core.shell:Creating environment hook '/home/zhangchenxu/Documents/00_Project/ClimblingRobot_v2.0/CarTerminal/install/fdilink_ahrs/share/fdilink_ahrs/hook/cmake_prefix_path.sh'
[0.462s] Level 1:colcon.colcon_core.environment:checking '/home/zhangchenxu/Documents/00_Project/ClimblingRobot_v2.0/CarTerminal/install/fdilink_ahrs/lib'
[0.463s] Level 1:colcon.colcon_core.environment:checking '/home/zhangchenxu/Documents/00_Project/ClimblingRobot_v2.0/CarTerminal/install/fdilink_ahrs/bin'
[0.463s] Level 1:colcon.colcon_core.environment:checking '/home/zhangchenxu/Documents/00_Project/ClimblingRobot_v2.0/CarTerminal/install/fdilink_ahrs/lib/pkgconfig/fdilink_ahrs.pc'
[0.463s] Level 1:colcon.colcon_core.environment:checking '/home/zhangchenxu/Documents/00_Project/ClimblingRobot_v2.0/CarTerminal/install/fdilink_ahrs/lib/python3.10/site-packages'
[0.463s] Level 1:colcon.colcon_core.environment:checking '/home/zhangchenxu/Documents/00_Project/ClimblingRobot_v2.0/CarTerminal/install/fdilink_ahrs/bin'
[0.463s] INFO:colcon.colcon_core.shell:Creating package script '/home/zhangchenxu/Documents/00_Project/ClimblingRobot_v2.0/CarTerminal/install/fdilink_ahrs/share/fdilink_ahrs/package.ps1'
[0.463s] INFO:colcon.colcon_core.shell:Creating package descriptor '/home/zhangchenxu/Documents/00_Project/ClimblingRobot_v2.0/CarTerminal/install/fdilink_ahrs/share/fdilink_ahrs/package.dsv'
[0.464s] INFO:colcon.colcon_core.shell:Creating package script '/home/zhangchenxu/Documents/00_Project/ClimblingRobot_v2.0/CarTerminal/install/fdilink_ahrs/share/fdilink_ahrs/package.sh'
[0.464s] INFO:colcon.colcon_core.shell:Creating package script '/home/zhangchenxu/Documents/00_Project/ClimblingRobot_v2.0/CarTerminal/install/fdilink_ahrs/share/fdilink_ahrs/package.bash'
[0.464s] INFO:colcon.colcon_core.shell:Creating package script '/home/zhangchenxu/Documents/00_Project/ClimblingRobot_v2.0/CarTerminal/install/fdilink_ahrs/share/fdilink_ahrs/package.zsh'
[0.464s] Level 1:colcon.colcon_core.environment:create_file_with_runtime_dependencies(/home/zhangchenxu/Documents/00_Project/ClimblingRobot_v2.0/CarTerminal/install/fdilink_ahrs/share/colcon-core/packages/fdilink_ahrs)
[0.465s] Level 1:colcon.colcon_core.environment:create_environment_scripts_only(ldlidar)
[0.465s] Level 1:colcon.colcon_core.environment:checking '/home/zhangchenxu/Documents/00_Project/ClimblingRobot_v2.0/CarTerminal/install/ldlidar' for CMake module files
[0.466s] DEBUG:colcon.colcon_core.event_handler.log_command:Invoked command in '/home/zhangchenxu/Documents/00_Project/ClimblingRobot_v2.0/CarTerminal/build/ldlidar' returned '0': CMAKE_PREFIX_PATH=${CMAKE_PREFIX_PATH}:/home/zhangchenxu/MOVEIT/moveit2_ws/install/moveit_configs_utils:/home/zhangchenxu/MOVEIT/moveit2_ws/install/launch_param_builder:/opt/ros/humble /usr/bin/cmake --install /home/zhangchenxu/Documents/00_Project/ClimblingRobot_v2.0/CarTerminal/build/ldlidar
[0.466s] Level 1:colcon.colcon_core.environment:checking '/home/zhangchenxu/Documents/00_Project/ClimblingRobot_v2.0/CarTerminal/install/ldlidar' for CMake config files
[0.466s] Level 1:colcon.colcon_core.shell:create_environment_hook('ldlidar', 'cmake_prefix_path')
[0.466s] INFO:colcon.colcon_core.shell:Creating environment hook '/home/zhangchenxu/Documents/00_Project/ClimblingRobot_v2.0/CarTerminal/install/ldlidar/share/ldlidar/hook/cmake_prefix_path.ps1'
[0.466s] INFO:colcon.colcon_core.shell:Creating environment descriptor '/home/zhangchenxu/Documents/00_Project/ClimblingRobot_v2.0/CarTerminal/install/ldlidar/share/ldlidar/hook/cmake_prefix_path.dsv'
[0.467s] INFO:colcon.colcon_core.shell:Creating environment hook '/home/zhangchenxu/Documents/00_Project/ClimblingRobot_v2.0/CarTerminal/install/ldlidar/share/ldlidar/hook/cmake_prefix_path.sh'
[0.467s] Level 1:colcon.colcon_core.environment:checking '/home/zhangchenxu/Documents/00_Project/ClimblingRobot_v2.0/CarTerminal/install/ldlidar/lib'
[0.467s] Level 1:colcon.colcon_core.environment:checking '/home/zhangchenxu/Documents/00_Project/ClimblingRobot_v2.0/CarTerminal/install/ldlidar/bin'
[0.467s] Level 1:colcon.colcon_core.environment:checking '/home/zhangchenxu/Documents/00_Project/ClimblingRobot_v2.0/CarTerminal/install/ldlidar/lib/pkgconfig/ldlidar.pc'
[0.467s] Level 1:colcon.colcon_core.environment:checking '/home/zhangchenxu/Documents/00_Project/ClimblingRobot_v2.0/CarTerminal/install/ldlidar/lib/python3.10/site-packages'
[0.467s] Level 1:colcon.colcon_core.environment:checking '/home/zhangchenxu/Documents/00_Project/ClimblingRobot_v2.0/CarTerminal/install/ldlidar/bin'
[0.468s] INFO:colcon.colcon_core.shell:Creating package script '/home/zhangchenxu/Documents/00_Project/ClimblingRobot_v2.0/CarTerminal/install/ldlidar/share/ldlidar/package.ps1'
[0.468s] INFO:colcon.colcon_core.shell:Creating package descriptor '/home/zhangchenxu/Documents/00_Project/ClimblingRobot_v2.0/CarTerminal/install/ldlidar/share/ldlidar/package.dsv'
[0.468s] INFO:colcon.colcon_core.shell:Creating package script '/home/zhangchenxu/Documents/00_Project/ClimblingRobot_v2.0/CarTerminal/install/ldlidar/share/ldlidar/package.sh'
[0.468s] INFO:colcon.colcon_core.shell:Creating package script '/home/zhangchenxu/Documents/00_Project/ClimblingRobot_v2.0/CarTerminal/install/ldlidar/share/ldlidar/package.bash'
[0.469s] INFO:colcon.colcon_core.shell:Creating package script '/home/zhangchenxu/Documents/00_Project/ClimblingRobot_v2.0/CarTerminal/install/ldlidar/share/ldlidar/package.zsh'
[0.469s] Level 1:colcon.colcon_core.environment:create_file_with_runtime_dependencies(/home/zhangchenxu/Documents/00_Project/ClimblingRobot_v2.0/CarTerminal/install/ldlidar/share/colcon-core/packages/ldlidar)
[0.469s] Level 1:colcon.colcon_core.environment:create_environment_scripts_only(ldlidar)
[0.469s] Level 1:colcon.colcon_core.environment:checking '/home/zhangchenxu/Documents/00_Project/ClimblingRobot_v2.0/CarTerminal/install/ldlidar' for CMake module files
[0.470s] Level 1:colcon.colcon_core.environment:checking '/home/zhangchenxu/Documents/00_Project/ClimblingRobot_v2.0/CarTerminal/install/ldlidar' for CMake config files
[0.470s] Level 1:colcon.colcon_core.shell:create_environment_hook('ldlidar', 'cmake_prefix_path')
[0.470s] INFO:colcon.colcon_core.shell:Creating environment hook '/home/zhangchenxu/Documents/00_Project/ClimblingRobot_v2.0/CarTerminal/install/ldlidar/share/ldlidar/hook/cmake_prefix_path.ps1'
[0.470s] INFO:colcon.colcon_core.shell:Creating environment descriptor '/home/zhangchenxu/Documents/00_Project/ClimblingRobot_v2.0/CarTerminal/install/ldlidar/share/ldlidar/hook/cmake_prefix_path.dsv'
[0.471s] INFO:colcon.colcon_core.shell:Creating environment hook '/home/zhangchenxu/Documents/00_Project/ClimblingRobot_v2.0/CarTerminal/install/ldlidar/share/ldlidar/hook/cmake_prefix_path.sh'
[0.471s] Level 1:colcon.colcon_core.environment:checking '/home/zhangchenxu/Documents/00_Project/ClimblingRobot_v2.0/CarTerminal/install/ldlidar/lib'
[0.471s] Level 1:colcon.colcon_core.environment:checking '/home/zhangchenxu/Documents/00_Project/ClimblingRobot_v2.0/CarTerminal/install/ldlidar/bin'
[0.471s] Level 1:colcon.colcon_core.environment:checking '/home/zhangchenxu/Documents/00_Project/ClimblingRobot_v2.0/CarTerminal/install/ldlidar/lib/pkgconfig/ldlidar.pc'
[0.471s] Level 1:colcon.colcon_core.environment:checking '/home/zhangchenxu/Documents/00_Project/ClimblingRobot_v2.0/CarTerminal/install/ldlidar/lib/python3.10/site-packages'
[0.471s] Level 1:colcon.colcon_core.environment:checking '/home/zhangchenxu/Documents/00_Project/ClimblingRobot_v2.0/CarTerminal/install/ldlidar/bin'
[0.471s] INFO:colcon.colcon_core.shell:Creating package script '/home/zhangchenxu/Documents/00_Project/ClimblingRobot_v2.0/CarTerminal/install/ldlidar/share/ldlidar/package.ps1'
[0.472s] INFO:colcon.colcon_core.shell:Creating package descriptor '/home/zhangchenxu/Documents/00_Project/ClimblingRobot_v2.0/CarTerminal/install/ldlidar/share/ldlidar/package.dsv'
[0.472s] INFO:colcon.colcon_core.shell:Creating package script '/home/zhangchenxu/Documents/00_Project/ClimblingRobot_v2.0/CarTerminal/install/ldlidar/share/ldlidar/package.sh'
[0.472s] INFO:colcon.colcon_core.shell:Creating package script '/home/zhangchenxu/Documents/00_Project/ClimblingRobot_v2.0/CarTerminal/install/ldlidar/share/ldlidar/package.bash'
[0.473s] INFO:colcon.colcon_core.shell:Creating package script '/home/zhangchenxu/Documents/00_Project/ClimblingRobot_v2.0/CarTerminal/install/ldlidar/share/ldlidar/package.zsh'
[0.473s] Level 1:colcon.colcon_core.environment:create_file_with_runtime_dependencies(/home/zhangchenxu/Documents/00_Project/ClimblingRobot_v2.0/CarTerminal/install/ldlidar/share/colcon-core/packages/ldlidar)
[8.508s] DEBUG:colcon.colcon_core.event_handler.log_command:Invoked command in '/home/zhangchenxu/Documents/00_Project/ClimblingRobot_v2.0/CarTerminal/build/carterminal' returned '0': CMAKE_PREFIX_PATH=${CMAKE_PREFIX_PATH}:/home/zhangchenxu/MOVEIT/moveit2_ws/install/moveit_configs_utils:/home/zhangchenxu/MOVEIT/moveit2_ws/install/launch_param_builder:/opt/ros/humble /usr/bin/cmake --build /home/zhangchenxu/Documents/00_Project/ClimblingRobot_v2.0/CarTerminal/build/carterminal -- -j12 -l12
[8.509s] DEBUG:colcon.colcon_core.event_handler.log_command:Invoking command in '/home/zhangchenxu/Documents/00_Project/ClimblingRobot_v2.0/CarTerminal/build/carterminal': CMAKE_PREFIX_PATH=${CMAKE_PREFIX_PATH}:/home/zhangchenxu/MOVEIT/moveit2_ws/install/moveit_configs_utils:/home/zhangchenxu/MOVEIT/moveit2_ws/install/launch_param_builder:/opt/ros/humble /usr/bin/cmake --install /home/zhangchenxu/Documents/00_Project/ClimblingRobot_v2.0/CarTerminal/build/carterminal
[8.531s] Level 1:colcon.colcon_core.environment:create_environment_scripts_only(carterminal)
[8.531s] Level 1:colcon.colcon_core.environment:checking '/home/zhangchenxu/Documents/00_Project/ClimblingRobot_v2.0/CarTerminal/install/carterminal' for CMake module files
[8.532s] DEBUG:colcon.colcon_core.event_handler.log_command:Invoked command in '/home/zhangchenxu/Documents/00_Project/ClimblingRobot_v2.0/CarTerminal/build/carterminal' returned '0': CMAKE_PREFIX_PATH=${CMAKE_PREFIX_PATH}:/home/zhangchenxu/MOVEIT/moveit2_ws/install/moveit_configs_utils:/home/zhangchenxu/MOVEIT/moveit2_ws/install/launch_param_builder:/opt/ros/humble /usr/bin/cmake --install /home/zhangchenxu/Documents/00_Project/ClimblingRobot_v2.0/CarTerminal/build/carterminal
[8.532s] Level 1:colcon.colcon_core.environment:checking '/home/zhangchenxu/Documents/00_Project/ClimblingRobot_v2.0/CarTerminal/install/carterminal' for CMake config files
[8.532s] Level 1:colcon.colcon_core.shell:create_environment_hook('carterminal', 'cmake_prefix_path')
[8.532s] INFO:colcon.colcon_core.shell:Creating environment hook '/home/zhangchenxu/Documents/00_Project/ClimblingRobot_v2.0/CarTerminal/install/carterminal/share/carterminal/hook/cmake_prefix_path.ps1'
[8.533s] INFO:colcon.colcon_core.shell:Creating environment descriptor '/home/zhangchenxu/Documents/00_Project/ClimblingRobot_v2.0/CarTerminal/install/carterminal/share/carterminal/hook/cmake_prefix_path.dsv'
[8.533s] INFO:colcon.colcon_core.shell:Creating environment hook '/home/zhangchenxu/Documents/00_Project/ClimblingRobot_v2.0/CarTerminal/install/carterminal/share/carterminal/hook/cmake_prefix_path.sh'
[8.533s] Level 1:colcon.colcon_core.environment:checking '/home/zhangchenxu/Documents/00_Project/ClimblingRobot_v2.0/CarTerminal/install/carterminal/lib'
[8.533s] Level 1:colcon.colcon_core.environment:checking '/home/zhangchenxu/Documents/00_Project/ClimblingRobot_v2.0/CarTerminal/install/carterminal/bin'
[8.533s] Level 1:colcon.colcon_core.environment:checking '/home/zhangchenxu/Documents/00_Project/ClimblingRobot_v2.0/CarTerminal/install/carterminal/lib/pkgconfig/carterminal.pc'
[8.534s] Level 1:colcon.colcon_core.environment:checking '/home/zhangchenxu/Documents/00_Project/ClimblingRobot_v2.0/CarTerminal/install/carterminal/lib/python3.10/site-packages'
[8.534s] Level 1:colcon.colcon_core.environment:checking '/home/zhangchenxu/Documents/00_Project/ClimblingRobot_v2.0/CarTerminal/install/carterminal/bin'
[8.534s] INFO:colcon.colcon_core.shell:Creating package script '/home/zhangchenxu/Documents/00_Project/ClimblingRobot_v2.0/CarTerminal/install/carterminal/share/carterminal/package.ps1'
[8.534s] INFO:colcon.colcon_core.shell:Creating package descriptor '/home/zhangchenxu/Documents/00_Project/ClimblingRobot_v2.0/CarTerminal/install/carterminal/share/carterminal/package.dsv'
[8.535s] INFO:colcon.colcon_core.shell:Creating package script '/home/zhangchenxu/Documents/00_Project/ClimblingRobot_v2.0/CarTerminal/install/carterminal/share/carterminal/package.sh'
[8.535s] INFO:colcon.colcon_core.shell:Creating package script '/home/zhangchenxu/Documents/00_Project/ClimblingRobot_v2.0/CarTerminal/install/carterminal/share/carterminal/package.bash'
[8.535s] INFO:colcon.colcon_core.shell:Creating package script '/home/zhangchenxu/Documents/00_Project/ClimblingRobot_v2.0/CarTerminal/install/carterminal/share/carterminal/package.zsh'
[8.535s] Level 1:colcon.colcon_core.environment:create_file_with_runtime_dependencies(/home/zhangchenxu/Documents/00_Project/ClimblingRobot_v2.0/CarTerminal/install/carterminal/share/colcon-core/packages/carterminal)
[8.536s] Level 1:colcon.colcon_core.environment:create_environment_scripts_only(carterminal)
[8.536s] Level 1:colcon.colcon_core.environment:checking '/home/zhangchenxu/Documents/00_Project/ClimblingRobot_v2.0/CarTerminal/install/carterminal' for CMake module files
[8.536s] Level 1:colcon.colcon_core.environment:checking '/home/zhangchenxu/Documents/00_Project/ClimblingRobot_v2.0/CarTerminal/install/carterminal' for CMake config files
[8.537s] Level 1:colcon.colcon_core.shell:create_environment_hook('carterminal', 'cmake_prefix_path')
[8.537s] INFO:colcon.colcon_core.shell:Creating environment hook '/home/zhangchenxu/Documents/00_Project/ClimblingRobot_v2.0/CarTerminal/install/carterminal/share/carterminal/hook/cmake_prefix_path.ps1'
[8.537s] INFO:colcon.colcon_core.shell:Creating environment descriptor '/home/zhangchenxu/Documents/00_Project/ClimblingRobot_v2.0/CarTerminal/install/carterminal/share/carterminal/hook/cmake_prefix_path.dsv'
[8.537s] INFO:colcon.colcon_core.shell:Creating environment hook '/home/zhangchenxu/Documents/00_Project/ClimblingRobot_v2.0/CarTerminal/install/carterminal/share/carterminal/hook/cmake_prefix_path.sh'
[8.538s] Level 1:colcon.colcon_core.environment:checking '/home/zhangchenxu/Documents/00_Project/ClimblingRobot_v2.0/CarTerminal/install/carterminal/lib'
[8.538s] Level 1:colcon.colcon_core.environment:checking '/home/zhangchenxu/Documents/00_Project/ClimblingRobot_v2.0/CarTerminal/install/carterminal/bin'
[8.538s] Level 1:colcon.colcon_core.environment:checking '/home/zhangchenxu/Documents/00_Project/ClimblingRobot_v2.0/CarTerminal/install/carterminal/lib/pkgconfig/carterminal.pc'
[8.538s] Level 1:colcon.colcon_core.environment:checking '/home/zhangchenxu/Documents/00_Project/ClimblingRobot_v2.0/CarTerminal/install/carterminal/lib/python3.10/site-packages'
[8.538s] Level 1:colcon.colcon_core.environment:checking '/home/zhangchenxu/Documents/00_Project/ClimblingRobot_v2.0/CarTerminal/install/carterminal/bin'
[8.538s] INFO:colcon.colcon_core.shell:Creating package script '/home/zhangchenxu/Documents/00_Project/ClimblingRobot_v2.0/CarTerminal/install/carterminal/share/carterminal/package.ps1'
[8.538s] INFO:colcon.colcon_core.shell:Creating package descriptor '/home/zhangchenxu/Documents/00_Project/ClimblingRobot_v2.0/CarTerminal/install/carterminal/share/carterminal/package.dsv'
[8.539s] INFO:colcon.colcon_core.shell:Creating package script '/home/zhangchenxu/Documents/00_Project/ClimblingRobot_v2.0/CarTerminal/install/carterminal/share/carterminal/package.sh'
[8.539s] INFO:colcon.colcon_core.shell:Creating package script '/home/zhangchenxu/Documents/00_Project/ClimblingRobot_v2.0/CarTerminal/install/carterminal/share/carterminal/package.bash'
[8.539s] INFO:colcon.colcon_core.shell:Creating package script '/home/zhangchenxu/Documents/00_Project/ClimblingRobot_v2.0/CarTerminal/install/carterminal/share/carterminal/package.zsh'
[8.540s] Level 1:colcon.colcon_core.environment:create_file_with_runtime_dependencies(/home/zhangchenxu/Documents/00_Project/ClimblingRobot_v2.0/CarTerminal/install/carterminal/share/colcon-core/packages/carterminal)
[8.540s] DEBUG:colcon.colcon_parallel_executor.executor.parallel:closing loop
[8.540s] DEBUG:colcon.colcon_parallel_executor.executor.parallel:loop closed
[8.540s] DEBUG:colcon.colcon_parallel_executor.executor.parallel:run_until_complete finished with '0'
[8.540s] DEBUG:colcon.colcon_core.event_reactor:joining thread
[8.544s] INFO:colcon.colcon_core.plugin_system:Skipping extension 'colcon_notification.desktop_notification.terminal_notifier': Not used on non-Darwin systems
[8.544s] INFO:colcon.colcon_core.plugin_system:Skipping extension 'colcon_notification.desktop_notification.win32': Not used on non-Windows systems
[8.544s] INFO:colcon.colcon_notification.desktop_notification:Sending desktop notification using 'notify2'
[8.552s] DEBUG:colcon.colcon_core.event_reactor:joined thread
[8.552s] INFO:colcon.colcon_core.shell:Creating prefix script '/home/zhangchenxu/Documents/00_Project/ClimblingRobot_v2.0/CarTerminal/install/local_setup.ps1'
[8.552s] INFO:colcon.colcon_core.shell:Creating prefix util module '/home/zhangchenxu/Documents/00_Project/ClimblingRobot_v2.0/CarTerminal/install/_local_setup_util_ps1.py'
[8.553s] INFO:colcon.colcon_core.shell:Creating prefix chain script '/home/zhangchenxu/Documents/00_Project/ClimblingRobot_v2.0/CarTerminal/install/setup.ps1'
[8.556s] INFO:colcon.colcon_core.shell:Creating prefix script '/home/zhangchenxu/Documents/00_Project/ClimblingRobot_v2.0/CarTerminal/install/local_setup.sh'
[8.557s] INFO:colcon.colcon_core.shell:Creating prefix util module '/home/zhangchenxu/Documents/00_Project/ClimblingRobot_v2.0/CarTerminal/install/_local_setup_util_sh.py'
[8.557s] INFO:colcon.colcon_core.shell:Creating prefix chain script '/home/zhangchenxu/Documents/00_Project/ClimblingRobot_v2.0/CarTerminal/install/setup.sh'
[8.559s] INFO:colcon.colcon_core.shell:Creating prefix script '/home/zhangchenxu/Documents/00_Project/ClimblingRobot_v2.0/CarTerminal/install/local_setup.bash'
[8.560s] INFO:colcon.colcon_core.shell:Creating prefix chain script '/home/zhangchenxu/Documents/00_Project/ClimblingRobot_v2.0/CarTerminal/install/setup.bash'
[8.562s] INFO:colcon.colcon_core.shell:Creating prefix script '/home/zhangchenxu/Documents/00_Project/ClimblingRobot_v2.0/CarTerminal/install/local_setup.zsh'
[8.562s] INFO:colcon.colcon_core.shell:Creating prefix chain script '/home/zhangchenxu/Documents/00_Project/ClimblingRobot_v2.0/CarTerminal/install/setup.zsh'
