[0.018s] Invoking command in '/home/zhangchenxu/Documents/00_Project/ClimblingRobot_v2.0/CarTerminal/build/fdilink_ahrs': CMAKE_PREFIX_PATH=${CMAKE_PREFIX_PATH}:/home/zhangchenxu/MOVEIT/moveit2_ws/install/moveit_configs_utils:/home/zhangchenxu/MOVEIT/moveit2_ws/install/launch_param_builder:/opt/ros/humble /usr/bin/cmake --build /home/zhangchenxu/Documents/00_Project/ClimblingRobot_v2.0/CarTerminal/build/fdilink_ahrs -- -j12 -l12
[0.082s] [35m[1mConsolidate compiler generated dependencies of target imu_tf_node[0m
[0.112s] [ 60%] Built target ahrs_driver_node
[0.121s] [ 80%] [32mBuilding CXX object CMakeFiles/imu_tf_node.dir/src/imu_tf.cpp.o[0m
[0.342s] In file included from [01m[K/home/zhangchenxu/Documents/00_Project/ClimblingRobot_v2.0/CarTerminal/src/fdilink_ahrs/src/imu_tf.cpp:7[m[K:
[0.342s] [01m[K/opt/ros/humble/include/tf2_geometry_msgs/tf2_geometry_msgs/tf2_geometry_msgs.h:35:2:[m[K [01;35m[Kwarning: [m[K#warning This header is obsolete, please include tf2_geometry_msgs/tf2_geometry_msgs.hpp instead [[01;35m[K]8;;https://gcc.gnu.org/onlinedocs/gcc/Warning-Options.html#index-Wcpp-Wcpp]8;;[m[K]
[0.342s]    35 | #[01;35m[Kwarning[m[K This header is obsolete, please include tf2_geometry_msgs/tf2_geometry_msgs.hpp instead
[0.342s]       |  [01;35m[K^~~~~~~[m[K
[6.012s] [100%] [32m[1mLinking CXX executable imu_tf_node[0m
[6.313s] [100%] Built target imu_tf_node
[6.327s] Invoked command in '/home/zhangchenxu/Documents/00_Project/ClimblingRobot_v2.0/CarTerminal/build/fdilink_ahrs' returned '0': CMAKE_PREFIX_PATH=${CMAKE_PREFIX_PATH}:/home/zhangchenxu/MOVEIT/moveit2_ws/install/moveit_configs_utils:/home/zhangchenxu/MOVEIT/moveit2_ws/install/launch_param_builder:/opt/ros/humble /usr/bin/cmake --build /home/zhangchenxu/Documents/00_Project/ClimblingRobot_v2.0/CarTerminal/build/fdilink_ahrs -- -j12 -l12
[6.328s] Invoking command in '/home/zhangchenxu/Documents/00_Project/ClimblingRobot_v2.0/CarTerminal/build/fdilink_ahrs': CMAKE_PREFIX_PATH=${CMAKE_PREFIX_PATH}:/home/zhangchenxu/MOVEIT/moveit2_ws/install/moveit_configs_utils:/home/zhangchenxu/MOVEIT/moveit2_ws/install/launch_param_builder:/opt/ros/humble /usr/bin/cmake --install /home/zhangchenxu/Documents/00_Project/ClimblingRobot_v2.0/CarTerminal/build/fdilink_ahrs
[6.338s] -- Install configuration: ""
[6.338s] -- Up-to-date: /home/zhangchenxu/Documents/00_Project/ClimblingRobot_v2.0/CarTerminal/install/fdilink_ahrs/lib/fdilink_ahrs/ahrs_driver_node
[6.339s] -- Installing: /home/zhangchenxu/Documents/00_Project/ClimblingRobot_v2.0/CarTerminal/install/fdilink_ahrs/lib/fdilink_ahrs/imu_tf_node
[6.343s] -- Set runtime path of "/home/zhangchenxu/Documents/00_Project/ClimblingRobot_v2.0/CarTerminal/install/fdilink_ahrs/lib/fdilink_ahrs/imu_tf_node" to ""
[6.343s] -- Up-to-date: /home/zhangchenxu/Documents/00_Project/ClimblingRobot_v2.0/CarTerminal/install/fdilink_ahrs/share/fdilink_ahrs/launch
[6.343s] -- Up-to-date: /home/zhangchenxu/Documents/00_Project/ClimblingRobot_v2.0/CarTerminal/install/fdilink_ahrs/share/fdilink_ahrs/launch/imu_tf.launch.py
[6.343s] -- Up-to-date: /home/zhangchenxu/Documents/00_Project/ClimblingRobot_v2.0/CarTerminal/install/fdilink_ahrs/share/fdilink_ahrs/launch/ahrs_driver.launch.py
[6.343s] -- Up-to-date: /home/zhangchenxu/Documents/00_Project/ClimblingRobot_v2.0/CarTerminal/install/fdilink_ahrs/share/ament_index/resource_index/package_run_dependencies/fdilink_ahrs
[6.343s] -- Up-to-date: /home/zhangchenxu/Documents/00_Project/ClimblingRobot_v2.0/CarTerminal/install/fdilink_ahrs/share/ament_index/resource_index/parent_prefix_path/fdilink_ahrs
[6.343s] -- Up-to-date: /home/zhangchenxu/Documents/00_Project/ClimblingRobot_v2.0/CarTerminal/install/fdilink_ahrs/share/fdilink_ahrs/environment/ament_prefix_path.sh
[6.343s] -- Up-to-date: /home/zhangchenxu/Documents/00_Project/ClimblingRobot_v2.0/CarTerminal/install/fdilink_ahrs/share/fdilink_ahrs/environment/ament_prefix_path.dsv
[6.344s] -- Up-to-date: /home/zhangchenxu/Documents/00_Project/ClimblingRobot_v2.0/CarTerminal/install/fdilink_ahrs/share/fdilink_ahrs/environment/path.sh
[6.344s] -- Up-to-date: /home/zhangchenxu/Documents/00_Project/ClimblingRobot_v2.0/CarTerminal/install/fdilink_ahrs/share/fdilink_ahrs/environment/path.dsv
[6.344s] -- Up-to-date: /home/zhangchenxu/Documents/00_Project/ClimblingRobot_v2.0/CarTerminal/install/fdilink_ahrs/share/fdilink_ahrs/local_setup.bash
[6.344s] -- Up-to-date: /home/zhangchenxu/Documents/00_Project/ClimblingRobot_v2.0/CarTerminal/install/fdilink_ahrs/share/fdilink_ahrs/local_setup.sh
[6.344s] -- Up-to-date: /home/zhangchenxu/Documents/00_Project/ClimblingRobot_v2.0/CarTerminal/install/fdilink_ahrs/share/fdilink_ahrs/local_setup.zsh
[6.344s] -- Up-to-date: /home/zhangchenxu/Documents/00_Project/ClimblingRobot_v2.0/CarTerminal/install/fdilink_ahrs/share/fdilink_ahrs/local_setup.dsv
[6.344s] -- Installing: /home/zhangchenxu/Documents/00_Project/ClimblingRobot_v2.0/CarTerminal/install/fdilink_ahrs/share/fdilink_ahrs/package.dsv
[6.344s] -- Up-to-date: /home/zhangchenxu/Documents/00_Project/ClimblingRobot_v2.0/CarTerminal/install/fdilink_ahrs/share/ament_index/resource_index/packages/fdilink_ahrs
[6.344s] -- Up-to-date: /home/zhangchenxu/Documents/00_Project/ClimblingRobot_v2.0/CarTerminal/install/fdilink_ahrs/share/fdilink_ahrs/cmake/fdilink_ahrsConfig.cmake
[6.344s] -- Up-to-date: /home/zhangchenxu/Documents/00_Project/ClimblingRobot_v2.0/CarTerminal/install/fdilink_ahrs/share/fdilink_ahrs/cmake/fdilink_ahrsConfig-version.cmake
[6.344s] -- Up-to-date: /home/zhangchenxu/Documents/00_Project/ClimblingRobot_v2.0/CarTerminal/install/fdilink_ahrs/share/fdilink_ahrs/package.xml
[6.346s] Invoked command in '/home/zhangchenxu/Documents/00_Project/ClimblingRobot_v2.0/CarTerminal/build/fdilink_ahrs' returned '0': CMAKE_PREFIX_PATH=${CMAKE_PREFIX_PATH}:/home/zhangchenxu/MOVEIT/moveit2_ws/install/moveit_configs_utils:/home/zhangchenxu/MOVEIT/moveit2_ws/install/launch_param_builder:/opt/ros/humble /usr/bin/cmake --install /home/zhangchenxu/Documents/00_Project/ClimblingRobot_v2.0/CarTerminal/build/fdilink_ahrs
